[0.155s] DEBUG:colcon:Command line arguments: ['/usr/bin/colcon', 'build', '--packages-select', 'esp32_hardware']
[0.155s] DEBUG:colcon:Parsed command line arguments: Namespace(log_base=None, log_level=None, verb_name='build', build_base='build', install_base='install', merge_install=False, symlink_install=False, test_result_base=None, continue_on_error=False, executor='parallel', parallel_workers=4, event_handlers=None, ignore_user_meta=False, metas=['./colcon.meta'], base_paths=['.'], packages_ignore=None, packages_ignore_regex=None, paths=None, packages_up_to=None, packages_up_to_regex=None, packages_above=None, packages_above_and_dependencies=None, packages_above_depth=None, packages_select_by_dep=None, packages_skip_by_dep=None, packages_skip_up_to=None, packages_select_build_failed=False, packages_skip_build_finished=False, packages_select_test_failures=False, packages_skip_test_passed=False, packages_select=['esp32_hardware'], packages_skip=None, packages_select_regex=None, packages_skip_regex=None, packages_start=None, packages_end=None, allow_overriding=[], cmake_args=None, cmake_target=None, cmake_target_skip_unavailable=False, cmake_clean_cache=False, cmake_clean_first=False, cmake_force_configure=False, ament_cmake_args=None, catkin_cmake_args=None, catkin_skip_building_tests=False, verb_parser=<colcon_defaults.argument_parser.defaults.DefaultArgumentsDecorator object at 0x73bff7d696f0>, verb_extension=<colcon_core.verb.build.BuildVerb object at 0x73bff7e5eb30>, main=<bound method BuildVerb.main of <colcon_core.verb.build.BuildVerb object at 0x73bff7e5eb30>>)
[0.422s] Level 1:colcon.colcon_core.package_discovery:discover_packages(colcon_meta) check parameters
[0.422s] Level 1:colcon.colcon_core.package_discovery:discover_packages(recursive) check parameters
[0.422s] Level 1:colcon.colcon_core.package_discovery:discover_packages(ignore) check parameters
[0.422s] Level 1:colcon.colcon_core.package_discovery:discover_packages(path) check parameters
[0.422s] Level 1:colcon.colcon_core.package_discovery:discover_packages(colcon_meta) discover
[0.422s] Level 1:colcon.colcon_core.package_discovery:discover_packages(recursive) discover
[0.422s] INFO:colcon.colcon_core.package_discovery:Crawling recursively for packages in '/home/developer/ros2_ws'
[0.422s] Level 1:colcon.colcon_core.package_identification:_identify(.) by extensions ['ignore', 'ignore_ament_install']
[0.422s] Level 1:colcon.colcon_core.package_identification:_identify(.) by extension 'ignore'
[0.422s] Level 1:colcon.colcon_core.package_identification:_identify(.) by extension 'ignore_ament_install'
[0.423s] Level 1:colcon.colcon_core.package_identification:_identify(.) by extensions ['colcon_pkg']
[0.423s] Level 1:colcon.colcon_core.package_identification:_identify(.) by extension 'colcon_pkg'
[0.423s] Level 1:colcon.colcon_core.package_identification:_identify(.) by extensions ['colcon_meta']
[0.423s] Level 1:colcon.colcon_core.package_identification:_identify(.) by extension 'colcon_meta'
[0.423s] Level 1:colcon.colcon_core.package_identification:_identify(.) by extensions ['ros']
[0.423s] Level 1:colcon.colcon_core.package_identification:_identify(.) by extension 'ros'
[0.437s] Level 1:colcon.colcon_core.package_identification:_identify(.) by extensions ['cmake', 'python']
[0.437s] Level 1:colcon.colcon_core.package_identification:_identify(.) by extension 'cmake'
[0.437s] Level 1:colcon.colcon_core.package_identification:_identify(.) by extension 'python'
[0.437s] Level 1:colcon.colcon_core.package_identification:_identify(.) by extensions ['python_setup_py']
[0.437s] Level 1:colcon.colcon_core.package_identification:_identify(.) by extension 'python_setup_py'
[0.438s] Level 1:colcon.colcon_core.package_identification:_identify(build) by extensions ['ignore', 'ignore_ament_install']
[0.438s] Level 1:colcon.colcon_core.package_identification:_identify(build) by extension 'ignore'
[0.438s] Level 1:colcon.colcon_core.package_identification:_identify(build) ignored
[0.438s] Level 1:colcon.colcon_core.package_identification:_identify(install) by extensions ['ignore', 'ignore_ament_install']
[0.438s] Level 1:colcon.colcon_core.package_identification:_identify(install) by extension 'ignore'
[0.438s] Level 1:colcon.colcon_core.package_identification:_identify(install) ignored
[0.438s] Level 1:colcon.colcon_core.package_identification:_identify(log) by extensions ['ignore', 'ignore_ament_install']
[0.439s] Level 1:colcon.colcon_core.package_identification:_identify(log) by extension 'ignore'
[0.439s] Level 1:colcon.colcon_core.package_identification:_identify(log) ignored
[0.439s] Level 1:colcon.colcon_core.package_identification:_identify(src) by extensions ['ignore', 'ignore_ament_install']
[0.439s] Level 1:colcon.colcon_core.package_identification:_identify(src) by extension 'ignore'
[0.439s] Level 1:colcon.colcon_core.package_identification:_identify(src) by extension 'ignore_ament_install'
[0.439s] Level 1:colcon.colcon_core.package_identification:_identify(src) by extensions ['colcon_pkg']
[0.439s] Level 1:colcon.colcon_core.package_identification:_identify(src) by extension 'colcon_pkg'
[0.439s] Level 1:colcon.colcon_core.package_identification:_identify(src) by extensions ['colcon_meta']
[0.439s] Level 1:colcon.colcon_core.package_identification:_identify(src) by extension 'colcon_meta'
[0.439s] Level 1:colcon.colcon_core.package_identification:_identify(src) by extensions ['ros']
[0.439s] Level 1:colcon.colcon_core.package_identification:_identify(src) by extension 'ros'
[0.439s] Level 1:colcon.colcon_core.package_identification:_identify(src) by extensions ['cmake', 'python']
[0.439s] Level 1:colcon.colcon_core.package_identification:_identify(src) by extension 'cmake'
[0.439s] Level 1:colcon.colcon_core.package_identification:_identify(src) by extension 'python'
[0.439s] Level 1:colcon.colcon_core.package_identification:_identify(src) by extensions ['python_setup_py']
[0.440s] Level 1:colcon.colcon_core.package_identification:_identify(src) by extension 'python_setup_py'
[0.440s] Level 1:colcon.colcon_core.package_identification:_identify(src/esp32_hardware) by extensions ['ignore', 'ignore_ament_install']
[0.440s] Level 1:colcon.colcon_core.package_identification:_identify(src/esp32_hardware) by extension 'ignore'
[0.440s] Level 1:colcon.colcon_core.package_identification:_identify(src/esp32_hardware) by extension 'ignore_ament_install'
[0.440s] Level 1:colcon.colcon_core.package_identification:_identify(src/esp32_hardware) by extensions ['colcon_pkg']
[0.440s] Level 1:colcon.colcon_core.package_identification:_identify(src/esp32_hardware) by extension 'colcon_pkg'
[0.440s] Level 1:colcon.colcon_core.package_identification:_identify(src/esp32_hardware) by extensions ['colcon_meta']
[0.440s] Level 1:colcon.colcon_core.package_identification:_identify(src/esp32_hardware) by extension 'colcon_meta'
[0.440s] Level 1:colcon.colcon_core.package_identification:_identify(src/esp32_hardware) by extensions ['ros']
[0.440s] Level 1:colcon.colcon_core.package_identification:_identify(src/esp32_hardware) by extension 'ros'
[0.444s] DEBUG:colcon.colcon_core.package_identification:Package 'src/esp32_hardware' with type 'ros.ament_cmake' and name 'esp32_hardware'
[0.444s] Level 1:colcon.colcon_core.package_identification:_identify(src/golf_cart_description) by extensions ['ignore', 'ignore_ament_install']
[0.444s] Level 1:colcon.colcon_core.package_identification:_identify(src/golf_cart_description) by extension 'ignore'
[0.444s] Level 1:colcon.colcon_core.package_identification:_identify(src/golf_cart_description) by extension 'ignore_ament_install'
[0.444s] Level 1:colcon.colcon_core.package_identification:_identify(src/golf_cart_description) by extensions ['colcon_pkg']
[0.444s] Level 1:colcon.colcon_core.package_identification:_identify(src/golf_cart_description) by extension 'colcon_pkg'
[0.444s] Level 1:colcon.colcon_core.package_identification:_identify(src/golf_cart_description) by extensions ['colcon_meta']
[0.444s] Level 1:colcon.colcon_core.package_identification:_identify(src/golf_cart_description) by extension 'colcon_meta'
[0.444s] Level 1:colcon.colcon_core.package_identification:_identify(src/golf_cart_description) by extensions ['ros']
[0.444s] Level 1:colcon.colcon_core.package_identification:_identify(src/golf_cart_description) by extension 'ros'
[0.445s] DEBUG:colcon.colcon_core.package_identification:Package 'src/golf_cart_description' with type 'ros.ament_cmake' and name 'golf_cart_description'
[0.445s] Level 1:colcon.colcon_core.package_identification:_identify(src/golf_cart_nav2) by extensions ['ignore', 'ignore_ament_install']
[0.445s] Level 1:colcon.colcon_core.package_identification:_identify(src/golf_cart_nav2) by extension 'ignore'
[0.445s] Level 1:colcon.colcon_core.package_identification:_identify(src/golf_cart_nav2) by extension 'ignore_ament_install'
[0.445s] Level 1:colcon.colcon_core.package_identification:_identify(src/golf_cart_nav2) by extensions ['colcon_pkg']
[0.446s] Level 1:colcon.colcon_core.package_identification:_identify(src/golf_cart_nav2) by extension 'colcon_pkg'
[0.446s] Level 1:colcon.colcon_core.package_identification:_identify(src/golf_cart_nav2) by extensions ['colcon_meta']
[0.446s] Level 1:colcon.colcon_core.package_identification:_identify(src/golf_cart_nav2) by extension 'colcon_meta'
[0.446s] Level 1:colcon.colcon_core.package_identification:_identify(src/golf_cart_nav2) by extensions ['ros']
[0.446s] Level 1:colcon.colcon_core.package_identification:_identify(src/golf_cart_nav2) by extension 'ros'
[0.446s] DEBUG:colcon.colcon_core.package_identification:Package 'src/golf_cart_nav2' with type 'ros.ament_python' and name 'golf_cart_nav2'
[0.447s] Level 1:colcon.colcon_core.package_identification:_identify(src/realsense-ros) by extensions ['ignore', 'ignore_ament_install']
[0.447s] Level 1:colcon.colcon_core.package_identification:_identify(src/realsense-ros) by extension 'ignore'
[0.447s] Level 1:colcon.colcon_core.package_identification:_identify(src/realsense-ros) by extension 'ignore_ament_install'
[0.447s] Level 1:colcon.colcon_core.package_identification:_identify(src/realsense-ros) by extensions ['colcon_pkg']
[0.447s] Level 1:colcon.colcon_core.package_identification:_identify(src/realsense-ros) by extension 'colcon_pkg'
[0.447s] Level 1:colcon.colcon_core.package_identification:_identify(src/realsense-ros) by extensions ['colcon_meta']
[0.447s] Level 1:colcon.colcon_core.package_identification:_identify(src/realsense-ros) by extension 'colcon_meta'
[0.447s] Level 1:colcon.colcon_core.package_identification:_identify(src/realsense-ros) by extensions ['ros']
[0.447s] Level 1:colcon.colcon_core.package_identification:_identify(src/realsense-ros) by extension 'ros'
[0.447s] Level 1:colcon.colcon_core.package_identification:_identify(src/realsense-ros) by extensions ['cmake', 'python']
[0.447s] Level 1:colcon.colcon_core.package_identification:_identify(src/realsense-ros) by extension 'cmake'
[0.447s] Level 1:colcon.colcon_core.package_identification:_identify(src/realsense-ros) by extension 'python'
[0.447s] Level 1:colcon.colcon_core.package_identification:_identify(src/realsense-ros) by extensions ['python_setup_py']
[0.447s] Level 1:colcon.colcon_core.package_identification:_identify(src/realsense-ros) by extension 'python_setup_py'
[0.448s] Level 1:colcon.colcon_core.package_identification:_identify(src/realsense-ros/realsense2_camera) by extensions ['ignore', 'ignore_ament_install']
[0.448s] Level 1:colcon.colcon_core.package_identification:_identify(src/realsense-ros/realsense2_camera) by extension 'ignore'
[0.448s] Level 1:colcon.colcon_core.package_identification:_identify(src/realsense-ros/realsense2_camera) by extension 'ignore_ament_install'
[0.448s] Level 1:colcon.colcon_core.package_identification:_identify(src/realsense-ros/realsense2_camera) by extensions ['colcon_pkg']
[0.448s] Level 1:colcon.colcon_core.package_identification:_identify(src/realsense-ros/realsense2_camera) by extension 'colcon_pkg'
[0.448s] Level 1:colcon.colcon_core.package_identification:_identify(src/realsense-ros/realsense2_camera) by extensions ['colcon_meta']
[0.448s] Level 1:colcon.colcon_core.package_identification:_identify(src/realsense-ros/realsense2_camera) by extension 'colcon_meta'
[0.448s] Level 1:colcon.colcon_core.package_identification:_identify(src/realsense-ros/realsense2_camera) by extensions ['ros']
[0.448s] Level 1:colcon.colcon_core.package_identification:_identify(src/realsense-ros/realsense2_camera) by extension 'ros'
[0.470s] DEBUG:colcon.colcon_core.package_identification:Package 'src/realsense-ros/realsense2_camera' with type 'ros.ament_cmake' and name 'realsense2_camera'
[0.470s] Level 1:colcon.colcon_core.package_identification:_identify(src/realsense-ros/realsense2_camera_msgs) by extensions ['ignore', 'ignore_ament_install']
[0.470s] Level 1:colcon.colcon_core.package_identification:_identify(src/realsense-ros/realsense2_camera_msgs) by extension 'ignore'
[0.470s] Level 1:colcon.colcon_core.package_identification:_identify(src/realsense-ros/realsense2_camera_msgs) by extension 'ignore_ament_install'
[0.470s] Level 1:colcon.colcon_core.package_identification:_identify(src/realsense-ros/realsense2_camera_msgs) by extensions ['colcon_pkg']
[0.470s] Level 1:colcon.colcon_core.package_identification:_identify(src/realsense-ros/realsense2_camera_msgs) by extension 'colcon_pkg'
[0.470s] Level 1:colcon.colcon_core.package_identification:_identify(src/realsense-ros/realsense2_camera_msgs) by extensions ['colcon_meta']
[0.470s] Level 1:colcon.colcon_core.package_identification:_identify(src/realsense-ros/realsense2_camera_msgs) by extension 'colcon_meta'
[0.470s] Level 1:colcon.colcon_core.package_identification:_identify(src/realsense-ros/realsense2_camera_msgs) by extensions ['ros']
[0.470s] Level 1:colcon.colcon_core.package_identification:_identify(src/realsense-ros/realsense2_camera_msgs) by extension 'ros'
[0.471s] DEBUG:colcon.colcon_core.package_identification:Package 'src/realsense-ros/realsense2_camera_msgs' with type 'ros.ament_cmake' and name 'realsense2_camera_msgs'
[0.471s] Level 1:colcon.colcon_core.package_identification:_identify(src/realsense-ros/realsense2_description) by extensions ['ignore', 'ignore_ament_install']
[0.472s] Level 1:colcon.colcon_core.package_identification:_identify(src/realsense-ros/realsense2_description) by extension 'ignore'
[0.472s] Level 1:colcon.colcon_core.package_identification:_identify(src/realsense-ros/realsense2_description) by extension 'ignore_ament_install'
[0.472s] Level 1:colcon.colcon_core.package_identification:_identify(src/realsense-ros/realsense2_description) by extensions ['colcon_pkg']
[0.472s] Level 1:colcon.colcon_core.package_identification:_identify(src/realsense-ros/realsense2_description) by extension 'colcon_pkg'
[0.472s] Level 1:colcon.colcon_core.package_identification:_identify(src/realsense-ros/realsense2_description) by extensions ['colcon_meta']
[0.472s] Level 1:colcon.colcon_core.package_identification:_identify(src/realsense-ros/realsense2_description) by extension 'colcon_meta'
[0.472s] Level 1:colcon.colcon_core.package_identification:_identify(src/realsense-ros/realsense2_description) by extensions ['ros']
[0.472s] Level 1:colcon.colcon_core.package_identification:_identify(src/realsense-ros/realsense2_description) by extension 'ros'
[0.473s] DEBUG:colcon.colcon_core.package_identification:Package 'src/realsense-ros/realsense2_description' with type 'ros.ament_cmake' and name 'realsense2_description'
[0.473s] Level 1:colcon.colcon_core.package_identification:_identify(src/realsense-ros/scripts) by extensions ['ignore', 'ignore_ament_install']
[0.474s] Level 1:colcon.colcon_core.package_identification:_identify(src/realsense-ros/scripts) by extension 'ignore'
[0.474s] Level 1:colcon.colcon_core.package_identification:_identify(src/realsense-ros/scripts) by extension 'ignore_ament_install'
[0.474s] Level 1:colcon.colcon_core.package_identification:_identify(src/realsense-ros/scripts) by extensions ['colcon_pkg']
[0.474s] Level 1:colcon.colcon_core.package_identification:_identify(src/realsense-ros/scripts) by extension 'colcon_pkg'
[0.474s] Level 1:colcon.colcon_core.package_identification:_identify(src/realsense-ros/scripts) by extensions ['colcon_meta']
[0.474s] Level 1:colcon.colcon_core.package_identification:_identify(src/realsense-ros/scripts) by extension 'colcon_meta'
[0.474s] Level 1:colcon.colcon_core.package_identification:_identify(src/realsense-ros/scripts) by extensions ['ros']
[0.474s] Level 1:colcon.colcon_core.package_identification:_identify(src/realsense-ros/scripts) by extension 'ros'
[0.474s] Level 1:colcon.colcon_core.package_identification:_identify(src/realsense-ros/scripts) by extensions ['cmake', 'python']
[0.474s] Level 1:colcon.colcon_core.package_identification:_identify(src/realsense-ros/scripts) by extension 'cmake'
[0.474s] Level 1:colcon.colcon_core.package_identification:_identify(src/realsense-ros/scripts) by extension 'python'
[0.474s] Level 1:colcon.colcon_core.package_identification:_identify(src/realsense-ros/scripts) by extensions ['python_setup_py']
[0.474s] Level 1:colcon.colcon_core.package_identification:_identify(src/realsense-ros/scripts) by extension 'python_setup_py'
[0.474s] Level 1:colcon.colcon_core.package_discovery:discover_packages(recursive) using defaults
[0.474s] Level 1:colcon.colcon_core.package_discovery:discover_packages(ignore) discover
[0.474s] Level 1:colcon.colcon_core.package_discovery:discover_packages(ignore) using defaults
[0.474s] Level 1:colcon.colcon_core.package_discovery:discover_packages(path) discover
[0.475s] Level 1:colcon.colcon_core.package_discovery:discover_packages(path) using defaults
[0.504s] INFO:colcon.colcon_core.package_selection:Skipping not selected package 'golf_cart_description' in 'src/golf_cart_description'
[0.504s] INFO:colcon.colcon_core.package_selection:Skipping not selected package 'golf_cart_nav2' in 'src/golf_cart_nav2'
[0.504s] INFO:colcon.colcon_core.package_selection:Skipping not selected package 'realsense2_camera_msgs' in 'src/realsense-ros/realsense2_camera_msgs'
[0.504s] INFO:colcon.colcon_core.package_selection:Skipping not selected package 'realsense2_camera' in 'src/realsense-ros/realsense2_camera'
[0.504s] INFO:colcon.colcon_core.package_selection:Skipping not selected package 'realsense2_description' in 'src/realsense-ros/realsense2_description'
[0.504s] Level 1:colcon.colcon_core.package_discovery:discover_packages(prefix_path) check parameters
[0.505s] Level 1:colcon.colcon_core.package_discovery:discover_packages(prefix_path) discover
[0.508s] DEBUG:colcon.colcon_installed_package_information.package_discovery:Found 6 installed packages in /home/developer/ros2_ws/install
[0.508s] DEBUG:colcon.colcon_installed_package_information.package_discovery:Found 4 installed packages in /home/developer/turtlebot3_ws/install
[0.511s] DEBUG:colcon.colcon_installed_package_information.package_discovery:Found 438 installed packages in /opt/ros/humble
[0.515s] Level 1:colcon.colcon_core.package_discovery:discover_packages(prefix_path) using defaults
[0.594s] Level 5:colcon.colcon_core.verb:set package 'esp32_hardware' build argument 'cmake_args' from command line to 'None'
[0.594s] Level 5:colcon.colcon_core.verb:set package 'esp32_hardware' build argument 'cmake_target' from command line to 'None'
[0.594s] Level 5:colcon.colcon_core.verb:set package 'esp32_hardware' build argument 'cmake_target_skip_unavailable' from command line to 'False'
[0.594s] Level 5:colcon.colcon_core.verb:set package 'esp32_hardware' build argument 'cmake_clean_cache' from command line to 'False'
[0.594s] Level 5:colcon.colcon_core.verb:set package 'esp32_hardware' build argument 'cmake_clean_first' from command line to 'False'
[0.594s] Level 5:colcon.colcon_core.verb:set package 'esp32_hardware' build argument 'cmake_force_configure' from command line to 'False'
[0.594s] Level 5:colcon.colcon_core.verb:set package 'esp32_hardware' build argument 'ament_cmake_args' from command line to 'None'
[0.594s] Level 5:colcon.colcon_core.verb:set package 'esp32_hardware' build argument 'catkin_cmake_args' from command line to 'None'
[0.594s] Level 5:colcon.colcon_core.verb:set package 'esp32_hardware' build argument 'catkin_skip_building_tests' from command line to 'False'
[0.594s] DEBUG:colcon.colcon_core.verb:Building package 'esp32_hardware' with the following arguments: {'ament_cmake_args': None, 'build_base': '/home/developer/ros2_ws/build/esp32_hardware', 'catkin_cmake_args': None, 'catkin_skip_building_tests': False, 'cmake_args': None, 'cmake_clean_cache': False, 'cmake_clean_first': False, 'cmake_force_configure': False, 'cmake_target': None, 'cmake_target_skip_unavailable': False, 'install_base': '/home/developer/ros2_ws/install/esp32_hardware', 'merge_install': False, 'path': '/home/developer/ros2_ws/src/esp32_hardware', 'symlink_install': False, 'test_result_base': None}
[0.595s] INFO:colcon.colcon_core.executor:Executing jobs using 'parallel' executor
[0.596s] DEBUG:colcon.colcon_parallel_executor.executor.parallel:run_until_complete
[0.596s] INFO:colcon.colcon_ros.task.ament_cmake.build:Building ROS package in '/home/developer/ros2_ws/src/esp32_hardware' with build type 'ament_cmake'
[0.596s] INFO:colcon.colcon_cmake.task.cmake.build:Building CMake package in '/home/developer/ros2_ws/src/esp32_hardware'
[0.599s] INFO:colcon.colcon_core.plugin_system:Skipping extension 'colcon_core.shell.bat': Not used on non-Windows systems
[0.600s] INFO:colcon.colcon_core.shell:Skip shell extension 'powershell' for command environment: Not usable outside of PowerShell
[0.600s] DEBUG:colcon.colcon_core.shell:Skip shell extension 'dsv' for command environment
[0.614s] DEBUG:colcon.colcon_core.event_handler.log_command:Invoking command in '/home/developer/ros2_ws/build/esp32_hardware': CMAKE_PREFIX_PATH=${CMAKE_PREFIX_PATH}:/home/developer/ros2_ws/install/golf_cart_nav2:/opt/ros/humble /usr/bin/cmake --build /home/developer/ros2_ws/build/esp32_hardware -- -j4 -l4
[0.710s] DEBUG:colcon.colcon_core.event_handler.log_command:Invoked command in '/home/developer/ros2_ws/build/esp32_hardware' returned '0': CMAKE_PREFIX_PATH=${CMAKE_PREFIX_PATH}:/home/developer/ros2_ws/install/golf_cart_nav2:/opt/ros/humble /usr/bin/cmake --build /home/developer/ros2_ws/build/esp32_hardware -- -j4 -l4
[0.726s] DEBUG:colcon.colcon_core.event_handler.log_command:Invoking command in '/home/developer/ros2_ws/build/esp32_hardware': CMAKE_PREFIX_PATH=${CMAKE_PREFIX_PATH}:/home/developer/ros2_ws/install/golf_cart_nav2:/opt/ros/humble /usr/bin/cmake --install /home/developer/ros2_ws/build/esp32_hardware
[0.741s] Level 1:colcon.colcon_core.environment:create_environment_scripts_only(esp32_hardware)
[0.741s] DEBUG:colcon.colcon_core.event_handler.log_command:Invoked command in '/home/developer/ros2_ws/build/esp32_hardware' returned '0': CMAKE_PREFIX_PATH=${CMAKE_PREFIX_PATH}:/home/developer/ros2_ws/install/golf_cart_nav2:/opt/ros/humble /usr/bin/cmake --install /home/developer/ros2_ws/build/esp32_hardware
[0.745s] Level 1:colcon.colcon_core.environment:checking '/home/developer/ros2_ws/install/esp32_hardware' for CMake module files
[0.745s] Level 1:colcon.colcon_core.environment:checking '/home/developer/ros2_ws/install/esp32_hardware' for CMake config files
[0.746s] Level 1:colcon.colcon_core.shell:create_environment_hook('esp32_hardware', 'cmake_prefix_path')
[0.746s] INFO:colcon.colcon_core.shell:Creating environment hook '/home/developer/ros2_ws/install/esp32_hardware/share/esp32_hardware/hook/cmake_prefix_path.ps1'
[0.747s] INFO:colcon.colcon_core.shell:Creating environment descriptor '/home/developer/ros2_ws/install/esp32_hardware/share/esp32_hardware/hook/cmake_prefix_path.dsv'
[0.748s] INFO:colcon.colcon_core.shell:Creating environment hook '/home/developer/ros2_ws/install/esp32_hardware/share/esp32_hardware/hook/cmake_prefix_path.sh'
[0.749s] Level 1:colcon.colcon_core.environment:checking '/home/developer/ros2_ws/install/esp32_hardware/lib'
[0.749s] Level 1:colcon.colcon_core.shell:create_environment_hook('esp32_hardware', 'ld_library_path_lib')
[0.750s] INFO:colcon.colcon_core.shell:Creating environment hook '/home/developer/ros2_ws/install/esp32_hardware/share/esp32_hardware/hook/ld_library_path_lib.ps1'
[0.750s] INFO:colcon.colcon_core.shell:Creating environment descriptor '/home/developer/ros2_ws/install/esp32_hardware/share/esp32_hardware/hook/ld_library_path_lib.dsv'
[0.751s] INFO:colcon.colcon_core.shell:Creating environment hook '/home/developer/ros2_ws/install/esp32_hardware/share/esp32_hardware/hook/ld_library_path_lib.sh'
[0.751s] Level 1:colcon.colcon_core.environment:checking '/home/developer/ros2_ws/install/esp32_hardware/bin'
[0.752s] Level 1:colcon.colcon_core.environment:checking '/home/developer/ros2_ws/install/esp32_hardware/lib/pkgconfig/esp32_hardware.pc'
[0.752s] Level 1:colcon.colcon_core.environment:checking '/home/developer/ros2_ws/install/esp32_hardware/lib/python3.10/site-packages'
[0.752s] Level 1:colcon.colcon_core.environment:checking '/home/developer/ros2_ws/install/esp32_hardware/bin'
[0.753s] INFO:colcon.colcon_core.shell:Creating package script '/home/developer/ros2_ws/install/esp32_hardware/share/esp32_hardware/package.ps1'
[0.754s] INFO:colcon.colcon_core.shell:Creating package descriptor '/home/developer/ros2_ws/install/esp32_hardware/share/esp32_hardware/package.dsv'
[0.755s] INFO:colcon.colcon_core.shell:Creating package script '/home/developer/ros2_ws/install/esp32_hardware/share/esp32_hardware/package.sh'
[0.756s] INFO:colcon.colcon_core.shell:Creating package script '/home/developer/ros2_ws/install/esp32_hardware/share/esp32_hardware/package.bash'
[0.757s] INFO:colcon.colcon_core.shell:Creating package script '/home/developer/ros2_ws/install/esp32_hardware/share/esp32_hardware/package.zsh'
[0.759s] Level 1:colcon.colcon_core.environment:create_file_with_runtime_dependencies(/home/developer/ros2_ws/install/esp32_hardware/share/colcon-core/packages/esp32_hardware)
[0.760s] Level 1:colcon.colcon_core.environment:create_environment_scripts_only(esp32_hardware)
[0.760s] Level 1:colcon.colcon_core.environment:checking '/home/developer/ros2_ws/install/esp32_hardware' for CMake module files
[0.761s] Level 1:colcon.colcon_core.environment:checking '/home/developer/ros2_ws/install/esp32_hardware' for CMake config files
[0.761s] Level 1:colcon.colcon_core.shell:create_environment_hook('esp32_hardware', 'cmake_prefix_path')
[0.761s] INFO:colcon.colcon_core.shell:Creating environment hook '/home/developer/ros2_ws/install/esp32_hardware/share/esp32_hardware/hook/cmake_prefix_path.ps1'
[0.762s] INFO:colcon.colcon_core.shell:Creating environment descriptor '/home/developer/ros2_ws/install/esp32_hardware/share/esp32_hardware/hook/cmake_prefix_path.dsv'
[0.763s] INFO:colcon.colcon_core.shell:Creating environment hook '/home/developer/ros2_ws/install/esp32_hardware/share/esp32_hardware/hook/cmake_prefix_path.sh'
[0.763s] Level 1:colcon.colcon_core.environment:checking '/home/developer/ros2_ws/install/esp32_hardware/lib'
[0.764s] Level 1:colcon.colcon_core.shell:create_environment_hook('esp32_hardware', 'ld_library_path_lib')
[0.764s] INFO:colcon.colcon_core.shell:Creating environment hook '/home/developer/ros2_ws/install/esp32_hardware/share/esp32_hardware/hook/ld_library_path_lib.ps1'
[0.765s] INFO:colcon.colcon_core.shell:Creating environment descriptor '/home/developer/ros2_ws/install/esp32_hardware/share/esp32_hardware/hook/ld_library_path_lib.dsv'
[0.765s] INFO:colcon.colcon_core.shell:Creating environment hook '/home/developer/ros2_ws/install/esp32_hardware/share/esp32_hardware/hook/ld_library_path_lib.sh'
[0.766s] Level 1:colcon.colcon_core.environment:checking '/home/developer/ros2_ws/install/esp32_hardware/bin'
[0.766s] Level 1:colcon.colcon_core.environment:checking '/home/developer/ros2_ws/install/esp32_hardware/lib/pkgconfig/esp32_hardware.pc'
[0.766s] Level 1:colcon.colcon_core.environment:checking '/home/developer/ros2_ws/install/esp32_hardware/lib/python3.10/site-packages'
[0.767s] Level 1:colcon.colcon_core.environment:checking '/home/developer/ros2_ws/install/esp32_hardware/bin'
[0.767s] INFO:colcon.colcon_core.shell:Creating package script '/home/developer/ros2_ws/install/esp32_hardware/share/esp32_hardware/package.ps1'
[0.768s] INFO:colcon.colcon_core.shell:Creating package descriptor '/home/developer/ros2_ws/install/esp32_hardware/share/esp32_hardware/package.dsv'
[0.769s] INFO:colcon.colcon_core.shell:Creating package script '/home/developer/ros2_ws/install/esp32_hardware/share/esp32_hardware/package.sh'
[0.770s] INFO:colcon.colcon_core.shell:Creating package script '/home/developer/ros2_ws/install/esp32_hardware/share/esp32_hardware/package.bash'
[0.770s] INFO:colcon.colcon_core.shell:Creating package script '/home/developer/ros2_ws/install/esp32_hardware/share/esp32_hardware/package.zsh'
[0.771s] Level 1:colcon.colcon_core.environment:create_file_with_runtime_dependencies(/home/developer/ros2_ws/install/esp32_hardware/share/colcon-core/packages/esp32_hardware)
[0.771s] DEBUG:colcon.colcon_parallel_executor.executor.parallel:closing loop
[0.772s] DEBUG:colcon.colcon_parallel_executor.executor.parallel:loop closed
[0.772s] DEBUG:colcon.colcon_parallel_executor.executor.parallel:run_until_complete finished with '0'
[0.772s] DEBUG:colcon.colcon_core.event_reactor:joining thread
[0.779s] INFO:colcon.colcon_core.plugin_system:Skipping extension 'colcon_notification.desktop_notification.terminal_notifier': Not used on non-Darwin systems
[0.779s] INFO:colcon.colcon_core.plugin_system:Skipping extension 'colcon_notification.desktop_notification.win32': Not used on non-Windows systems
[0.779s] INFO:colcon.colcon_notification.desktop_notification:Sending desktop notification using 'notify2'
[0.799s] DEBUG:colcon.colcon_core.event_reactor:joined thread
[0.800s] INFO:colcon.colcon_core.shell:Creating prefix script '/home/developer/ros2_ws/install/local_setup.ps1'
[0.804s] INFO:colcon.colcon_core.shell:Creating prefix util module '/home/developer/ros2_ws/install/_local_setup_util_ps1.py'
[0.810s] INFO:colcon.colcon_core.shell:Creating prefix chain script '/home/developer/ros2_ws/install/setup.ps1'
[0.812s] INFO:colcon.colcon_core.shell:Creating prefix script '/home/developer/ros2_ws/install/local_setup.sh'
[0.814s] INFO:colcon.colcon_core.shell:Creating prefix util module '/home/developer/ros2_ws/install/_local_setup_util_sh.py'
[0.814s] INFO:colcon.colcon_core.shell:Creating prefix chain script '/home/developer/ros2_ws/install/setup.sh'
[0.817s] INFO:colcon.colcon_core.shell:Creating prefix script '/home/developer/ros2_ws/install/local_setup.bash'
[0.818s] INFO:colcon.colcon_core.shell:Creating prefix chain script '/home/developer/ros2_ws/install/setup.bash'
[0.820s] INFO:colcon.colcon_core.shell:Creating prefix script '/home/developer/ros2_ws/install/local_setup.zsh'
[0.822s] INFO:colcon.colcon_core.shell:Creating prefix chain script '/home/developer/ros2_ws/install/setup.zsh'
