[0.150s] DEBUG:colcon:Command line arguments: ['/usr/bin/colcon', 'build']
[0.150s] DEBUG:colcon:Parsed command line arguments: Namespace(log_base=None, log_level=None, verb_name='build', build_base='build', install_base='install', merge_install=False, symlink_install=False, test_result_base=None, continue_on_error=False, executor='parallel', parallel_workers=4, event_handlers=None, ignore_user_meta=False, metas=['./colcon.meta'], base_paths=['.'], packages_ignore=None, packages_ignore_regex=None, paths=None, packages_up_to=None, packages_up_to_regex=None, packages_above=None, packages_above_and_dependencies=None, packages_above_depth=None, packages_select_by_dep=None, packages_skip_by_dep=None, packages_skip_up_to=None, packages_select_build_failed=False, packages_skip_build_finished=False, packages_select_test_failures=False, packages_skip_test_passed=False, packages_select=None, packages_skip=None, packages_select_regex=None, packages_skip_regex=None, packages_start=None, packages_end=None, allow_overriding=[], cmake_args=None, cmake_target=None, cmake_target_skip_unavailable=False, cmake_clean_cache=False, cmake_clean_first=False, cmake_force_configure=False, ament_cmake_args=None, catkin_cmake_args=None, catkin_skip_building_tests=False, verb_parser=<colcon_defaults.argument_parser.defaults.DefaultArgumentsDecorator object at 0x7fa01e021270>, verb_extension=<colcon_core.verb.build.BuildVerb object at 0x7fa01e162650>, main=<bound method BuildVerb.main of <colcon_core.verb.build.BuildVerb object at 0x7fa01e162650>>)
[0.402s] Level 1:colcon.colcon_core.package_discovery:discover_packages(colcon_meta) check parameters
[0.402s] Level 1:colcon.colcon_core.package_discovery:discover_packages(recursive) check parameters
[0.402s] Level 1:colcon.colcon_core.package_discovery:discover_packages(ignore) check parameters
[0.402s] Level 1:colcon.colcon_core.package_discovery:discover_packages(path) check parameters
[0.403s] Level 1:colcon.colcon_core.package_discovery:discover_packages(colcon_meta) discover
[0.403s] Level 1:colcon.colcon_core.package_discovery:discover_packages(recursive) discover
[0.403s] INFO:colcon.colcon_core.package_discovery:Crawling recursively for packages in '/home/developer/ros2_ws'
[0.403s] Level 1:colcon.colcon_core.package_identification:_identify(.) by extensions ['ignore', 'ignore_ament_install']
[0.403s] Level 1:colcon.colcon_core.package_identification:_identify(.) by extension 'ignore'
[0.403s] Level 1:colcon.colcon_core.package_identification:_identify(.) by extension 'ignore_ament_install'
[0.403s] Level 1:colcon.colcon_core.package_identification:_identify(.) by extensions ['colcon_pkg']
[0.403s] Level 1:colcon.colcon_core.package_identification:_identify(.) by extension 'colcon_pkg'
[0.403s] Level 1:colcon.colcon_core.package_identification:_identify(.) by extensions ['colcon_meta']
[0.403s] Level 1:colcon.colcon_core.package_identification:_identify(.) by extension 'colcon_meta'
[0.403s] Level 1:colcon.colcon_core.package_identification:_identify(.) by extensions ['ros']
[0.403s] Level 1:colcon.colcon_core.package_identification:_identify(.) by extension 'ros'
[0.418s] Level 1:colcon.colcon_core.package_identification:_identify(.) by extensions ['cmake', 'python']
[0.418s] Level 1:colcon.colcon_core.package_identification:_identify(.) by extension 'cmake'
[0.418s] Level 1:colcon.colcon_core.package_identification:_identify(.) by extension 'python'
[0.418s] Level 1:colcon.colcon_core.package_identification:_identify(.) by extensions ['python_setup_py']
[0.418s] Level 1:colcon.colcon_core.package_identification:_identify(.) by extension 'python_setup_py'
[0.418s] Level 1:colcon.colcon_core.package_identification:_identify(build) by extensions ['ignore', 'ignore_ament_install']
[0.418s] Level 1:colcon.colcon_core.package_identification:_identify(build) by extension 'ignore'
[0.418s] Level 1:colcon.colcon_core.package_identification:_identify(build) ignored
[0.419s] Level 1:colcon.colcon_core.package_identification:_identify(install) by extensions ['ignore', 'ignore_ament_install']
[0.419s] Level 1:colcon.colcon_core.package_identification:_identify(install) by extension 'ignore'
[0.419s] Level 1:colcon.colcon_core.package_identification:_identify(install) ignored
[0.419s] Level 1:colcon.colcon_core.package_identification:_identify(log) by extensions ['ignore', 'ignore_ament_install']
[0.419s] Level 1:colcon.colcon_core.package_identification:_identify(log) by extension 'ignore'
[0.419s] Level 1:colcon.colcon_core.package_identification:_identify(log) ignored
[0.419s] Level 1:colcon.colcon_core.package_identification:_identify(src) by extensions ['ignore', 'ignore_ament_install']
[0.419s] Level 1:colcon.colcon_core.package_identification:_identify(src) by extension 'ignore'
[0.419s] Level 1:colcon.colcon_core.package_identification:_identify(src) by extension 'ignore_ament_install'
[0.419s] Level 1:colcon.colcon_core.package_identification:_identify(src) by extensions ['colcon_pkg']
[0.419s] Level 1:colcon.colcon_core.package_identification:_identify(src) by extension 'colcon_pkg'
[0.419s] Level 1:colcon.colcon_core.package_identification:_identify(src) by extensions ['colcon_meta']
[0.419s] Level 1:colcon.colcon_core.package_identification:_identify(src) by extension 'colcon_meta'
[0.420s] Level 1:colcon.colcon_core.package_identification:_identify(src) by extensions ['ros']
[0.420s] Level 1:colcon.colcon_core.package_identification:_identify(src) by extension 'ros'
[0.420s] Level 1:colcon.colcon_core.package_identification:_identify(src) by extensions ['cmake', 'python']
[0.420s] Level 1:colcon.colcon_core.package_identification:_identify(src) by extension 'cmake'
[0.420s] Level 1:colcon.colcon_core.package_identification:_identify(src) by extension 'python'
[0.420s] Level 1:colcon.colcon_core.package_identification:_identify(src) by extensions ['python_setup_py']
[0.420s] Level 1:colcon.colcon_core.package_identification:_identify(src) by extension 'python_setup_py'
[0.420s] Level 1:colcon.colcon_core.package_identification:_identify(src/golf_cart_description) by extensions ['ignore', 'ignore_ament_install']
[0.420s] Level 1:colcon.colcon_core.package_identification:_identify(src/golf_cart_description) by extension 'ignore'
[0.420s] Level 1:colcon.colcon_core.package_identification:_identify(src/golf_cart_description) by extension 'ignore_ament_install'
[0.420s] Level 1:colcon.colcon_core.package_identification:_identify(src/golf_cart_description) by extensions ['colcon_pkg']
[0.420s] Level 1:colcon.colcon_core.package_identification:_identify(src/golf_cart_description) by extension 'colcon_pkg'
[0.420s] Level 1:colcon.colcon_core.package_identification:_identify(src/golf_cart_description) by extensions ['colcon_meta']
[0.420s] Level 1:colcon.colcon_core.package_identification:_identify(src/golf_cart_description) by extension 'colcon_meta'
[0.421s] Level 1:colcon.colcon_core.package_identification:_identify(src/golf_cart_description) by extensions ['ros']
[0.421s] Level 1:colcon.colcon_core.package_identification:_identify(src/golf_cart_description) by extension 'ros'
[0.424s] DEBUG:colcon.colcon_core.package_identification:Package 'src/golf_cart_description' with type 'ros.ament_cmake' and name 'golf_cart_description'
[0.424s] Level 1:colcon.colcon_core.package_identification:_identify(src/realsense-ros) by extensions ['ignore', 'ignore_ament_install']
[0.424s] Level 1:colcon.colcon_core.package_identification:_identify(src/realsense-ros) by extension 'ignore'
[0.424s] Level 1:colcon.colcon_core.package_identification:_identify(src/realsense-ros) by extension 'ignore_ament_install'
[0.424s] Level 1:colcon.colcon_core.package_identification:_identify(src/realsense-ros) by extensions ['colcon_pkg']
[0.424s] Level 1:colcon.colcon_core.package_identification:_identify(src/realsense-ros) by extension 'colcon_pkg'
[0.424s] Level 1:colcon.colcon_core.package_identification:_identify(src/realsense-ros) by extensions ['colcon_meta']
[0.424s] Level 1:colcon.colcon_core.package_identification:_identify(src/realsense-ros) by extension 'colcon_meta'
[0.424s] Level 1:colcon.colcon_core.package_identification:_identify(src/realsense-ros) by extensions ['ros']
[0.424s] Level 1:colcon.colcon_core.package_identification:_identify(src/realsense-ros) by extension 'ros'
[0.424s] Level 1:colcon.colcon_core.package_identification:_identify(src/realsense-ros) by extensions ['cmake', 'python']
[0.425s] Level 1:colcon.colcon_core.package_identification:_identify(src/realsense-ros) by extension 'cmake'
[0.425s] Level 1:colcon.colcon_core.package_identification:_identify(src/realsense-ros) by extension 'python'
[0.425s] Level 1:colcon.colcon_core.package_identification:_identify(src/realsense-ros) by extensions ['python_setup_py']
[0.425s] Level 1:colcon.colcon_core.package_identification:_identify(src/realsense-ros) by extension 'python_setup_py'
[0.425s] Level 1:colcon.colcon_core.package_identification:_identify(src/realsense-ros/realsense2_camera) by extensions ['ignore', 'ignore_ament_install']
[0.425s] Level 1:colcon.colcon_core.package_identification:_identify(src/realsense-ros/realsense2_camera) by extension 'ignore'
[0.425s] Level 1:colcon.colcon_core.package_identification:_identify(src/realsense-ros/realsense2_camera) by extension 'ignore_ament_install'
[0.425s] Level 1:colcon.colcon_core.package_identification:_identify(src/realsense-ros/realsense2_camera) by extensions ['colcon_pkg']
[0.425s] Level 1:colcon.colcon_core.package_identification:_identify(src/realsense-ros/realsense2_camera) by extension 'colcon_pkg'
[0.425s] Level 1:colcon.colcon_core.package_identification:_identify(src/realsense-ros/realsense2_camera) by extensions ['colcon_meta']
[0.425s] Level 1:colcon.colcon_core.package_identification:_identify(src/realsense-ros/realsense2_camera) by extension 'colcon_meta'
[0.425s] Level 1:colcon.colcon_core.package_identification:_identify(src/realsense-ros/realsense2_camera) by extensions ['ros']
[0.425s] Level 1:colcon.colcon_core.package_identification:_identify(src/realsense-ros/realsense2_camera) by extension 'ros'
[0.435s] DEBUG:colcon.colcon_core.package_identification:Package 'src/realsense-ros/realsense2_camera' with type 'ros.ament_cmake' and name 'realsense2_camera'
[0.435s] Level 1:colcon.colcon_core.package_identification:_identify(src/realsense-ros/realsense2_camera_msgs) by extensions ['ignore', 'ignore_ament_install']
[0.435s] Level 1:colcon.colcon_core.package_identification:_identify(src/realsense-ros/realsense2_camera_msgs) by extension 'ignore'
[0.435s] Level 1:colcon.colcon_core.package_identification:_identify(src/realsense-ros/realsense2_camera_msgs) by extension 'ignore_ament_install'
[0.435s] Level 1:colcon.colcon_core.package_identification:_identify(src/realsense-ros/realsense2_camera_msgs) by extensions ['colcon_pkg']
[0.435s] Level 1:colcon.colcon_core.package_identification:_identify(src/realsense-ros/realsense2_camera_msgs) by extension 'colcon_pkg'
[0.435s] Level 1:colcon.colcon_core.package_identification:_identify(src/realsense-ros/realsense2_camera_msgs) by extensions ['colcon_meta']
[0.435s] Level 1:colcon.colcon_core.package_identification:_identify(src/realsense-ros/realsense2_camera_msgs) by extension 'colcon_meta'
[0.435s] Level 1:colcon.colcon_core.package_identification:_identify(src/realsense-ros/realsense2_camera_msgs) by extensions ['ros']
[0.436s] Level 1:colcon.colcon_core.package_identification:_identify(src/realsense-ros/realsense2_camera_msgs) by extension 'ros'
[0.436s] DEBUG:colcon.colcon_core.package_identification:Package 'src/realsense-ros/realsense2_camera_msgs' with type 'ros.ament_cmake' and name 'realsense2_camera_msgs'
[0.437s] Level 1:colcon.colcon_core.package_identification:_identify(src/realsense-ros/realsense2_description) by extensions ['ignore', 'ignore_ament_install']
[0.437s] Level 1:colcon.colcon_core.package_identification:_identify(src/realsense-ros/realsense2_description) by extension 'ignore'
[0.437s] Level 1:colcon.colcon_core.package_identification:_identify(src/realsense-ros/realsense2_description) by extension 'ignore_ament_install'
[0.437s] Level 1:colcon.colcon_core.package_identification:_identify(src/realsense-ros/realsense2_description) by extensions ['colcon_pkg']
[0.437s] Level 1:colcon.colcon_core.package_identification:_identify(src/realsense-ros/realsense2_description) by extension 'colcon_pkg'
[0.437s] Level 1:colcon.colcon_core.package_identification:_identify(src/realsense-ros/realsense2_description) by extensions ['colcon_meta']
[0.437s] Level 1:colcon.colcon_core.package_identification:_identify(src/realsense-ros/realsense2_description) by extension 'colcon_meta'
[0.437s] Level 1:colcon.colcon_core.package_identification:_identify(src/realsense-ros/realsense2_description) by extensions ['ros']
[0.437s] Level 1:colcon.colcon_core.package_identification:_identify(src/realsense-ros/realsense2_description) by extension 'ros'
[0.438s] DEBUG:colcon.colcon_core.package_identification:Package 'src/realsense-ros/realsense2_description' with type 'ros.ament_cmake' and name 'realsense2_description'
[0.438s] Level 1:colcon.colcon_core.package_identification:_identify(src/realsense-ros/scripts) by extensions ['ignore', 'ignore_ament_install']
[0.438s] Level 1:colcon.colcon_core.package_identification:_identify(src/realsense-ros/scripts) by extension 'ignore'
[0.439s] Level 1:colcon.colcon_core.package_identification:_identify(src/realsense-ros/scripts) by extension 'ignore_ament_install'
[0.439s] Level 1:colcon.colcon_core.package_identification:_identify(src/realsense-ros/scripts) by extensions ['colcon_pkg']
[0.439s] Level 1:colcon.colcon_core.package_identification:_identify(src/realsense-ros/scripts) by extension 'colcon_pkg'
[0.439s] Level 1:colcon.colcon_core.package_identification:_identify(src/realsense-ros/scripts) by extensions ['colcon_meta']
[0.439s] Level 1:colcon.colcon_core.package_identification:_identify(src/realsense-ros/scripts) by extension 'colcon_meta'
[0.439s] Level 1:colcon.colcon_core.package_identification:_identify(src/realsense-ros/scripts) by extensions ['ros']
[0.439s] Level 1:colcon.colcon_core.package_identification:_identify(src/realsense-ros/scripts) by extension 'ros'
[0.439s] Level 1:colcon.colcon_core.package_identification:_identify(src/realsense-ros/scripts) by extensions ['cmake', 'python']
[0.439s] Level 1:colcon.colcon_core.package_identification:_identify(src/realsense-ros/scripts) by extension 'cmake'
[0.439s] Level 1:colcon.colcon_core.package_identification:_identify(src/realsense-ros/scripts) by extension 'python'
[0.439s] Level 1:colcon.colcon_core.package_identification:_identify(src/realsense-ros/scripts) by extensions ['python_setup_py']
[0.439s] Level 1:colcon.colcon_core.package_identification:_identify(src/realsense-ros/scripts) by extension 'python_setup_py'
[0.439s] Level 1:colcon.colcon_core.package_discovery:discover_packages(recursive) using defaults
[0.439s] Level 1:colcon.colcon_core.package_discovery:discover_packages(ignore) discover
[0.439s] Level 1:colcon.colcon_core.package_discovery:discover_packages(ignore) using defaults
[0.439s] Level 1:colcon.colcon_core.package_discovery:discover_packages(path) discover
[0.439s] Level 1:colcon.colcon_core.package_discovery:discover_packages(path) using defaults
[0.481s] Level 1:colcon.colcon_core.package_discovery:discover_packages(prefix_path) check parameters
[0.481s] Level 1:colcon.colcon_core.package_discovery:discover_packages(prefix_path) discover
[0.484s] DEBUG:colcon.colcon_installed_package_information.package_discovery:Found 4 installed packages in /home/developer/ros2_ws/install
[0.485s] DEBUG:colcon.colcon_installed_package_information.package_discovery:Found 17 installed packages in /home/developer/ros2_cntrl_ws/install
[0.486s] DEBUG:colcon.colcon_installed_package_information.package_discovery:Found 4 installed packages in /home/developer/turtlebot3_ws/install
[0.489s] DEBUG:colcon.colcon_installed_package_information.package_discovery:Found 428 installed packages in /opt/ros/humble
[0.492s] Level 1:colcon.colcon_core.package_discovery:discover_packages(prefix_path) using defaults
[0.569s] WARNING:colcon.colcon_core.package_selection:Some selected packages are already built in one or more underlay workspaces:
	'realsense2_camera' is in: /home/developer/ros2_ws/install/realsense2_camera, /opt/ros/humble
If a package in a merged underlay workspace is overridden and it installs headers, then all packages in the overlay must sort their include directories by workspace order. Failure to do so may result in build failures or undefined behavior at run time.
If the overridden package is used by another package in any underlay, then the overriding package in the overlay must be API and ABI compatible or undefined behavior at run time may occur.

If you understand the risks and want to override a package anyways, add the following to the command line:
	--allow-overriding realsense2_camera

This may be promoted to an error in a future release of colcon-override-check.
[0.570s] Level 5:colcon.colcon_core.verb:set package 'golf_cart_description' build argument 'cmake_args' from command line to 'None'
[0.571s] Level 5:colcon.colcon_core.verb:set package 'golf_cart_description' build argument 'cmake_target' from command line to 'None'
[0.571s] Level 5:colcon.colcon_core.verb:set package 'golf_cart_description' build argument 'cmake_target_skip_unavailable' from command line to 'False'
[0.571s] Level 5:colcon.colcon_core.verb:set package 'golf_cart_description' build argument 'cmake_clean_cache' from command line to 'False'
[0.571s] Level 5:colcon.colcon_core.verb:set package 'golf_cart_description' build argument 'cmake_clean_first' from command line to 'False'
[0.571s] Level 5:colcon.colcon_core.verb:set package 'golf_cart_description' build argument 'cmake_force_configure' from command line to 'False'
[0.571s] Level 5:colcon.colcon_core.verb:set package 'golf_cart_description' build argument 'ament_cmake_args' from command line to 'None'
[0.571s] Level 5:colcon.colcon_core.verb:set package 'golf_cart_description' build argument 'catkin_cmake_args' from command line to 'None'
[0.571s] Level 5:colcon.colcon_core.verb:set package 'golf_cart_description' build argument 'catkin_skip_building_tests' from command line to 'False'
[0.571s] DEBUG:colcon.colcon_core.verb:Building package 'golf_cart_description' with the following arguments: {'ament_cmake_args': None, 'build_base': '/home/developer/ros2_ws/build/golf_cart_description', 'catkin_cmake_args': None, 'catkin_skip_building_tests': False, 'cmake_args': None, 'cmake_clean_cache': False, 'cmake_clean_first': False, 'cmake_force_configure': False, 'cmake_target': None, 'cmake_target_skip_unavailable': False, 'install_base': '/home/developer/ros2_ws/install/golf_cart_description', 'merge_install': False, 'path': '/home/developer/ros2_ws/src/golf_cart_description', 'symlink_install': False, 'test_result_base': None}
[0.571s] Level 5:colcon.colcon_core.verb:set package 'realsense2_camera_msgs' build argument 'cmake_args' from command line to 'None'
[0.571s] Level 5:colcon.colcon_core.verb:set package 'realsense2_camera_msgs' build argument 'cmake_target' from command line to 'None'
[0.572s] Level 5:colcon.colcon_core.verb:set package 'realsense2_camera_msgs' build argument 'cmake_target_skip_unavailable' from command line to 'False'
[0.572s] Level 5:colcon.colcon_core.verb:set package 'realsense2_camera_msgs' build argument 'cmake_clean_cache' from command line to 'False'
[0.572s] Level 5:colcon.colcon_core.verb:set package 'realsense2_camera_msgs' build argument 'cmake_clean_first' from command line to 'False'
[0.572s] Level 5:colcon.colcon_core.verb:set package 'realsense2_camera_msgs' build argument 'cmake_force_configure' from command line to 'False'
[0.572s] Level 5:colcon.colcon_core.verb:set package 'realsense2_camera_msgs' build argument 'ament_cmake_args' from command line to 'None'
[0.572s] Level 5:colcon.colcon_core.verb:set package 'realsense2_camera_msgs' build argument 'catkin_cmake_args' from command line to 'None'
[0.572s] Level 5:colcon.colcon_core.verb:set package 'realsense2_camera_msgs' build argument 'catkin_skip_building_tests' from command line to 'False'
[0.572s] DEBUG:colcon.colcon_core.verb:Building package 'realsense2_camera_msgs' with the following arguments: {'ament_cmake_args': None, 'build_base': '/home/developer/ros2_ws/build/realsense2_camera_msgs', 'catkin_cmake_args': None, 'catkin_skip_building_tests': False, 'cmake_args': None, 'cmake_clean_cache': False, 'cmake_clean_first': False, 'cmake_force_configure': False, 'cmake_target': None, 'cmake_target_skip_unavailable': False, 'install_base': '/home/developer/ros2_ws/install/realsense2_camera_msgs', 'merge_install': False, 'path': '/home/developer/ros2_ws/src/realsense-ros/realsense2_camera_msgs', 'symlink_install': False, 'test_result_base': None}
[0.572s] Level 5:colcon.colcon_core.verb:set package 'realsense2_camera' build argument 'cmake_args' from command line to 'None'
[0.572s] Level 5:colcon.colcon_core.verb:set package 'realsense2_camera' build argument 'cmake_target' from command line to 'None'
[0.572s] Level 5:colcon.colcon_core.verb:set package 'realsense2_camera' build argument 'cmake_target_skip_unavailable' from command line to 'False'
[0.572s] Level 5:colcon.colcon_core.verb:set package 'realsense2_camera' build argument 'cmake_clean_cache' from command line to 'False'
[0.572s] Level 5:colcon.colcon_core.verb:set package 'realsense2_camera' build argument 'cmake_clean_first' from command line to 'False'
[0.573s] Level 5:colcon.colcon_core.verb:set package 'realsense2_camera' build argument 'cmake_force_configure' from command line to 'False'
[0.573s] Level 5:colcon.colcon_core.verb:set package 'realsense2_camera' build argument 'ament_cmake_args' from command line to 'None'
[0.573s] Level 5:colcon.colcon_core.verb:set package 'realsense2_camera' build argument 'catkin_cmake_args' from command line to 'None'
[0.573s] Level 5:colcon.colcon_core.verb:set package 'realsense2_camera' build argument 'catkin_skip_building_tests' from command line to 'False'
[0.573s] DEBUG:colcon.colcon_core.verb:Building package 'realsense2_camera' with the following arguments: {'ament_cmake_args': None, 'build_base': '/home/developer/ros2_ws/build/realsense2_camera', 'catkin_cmake_args': None, 'catkin_skip_building_tests': False, 'cmake_args': None, 'cmake_clean_cache': False, 'cmake_clean_first': False, 'cmake_force_configure': False, 'cmake_target': None, 'cmake_target_skip_unavailable': False, 'install_base': '/home/developer/ros2_ws/install/realsense2_camera', 'merge_install': False, 'path': '/home/developer/ros2_ws/src/realsense-ros/realsense2_camera', 'symlink_install': False, 'test_result_base': None}
[0.573s] Level 5:colcon.colcon_core.verb:set package 'realsense2_description' build argument 'cmake_args' from command line to 'None'
[0.573s] Level 5:colcon.colcon_core.verb:set package 'realsense2_description' build argument 'cmake_target' from command line to 'None'
[0.573s] Level 5:colcon.colcon_core.verb:set package 'realsense2_description' build argument 'cmake_target_skip_unavailable' from command line to 'False'
[0.573s] Level 5:colcon.colcon_core.verb:set package 'realsense2_description' build argument 'cmake_clean_cache' from command line to 'False'
[0.573s] Level 5:colcon.colcon_core.verb:set package 'realsense2_description' build argument 'cmake_clean_first' from command line to 'False'
[0.573s] Level 5:colcon.colcon_core.verb:set package 'realsense2_description' build argument 'cmake_force_configure' from command line to 'False'
[0.573s] Level 5:colcon.colcon_core.verb:set package 'realsense2_description' build argument 'ament_cmake_args' from command line to 'None'
[0.573s] Level 5:colcon.colcon_core.verb:set package 'realsense2_description' build argument 'catkin_cmake_args' from command line to 'None'
[0.573s] Level 5:colcon.colcon_core.verb:set package 'realsense2_description' build argument 'catkin_skip_building_tests' from command line to 'False'
[0.573s] DEBUG:colcon.colcon_core.verb:Building package 'realsense2_description' with the following arguments: {'ament_cmake_args': None, 'build_base': '/home/developer/ros2_ws/build/realsense2_description', 'catkin_cmake_args': None, 'catkin_skip_building_tests': False, 'cmake_args': None, 'cmake_clean_cache': False, 'cmake_clean_first': False, 'cmake_force_configure': False, 'cmake_target': None, 'cmake_target_skip_unavailable': False, 'install_base': '/home/developer/ros2_ws/install/realsense2_description', 'merge_install': False, 'path': '/home/developer/ros2_ws/src/realsense-ros/realsense2_description', 'symlink_install': False, 'test_result_base': None}
[0.574s] INFO:colcon.colcon_core.executor:Executing jobs using 'parallel' executor
[0.575s] DEBUG:colcon.colcon_parallel_executor.executor.parallel:run_until_complete
[0.575s] INFO:colcon.colcon_ros.task.ament_cmake.build:Building ROS package in '/home/developer/ros2_ws/src/realsense-ros/realsense2_camera_msgs' with build type 'ament_cmake'
[0.575s] INFO:colcon.colcon_cmake.task.cmake.build:Building CMake package in '/home/developer/ros2_ws/src/realsense-ros/realsense2_camera_msgs'
[0.578s] INFO:colcon.colcon_core.plugin_system:Skipping extension 'colcon_core.shell.bat': Not used on non-Windows systems
[0.579s] INFO:colcon.colcon_core.shell:Skip shell extension 'powershell' for command environment: Not usable outside of PowerShell
[0.579s] DEBUG:colcon.colcon_core.shell:Skip shell extension 'dsv' for command environment
[0.587s] INFO:colcon.colcon_ros.task.ament_cmake.build:Building ROS package in '/home/developer/ros2_ws/src/golf_cart_description' with build type 'ament_cmake'
[0.587s] INFO:colcon.colcon_cmake.task.cmake.build:Building CMake package in '/home/developer/ros2_ws/src/golf_cart_description'
[0.588s] INFO:colcon.colcon_core.shell:Skip shell extension 'powershell' for command environment: Not usable outside of PowerShell
[0.588s] DEBUG:colcon.colcon_core.shell:Skip shell extension 'dsv' for command environment
[0.606s] DEBUG:colcon.colcon_core.event_handler.log_command:Invoking command in '/home/developer/ros2_ws/build/realsense2_camera_msgs': CMAKE_PREFIX_PATH=${CMAKE_PREFIX_PATH}:/opt/ros/humble /usr/bin/cmake --build /home/developer/ros2_ws/build/realsense2_camera_msgs -- -j4 -l4
[0.614s] DEBUG:colcon.colcon_core.event_handler.log_command:Invoking command in '/home/developer/ros2_ws/build/golf_cart_description': CMAKE_PREFIX_PATH=${CMAKE_PREFIX_PATH}:/opt/ros/humble /usr/bin/cmake --build /home/developer/ros2_ws/build/golf_cart_description -- -j4 -l4
[0.734s] DEBUG:colcon.colcon_core.event_handler.log_command:Invoked command in '/home/developer/ros2_ws/build/golf_cart_description' returned '0': CMAKE_PREFIX_PATH=${CMAKE_PREFIX_PATH}:/opt/ros/humble /usr/bin/cmake --build /home/developer/ros2_ws/build/golf_cart_description -- -j4 -l4
[0.797s] DEBUG:colcon.colcon_core.event_handler.log_command:Invoking command in '/home/developer/ros2_ws/build/golf_cart_description': CMAKE_PREFIX_PATH=${CMAKE_PREFIX_PATH}:/opt/ros/humble /usr/bin/cmake --install /home/developer/ros2_ws/build/golf_cart_description
[0.964s] Level 1:colcon.colcon_core.environment:create_environment_scripts_only(golf_cart_description)
[0.971s] DEBUG:colcon.colcon_core.event_handler.log_command:Invoked command in '/home/developer/ros2_ws/build/golf_cart_description' returned '0': CMAKE_PREFIX_PATH=${CMAKE_PREFIX_PATH}:/opt/ros/humble /usr/bin/cmake --install /home/developer/ros2_ws/build/golf_cart_description
[0.975s] Level 1:colcon.colcon_core.environment:checking '/home/developer/ros2_ws/install/golf_cart_description' for CMake module files
[0.976s] Level 1:colcon.colcon_core.environment:checking '/home/developer/ros2_ws/install/golf_cart_description' for CMake config files
[0.977s] Level 1:colcon.colcon_core.shell:create_environment_hook('golf_cart_description', 'cmake_prefix_path')
[0.978s] INFO:colcon.colcon_core.shell:Creating environment hook '/home/developer/ros2_ws/install/golf_cart_description/share/golf_cart_description/hook/cmake_prefix_path.ps1'
[0.979s] INFO:colcon.colcon_core.shell:Creating environment descriptor '/home/developer/ros2_ws/install/golf_cart_description/share/golf_cart_description/hook/cmake_prefix_path.dsv'
[0.980s] INFO:colcon.colcon_core.shell:Creating environment hook '/home/developer/ros2_ws/install/golf_cart_description/share/golf_cart_description/hook/cmake_prefix_path.sh'
[0.987s] Level 1:colcon.colcon_core.environment:checking '/home/developer/ros2_ws/install/golf_cart_description/bin'
[0.987s] Level 1:colcon.colcon_core.environment:checking '/home/developer/ros2_ws/install/golf_cart_description/lib/pkgconfig/golf_cart_description.pc'
[0.988s] Level 1:colcon.colcon_core.environment:checking '/home/developer/ros2_ws/install/golf_cart_description/lib/python3.10/site-packages'
[0.989s] Level 1:colcon.colcon_core.environment:checking '/home/developer/ros2_ws/install/golf_cart_description/bin'
[0.990s] INFO:colcon.colcon_core.shell:Creating package script '/home/developer/ros2_ws/install/golf_cart_description/share/golf_cart_description/package.ps1'
[0.992s] INFO:colcon.colcon_core.shell:Creating package descriptor '/home/developer/ros2_ws/install/golf_cart_description/share/golf_cart_description/package.dsv'
[0.993s] INFO:colcon.colcon_core.shell:Creating package script '/home/developer/ros2_ws/install/golf_cart_description/share/golf_cart_description/package.sh'
[0.995s] INFO:colcon.colcon_core.shell:Creating package script '/home/developer/ros2_ws/install/golf_cart_description/share/golf_cart_description/package.bash'
[0.998s] INFO:colcon.colcon_core.shell:Creating package script '/home/developer/ros2_ws/install/golf_cart_description/share/golf_cart_description/package.zsh'
[1.000s] Level 1:colcon.colcon_core.environment:create_file_with_runtime_dependencies(/home/developer/ros2_ws/install/golf_cart_description/share/colcon-core/packages/golf_cart_description)
[1.001s] Level 1:colcon.colcon_core.environment:create_environment_scripts_only(golf_cart_description)
[1.005s] Level 1:colcon.colcon_core.environment:checking '/home/developer/ros2_ws/install/golf_cart_description' for CMake module files
[1.009s] Level 1:colcon.colcon_core.environment:checking '/home/developer/ros2_ws/install/golf_cart_description' for CMake config files
[1.010s] Level 1:colcon.colcon_core.shell:create_environment_hook('golf_cart_description', 'cmake_prefix_path')
[1.011s] INFO:colcon.colcon_core.shell:Creating environment hook '/home/developer/ros2_ws/install/golf_cart_description/share/golf_cart_description/hook/cmake_prefix_path.ps1'
[1.015s] INFO:colcon.colcon_core.shell:Creating environment descriptor '/home/developer/ros2_ws/install/golf_cart_description/share/golf_cart_description/hook/cmake_prefix_path.dsv'
[1.016s] INFO:colcon.colcon_core.shell:Creating environment hook '/home/developer/ros2_ws/install/golf_cart_description/share/golf_cart_description/hook/cmake_prefix_path.sh'
[1.028s] Level 1:colcon.colcon_core.environment:checking '/home/developer/ros2_ws/install/golf_cart_description/bin'
[1.029s] Level 1:colcon.colcon_core.environment:checking '/home/developer/ros2_ws/install/golf_cart_description/lib/pkgconfig/golf_cart_description.pc'
[1.029s] Level 1:colcon.colcon_core.environment:checking '/home/developer/ros2_ws/install/golf_cart_description/lib/python3.10/site-packages'
[1.030s] Level 1:colcon.colcon_core.environment:checking '/home/developer/ros2_ws/install/golf_cart_description/bin'
[1.035s] INFO:colcon.colcon_core.shell:Creating package script '/home/developer/ros2_ws/install/golf_cart_description/share/golf_cart_description/package.ps1'
[1.037s] INFO:colcon.colcon_core.shell:Creating package descriptor '/home/developer/ros2_ws/install/golf_cart_description/share/golf_cart_description/package.dsv'
[1.042s] INFO:colcon.colcon_core.shell:Creating package script '/home/developer/ros2_ws/install/golf_cart_description/share/golf_cart_description/package.sh'
[1.043s] INFO:colcon.colcon_core.shell:Creating package script '/home/developer/ros2_ws/install/golf_cart_description/share/golf_cart_description/package.bash'
[1.048s] INFO:colcon.colcon_core.shell:Creating package script '/home/developer/ros2_ws/install/golf_cart_description/share/golf_cart_description/package.zsh'
[1.051s] Level 1:colcon.colcon_core.environment:create_file_with_runtime_dependencies(/home/developer/ros2_ws/install/golf_cart_description/share/colcon-core/packages/golf_cart_description)
[1.877s] DEBUG:colcon.colcon_core.event_handler.log_command:Invoked command in '/home/developer/ros2_ws/build/realsense2_camera_msgs' returned '0': CMAKE_PREFIX_PATH=${CMAKE_PREFIX_PATH}:/opt/ros/humble /usr/bin/cmake --build /home/developer/ros2_ws/build/realsense2_camera_msgs -- -j4 -l4
[1.880s] DEBUG:colcon.colcon_core.event_handler.log_command:Invoking command in '/home/developer/ros2_ws/build/realsense2_camera_msgs': CMAKE_PREFIX_PATH=${CMAKE_PREFIX_PATH}:/opt/ros/humble /usr/bin/cmake --install /home/developer/ros2_ws/build/realsense2_camera_msgs
[1.997s] Level 1:colcon.colcon_core.environment:create_environment_scripts_only(realsense2_camera_msgs)
[1.998s] Level 1:colcon.colcon_core.environment:checking '/home/developer/ros2_ws/install/realsense2_camera_msgs' for CMake module files
[2.000s] DEBUG:colcon.colcon_core.event_handler.log_command:Invoked command in '/home/developer/ros2_ws/build/realsense2_camera_msgs' returned '0': CMAKE_PREFIX_PATH=${CMAKE_PREFIX_PATH}:/opt/ros/humble /usr/bin/cmake --install /home/developer/ros2_ws/build/realsense2_camera_msgs
[2.001s] Level 1:colcon.colcon_core.environment:checking '/home/developer/ros2_ws/install/realsense2_camera_msgs' for CMake config files
[2.003s] Level 1:colcon.colcon_core.shell:create_environment_hook('realsense2_camera_msgs', 'cmake_prefix_path')
[2.004s] INFO:colcon.colcon_core.shell:Creating environment hook '/home/developer/ros2_ws/install/realsense2_camera_msgs/share/realsense2_camera_msgs/hook/cmake_prefix_path.ps1'
[2.005s] INFO:colcon.colcon_core.shell:Creating environment descriptor '/home/developer/ros2_ws/install/realsense2_camera_msgs/share/realsense2_camera_msgs/hook/cmake_prefix_path.dsv'
[2.006s] INFO:colcon.colcon_core.shell:Creating environment hook '/home/developer/ros2_ws/install/realsense2_camera_msgs/share/realsense2_camera_msgs/hook/cmake_prefix_path.sh'
[2.007s] Level 1:colcon.colcon_core.environment:checking '/home/developer/ros2_ws/install/realsense2_camera_msgs/lib'
[2.008s] Level 1:colcon.colcon_core.shell:create_environment_hook('realsense2_camera_msgs', 'ld_library_path_lib')
[2.008s] INFO:colcon.colcon_core.shell:Creating environment hook '/home/developer/ros2_ws/install/realsense2_camera_msgs/share/realsense2_camera_msgs/hook/ld_library_path_lib.ps1'
[2.011s] INFO:colcon.colcon_core.shell:Creating environment descriptor '/home/developer/ros2_ws/install/realsense2_camera_msgs/share/realsense2_camera_msgs/hook/ld_library_path_lib.dsv'
[2.012s] INFO:colcon.colcon_core.shell:Creating environment hook '/home/developer/ros2_ws/install/realsense2_camera_msgs/share/realsense2_camera_msgs/hook/ld_library_path_lib.sh'
[2.013s] Level 1:colcon.colcon_core.environment:checking '/home/developer/ros2_ws/install/realsense2_camera_msgs/bin'
[2.013s] Level 1:colcon.colcon_core.environment:checking '/home/developer/ros2_ws/install/realsense2_camera_msgs/lib/pkgconfig/realsense2_camera_msgs.pc'
[2.013s] Level 1:colcon.colcon_core.environment:checking '/home/developer/ros2_ws/install/realsense2_camera_msgs/lib/python3.10/site-packages'
[2.014s] Level 1:colcon.colcon_core.environment:checking '/home/developer/ros2_ws/install/realsense2_camera_msgs/bin'
[2.014s] INFO:colcon.colcon_core.shell:Creating package script '/home/developer/ros2_ws/install/realsense2_camera_msgs/share/realsense2_camera_msgs/package.ps1'
[2.015s] INFO:colcon.colcon_core.shell:Creating package descriptor '/home/developer/ros2_ws/install/realsense2_camera_msgs/share/realsense2_camera_msgs/package.dsv'
[2.016s] INFO:colcon.colcon_core.shell:Creating package script '/home/developer/ros2_ws/install/realsense2_camera_msgs/share/realsense2_camera_msgs/package.sh'
[2.017s] INFO:colcon.colcon_core.shell:Creating package script '/home/developer/ros2_ws/install/realsense2_camera_msgs/share/realsense2_camera_msgs/package.bash'
[2.017s] INFO:colcon.colcon_core.shell:Creating package script '/home/developer/ros2_ws/install/realsense2_camera_msgs/share/realsense2_camera_msgs/package.zsh'
[2.018s] Level 1:colcon.colcon_core.environment:create_file_with_runtime_dependencies(/home/developer/ros2_ws/install/realsense2_camera_msgs/share/colcon-core/packages/realsense2_camera_msgs)
[2.019s] Level 1:colcon.colcon_core.environment:create_environment_scripts_only(realsense2_camera_msgs)
[2.019s] Level 1:colcon.colcon_core.environment:checking '/home/developer/ros2_ws/install/realsense2_camera_msgs' for CMake module files
[2.020s] Level 1:colcon.colcon_core.environment:checking '/home/developer/ros2_ws/install/realsense2_camera_msgs' for CMake config files
[2.022s] Level 1:colcon.colcon_core.shell:create_environment_hook('realsense2_camera_msgs', 'cmake_prefix_path')
[2.022s] INFO:colcon.colcon_core.shell:Creating environment hook '/home/developer/ros2_ws/install/realsense2_camera_msgs/share/realsense2_camera_msgs/hook/cmake_prefix_path.ps1'
[2.023s] INFO:colcon.colcon_core.shell:Creating environment descriptor '/home/developer/ros2_ws/install/realsense2_camera_msgs/share/realsense2_camera_msgs/hook/cmake_prefix_path.dsv'
[2.024s] INFO:colcon.colcon_core.shell:Creating environment hook '/home/developer/ros2_ws/install/realsense2_camera_msgs/share/realsense2_camera_msgs/hook/cmake_prefix_path.sh'
[2.025s] Level 1:colcon.colcon_core.environment:checking '/home/developer/ros2_ws/install/realsense2_camera_msgs/lib'
[2.025s] Level 1:colcon.colcon_core.shell:create_environment_hook('realsense2_camera_msgs', 'ld_library_path_lib')
[2.025s] INFO:colcon.colcon_core.shell:Creating environment hook '/home/developer/ros2_ws/install/realsense2_camera_msgs/share/realsense2_camera_msgs/hook/ld_library_path_lib.ps1'
[2.026s] INFO:colcon.colcon_core.shell:Creating environment descriptor '/home/developer/ros2_ws/install/realsense2_camera_msgs/share/realsense2_camera_msgs/hook/ld_library_path_lib.dsv'
[2.026s] INFO:colcon.colcon_core.shell:Creating environment hook '/home/developer/ros2_ws/install/realsense2_camera_msgs/share/realsense2_camera_msgs/hook/ld_library_path_lib.sh'
[2.027s] Level 1:colcon.colcon_core.environment:checking '/home/developer/ros2_ws/install/realsense2_camera_msgs/bin'
[2.027s] Level 1:colcon.colcon_core.environment:checking '/home/developer/ros2_ws/install/realsense2_camera_msgs/lib/pkgconfig/realsense2_camera_msgs.pc'
[2.028s] Level 1:colcon.colcon_core.environment:checking '/home/developer/ros2_ws/install/realsense2_camera_msgs/lib/python3.10/site-packages'
[2.028s] Level 1:colcon.colcon_core.environment:checking '/home/developer/ros2_ws/install/realsense2_camera_msgs/bin'
[2.029s] INFO:colcon.colcon_core.shell:Creating package script '/home/developer/ros2_ws/install/realsense2_camera_msgs/share/realsense2_camera_msgs/package.ps1'
[2.030s] INFO:colcon.colcon_core.shell:Creating package descriptor '/home/developer/ros2_ws/install/realsense2_camera_msgs/share/realsense2_camera_msgs/package.dsv'
[2.031s] INFO:colcon.colcon_core.shell:Creating package script '/home/developer/ros2_ws/install/realsense2_camera_msgs/share/realsense2_camera_msgs/package.sh'
[2.031s] INFO:colcon.colcon_core.shell:Creating package script '/home/developer/ros2_ws/install/realsense2_camera_msgs/share/realsense2_camera_msgs/package.bash'
[2.033s] INFO:colcon.colcon_core.shell:Creating package script '/home/developer/ros2_ws/install/realsense2_camera_msgs/share/realsense2_camera_msgs/package.zsh'
[2.034s] Level 1:colcon.colcon_core.environment:create_file_with_runtime_dependencies(/home/developer/ros2_ws/install/realsense2_camera_msgs/share/colcon-core/packages/realsense2_camera_msgs)
[2.035s] INFO:colcon.colcon_ros.task.ament_cmake.build:Building ROS package in '/home/developer/ros2_ws/src/realsense-ros/realsense2_camera' with build type 'ament_cmake'
[2.035s] INFO:colcon.colcon_cmake.task.cmake.build:Building CMake package in '/home/developer/ros2_ws/src/realsense-ros/realsense2_camera'
[2.035s] INFO:colcon.colcon_core.shell:Skip shell extension 'powershell' for command environment: Not usable outside of PowerShell
[2.035s] DEBUG:colcon.colcon_core.shell:Skip shell extension 'dsv' for command environment
[2.045s] INFO:colcon.colcon_ros.task.ament_cmake.build:Building ROS package in '/home/developer/ros2_ws/src/realsense-ros/realsense2_description' with build type 'ament_cmake'
[2.045s] INFO:colcon.colcon_cmake.task.cmake.build:Building CMake package in '/home/developer/ros2_ws/src/realsense-ros/realsense2_description'
[2.046s] INFO:colcon.colcon_core.shell:Skip shell extension 'powershell' for command environment: Not usable outside of PowerShell
[2.046s] DEBUG:colcon.colcon_core.shell:Skip shell extension 'dsv' for command environment
[2.063s] DEBUG:colcon.colcon_core.event_handler.log_command:Invoking command in '/home/developer/ros2_ws/build/realsense2_camera': CMAKE_PREFIX_PATH=/home/developer/ros2_ws/install/realsense2_camera_msgs:/home/developer/ros2_cntrl_ws/install/ros2_control_demos:/home/developer/ros2_cntrl_ws/install/ros2_control_demo_example_9:/home/developer/ros2_cntrl_ws/install/ros2_control_demo_example_8:/home/developer/ros2_cntrl_ws/install/ros2_control_demo_example_7:/home/developer/ros2_cntrl_ws/install/ros2_control_demo_example_6:/home/developer/ros2_cntrl_ws/install/ros2_control_demo_example_15:/home/developer/ros2_cntrl_ws/install/ros2_control_demo_example_13:/home/developer/ros2_cntrl_ws/install/ros2_control_demo_example_5:/home/developer/ros2_cntrl_ws/install/ros2_control_demo_example_4:/home/developer/ros2_cntrl_ws/install/ros2_control_demo_example_3:/home/developer/ros2_cntrl_ws/install/ros2_control_demo_example_2:/home/developer/ros2_cntrl_ws/install/ros2_control_demo_example_14:/home/developer/ros2_cntrl_ws/install/ros2_control_demo_example_12:/home/developer/ros2_cntrl_ws/install/ros2_control_demo_example_11:/home/developer/ros2_cntrl_ws/install/ros2_control_demo_example_10:/home/developer/ros2_cntrl_ws/install/ros2_control_demo_example_1:/home/developer/ros2_cntrl_ws/install/ros2_control_demo_description:/home/developer/ros2_ws/install/realsense2_description:/home/developer/ros2_ws/install/realsense2_camera:/home/developer/ros2_ws/install/golf_cart_description:/home/developer/turtlebot3_ws/install/turtlebot3_simulations:/home/developer/turtlebot3_ws/install/turtlebot3_manipulation_gazebo:/home/developer/turtlebot3_ws/install/turtlebot3_gazebo:/home/developer/turtlebot3_ws/install/turtlebot3_fake_node:/opt/ros/humble LD_LIBRARY_PATH=/home/developer/ros2_ws/install/realsense2_camera_msgs/lib:/home/developer/ros2_cntrl_ws/install/ros2_control_demo_example_9/lib:/home/developer/ros2_cntrl_ws/install/ros2_control_demo_example_8/lib:/home/developer/ros2_cntrl_ws/install/ros2_control_demo_example_7/lib:/home/developer/ros2_cntrl_ws/install/ros2_control_demo_example_6/lib:/home/developer/ros2_cntrl_ws/install/ros2_control_demo_example_5/lib:/home/developer/ros2_cntrl_ws/install/ros2_control_demo_example_4/lib:/home/developer/ros2_cntrl_ws/install/ros2_control_demo_example_3/lib:/home/developer/ros2_cntrl_ws/install/ros2_control_demo_example_2/lib:/home/developer/ros2_cntrl_ws/install/ros2_control_demo_example_14/lib:/home/developer/ros2_cntrl_ws/install/ros2_control_demo_example_12/lib:/home/developer/ros2_cntrl_ws/install/ros2_control_demo_example_11/lib:/home/developer/ros2_cntrl_ws/install/ros2_control_demo_example_10/lib:/home/developer/ros2_cntrl_ws/install/ros2_control_demo_example_1/lib:/home/developer/ros2_ws/install/realsense2_camera/lib:/usr/lib/x86_64-linux-gnu/gazebo-11/plugins:/opt/ros/humble/opt/rviz_ogre_vendor/lib:/opt/ros/humble/lib/x86_64-linux-gnu:/opt/ros/humble/lib /usr/bin/cmake --build /home/developer/ros2_ws/build/realsense2_camera -- -j4 -l4
[2.074s] DEBUG:colcon.colcon_core.event_handler.log_command:Invoking command in '/home/developer/ros2_ws/build/realsense2_description': CMAKE_PREFIX_PATH=/home/developer/ros2_ws/install/realsense2_camera_msgs:/home/developer/ros2_cntrl_ws/install/ros2_control_demos:/home/developer/ros2_cntrl_ws/install/ros2_control_demo_example_9:/home/developer/ros2_cntrl_ws/install/ros2_control_demo_example_8:/home/developer/ros2_cntrl_ws/install/ros2_control_demo_example_7:/home/developer/ros2_cntrl_ws/install/ros2_control_demo_example_6:/home/developer/ros2_cntrl_ws/install/ros2_control_demo_example_15:/home/developer/ros2_cntrl_ws/install/ros2_control_demo_example_13:/home/developer/ros2_cntrl_ws/install/ros2_control_demo_example_5:/home/developer/ros2_cntrl_ws/install/ros2_control_demo_example_4:/home/developer/ros2_cntrl_ws/install/ros2_control_demo_example_3:/home/developer/ros2_cntrl_ws/install/ros2_control_demo_example_2:/home/developer/ros2_cntrl_ws/install/ros2_control_demo_example_14:/home/developer/ros2_cntrl_ws/install/ros2_control_demo_example_12:/home/developer/ros2_cntrl_ws/install/ros2_control_demo_example_11:/home/developer/ros2_cntrl_ws/install/ros2_control_demo_example_10:/home/developer/ros2_cntrl_ws/install/ros2_control_demo_example_1:/home/developer/ros2_cntrl_ws/install/ros2_control_demo_description:/home/developer/ros2_ws/install/realsense2_description:/home/developer/ros2_ws/install/realsense2_camera:/home/developer/ros2_ws/install/golf_cart_description:/home/developer/turtlebot3_ws/install/turtlebot3_simulations:/home/developer/turtlebot3_ws/install/turtlebot3_manipulation_gazebo:/home/developer/turtlebot3_ws/install/turtlebot3_gazebo:/home/developer/turtlebot3_ws/install/turtlebot3_fake_node:/opt/ros/humble LD_LIBRARY_PATH=/home/developer/ros2_ws/install/realsense2_camera_msgs/lib:/home/developer/ros2_cntrl_ws/install/ros2_control_demo_example_9/lib:/home/developer/ros2_cntrl_ws/install/ros2_control_demo_example_8/lib:/home/developer/ros2_cntrl_ws/install/ros2_control_demo_example_7/lib:/home/developer/ros2_cntrl_ws/install/ros2_control_demo_example_6/lib:/home/developer/ros2_cntrl_ws/install/ros2_control_demo_example_5/lib:/home/developer/ros2_cntrl_ws/install/ros2_control_demo_example_4/lib:/home/developer/ros2_cntrl_ws/install/ros2_control_demo_example_3/lib:/home/developer/ros2_cntrl_ws/install/ros2_control_demo_example_2/lib:/home/developer/ros2_cntrl_ws/install/ros2_control_demo_example_14/lib:/home/developer/ros2_cntrl_ws/install/ros2_control_demo_example_12/lib:/home/developer/ros2_cntrl_ws/install/ros2_control_demo_example_11/lib:/home/developer/ros2_cntrl_ws/install/ros2_control_demo_example_10/lib:/home/developer/ros2_cntrl_ws/install/ros2_control_demo_example_1/lib:/home/developer/ros2_ws/install/realsense2_camera/lib:/usr/lib/x86_64-linux-gnu/gazebo-11/plugins:/opt/ros/humble/opt/rviz_ogre_vendor/lib:/opt/ros/humble/lib/x86_64-linux-gnu:/opt/ros/humble/lib /usr/bin/cmake --build /home/developer/ros2_ws/build/realsense2_description -- -j4 -l4
[2.170s] DEBUG:colcon.colcon_core.event_handler.log_command:Invoked command in '/home/developer/ros2_ws/build/realsense2_description' returned '0': CMAKE_PREFIX_PATH=/home/developer/ros2_ws/install/realsense2_camera_msgs:/home/developer/ros2_cntrl_ws/install/ros2_control_demos:/home/developer/ros2_cntrl_ws/install/ros2_control_demo_example_9:/home/developer/ros2_cntrl_ws/install/ros2_control_demo_example_8:/home/developer/ros2_cntrl_ws/install/ros2_control_demo_example_7:/home/developer/ros2_cntrl_ws/install/ros2_control_demo_example_6:/home/developer/ros2_cntrl_ws/install/ros2_control_demo_example_15:/home/developer/ros2_cntrl_ws/install/ros2_control_demo_example_13:/home/developer/ros2_cntrl_ws/install/ros2_control_demo_example_5:/home/developer/ros2_cntrl_ws/install/ros2_control_demo_example_4:/home/developer/ros2_cntrl_ws/install/ros2_control_demo_example_3:/home/developer/ros2_cntrl_ws/install/ros2_control_demo_example_2:/home/developer/ros2_cntrl_ws/install/ros2_control_demo_example_14:/home/developer/ros2_cntrl_ws/install/ros2_control_demo_example_12:/home/developer/ros2_cntrl_ws/install/ros2_control_demo_example_11:/home/developer/ros2_cntrl_ws/install/ros2_control_demo_example_10:/home/developer/ros2_cntrl_ws/install/ros2_control_demo_example_1:/home/developer/ros2_cntrl_ws/install/ros2_control_demo_description:/home/developer/ros2_ws/install/realsense2_description:/home/developer/ros2_ws/install/realsense2_camera:/home/developer/ros2_ws/install/golf_cart_description:/home/developer/turtlebot3_ws/install/turtlebot3_simulations:/home/developer/turtlebot3_ws/install/turtlebot3_manipulation_gazebo:/home/developer/turtlebot3_ws/install/turtlebot3_gazebo:/home/developer/turtlebot3_ws/install/turtlebot3_fake_node:/opt/ros/humble LD_LIBRARY_PATH=/home/developer/ros2_ws/install/realsense2_camera_msgs/lib:/home/developer/ros2_cntrl_ws/install/ros2_control_demo_example_9/lib:/home/developer/ros2_cntrl_ws/install/ros2_control_demo_example_8/lib:/home/developer/ros2_cntrl_ws/install/ros2_control_demo_example_7/lib:/home/developer/ros2_cntrl_ws/install/ros2_control_demo_example_6/lib:/home/developer/ros2_cntrl_ws/install/ros2_control_demo_example_5/lib:/home/developer/ros2_cntrl_ws/install/ros2_control_demo_example_4/lib:/home/developer/ros2_cntrl_ws/install/ros2_control_demo_example_3/lib:/home/developer/ros2_cntrl_ws/install/ros2_control_demo_example_2/lib:/home/developer/ros2_cntrl_ws/install/ros2_control_demo_example_14/lib:/home/developer/ros2_cntrl_ws/install/ros2_control_demo_example_12/lib:/home/developer/ros2_cntrl_ws/install/ros2_control_demo_example_11/lib:/home/developer/ros2_cntrl_ws/install/ros2_control_demo_example_10/lib:/home/developer/ros2_cntrl_ws/install/ros2_control_demo_example_1/lib:/home/developer/ros2_ws/install/realsense2_camera/lib:/usr/lib/x86_64-linux-gnu/gazebo-11/plugins:/opt/ros/humble/opt/rviz_ogre_vendor/lib:/opt/ros/humble/lib/x86_64-linux-gnu:/opt/ros/humble/lib /usr/bin/cmake --build /home/developer/ros2_ws/build/realsense2_description -- -j4 -l4
[2.173s] DEBUG:colcon.colcon_core.event_handler.log_command:Invoking command in '/home/developer/ros2_ws/build/realsense2_description': CMAKE_PREFIX_PATH=/home/developer/ros2_ws/install/realsense2_camera_msgs:/home/developer/ros2_cntrl_ws/install/ros2_control_demos:/home/developer/ros2_cntrl_ws/install/ros2_control_demo_example_9:/home/developer/ros2_cntrl_ws/install/ros2_control_demo_example_8:/home/developer/ros2_cntrl_ws/install/ros2_control_demo_example_7:/home/developer/ros2_cntrl_ws/install/ros2_control_demo_example_6:/home/developer/ros2_cntrl_ws/install/ros2_control_demo_example_15:/home/developer/ros2_cntrl_ws/install/ros2_control_demo_example_13:/home/developer/ros2_cntrl_ws/install/ros2_control_demo_example_5:/home/developer/ros2_cntrl_ws/install/ros2_control_demo_example_4:/home/developer/ros2_cntrl_ws/install/ros2_control_demo_example_3:/home/developer/ros2_cntrl_ws/install/ros2_control_demo_example_2:/home/developer/ros2_cntrl_ws/install/ros2_control_demo_example_14:/home/developer/ros2_cntrl_ws/install/ros2_control_demo_example_12:/home/developer/ros2_cntrl_ws/install/ros2_control_demo_example_11:/home/developer/ros2_cntrl_ws/install/ros2_control_demo_example_10:/home/developer/ros2_cntrl_ws/install/ros2_control_demo_example_1:/home/developer/ros2_cntrl_ws/install/ros2_control_demo_description:/home/developer/ros2_ws/install/realsense2_description:/home/developer/ros2_ws/install/realsense2_camera:/home/developer/ros2_ws/install/golf_cart_description:/home/developer/turtlebot3_ws/install/turtlebot3_simulations:/home/developer/turtlebot3_ws/install/turtlebot3_manipulation_gazebo:/home/developer/turtlebot3_ws/install/turtlebot3_gazebo:/home/developer/turtlebot3_ws/install/turtlebot3_fake_node:/opt/ros/humble LD_LIBRARY_PATH=/home/developer/ros2_ws/install/realsense2_camera_msgs/lib:/home/developer/ros2_cntrl_ws/install/ros2_control_demo_example_9/lib:/home/developer/ros2_cntrl_ws/install/ros2_control_demo_example_8/lib:/home/developer/ros2_cntrl_ws/install/ros2_control_demo_example_7/lib:/home/developer/ros2_cntrl_ws/install/ros2_control_demo_example_6/lib:/home/developer/ros2_cntrl_ws/install/ros2_control_demo_example_5/lib:/home/developer/ros2_cntrl_ws/install/ros2_control_demo_example_4/lib:/home/developer/ros2_cntrl_ws/install/ros2_control_demo_example_3/lib:/home/developer/ros2_cntrl_ws/install/ros2_control_demo_example_2/lib:/home/developer/ros2_cntrl_ws/install/ros2_control_demo_example_14/lib:/home/developer/ros2_cntrl_ws/install/ros2_control_demo_example_12/lib:/home/developer/ros2_cntrl_ws/install/ros2_control_demo_example_11/lib:/home/developer/ros2_cntrl_ws/install/ros2_control_demo_example_10/lib:/home/developer/ros2_cntrl_ws/install/ros2_control_demo_example_1/lib:/home/developer/ros2_ws/install/realsense2_camera/lib:/usr/lib/x86_64-linux-gnu/gazebo-11/plugins:/opt/ros/humble/opt/rviz_ogre_vendor/lib:/opt/ros/humble/lib/x86_64-linux-gnu:/opt/ros/humble/lib /usr/bin/cmake --install /home/developer/ros2_ws/build/realsense2_description
[2.197s] Level 1:colcon.colcon_core.environment:create_environment_scripts_only(realsense2_description)
[2.198s] Level 1:colcon.colcon_core.environment:checking '/home/developer/ros2_ws/install/realsense2_description' for CMake module files
[2.201s] Level 1:colcon.colcon_core.environment:checking '/home/developer/ros2_ws/install/realsense2_description' for CMake config files
[2.207s] DEBUG:colcon.colcon_core.event_handler.log_command:Invoked command in '/home/developer/ros2_ws/build/realsense2_description' returned '0': CMAKE_PREFIX_PATH=/home/developer/ros2_ws/install/realsense2_camera_msgs:/home/developer/ros2_cntrl_ws/install/ros2_control_demos:/home/developer/ros2_cntrl_ws/install/ros2_control_demo_example_9:/home/developer/ros2_cntrl_ws/install/ros2_control_demo_example_8:/home/developer/ros2_cntrl_ws/install/ros2_control_demo_example_7:/home/developer/ros2_cntrl_ws/install/ros2_control_demo_example_6:/home/developer/ros2_cntrl_ws/install/ros2_control_demo_example_15:/home/developer/ros2_cntrl_ws/install/ros2_control_demo_example_13:/home/developer/ros2_cntrl_ws/install/ros2_control_demo_example_5:/home/developer/ros2_cntrl_ws/install/ros2_control_demo_example_4:/home/developer/ros2_cntrl_ws/install/ros2_control_demo_example_3:/home/developer/ros2_cntrl_ws/install/ros2_control_demo_example_2:/home/developer/ros2_cntrl_ws/install/ros2_control_demo_example_14:/home/developer/ros2_cntrl_ws/install/ros2_control_demo_example_12:/home/developer/ros2_cntrl_ws/install/ros2_control_demo_example_11:/home/developer/ros2_cntrl_ws/install/ros2_control_demo_example_10:/home/developer/ros2_cntrl_ws/install/ros2_control_demo_example_1:/home/developer/ros2_cntrl_ws/install/ros2_control_demo_description:/home/developer/ros2_ws/install/realsense2_description:/home/developer/ros2_ws/install/realsense2_camera:/home/developer/ros2_ws/install/golf_cart_description:/home/developer/turtlebot3_ws/install/turtlebot3_simulations:/home/developer/turtlebot3_ws/install/turtlebot3_manipulation_gazebo:/home/developer/turtlebot3_ws/install/turtlebot3_gazebo:/home/developer/turtlebot3_ws/install/turtlebot3_fake_node:/opt/ros/humble LD_LIBRARY_PATH=/home/developer/ros2_ws/install/realsense2_camera_msgs/lib:/home/developer/ros2_cntrl_ws/install/ros2_control_demo_example_9/lib:/home/developer/ros2_cntrl_ws/install/ros2_control_demo_example_8/lib:/home/developer/ros2_cntrl_ws/install/ros2_control_demo_example_7/lib:/home/developer/ros2_cntrl_ws/install/ros2_control_demo_example_6/lib:/home/developer/ros2_cntrl_ws/install/ros2_control_demo_example_5/lib:/home/developer/ros2_cntrl_ws/install/ros2_control_demo_example_4/lib:/home/developer/ros2_cntrl_ws/install/ros2_control_demo_example_3/lib:/home/developer/ros2_cntrl_ws/install/ros2_control_demo_example_2/lib:/home/developer/ros2_cntrl_ws/install/ros2_control_demo_example_14/lib:/home/developer/ros2_cntrl_ws/install/ros2_control_demo_example_12/lib:/home/developer/ros2_cntrl_ws/install/ros2_control_demo_example_11/lib:/home/developer/ros2_cntrl_ws/install/ros2_control_demo_example_10/lib:/home/developer/ros2_cntrl_ws/install/ros2_control_demo_example_1/lib:/home/developer/ros2_ws/install/realsense2_camera/lib:/usr/lib/x86_64-linux-gnu/gazebo-11/plugins:/opt/ros/humble/opt/rviz_ogre_vendor/lib:/opt/ros/humble/lib/x86_64-linux-gnu:/opt/ros/humble/lib /usr/bin/cmake --install /home/developer/ros2_ws/build/realsense2_description
[2.207s] Level 1:colcon.colcon_core.shell:create_environment_hook('realsense2_description', 'cmake_prefix_path')
[2.208s] INFO:colcon.colcon_core.shell:Creating environment hook '/home/developer/ros2_ws/install/realsense2_description/share/realsense2_description/hook/cmake_prefix_path.ps1'
[2.209s] INFO:colcon.colcon_core.shell:Creating environment descriptor '/home/developer/ros2_ws/install/realsense2_description/share/realsense2_description/hook/cmake_prefix_path.dsv'
[2.210s] INFO:colcon.colcon_core.shell:Creating environment hook '/home/developer/ros2_ws/install/realsense2_description/share/realsense2_description/hook/cmake_prefix_path.sh'
[2.212s] Level 1:colcon.colcon_core.environment:checking '/home/developer/ros2_ws/install/realsense2_description/bin'
[2.212s] Level 1:colcon.colcon_core.environment:checking '/home/developer/ros2_ws/install/realsense2_description/lib/pkgconfig/realsense2_description.pc'
[2.213s] Level 1:colcon.colcon_core.environment:checking '/home/developer/ros2_ws/install/realsense2_description/lib/python3.10/site-packages'
[2.214s] Level 1:colcon.colcon_core.environment:checking '/home/developer/ros2_ws/install/realsense2_description/bin'
[2.215s] INFO:colcon.colcon_core.shell:Creating package script '/home/developer/ros2_ws/install/realsense2_description/share/realsense2_description/package.ps1'
[2.216s] INFO:colcon.colcon_core.shell:Creating package descriptor '/home/developer/ros2_ws/install/realsense2_description/share/realsense2_description/package.dsv'
[2.217s] INFO:colcon.colcon_core.shell:Creating package script '/home/developer/ros2_ws/install/realsense2_description/share/realsense2_description/package.sh'
[2.218s] INFO:colcon.colcon_core.shell:Creating package script '/home/developer/ros2_ws/install/realsense2_description/share/realsense2_description/package.bash'
[2.219s] INFO:colcon.colcon_core.shell:Creating package script '/home/developer/ros2_ws/install/realsense2_description/share/realsense2_description/package.zsh'
[2.221s] Level 1:colcon.colcon_core.environment:create_file_with_runtime_dependencies(/home/developer/ros2_ws/install/realsense2_description/share/colcon-core/packages/realsense2_description)
[2.222s] Level 1:colcon.colcon_core.environment:create_environment_scripts_only(realsense2_description)
[2.223s] Level 1:colcon.colcon_core.environment:checking '/home/developer/ros2_ws/install/realsense2_description' for CMake module files
[2.224s] Level 1:colcon.colcon_core.environment:checking '/home/developer/ros2_ws/install/realsense2_description' for CMake config files
[2.225s] Level 1:colcon.colcon_core.shell:create_environment_hook('realsense2_description', 'cmake_prefix_path')
[2.226s] INFO:colcon.colcon_core.shell:Creating environment hook '/home/developer/ros2_ws/install/realsense2_description/share/realsense2_description/hook/cmake_prefix_path.ps1'
[2.227s] INFO:colcon.colcon_core.shell:Creating environment descriptor '/home/developer/ros2_ws/install/realsense2_description/share/realsense2_description/hook/cmake_prefix_path.dsv'
[2.228s] INFO:colcon.colcon_core.shell:Creating environment hook '/home/developer/ros2_ws/install/realsense2_description/share/realsense2_description/hook/cmake_prefix_path.sh'
[2.229s] Level 1:colcon.colcon_core.environment:checking '/home/developer/ros2_ws/install/realsense2_description/bin'
[2.229s] Level 1:colcon.colcon_core.environment:checking '/home/developer/ros2_ws/install/realsense2_description/lib/pkgconfig/realsense2_description.pc'
[2.230s] Level 1:colcon.colcon_core.environment:checking '/home/developer/ros2_ws/install/realsense2_description/lib/python3.10/site-packages'
[2.231s] Level 1:colcon.colcon_core.environment:checking '/home/developer/ros2_ws/install/realsense2_description/bin'
[2.232s] INFO:colcon.colcon_core.shell:Creating package script '/home/developer/ros2_ws/install/realsense2_description/share/realsense2_description/package.ps1'
[2.233s] INFO:colcon.colcon_core.shell:Creating package descriptor '/home/developer/ros2_ws/install/realsense2_description/share/realsense2_description/package.dsv'
[2.234s] INFO:colcon.colcon_core.shell:Creating package script '/home/developer/ros2_ws/install/realsense2_description/share/realsense2_description/package.sh'
[2.236s] INFO:colcon.colcon_core.shell:Creating package script '/home/developer/ros2_ws/install/realsense2_description/share/realsense2_description/package.bash'
[2.238s] INFO:colcon.colcon_core.shell:Creating package script '/home/developer/ros2_ws/install/realsense2_description/share/realsense2_description/package.zsh'
[2.239s] Level 1:colcon.colcon_core.environment:create_file_with_runtime_dependencies(/home/developer/ros2_ws/install/realsense2_description/share/colcon-core/packages/realsense2_description)
[63.167s] DEBUG:colcon.colcon_core.event_handler.log_command:Invoked command in '/home/developer/ros2_ws/build/realsense2_camera' returned '0': CMAKE_PREFIX_PATH=/home/developer/ros2_ws/install/realsense2_camera_msgs:/home/developer/ros2_cntrl_ws/install/ros2_control_demos:/home/developer/ros2_cntrl_ws/install/ros2_control_demo_example_9:/home/developer/ros2_cntrl_ws/install/ros2_control_demo_example_8:/home/developer/ros2_cntrl_ws/install/ros2_control_demo_example_7:/home/developer/ros2_cntrl_ws/install/ros2_control_demo_example_6:/home/developer/ros2_cntrl_ws/install/ros2_control_demo_example_15:/home/developer/ros2_cntrl_ws/install/ros2_control_demo_example_13:/home/developer/ros2_cntrl_ws/install/ros2_control_demo_example_5:/home/developer/ros2_cntrl_ws/install/ros2_control_demo_example_4:/home/developer/ros2_cntrl_ws/install/ros2_control_demo_example_3:/home/developer/ros2_cntrl_ws/install/ros2_control_demo_example_2:/home/developer/ros2_cntrl_ws/install/ros2_control_demo_example_14:/home/developer/ros2_cntrl_ws/install/ros2_control_demo_example_12:/home/developer/ros2_cntrl_ws/install/ros2_control_demo_example_11:/home/developer/ros2_cntrl_ws/install/ros2_control_demo_example_10:/home/developer/ros2_cntrl_ws/install/ros2_control_demo_example_1:/home/developer/ros2_cntrl_ws/install/ros2_control_demo_description:/home/developer/ros2_ws/install/realsense2_description:/home/developer/ros2_ws/install/realsense2_camera:/home/developer/ros2_ws/install/golf_cart_description:/home/developer/turtlebot3_ws/install/turtlebot3_simulations:/home/developer/turtlebot3_ws/install/turtlebot3_manipulation_gazebo:/home/developer/turtlebot3_ws/install/turtlebot3_gazebo:/home/developer/turtlebot3_ws/install/turtlebot3_fake_node:/opt/ros/humble LD_LIBRARY_PATH=/home/developer/ros2_ws/install/realsense2_camera_msgs/lib:/home/developer/ros2_cntrl_ws/install/ros2_control_demo_example_9/lib:/home/developer/ros2_cntrl_ws/install/ros2_control_demo_example_8/lib:/home/developer/ros2_cntrl_ws/install/ros2_control_demo_example_7/lib:/home/developer/ros2_cntrl_ws/install/ros2_control_demo_example_6/lib:/home/developer/ros2_cntrl_ws/install/ros2_control_demo_example_5/lib:/home/developer/ros2_cntrl_ws/install/ros2_control_demo_example_4/lib:/home/developer/ros2_cntrl_ws/install/ros2_control_demo_example_3/lib:/home/developer/ros2_cntrl_ws/install/ros2_control_demo_example_2/lib:/home/developer/ros2_cntrl_ws/install/ros2_control_demo_example_14/lib:/home/developer/ros2_cntrl_ws/install/ros2_control_demo_example_12/lib:/home/developer/ros2_cntrl_ws/install/ros2_control_demo_example_11/lib:/home/developer/ros2_cntrl_ws/install/ros2_control_demo_example_10/lib:/home/developer/ros2_cntrl_ws/install/ros2_control_demo_example_1/lib:/home/developer/ros2_ws/install/realsense2_camera/lib:/usr/lib/x86_64-linux-gnu/gazebo-11/plugins:/opt/ros/humble/opt/rviz_ogre_vendor/lib:/opt/ros/humble/lib/x86_64-linux-gnu:/opt/ros/humble/lib /usr/bin/cmake --build /home/developer/ros2_ws/build/realsense2_camera -- -j4 -l4
[63.170s] DEBUG:colcon.colcon_core.event_handler.log_command:Invoking command in '/home/developer/ros2_ws/build/realsense2_camera': CMAKE_PREFIX_PATH=/home/developer/ros2_ws/install/realsense2_camera_msgs:/home/developer/ros2_cntrl_ws/install/ros2_control_demos:/home/developer/ros2_cntrl_ws/install/ros2_control_demo_example_9:/home/developer/ros2_cntrl_ws/install/ros2_control_demo_example_8:/home/developer/ros2_cntrl_ws/install/ros2_control_demo_example_7:/home/developer/ros2_cntrl_ws/install/ros2_control_demo_example_6:/home/developer/ros2_cntrl_ws/install/ros2_control_demo_example_15:/home/developer/ros2_cntrl_ws/install/ros2_control_demo_example_13:/home/developer/ros2_cntrl_ws/install/ros2_control_demo_example_5:/home/developer/ros2_cntrl_ws/install/ros2_control_demo_example_4:/home/developer/ros2_cntrl_ws/install/ros2_control_demo_example_3:/home/developer/ros2_cntrl_ws/install/ros2_control_demo_example_2:/home/developer/ros2_cntrl_ws/install/ros2_control_demo_example_14:/home/developer/ros2_cntrl_ws/install/ros2_control_demo_example_12:/home/developer/ros2_cntrl_ws/install/ros2_control_demo_example_11:/home/developer/ros2_cntrl_ws/install/ros2_control_demo_example_10:/home/developer/ros2_cntrl_ws/install/ros2_control_demo_example_1:/home/developer/ros2_cntrl_ws/install/ros2_control_demo_description:/home/developer/ros2_ws/install/realsense2_description:/home/developer/ros2_ws/install/realsense2_camera:/home/developer/ros2_ws/install/golf_cart_description:/home/developer/turtlebot3_ws/install/turtlebot3_simulations:/home/developer/turtlebot3_ws/install/turtlebot3_manipulation_gazebo:/home/developer/turtlebot3_ws/install/turtlebot3_gazebo:/home/developer/turtlebot3_ws/install/turtlebot3_fake_node:/opt/ros/humble LD_LIBRARY_PATH=/home/developer/ros2_ws/install/realsense2_camera_msgs/lib:/home/developer/ros2_cntrl_ws/install/ros2_control_demo_example_9/lib:/home/developer/ros2_cntrl_ws/install/ros2_control_demo_example_8/lib:/home/developer/ros2_cntrl_ws/install/ros2_control_demo_example_7/lib:/home/developer/ros2_cntrl_ws/install/ros2_control_demo_example_6/lib:/home/developer/ros2_cntrl_ws/install/ros2_control_demo_example_5/lib:/home/developer/ros2_cntrl_ws/install/ros2_control_demo_example_4/lib:/home/developer/ros2_cntrl_ws/install/ros2_control_demo_example_3/lib:/home/developer/ros2_cntrl_ws/install/ros2_control_demo_example_2/lib:/home/developer/ros2_cntrl_ws/install/ros2_control_demo_example_14/lib:/home/developer/ros2_cntrl_ws/install/ros2_control_demo_example_12/lib:/home/developer/ros2_cntrl_ws/install/ros2_control_demo_example_11/lib:/home/developer/ros2_cntrl_ws/install/ros2_control_demo_example_10/lib:/home/developer/ros2_cntrl_ws/install/ros2_control_demo_example_1/lib:/home/developer/ros2_ws/install/realsense2_camera/lib:/usr/lib/x86_64-linux-gnu/gazebo-11/plugins:/opt/ros/humble/opt/rviz_ogre_vendor/lib:/opt/ros/humble/lib/x86_64-linux-gnu:/opt/ros/humble/lib /usr/bin/cmake --install /home/developer/ros2_ws/build/realsense2_camera
[63.199s] Level 1:colcon.colcon_core.environment:create_environment_scripts_only(realsense2_camera)
[63.200s] Level 1:colcon.colcon_core.environment:checking '/home/developer/ros2_ws/install/realsense2_camera' for CMake module files
[63.201s] DEBUG:colcon.colcon_core.event_handler.log_command:Invoked command in '/home/developer/ros2_ws/build/realsense2_camera' returned '0': CMAKE_PREFIX_PATH=/home/developer/ros2_ws/install/realsense2_camera_msgs:/home/developer/ros2_cntrl_ws/install/ros2_control_demos:/home/developer/ros2_cntrl_ws/install/ros2_control_demo_example_9:/home/developer/ros2_cntrl_ws/install/ros2_control_demo_example_8:/home/developer/ros2_cntrl_ws/install/ros2_control_demo_example_7:/home/developer/ros2_cntrl_ws/install/ros2_control_demo_example_6:/home/developer/ros2_cntrl_ws/install/ros2_control_demo_example_15:/home/developer/ros2_cntrl_ws/install/ros2_control_demo_example_13:/home/developer/ros2_cntrl_ws/install/ros2_control_demo_example_5:/home/developer/ros2_cntrl_ws/install/ros2_control_demo_example_4:/home/developer/ros2_cntrl_ws/install/ros2_control_demo_example_3:/home/developer/ros2_cntrl_ws/install/ros2_control_demo_example_2:/home/developer/ros2_cntrl_ws/install/ros2_control_demo_example_14:/home/developer/ros2_cntrl_ws/install/ros2_control_demo_example_12:/home/developer/ros2_cntrl_ws/install/ros2_control_demo_example_11:/home/developer/ros2_cntrl_ws/install/ros2_control_demo_example_10:/home/developer/ros2_cntrl_ws/install/ros2_control_demo_example_1:/home/developer/ros2_cntrl_ws/install/ros2_control_demo_description:/home/developer/ros2_ws/install/realsense2_description:/home/developer/ros2_ws/install/realsense2_camera:/home/developer/ros2_ws/install/golf_cart_description:/home/developer/turtlebot3_ws/install/turtlebot3_simulations:/home/developer/turtlebot3_ws/install/turtlebot3_manipulation_gazebo:/home/developer/turtlebot3_ws/install/turtlebot3_gazebo:/home/developer/turtlebot3_ws/install/turtlebot3_fake_node:/opt/ros/humble LD_LIBRARY_PATH=/home/developer/ros2_ws/install/realsense2_camera_msgs/lib:/home/developer/ros2_cntrl_ws/install/ros2_control_demo_example_9/lib:/home/developer/ros2_cntrl_ws/install/ros2_control_demo_example_8/lib:/home/developer/ros2_cntrl_ws/install/ros2_control_demo_example_7/lib:/home/developer/ros2_cntrl_ws/install/ros2_control_demo_example_6/lib:/home/developer/ros2_cntrl_ws/install/ros2_control_demo_example_5/lib:/home/developer/ros2_cntrl_ws/install/ros2_control_demo_example_4/lib:/home/developer/ros2_cntrl_ws/install/ros2_control_demo_example_3/lib:/home/developer/ros2_cntrl_ws/install/ros2_control_demo_example_2/lib:/home/developer/ros2_cntrl_ws/install/ros2_control_demo_example_14/lib:/home/developer/ros2_cntrl_ws/install/ros2_control_demo_example_12/lib:/home/developer/ros2_cntrl_ws/install/ros2_control_demo_example_11/lib:/home/developer/ros2_cntrl_ws/install/ros2_control_demo_example_10/lib:/home/developer/ros2_cntrl_ws/install/ros2_control_demo_example_1/lib:/home/developer/ros2_ws/install/realsense2_camera/lib:/usr/lib/x86_64-linux-gnu/gazebo-11/plugins:/opt/ros/humble/opt/rviz_ogre_vendor/lib:/opt/ros/humble/lib/x86_64-linux-gnu:/opt/ros/humble/lib /usr/bin/cmake --install /home/developer/ros2_ws/build/realsense2_camera
[63.201s] Level 1:colcon.colcon_core.environment:checking '/home/developer/ros2_ws/install/realsense2_camera' for CMake config files
[63.202s] Level 1:colcon.colcon_core.shell:create_environment_hook('realsense2_camera', 'cmake_prefix_path')
[63.202s] INFO:colcon.colcon_core.shell:Creating environment hook '/home/developer/ros2_ws/install/realsense2_camera/share/realsense2_camera/hook/cmake_prefix_path.ps1'
[63.204s] INFO:colcon.colcon_core.shell:Creating environment descriptor '/home/developer/ros2_ws/install/realsense2_camera/share/realsense2_camera/hook/cmake_prefix_path.dsv'
[63.204s] INFO:colcon.colcon_core.shell:Creating environment hook '/home/developer/ros2_ws/install/realsense2_camera/share/realsense2_camera/hook/cmake_prefix_path.sh'
[63.205s] Level 1:colcon.colcon_core.environment:checking '/home/developer/ros2_ws/install/realsense2_camera/lib'
[63.205s] Level 1:colcon.colcon_core.shell:create_environment_hook('realsense2_camera', 'ld_library_path_lib')
[63.206s] INFO:colcon.colcon_core.shell:Creating environment hook '/home/developer/ros2_ws/install/realsense2_camera/share/realsense2_camera/hook/ld_library_path_lib.ps1'
[63.206s] INFO:colcon.colcon_core.shell:Creating environment descriptor '/home/developer/ros2_ws/install/realsense2_camera/share/realsense2_camera/hook/ld_library_path_lib.dsv'
[63.207s] INFO:colcon.colcon_core.shell:Creating environment hook '/home/developer/ros2_ws/install/realsense2_camera/share/realsense2_camera/hook/ld_library_path_lib.sh'
[63.208s] Level 1:colcon.colcon_core.environment:checking '/home/developer/ros2_ws/install/realsense2_camera/bin'
[63.208s] Level 1:colcon.colcon_core.environment:checking '/home/developer/ros2_ws/install/realsense2_camera/lib/pkgconfig/realsense2_camera.pc'
[63.208s] Level 1:colcon.colcon_core.environment:checking '/home/developer/ros2_ws/install/realsense2_camera/lib/python3.10/site-packages'
[63.209s] Level 1:colcon.colcon_core.environment:checking '/home/developer/ros2_ws/install/realsense2_camera/bin'
[63.209s] INFO:colcon.colcon_core.shell:Creating package script '/home/developer/ros2_ws/install/realsense2_camera/share/realsense2_camera/package.ps1'
[63.210s] INFO:colcon.colcon_core.shell:Creating package descriptor '/home/developer/ros2_ws/install/realsense2_camera/share/realsense2_camera/package.dsv'
[63.211s] INFO:colcon.colcon_core.shell:Creating package script '/home/developer/ros2_ws/install/realsense2_camera/share/realsense2_camera/package.sh'
[63.211s] INFO:colcon.colcon_core.shell:Creating package script '/home/developer/ros2_ws/install/realsense2_camera/share/realsense2_camera/package.bash'
[63.212s] INFO:colcon.colcon_core.shell:Creating package script '/home/developer/ros2_ws/install/realsense2_camera/share/realsense2_camera/package.zsh'
[63.213s] Level 1:colcon.colcon_core.environment:create_file_with_runtime_dependencies(/home/developer/ros2_ws/install/realsense2_camera/share/colcon-core/packages/realsense2_camera)
[63.213s] Level 1:colcon.colcon_core.environment:create_environment_scripts_only(realsense2_camera)
[63.214s] Level 1:colcon.colcon_core.environment:checking '/home/developer/ros2_ws/install/realsense2_camera' for CMake module files
[63.214s] Level 1:colcon.colcon_core.environment:checking '/home/developer/ros2_ws/install/realsense2_camera' for CMake config files
[63.215s] Level 1:colcon.colcon_core.shell:create_environment_hook('realsense2_camera', 'cmake_prefix_path')
[63.215s] INFO:colcon.colcon_core.shell:Creating environment hook '/home/developer/ros2_ws/install/realsense2_camera/share/realsense2_camera/hook/cmake_prefix_path.ps1'
[63.216s] INFO:colcon.colcon_core.shell:Creating environment descriptor '/home/developer/ros2_ws/install/realsense2_camera/share/realsense2_camera/hook/cmake_prefix_path.dsv'
[63.217s] INFO:colcon.colcon_core.shell:Creating environment hook '/home/developer/ros2_ws/install/realsense2_camera/share/realsense2_camera/hook/cmake_prefix_path.sh'
[63.218s] Level 1:colcon.colcon_core.environment:checking '/home/developer/ros2_ws/install/realsense2_camera/lib'
[63.218s] Level 1:colcon.colcon_core.shell:create_environment_hook('realsense2_camera', 'ld_library_path_lib')
[63.218s] INFO:colcon.colcon_core.shell:Creating environment hook '/home/developer/ros2_ws/install/realsense2_camera/share/realsense2_camera/hook/ld_library_path_lib.ps1'
[63.219s] INFO:colcon.colcon_core.shell:Creating environment descriptor '/home/developer/ros2_ws/install/realsense2_camera/share/realsense2_camera/hook/ld_library_path_lib.dsv'
[63.220s] INFO:colcon.colcon_core.shell:Creating environment hook '/home/developer/ros2_ws/install/realsense2_camera/share/realsense2_camera/hook/ld_library_path_lib.sh'
[63.221s] Level 1:colcon.colcon_core.environment:checking '/home/developer/ros2_ws/install/realsense2_camera/bin'
[63.221s] Level 1:colcon.colcon_core.environment:checking '/home/developer/ros2_ws/install/realsense2_camera/lib/pkgconfig/realsense2_camera.pc'
[63.222s] Level 1:colcon.colcon_core.environment:checking '/home/developer/ros2_ws/install/realsense2_camera/lib/python3.10/site-packages'
[63.223s] Level 1:colcon.colcon_core.environment:checking '/home/developer/ros2_ws/install/realsense2_camera/bin'
[63.224s] INFO:colcon.colcon_core.shell:Creating package script '/home/developer/ros2_ws/install/realsense2_camera/share/realsense2_camera/package.ps1'
[63.226s] INFO:colcon.colcon_core.shell:Creating package descriptor '/home/developer/ros2_ws/install/realsense2_camera/share/realsense2_camera/package.dsv'
[63.227s] INFO:colcon.colcon_core.shell:Creating package script '/home/developer/ros2_ws/install/realsense2_camera/share/realsense2_camera/package.sh'
[63.228s] INFO:colcon.colcon_core.shell:Creating package script '/home/developer/ros2_ws/install/realsense2_camera/share/realsense2_camera/package.bash'
[63.229s] INFO:colcon.colcon_core.shell:Creating package script '/home/developer/ros2_ws/install/realsense2_camera/share/realsense2_camera/package.zsh'
[63.230s] Level 1:colcon.colcon_core.environment:create_file_with_runtime_dependencies(/home/developer/ros2_ws/install/realsense2_camera/share/colcon-core/packages/realsense2_camera)
[63.230s] DEBUG:colcon.colcon_parallel_executor.executor.parallel:closing loop
[63.231s] DEBUG:colcon.colcon_parallel_executor.executor.parallel:loop closed
[63.231s] DEBUG:colcon.colcon_parallel_executor.executor.parallel:run_until_complete finished with '0'
[63.232s] DEBUG:colcon.colcon_core.event_reactor:joining thread
[63.245s] INFO:colcon.colcon_core.plugin_system:Skipping extension 'colcon_notification.desktop_notification.terminal_notifier': Not used on non-Darwin systems
[63.245s] INFO:colcon.colcon_core.plugin_system:Skipping extension 'colcon_notification.desktop_notification.win32': Not used on non-Windows systems
[63.245s] INFO:colcon.colcon_notification.desktop_notification:Sending desktop notification using 'notify2'
[63.272s] DEBUG:colcon.colcon_core.event_reactor:joined thread
[63.273s] INFO:colcon.colcon_core.shell:Creating prefix script '/home/developer/ros2_ws/install/local_setup.ps1'
[63.275s] INFO:colcon.colcon_core.shell:Creating prefix util module '/home/developer/ros2_ws/install/_local_setup_util_ps1.py'
[63.279s] INFO:colcon.colcon_core.shell:Creating prefix chain script '/home/developer/ros2_ws/install/setup.ps1'
[63.287s] INFO:colcon.colcon_core.shell:Creating prefix script '/home/developer/ros2_ws/install/local_setup.sh'
[63.288s] INFO:colcon.colcon_core.shell:Creating prefix util module '/home/developer/ros2_ws/install/_local_setup_util_sh.py'
[63.290s] INFO:colcon.colcon_core.shell:Creating prefix chain script '/home/developer/ros2_ws/install/setup.sh'
[63.294s] INFO:colcon.colcon_core.shell:Creating prefix script '/home/developer/ros2_ws/install/local_setup.bash'
[63.296s] INFO:colcon.colcon_core.shell:Creating prefix chain script '/home/developer/ros2_ws/install/setup.bash'
[63.300s] INFO:colcon.colcon_core.shell:Creating prefix script '/home/developer/ros2_ws/install/local_setup.zsh'
[63.301s] INFO:colcon.colcon_core.shell:Creating prefix chain script '/home/developer/ros2_ws/install/setup.zsh'
