[0.153s] DEBUG:colcon:Command line arguments: ['/usr/bin/colcon', 'build', '--allow-overriding', 'realsense2_camera']
[0.153s] DEBUG:colcon:Parsed command line arguments: Namespace(log_base=None, log_level=None, verb_name='build', build_base='build', install_base='install', merge_install=False, symlink_install=False, test_result_base=None, continue_on_error=False, executor='parallel', parallel_workers=4, event_handlers=None, ignore_user_meta=False, metas=['./colcon.meta'], base_paths=['.'], packages_ignore=None, packages_ignore_regex=None, paths=None, packages_up_to=None, packages_up_to_regex=None, packages_above=None, packages_above_and_dependencies=None, packages_above_depth=None, packages_select_by_dep=None, packages_skip_by_dep=None, packages_skip_up_to=None, packages_select_build_failed=False, packages_skip_build_finished=False, packages_select_test_failures=False, packages_skip_test_passed=False, packages_select=None, packages_skip=None, packages_select_regex=None, packages_skip_regex=None, packages_start=None, packages_end=None, allow_overriding=['realsense2_camera'], cmake_args=None, cmake_target=None, cmake_target_skip_unavailable=False, cmake_clean_cache=False, cmake_clean_first=False, cmake_force_configure=False, ament_cmake_args=None, catkin_cmake_args=None, catkin_skip_building_tests=False, verb_parser=<colcon_defaults.argument_parser.defaults.DefaultArgumentsDecorator object at 0x72442f7792a0>, verb_extension=<colcon_core.verb.build.BuildVerb object at 0x72442f862680>, main=<bound method BuildVerb.main of <colcon_core.verb.build.BuildVerb object at 0x72442f862680>>)
[0.407s] Level 1:colcon.colcon_core.package_discovery:discover_packages(colcon_meta) check parameters
[0.407s] Level 1:colcon.colcon_core.package_discovery:discover_packages(recursive) check parameters
[0.407s] Level 1:colcon.colcon_core.package_discovery:discover_packages(ignore) check parameters
[0.407s] Level 1:colcon.colcon_core.package_discovery:discover_packages(path) check parameters
[0.407s] Level 1:colcon.colcon_core.package_discovery:discover_packages(colcon_meta) discover
[0.407s] Level 1:colcon.colcon_core.package_discovery:discover_packages(recursive) discover
[0.407s] INFO:colcon.colcon_core.package_discovery:Crawling recursively for packages in '/home/developer/ros2_ws'
[0.408s] Level 1:colcon.colcon_core.package_identification:_identify(.) by extensions ['ignore', 'ignore_ament_install']
[0.408s] Level 1:colcon.colcon_core.package_identification:_identify(.) by extension 'ignore'
[0.408s] Level 1:colcon.colcon_core.package_identification:_identify(.) by extension 'ignore_ament_install'
[0.408s] Level 1:colcon.colcon_core.package_identification:_identify(.) by extensions ['colcon_pkg']
[0.408s] Level 1:colcon.colcon_core.package_identification:_identify(.) by extension 'colcon_pkg'
[0.408s] Level 1:colcon.colcon_core.package_identification:_identify(.) by extensions ['colcon_meta']
[0.408s] Level 1:colcon.colcon_core.package_identification:_identify(.) by extension 'colcon_meta'
[0.408s] Level 1:colcon.colcon_core.package_identification:_identify(.) by extensions ['ros']
[0.408s] Level 1:colcon.colcon_core.package_identification:_identify(.) by extension 'ros'
[0.422s] Level 1:colcon.colcon_core.package_identification:_identify(.) by extensions ['cmake', 'python']
[0.422s] Level 1:colcon.colcon_core.package_identification:_identify(.) by extension 'cmake'
[0.423s] Level 1:colcon.colcon_core.package_identification:_identify(.) by extension 'python'
[0.423s] Level 1:colcon.colcon_core.package_identification:_identify(.) by extensions ['python_setup_py']
[0.423s] Level 1:colcon.colcon_core.package_identification:_identify(.) by extension 'python_setup_py'
[0.423s] Level 1:colcon.colcon_core.package_identification:_identify(build) by extensions ['ignore', 'ignore_ament_install']
[0.423s] Level 1:colcon.colcon_core.package_identification:_identify(build) by extension 'ignore'
[0.423s] Level 1:colcon.colcon_core.package_identification:_identify(build) ignored
[0.423s] Level 1:colcon.colcon_core.package_identification:_identify(install) by extensions ['ignore', 'ignore_ament_install']
[0.423s] Level 1:colcon.colcon_core.package_identification:_identify(install) by extension 'ignore'
[0.423s] Level 1:colcon.colcon_core.package_identification:_identify(install) ignored
[0.423s] Level 1:colcon.colcon_core.package_identification:_identify(log) by extensions ['ignore', 'ignore_ament_install']
[0.424s] Level 1:colcon.colcon_core.package_identification:_identify(log) by extension 'ignore'
[0.424s] Level 1:colcon.colcon_core.package_identification:_identify(log) ignored
[0.424s] Level 1:colcon.colcon_core.package_identification:_identify(src) by extensions ['ignore', 'ignore_ament_install']
[0.424s] Level 1:colcon.colcon_core.package_identification:_identify(src) by extension 'ignore'
[0.424s] Level 1:colcon.colcon_core.package_identification:_identify(src) by extension 'ignore_ament_install'
[0.424s] Level 1:colcon.colcon_core.package_identification:_identify(src) by extensions ['colcon_pkg']
[0.424s] Level 1:colcon.colcon_core.package_identification:_identify(src) by extension 'colcon_pkg'
[0.424s] Level 1:colcon.colcon_core.package_identification:_identify(src) by extensions ['colcon_meta']
[0.424s] Level 1:colcon.colcon_core.package_identification:_identify(src) by extension 'colcon_meta'
[0.424s] Level 1:colcon.colcon_core.package_identification:_identify(src) by extensions ['ros']
[0.424s] Level 1:colcon.colcon_core.package_identification:_identify(src) by extension 'ros'
[0.424s] Level 1:colcon.colcon_core.package_identification:_identify(src) by extensions ['cmake', 'python']
[0.424s] Level 1:colcon.colcon_core.package_identification:_identify(src) by extension 'cmake'
[0.424s] Level 1:colcon.colcon_core.package_identification:_identify(src) by extension 'python'
[0.425s] Level 1:colcon.colcon_core.package_identification:_identify(src) by extensions ['python_setup_py']
[0.425s] Level 1:colcon.colcon_core.package_identification:_identify(src) by extension 'python_setup_py'
[0.425s] Level 1:colcon.colcon_core.package_identification:_identify(src/golf_cart_description) by extensions ['ignore', 'ignore_ament_install']
[0.425s] Level 1:colcon.colcon_core.package_identification:_identify(src/golf_cart_description) by extension 'ignore'
[0.425s] Level 1:colcon.colcon_core.package_identification:_identify(src/golf_cart_description) by extension 'ignore_ament_install'
[0.425s] Level 1:colcon.colcon_core.package_identification:_identify(src/golf_cart_description) by extensions ['colcon_pkg']
[0.425s] Level 1:colcon.colcon_core.package_identification:_identify(src/golf_cart_description) by extension 'colcon_pkg'
[0.425s] Level 1:colcon.colcon_core.package_identification:_identify(src/golf_cart_description) by extensions ['colcon_meta']
[0.425s] Level 1:colcon.colcon_core.package_identification:_identify(src/golf_cart_description) by extension 'colcon_meta'
[0.425s] Level 1:colcon.colcon_core.package_identification:_identify(src/golf_cart_description) by extensions ['ros']
[0.425s] Level 1:colcon.colcon_core.package_identification:_identify(src/golf_cart_description) by extension 'ros'
[0.428s] DEBUG:colcon.colcon_core.package_identification:Package 'src/golf_cart_description' with type 'ros.ament_cmake' and name 'golf_cart_description'
[0.428s] Level 1:colcon.colcon_core.package_identification:_identify(src/realsense-ros) by extensions ['ignore', 'ignore_ament_install']
[0.428s] Level 1:colcon.colcon_core.package_identification:_identify(src/realsense-ros) by extension 'ignore'
[0.428s] Level 1:colcon.colcon_core.package_identification:_identify(src/realsense-ros) by extension 'ignore_ament_install'
[0.429s] Level 1:colcon.colcon_core.package_identification:_identify(src/realsense-ros) by extensions ['colcon_pkg']
[0.429s] Level 1:colcon.colcon_core.package_identification:_identify(src/realsense-ros) by extension 'colcon_pkg'
[0.429s] Level 1:colcon.colcon_core.package_identification:_identify(src/realsense-ros) by extensions ['colcon_meta']
[0.429s] Level 1:colcon.colcon_core.package_identification:_identify(src/realsense-ros) by extension 'colcon_meta'
[0.429s] Level 1:colcon.colcon_core.package_identification:_identify(src/realsense-ros) by extensions ['ros']
[0.429s] Level 1:colcon.colcon_core.package_identification:_identify(src/realsense-ros) by extension 'ros'
[0.429s] Level 1:colcon.colcon_core.package_identification:_identify(src/realsense-ros) by extensions ['cmake', 'python']
[0.429s] Level 1:colcon.colcon_core.package_identification:_identify(src/realsense-ros) by extension 'cmake'
[0.429s] Level 1:colcon.colcon_core.package_identification:_identify(src/realsense-ros) by extension 'python'
[0.429s] Level 1:colcon.colcon_core.package_identification:_identify(src/realsense-ros) by extensions ['python_setup_py']
[0.429s] Level 1:colcon.colcon_core.package_identification:_identify(src/realsense-ros) by extension 'python_setup_py'
[0.429s] Level 1:colcon.colcon_core.package_identification:_identify(src/realsense-ros/realsense2_camera) by extensions ['ignore', 'ignore_ament_install']
[0.429s] Level 1:colcon.colcon_core.package_identification:_identify(src/realsense-ros/realsense2_camera) by extension 'ignore'
[0.429s] Level 1:colcon.colcon_core.package_identification:_identify(src/realsense-ros/realsense2_camera) by extension 'ignore_ament_install'
[0.430s] Level 1:colcon.colcon_core.package_identification:_identify(src/realsense-ros/realsense2_camera) by extensions ['colcon_pkg']
[0.430s] Level 1:colcon.colcon_core.package_identification:_identify(src/realsense-ros/realsense2_camera) by extension 'colcon_pkg'
[0.430s] Level 1:colcon.colcon_core.package_identification:_identify(src/realsense-ros/realsense2_camera) by extensions ['colcon_meta']
[0.430s] Level 1:colcon.colcon_core.package_identification:_identify(src/realsense-ros/realsense2_camera) by extension 'colcon_meta'
[0.430s] Level 1:colcon.colcon_core.package_identification:_identify(src/realsense-ros/realsense2_camera) by extensions ['ros']
[0.430s] Level 1:colcon.colcon_core.package_identification:_identify(src/realsense-ros/realsense2_camera) by extension 'ros'
[0.439s] DEBUG:colcon.colcon_core.package_identification:Package 'src/realsense-ros/realsense2_camera' with type 'ros.ament_cmake' and name 'realsense2_camera'
[0.439s] Level 1:colcon.colcon_core.package_identification:_identify(src/realsense-ros/realsense2_camera_msgs) by extensions ['ignore', 'ignore_ament_install']
[0.439s] Level 1:colcon.colcon_core.package_identification:_identify(src/realsense-ros/realsense2_camera_msgs) by extension 'ignore'
[0.439s] Level 1:colcon.colcon_core.package_identification:_identify(src/realsense-ros/realsense2_camera_msgs) by extension 'ignore_ament_install'
[0.439s] Level 1:colcon.colcon_core.package_identification:_identify(src/realsense-ros/realsense2_camera_msgs) by extensions ['colcon_pkg']
[0.440s] Level 1:colcon.colcon_core.package_identification:_identify(src/realsense-ros/realsense2_camera_msgs) by extension 'colcon_pkg'
[0.440s] Level 1:colcon.colcon_core.package_identification:_identify(src/realsense-ros/realsense2_camera_msgs) by extensions ['colcon_meta']
[0.440s] Level 1:colcon.colcon_core.package_identification:_identify(src/realsense-ros/realsense2_camera_msgs) by extension 'colcon_meta'
[0.440s] Level 1:colcon.colcon_core.package_identification:_identify(src/realsense-ros/realsense2_camera_msgs) by extensions ['ros']
[0.440s] Level 1:colcon.colcon_core.package_identification:_identify(src/realsense-ros/realsense2_camera_msgs) by extension 'ros'
[0.441s] DEBUG:colcon.colcon_core.package_identification:Package 'src/realsense-ros/realsense2_camera_msgs' with type 'ros.ament_cmake' and name 'realsense2_camera_msgs'
[0.441s] Level 1:colcon.colcon_core.package_identification:_identify(src/realsense-ros/realsense2_description) by extensions ['ignore', 'ignore_ament_install']
[0.441s] Level 1:colcon.colcon_core.package_identification:_identify(src/realsense-ros/realsense2_description) by extension 'ignore'
[0.441s] Level 1:colcon.colcon_core.package_identification:_identify(src/realsense-ros/realsense2_description) by extension 'ignore_ament_install'
[0.441s] Level 1:colcon.colcon_core.package_identification:_identify(src/realsense-ros/realsense2_description) by extensions ['colcon_pkg']
[0.441s] Level 1:colcon.colcon_core.package_identification:_identify(src/realsense-ros/realsense2_description) by extension 'colcon_pkg'
[0.441s] Level 1:colcon.colcon_core.package_identification:_identify(src/realsense-ros/realsense2_description) by extensions ['colcon_meta']
[0.441s] Level 1:colcon.colcon_core.package_identification:_identify(src/realsense-ros/realsense2_description) by extension 'colcon_meta'
[0.441s] Level 1:colcon.colcon_core.package_identification:_identify(src/realsense-ros/realsense2_description) by extensions ['ros']
[0.441s] Level 1:colcon.colcon_core.package_identification:_identify(src/realsense-ros/realsense2_description) by extension 'ros'
[0.442s] DEBUG:colcon.colcon_core.package_identification:Package 'src/realsense-ros/realsense2_description' with type 'ros.ament_cmake' and name 'realsense2_description'
[0.443s] Level 1:colcon.colcon_core.package_identification:_identify(src/realsense-ros/scripts) by extensions ['ignore', 'ignore_ament_install']
[0.443s] Level 1:colcon.colcon_core.package_identification:_identify(src/realsense-ros/scripts) by extension 'ignore'
[0.443s] Level 1:colcon.colcon_core.package_identification:_identify(src/realsense-ros/scripts) by extension 'ignore_ament_install'
[0.443s] Level 1:colcon.colcon_core.package_identification:_identify(src/realsense-ros/scripts) by extensions ['colcon_pkg']
[0.443s] Level 1:colcon.colcon_core.package_identification:_identify(src/realsense-ros/scripts) by extension 'colcon_pkg'
[0.443s] Level 1:colcon.colcon_core.package_identification:_identify(src/realsense-ros/scripts) by extensions ['colcon_meta']
[0.443s] Level 1:colcon.colcon_core.package_identification:_identify(src/realsense-ros/scripts) by extension 'colcon_meta'
[0.443s] Level 1:colcon.colcon_core.package_identification:_identify(src/realsense-ros/scripts) by extensions ['ros']
[0.443s] Level 1:colcon.colcon_core.package_identification:_identify(src/realsense-ros/scripts) by extension 'ros'
[0.443s] Level 1:colcon.colcon_core.package_identification:_identify(src/realsense-ros/scripts) by extensions ['cmake', 'python']
[0.443s] Level 1:colcon.colcon_core.package_identification:_identify(src/realsense-ros/scripts) by extension 'cmake'
[0.443s] Level 1:colcon.colcon_core.package_identification:_identify(src/realsense-ros/scripts) by extension 'python'
[0.443s] Level 1:colcon.colcon_core.package_identification:_identify(src/realsense-ros/scripts) by extensions ['python_setup_py']
[0.443s] Level 1:colcon.colcon_core.package_identification:_identify(src/realsense-ros/scripts) by extension 'python_setup_py'
[0.444s] Level 1:colcon.colcon_core.package_discovery:discover_packages(recursive) using defaults
[0.444s] Level 1:colcon.colcon_core.package_discovery:discover_packages(ignore) discover
[0.444s] Level 1:colcon.colcon_core.package_discovery:discover_packages(ignore) using defaults
[0.444s] Level 1:colcon.colcon_core.package_discovery:discover_packages(path) discover
[0.444s] Level 1:colcon.colcon_core.package_discovery:discover_packages(path) using defaults
[0.483s] Level 1:colcon.colcon_core.package_discovery:discover_packages(prefix_path) check parameters
[0.484s] Level 1:colcon.colcon_core.package_discovery:discover_packages(prefix_path) discover
[0.487s] DEBUG:colcon.colcon_installed_package_information.package_discovery:Found 4 installed packages in /home/developer/ros2_ws/install
[0.488s] DEBUG:colcon.colcon_installed_package_information.package_discovery:Found 17 installed packages in /home/developer/ros2_cntrl_ws/install
[0.489s] DEBUG:colcon.colcon_installed_package_information.package_discovery:Found 4 installed packages in /home/developer/turtlebot3_ws/install
[0.491s] DEBUG:colcon.colcon_installed_package_information.package_discovery:Found 428 installed packages in /opt/ros/humble
[0.494s] Level 1:colcon.colcon_core.package_discovery:discover_packages(prefix_path) using defaults
[0.574s] Level 5:colcon.colcon_core.verb:set package 'golf_cart_description' build argument 'cmake_args' from command line to 'None'
[0.574s] Level 5:colcon.colcon_core.verb:set package 'golf_cart_description' build argument 'cmake_target' from command line to 'None'
[0.574s] Level 5:colcon.colcon_core.verb:set package 'golf_cart_description' build argument 'cmake_target_skip_unavailable' from command line to 'False'
[0.574s] Level 5:colcon.colcon_core.verb:set package 'golf_cart_description' build argument 'cmake_clean_cache' from command line to 'False'
[0.574s] Level 5:colcon.colcon_core.verb:set package 'golf_cart_description' build argument 'cmake_clean_first' from command line to 'False'
[0.574s] Level 5:colcon.colcon_core.verb:set package 'golf_cart_description' build argument 'cmake_force_configure' from command line to 'False'
[0.574s] Level 5:colcon.colcon_core.verb:set package 'golf_cart_description' build argument 'ament_cmake_args' from command line to 'None'
[0.574s] Level 5:colcon.colcon_core.verb:set package 'golf_cart_description' build argument 'catkin_cmake_args' from command line to 'None'
[0.574s] Level 5:colcon.colcon_core.verb:set package 'golf_cart_description' build argument 'catkin_skip_building_tests' from command line to 'False'
[0.575s] DEBUG:colcon.colcon_core.verb:Building package 'golf_cart_description' with the following arguments: {'ament_cmake_args': None, 'build_base': '/home/developer/ros2_ws/build/golf_cart_description', 'catkin_cmake_args': None, 'catkin_skip_building_tests': False, 'cmake_args': None, 'cmake_clean_cache': False, 'cmake_clean_first': False, 'cmake_force_configure': False, 'cmake_target': None, 'cmake_target_skip_unavailable': False, 'install_base': '/home/developer/ros2_ws/install/golf_cart_description', 'merge_install': False, 'path': '/home/developer/ros2_ws/src/golf_cart_description', 'symlink_install': False, 'test_result_base': None}
[0.575s] Level 5:colcon.colcon_core.verb:set package 'realsense2_camera_msgs' build argument 'cmake_args' from command line to 'None'
[0.575s] Level 5:colcon.colcon_core.verb:set package 'realsense2_camera_msgs' build argument 'cmake_target' from command line to 'None'
[0.575s] Level 5:colcon.colcon_core.verb:set package 'realsense2_camera_msgs' build argument 'cmake_target_skip_unavailable' from command line to 'False'
[0.575s] Level 5:colcon.colcon_core.verb:set package 'realsense2_camera_msgs' build argument 'cmake_clean_cache' from command line to 'False'
[0.575s] Level 5:colcon.colcon_core.verb:set package 'realsense2_camera_msgs' build argument 'cmake_clean_first' from command line to 'False'
[0.575s] Level 5:colcon.colcon_core.verb:set package 'realsense2_camera_msgs' build argument 'cmake_force_configure' from command line to 'False'
[0.575s] Level 5:colcon.colcon_core.verb:set package 'realsense2_camera_msgs' build argument 'ament_cmake_args' from command line to 'None'
[0.575s] Level 5:colcon.colcon_core.verb:set package 'realsense2_camera_msgs' build argument 'catkin_cmake_args' from command line to 'None'
[0.575s] Level 5:colcon.colcon_core.verb:set package 'realsense2_camera_msgs' build argument 'catkin_skip_building_tests' from command line to 'False'
[0.575s] DEBUG:colcon.colcon_core.verb:Building package 'realsense2_camera_msgs' with the following arguments: {'ament_cmake_args': None, 'build_base': '/home/developer/ros2_ws/build/realsense2_camera_msgs', 'catkin_cmake_args': None, 'catkin_skip_building_tests': False, 'cmake_args': None, 'cmake_clean_cache': False, 'cmake_clean_first': False, 'cmake_force_configure': False, 'cmake_target': None, 'cmake_target_skip_unavailable': False, 'install_base': '/home/developer/ros2_ws/install/realsense2_camera_msgs', 'merge_install': False, 'path': '/home/developer/ros2_ws/src/realsense-ros/realsense2_camera_msgs', 'symlink_install': False, 'test_result_base': None}
[0.576s] Level 5:colcon.colcon_core.verb:set package 'realsense2_camera' build argument 'cmake_args' from command line to 'None'
[0.576s] Level 5:colcon.colcon_core.verb:set package 'realsense2_camera' build argument 'cmake_target' from command line to 'None'
[0.576s] Level 5:colcon.colcon_core.verb:set package 'realsense2_camera' build argument 'cmake_target_skip_unavailable' from command line to 'False'
[0.576s] Level 5:colcon.colcon_core.verb:set package 'realsense2_camera' build argument 'cmake_clean_cache' from command line to 'False'
[0.576s] Level 5:colcon.colcon_core.verb:set package 'realsense2_camera' build argument 'cmake_clean_first' from command line to 'False'
[0.576s] Level 5:colcon.colcon_core.verb:set package 'realsense2_camera' build argument 'cmake_force_configure' from command line to 'False'
[0.576s] Level 5:colcon.colcon_core.verb:set package 'realsense2_camera' build argument 'ament_cmake_args' from command line to 'None'
[0.576s] Level 5:colcon.colcon_core.verb:set package 'realsense2_camera' build argument 'catkin_cmake_args' from command line to 'None'
[0.576s] Level 5:colcon.colcon_core.verb:set package 'realsense2_camera' build argument 'catkin_skip_building_tests' from command line to 'False'
[0.576s] DEBUG:colcon.colcon_core.verb:Building package 'realsense2_camera' with the following arguments: {'ament_cmake_args': None, 'build_base': '/home/developer/ros2_ws/build/realsense2_camera', 'catkin_cmake_args': None, 'catkin_skip_building_tests': False, 'cmake_args': None, 'cmake_clean_cache': False, 'cmake_clean_first': False, 'cmake_force_configure': False, 'cmake_target': None, 'cmake_target_skip_unavailable': False, 'install_base': '/home/developer/ros2_ws/install/realsense2_camera', 'merge_install': False, 'path': '/home/developer/ros2_ws/src/realsense-ros/realsense2_camera', 'symlink_install': False, 'test_result_base': None}
[0.577s] Level 5:colcon.colcon_core.verb:set package 'realsense2_description' build argument 'cmake_args' from command line to 'None'
[0.577s] Level 5:colcon.colcon_core.verb:set package 'realsense2_description' build argument 'cmake_target' from command line to 'None'
[0.577s] Level 5:colcon.colcon_core.verb:set package 'realsense2_description' build argument 'cmake_target_skip_unavailable' from command line to 'False'
[0.577s] Level 5:colcon.colcon_core.verb:set package 'realsense2_description' build argument 'cmake_clean_cache' from command line to 'False'
[0.577s] Level 5:colcon.colcon_core.verb:set package 'realsense2_description' build argument 'cmake_clean_first' from command line to 'False'
[0.577s] Level 5:colcon.colcon_core.verb:set package 'realsense2_description' build argument 'cmake_force_configure' from command line to 'False'
[0.577s] Level 5:colcon.colcon_core.verb:set package 'realsense2_description' build argument 'ament_cmake_args' from command line to 'None'
[0.577s] Level 5:colcon.colcon_core.verb:set package 'realsense2_description' build argument 'catkin_cmake_args' from command line to 'None'
[0.577s] Level 5:colcon.colcon_core.verb:set package 'realsense2_description' build argument 'catkin_skip_building_tests' from command line to 'False'
[0.577s] DEBUG:colcon.colcon_core.verb:Building package 'realsense2_description' with the following arguments: {'ament_cmake_args': None, 'build_base': '/home/developer/ros2_ws/build/realsense2_description', 'catkin_cmake_args': None, 'catkin_skip_building_tests': False, 'cmake_args': None, 'cmake_clean_cache': False, 'cmake_clean_first': False, 'cmake_force_configure': False, 'cmake_target': None, 'cmake_target_skip_unavailable': False, 'install_base': '/home/developer/ros2_ws/install/realsense2_description', 'merge_install': False, 'path': '/home/developer/ros2_ws/src/realsense-ros/realsense2_description', 'symlink_install': False, 'test_result_base': None}
[0.577s] INFO:colcon.colcon_core.executor:Executing jobs using 'parallel' executor
[0.578s] DEBUG:colcon.colcon_parallel_executor.executor.parallel:run_until_complete
[0.579s] INFO:colcon.colcon_ros.task.ament_cmake.build:Building ROS package in '/home/developer/ros2_ws/src/realsense-ros/realsense2_camera_msgs' with build type 'ament_cmake'
[0.579s] INFO:colcon.colcon_cmake.task.cmake.build:Building CMake package in '/home/developer/ros2_ws/src/realsense-ros/realsense2_camera_msgs'
[0.582s] INFO:colcon.colcon_core.plugin_system:Skipping extension 'colcon_core.shell.bat': Not used on non-Windows systems
[0.582s] INFO:colcon.colcon_core.shell:Skip shell extension 'powershell' for command environment: Not usable outside of PowerShell
[0.582s] DEBUG:colcon.colcon_core.shell:Skip shell extension 'dsv' for command environment
[0.591s] INFO:colcon.colcon_ros.task.ament_cmake.build:Building ROS package in '/home/developer/ros2_ws/src/golf_cart_description' with build type 'ament_cmake'
[0.591s] INFO:colcon.colcon_cmake.task.cmake.build:Building CMake package in '/home/developer/ros2_ws/src/golf_cart_description'
[0.591s] INFO:colcon.colcon_core.shell:Skip shell extension 'powershell' for command environment: Not usable outside of PowerShell
[0.591s] DEBUG:colcon.colcon_core.shell:Skip shell extension 'dsv' for command environment
[0.607s] DEBUG:colcon.colcon_core.event_handler.log_command:Invoking command in '/home/developer/ros2_ws/build/realsense2_camera_msgs': CMAKE_PREFIX_PATH=${CMAKE_PREFIX_PATH}:/opt/ros/humble /usr/bin/cmake --build /home/developer/ros2_ws/build/realsense2_camera_msgs -- -j4 -l4
[0.615s] DEBUG:colcon.colcon_core.event_handler.log_command:Invoking command in '/home/developer/ros2_ws/build/golf_cart_description': CMAKE_PREFIX_PATH=${CMAKE_PREFIX_PATH}:/opt/ros/humble /usr/bin/cmake --build /home/developer/ros2_ws/build/golf_cart_description -- -j4 -l4
[0.687s] DEBUG:colcon.colcon_core.event_handler.log_command:Invoked command in '/home/developer/ros2_ws/build/golf_cart_description' returned '0': CMAKE_PREFIX_PATH=${CMAKE_PREFIX_PATH}:/opt/ros/humble /usr/bin/cmake --build /home/developer/ros2_ws/build/golf_cart_description -- -j4 -l4
[0.711s] DEBUG:colcon.colcon_core.event_handler.log_command:Invoking command in '/home/developer/ros2_ws/build/golf_cart_description': CMAKE_PREFIX_PATH=${CMAKE_PREFIX_PATH}:/opt/ros/humble /usr/bin/cmake --install /home/developer/ros2_ws/build/golf_cart_description
[0.784s] Level 1:colcon.colcon_core.environment:create_environment_scripts_only(golf_cart_description)
[0.789s] DEBUG:colcon.colcon_core.event_handler.log_command:Invoked command in '/home/developer/ros2_ws/build/golf_cart_description' returned '0': CMAKE_PREFIX_PATH=${CMAKE_PREFIX_PATH}:/opt/ros/humble /usr/bin/cmake --install /home/developer/ros2_ws/build/golf_cart_description
[0.795s] Level 1:colcon.colcon_core.environment:checking '/home/developer/ros2_ws/install/golf_cart_description' for CMake module files
[0.796s] Level 1:colcon.colcon_core.environment:checking '/home/developer/ros2_ws/install/golf_cart_description' for CMake config files
[0.797s] Level 1:colcon.colcon_core.shell:create_environment_hook('golf_cart_description', 'cmake_prefix_path')
[0.798s] INFO:colcon.colcon_core.shell:Creating environment hook '/home/developer/ros2_ws/install/golf_cart_description/share/golf_cart_description/hook/cmake_prefix_path.ps1'
[0.799s] INFO:colcon.colcon_core.shell:Creating environment descriptor '/home/developer/ros2_ws/install/golf_cart_description/share/golf_cart_description/hook/cmake_prefix_path.dsv'
[0.801s] INFO:colcon.colcon_core.shell:Creating environment hook '/home/developer/ros2_ws/install/golf_cart_description/share/golf_cart_description/hook/cmake_prefix_path.sh'
[0.803s] Level 1:colcon.colcon_core.environment:checking '/home/developer/ros2_ws/install/golf_cart_description/bin'
[0.803s] Level 1:colcon.colcon_core.environment:checking '/home/developer/ros2_ws/install/golf_cart_description/lib/pkgconfig/golf_cart_description.pc'
[0.804s] Level 1:colcon.colcon_core.environment:checking '/home/developer/ros2_ws/install/golf_cart_description/lib/python3.10/site-packages'
[0.805s] Level 1:colcon.colcon_core.environment:checking '/home/developer/ros2_ws/install/golf_cart_description/bin'
[0.805s] INFO:colcon.colcon_core.shell:Creating package script '/home/developer/ros2_ws/install/golf_cart_description/share/golf_cart_description/package.ps1'
[0.812s] INFO:colcon.colcon_core.shell:Creating package descriptor '/home/developer/ros2_ws/install/golf_cart_description/share/golf_cart_description/package.dsv'
[0.814s] INFO:colcon.colcon_core.shell:Creating package script '/home/developer/ros2_ws/install/golf_cart_description/share/golf_cart_description/package.sh'
[0.820s] INFO:colcon.colcon_core.shell:Creating package script '/home/developer/ros2_ws/install/golf_cart_description/share/golf_cart_description/package.bash'
[0.822s] INFO:colcon.colcon_core.shell:Creating package script '/home/developer/ros2_ws/install/golf_cart_description/share/golf_cart_description/package.zsh'
[0.825s] Level 1:colcon.colcon_core.environment:create_file_with_runtime_dependencies(/home/developer/ros2_ws/install/golf_cart_description/share/colcon-core/packages/golf_cart_description)
[0.827s] Level 1:colcon.colcon_core.environment:create_environment_scripts_only(golf_cart_description)
[0.827s] Level 1:colcon.colcon_core.environment:checking '/home/developer/ros2_ws/install/golf_cart_description' for CMake module files
[0.828s] Level 1:colcon.colcon_core.environment:checking '/home/developer/ros2_ws/install/golf_cart_description' for CMake config files
[0.829s] Level 1:colcon.colcon_core.shell:create_environment_hook('golf_cart_description', 'cmake_prefix_path')
[0.830s] INFO:colcon.colcon_core.shell:Creating environment hook '/home/developer/ros2_ws/install/golf_cart_description/share/golf_cart_description/hook/cmake_prefix_path.ps1'
[0.831s] INFO:colcon.colcon_core.shell:Creating environment descriptor '/home/developer/ros2_ws/install/golf_cart_description/share/golf_cart_description/hook/cmake_prefix_path.dsv'
[0.832s] INFO:colcon.colcon_core.shell:Creating environment hook '/home/developer/ros2_ws/install/golf_cart_description/share/golf_cart_description/hook/cmake_prefix_path.sh'
[0.833s] Level 1:colcon.colcon_core.environment:checking '/home/developer/ros2_ws/install/golf_cart_description/bin'
[0.834s] Level 1:colcon.colcon_core.environment:checking '/home/developer/ros2_ws/install/golf_cart_description/lib/pkgconfig/golf_cart_description.pc'
[0.834s] Level 1:colcon.colcon_core.environment:checking '/home/developer/ros2_ws/install/golf_cart_description/lib/python3.10/site-packages'
[0.835s] Level 1:colcon.colcon_core.environment:checking '/home/developer/ros2_ws/install/golf_cart_description/bin'
[0.836s] INFO:colcon.colcon_core.shell:Creating package script '/home/developer/ros2_ws/install/golf_cart_description/share/golf_cart_description/package.ps1'
[0.838s] INFO:colcon.colcon_core.shell:Creating package descriptor '/home/developer/ros2_ws/install/golf_cart_description/share/golf_cart_description/package.dsv'
[0.839s] INFO:colcon.colcon_core.shell:Creating package script '/home/developer/ros2_ws/install/golf_cart_description/share/golf_cart_description/package.sh'
[0.840s] INFO:colcon.colcon_core.shell:Creating package script '/home/developer/ros2_ws/install/golf_cart_description/share/golf_cart_description/package.bash'
[0.842s] INFO:colcon.colcon_core.shell:Creating package script '/home/developer/ros2_ws/install/golf_cart_description/share/golf_cart_description/package.zsh'
[0.845s] Level 1:colcon.colcon_core.environment:create_file_with_runtime_dependencies(/home/developer/ros2_ws/install/golf_cart_description/share/colcon-core/packages/golf_cart_description)
[1.329s] DEBUG:colcon.colcon_core.event_handler.log_command:Invoked command in '/home/developer/ros2_ws/build/realsense2_camera_msgs' returned '0': CMAKE_PREFIX_PATH=${CMAKE_PREFIX_PATH}:/opt/ros/humble /usr/bin/cmake --build /home/developer/ros2_ws/build/realsense2_camera_msgs -- -j4 -l4
[1.332s] DEBUG:colcon.colcon_core.event_handler.log_command:Invoking command in '/home/developer/ros2_ws/build/realsense2_camera_msgs': CMAKE_PREFIX_PATH=${CMAKE_PREFIX_PATH}:/opt/ros/humble /usr/bin/cmake --install /home/developer/ros2_ws/build/realsense2_camera_msgs
[1.431s] Level 1:colcon.colcon_core.environment:create_environment_scripts_only(realsense2_camera_msgs)
[1.432s] Level 1:colcon.colcon_core.environment:checking '/home/developer/ros2_ws/install/realsense2_camera_msgs' for CMake module files
[1.433s] DEBUG:colcon.colcon_core.event_handler.log_command:Invoked command in '/home/developer/ros2_ws/build/realsense2_camera_msgs' returned '0': CMAKE_PREFIX_PATH=${CMAKE_PREFIX_PATH}:/opt/ros/humble /usr/bin/cmake --install /home/developer/ros2_ws/build/realsense2_camera_msgs
[1.433s] Level 1:colcon.colcon_core.environment:checking '/home/developer/ros2_ws/install/realsense2_camera_msgs' for CMake config files
[1.435s] Level 1:colcon.colcon_core.shell:create_environment_hook('realsense2_camera_msgs', 'cmake_prefix_path')
[1.435s] INFO:colcon.colcon_core.shell:Creating environment hook '/home/developer/ros2_ws/install/realsense2_camera_msgs/share/realsense2_camera_msgs/hook/cmake_prefix_path.ps1'
[1.436s] INFO:colcon.colcon_core.shell:Creating environment descriptor '/home/developer/ros2_ws/install/realsense2_camera_msgs/share/realsense2_camera_msgs/hook/cmake_prefix_path.dsv'
[1.437s] INFO:colcon.colcon_core.shell:Creating environment hook '/home/developer/ros2_ws/install/realsense2_camera_msgs/share/realsense2_camera_msgs/hook/cmake_prefix_path.sh'
[1.438s] Level 1:colcon.colcon_core.environment:checking '/home/developer/ros2_ws/install/realsense2_camera_msgs/lib'
[1.438s] Level 1:colcon.colcon_core.shell:create_environment_hook('realsense2_camera_msgs', 'ld_library_path_lib')
[1.439s] INFO:colcon.colcon_core.shell:Creating environment hook '/home/developer/ros2_ws/install/realsense2_camera_msgs/share/realsense2_camera_msgs/hook/ld_library_path_lib.ps1'
[1.440s] INFO:colcon.colcon_core.shell:Creating environment descriptor '/home/developer/ros2_ws/install/realsense2_camera_msgs/share/realsense2_camera_msgs/hook/ld_library_path_lib.dsv'
[1.442s] INFO:colcon.colcon_core.shell:Creating environment hook '/home/developer/ros2_ws/install/realsense2_camera_msgs/share/realsense2_camera_msgs/hook/ld_library_path_lib.sh'
[1.442s] Level 1:colcon.colcon_core.environment:checking '/home/developer/ros2_ws/install/realsense2_camera_msgs/bin'
[1.443s] Level 1:colcon.colcon_core.environment:checking '/home/developer/ros2_ws/install/realsense2_camera_msgs/lib/pkgconfig/realsense2_camera_msgs.pc'
[1.443s] Level 1:colcon.colcon_core.environment:checking '/home/developer/ros2_ws/install/realsense2_camera_msgs/lib/python3.10/site-packages'
[1.444s] Level 1:colcon.colcon_core.environment:checking '/home/developer/ros2_ws/install/realsense2_camera_msgs/bin'
[1.444s] INFO:colcon.colcon_core.shell:Creating package script '/home/developer/ros2_ws/install/realsense2_camera_msgs/share/realsense2_camera_msgs/package.ps1'
[1.445s] INFO:colcon.colcon_core.shell:Creating package descriptor '/home/developer/ros2_ws/install/realsense2_camera_msgs/share/realsense2_camera_msgs/package.dsv'
[1.446s] INFO:colcon.colcon_core.shell:Creating package script '/home/developer/ros2_ws/install/realsense2_camera_msgs/share/realsense2_camera_msgs/package.sh'
[1.447s] INFO:colcon.colcon_core.shell:Creating package script '/home/developer/ros2_ws/install/realsense2_camera_msgs/share/realsense2_camera_msgs/package.bash'
[1.448s] INFO:colcon.colcon_core.shell:Creating package script '/home/developer/ros2_ws/install/realsense2_camera_msgs/share/realsense2_camera_msgs/package.zsh'
[1.448s] Level 1:colcon.colcon_core.environment:create_file_with_runtime_dependencies(/home/developer/ros2_ws/install/realsense2_camera_msgs/share/colcon-core/packages/realsense2_camera_msgs)
[1.449s] Level 1:colcon.colcon_core.environment:create_environment_scripts_only(realsense2_camera_msgs)
[1.449s] Level 1:colcon.colcon_core.environment:checking '/home/developer/ros2_ws/install/realsense2_camera_msgs' for CMake module files
[1.450s] Level 1:colcon.colcon_core.environment:checking '/home/developer/ros2_ws/install/realsense2_camera_msgs' for CMake config files
[1.452s] Level 1:colcon.colcon_core.shell:create_environment_hook('realsense2_camera_msgs', 'cmake_prefix_path')
[1.452s] INFO:colcon.colcon_core.shell:Creating environment hook '/home/developer/ros2_ws/install/realsense2_camera_msgs/share/realsense2_camera_msgs/hook/cmake_prefix_path.ps1'
[1.453s] INFO:colcon.colcon_core.shell:Creating environment descriptor '/home/developer/ros2_ws/install/realsense2_camera_msgs/share/realsense2_camera_msgs/hook/cmake_prefix_path.dsv'
[1.454s] INFO:colcon.colcon_core.shell:Creating environment hook '/home/developer/ros2_ws/install/realsense2_camera_msgs/share/realsense2_camera_msgs/hook/cmake_prefix_path.sh'
[1.455s] Level 1:colcon.colcon_core.environment:checking '/home/developer/ros2_ws/install/realsense2_camera_msgs/lib'
[1.455s] Level 1:colcon.colcon_core.shell:create_environment_hook('realsense2_camera_msgs', 'ld_library_path_lib')
[1.455s] INFO:colcon.colcon_core.shell:Creating environment hook '/home/developer/ros2_ws/install/realsense2_camera_msgs/share/realsense2_camera_msgs/hook/ld_library_path_lib.ps1'
[1.456s] INFO:colcon.colcon_core.shell:Creating environment descriptor '/home/developer/ros2_ws/install/realsense2_camera_msgs/share/realsense2_camera_msgs/hook/ld_library_path_lib.dsv'
[1.456s] INFO:colcon.colcon_core.shell:Creating environment hook '/home/developer/ros2_ws/install/realsense2_camera_msgs/share/realsense2_camera_msgs/hook/ld_library_path_lib.sh'
[1.457s] Level 1:colcon.colcon_core.environment:checking '/home/developer/ros2_ws/install/realsense2_camera_msgs/bin'
[1.457s] Level 1:colcon.colcon_core.environment:checking '/home/developer/ros2_ws/install/realsense2_camera_msgs/lib/pkgconfig/realsense2_camera_msgs.pc'
[1.458s] Level 1:colcon.colcon_core.environment:checking '/home/developer/ros2_ws/install/realsense2_camera_msgs/lib/python3.10/site-packages'
[1.458s] Level 1:colcon.colcon_core.environment:checking '/home/developer/ros2_ws/install/realsense2_camera_msgs/bin'
[1.459s] INFO:colcon.colcon_core.shell:Creating package script '/home/developer/ros2_ws/install/realsense2_camera_msgs/share/realsense2_camera_msgs/package.ps1'
[1.460s] INFO:colcon.colcon_core.shell:Creating package descriptor '/home/developer/ros2_ws/install/realsense2_camera_msgs/share/realsense2_camera_msgs/package.dsv'
[1.461s] INFO:colcon.colcon_core.shell:Creating package script '/home/developer/ros2_ws/install/realsense2_camera_msgs/share/realsense2_camera_msgs/package.sh'
[1.461s] INFO:colcon.colcon_core.shell:Creating package script '/home/developer/ros2_ws/install/realsense2_camera_msgs/share/realsense2_camera_msgs/package.bash'
[1.462s] INFO:colcon.colcon_core.shell:Creating package script '/home/developer/ros2_ws/install/realsense2_camera_msgs/share/realsense2_camera_msgs/package.zsh'
[1.463s] Level 1:colcon.colcon_core.environment:create_file_with_runtime_dependencies(/home/developer/ros2_ws/install/realsense2_camera_msgs/share/colcon-core/packages/realsense2_camera_msgs)
[1.464s] INFO:colcon.colcon_ros.task.ament_cmake.build:Building ROS package in '/home/developer/ros2_ws/src/realsense-ros/realsense2_camera' with build type 'ament_cmake'
[1.464s] INFO:colcon.colcon_cmake.task.cmake.build:Building CMake package in '/home/developer/ros2_ws/src/realsense-ros/realsense2_camera'
[1.464s] INFO:colcon.colcon_core.shell:Skip shell extension 'powershell' for command environment: Not usable outside of PowerShell
[1.465s] DEBUG:colcon.colcon_core.shell:Skip shell extension 'dsv' for command environment
[1.475s] INFO:colcon.colcon_ros.task.ament_cmake.build:Building ROS package in '/home/developer/ros2_ws/src/realsense-ros/realsense2_description' with build type 'ament_cmake'
[1.475s] INFO:colcon.colcon_cmake.task.cmake.build:Building CMake package in '/home/developer/ros2_ws/src/realsense-ros/realsense2_description'
[1.476s] INFO:colcon.colcon_core.shell:Skip shell extension 'powershell' for command environment: Not usable outside of PowerShell
[1.476s] DEBUG:colcon.colcon_core.shell:Skip shell extension 'dsv' for command environment
[1.492s] DEBUG:colcon.colcon_core.event_handler.log_command:Invoking command in '/home/developer/ros2_ws/build/realsense2_camera': CMAKE_PREFIX_PATH=/home/developer/ros2_ws/install/realsense2_camera_msgs:/home/developer/ros2_cntrl_ws/install/ros2_control_demos:/home/developer/ros2_cntrl_ws/install/ros2_control_demo_example_9:/home/developer/ros2_cntrl_ws/install/ros2_control_demo_example_8:/home/developer/ros2_cntrl_ws/install/ros2_control_demo_example_7:/home/developer/ros2_cntrl_ws/install/ros2_control_demo_example_6:/home/developer/ros2_cntrl_ws/install/ros2_control_demo_example_15:/home/developer/ros2_cntrl_ws/install/ros2_control_demo_example_13:/home/developer/ros2_cntrl_ws/install/ros2_control_demo_example_5:/home/developer/ros2_cntrl_ws/install/ros2_control_demo_example_4:/home/developer/ros2_cntrl_ws/install/ros2_control_demo_example_3:/home/developer/ros2_cntrl_ws/install/ros2_control_demo_example_2:/home/developer/ros2_cntrl_ws/install/ros2_control_demo_example_14:/home/developer/ros2_cntrl_ws/install/ros2_control_demo_example_12:/home/developer/ros2_cntrl_ws/install/ros2_control_demo_example_11:/home/developer/ros2_cntrl_ws/install/ros2_control_demo_example_10:/home/developer/ros2_cntrl_ws/install/ros2_control_demo_example_1:/home/developer/ros2_cntrl_ws/install/ros2_control_demo_description:/home/developer/ros2_ws/install/realsense2_description:/home/developer/ros2_ws/install/realsense2_camera:/home/developer/ros2_ws/install/golf_cart_description:/home/developer/turtlebot3_ws/install/turtlebot3_simulations:/home/developer/turtlebot3_ws/install/turtlebot3_manipulation_gazebo:/home/developer/turtlebot3_ws/install/turtlebot3_gazebo:/home/developer/turtlebot3_ws/install/turtlebot3_fake_node:/opt/ros/humble LD_LIBRARY_PATH=/home/developer/ros2_ws/install/realsense2_camera_msgs/lib:/home/developer/ros2_cntrl_ws/install/ros2_control_demo_example_9/lib:/home/developer/ros2_cntrl_ws/install/ros2_control_demo_example_8/lib:/home/developer/ros2_cntrl_ws/install/ros2_control_demo_example_7/lib:/home/developer/ros2_cntrl_ws/install/ros2_control_demo_example_6/lib:/home/developer/ros2_cntrl_ws/install/ros2_control_demo_example_5/lib:/home/developer/ros2_cntrl_ws/install/ros2_control_demo_example_4/lib:/home/developer/ros2_cntrl_ws/install/ros2_control_demo_example_3/lib:/home/developer/ros2_cntrl_ws/install/ros2_control_demo_example_2/lib:/home/developer/ros2_cntrl_ws/install/ros2_control_demo_example_14/lib:/home/developer/ros2_cntrl_ws/install/ros2_control_demo_example_12/lib:/home/developer/ros2_cntrl_ws/install/ros2_control_demo_example_11/lib:/home/developer/ros2_cntrl_ws/install/ros2_control_demo_example_10/lib:/home/developer/ros2_cntrl_ws/install/ros2_control_demo_example_1/lib:/home/developer/ros2_ws/install/realsense2_camera/lib:/usr/lib/x86_64-linux-gnu/gazebo-11/plugins:/opt/ros/humble/opt/rviz_ogre_vendor/lib:/opt/ros/humble/lib/x86_64-linux-gnu:/opt/ros/humble/lib /usr/bin/cmake --build /home/developer/ros2_ws/build/realsense2_camera -- -j4 -l4
[1.501s] DEBUG:colcon.colcon_core.event_handler.log_command:Invoking command in '/home/developer/ros2_ws/build/realsense2_description': CMAKE_PREFIX_PATH=/home/developer/ros2_ws/install/realsense2_camera_msgs:/home/developer/ros2_cntrl_ws/install/ros2_control_demos:/home/developer/ros2_cntrl_ws/install/ros2_control_demo_example_9:/home/developer/ros2_cntrl_ws/install/ros2_control_demo_example_8:/home/developer/ros2_cntrl_ws/install/ros2_control_demo_example_7:/home/developer/ros2_cntrl_ws/install/ros2_control_demo_example_6:/home/developer/ros2_cntrl_ws/install/ros2_control_demo_example_15:/home/developer/ros2_cntrl_ws/install/ros2_control_demo_example_13:/home/developer/ros2_cntrl_ws/install/ros2_control_demo_example_5:/home/developer/ros2_cntrl_ws/install/ros2_control_demo_example_4:/home/developer/ros2_cntrl_ws/install/ros2_control_demo_example_3:/home/developer/ros2_cntrl_ws/install/ros2_control_demo_example_2:/home/developer/ros2_cntrl_ws/install/ros2_control_demo_example_14:/home/developer/ros2_cntrl_ws/install/ros2_control_demo_example_12:/home/developer/ros2_cntrl_ws/install/ros2_control_demo_example_11:/home/developer/ros2_cntrl_ws/install/ros2_control_demo_example_10:/home/developer/ros2_cntrl_ws/install/ros2_control_demo_example_1:/home/developer/ros2_cntrl_ws/install/ros2_control_demo_description:/home/developer/ros2_ws/install/realsense2_description:/home/developer/ros2_ws/install/realsense2_camera:/home/developer/ros2_ws/install/golf_cart_description:/home/developer/turtlebot3_ws/install/turtlebot3_simulations:/home/developer/turtlebot3_ws/install/turtlebot3_manipulation_gazebo:/home/developer/turtlebot3_ws/install/turtlebot3_gazebo:/home/developer/turtlebot3_ws/install/turtlebot3_fake_node:/opt/ros/humble LD_LIBRARY_PATH=/home/developer/ros2_ws/install/realsense2_camera_msgs/lib:/home/developer/ros2_cntrl_ws/install/ros2_control_demo_example_9/lib:/home/developer/ros2_cntrl_ws/install/ros2_control_demo_example_8/lib:/home/developer/ros2_cntrl_ws/install/ros2_control_demo_example_7/lib:/home/developer/ros2_cntrl_ws/install/ros2_control_demo_example_6/lib:/home/developer/ros2_cntrl_ws/install/ros2_control_demo_example_5/lib:/home/developer/ros2_cntrl_ws/install/ros2_control_demo_example_4/lib:/home/developer/ros2_cntrl_ws/install/ros2_control_demo_example_3/lib:/home/developer/ros2_cntrl_ws/install/ros2_control_demo_example_2/lib:/home/developer/ros2_cntrl_ws/install/ros2_control_demo_example_14/lib:/home/developer/ros2_cntrl_ws/install/ros2_control_demo_example_12/lib:/home/developer/ros2_cntrl_ws/install/ros2_control_demo_example_11/lib:/home/developer/ros2_cntrl_ws/install/ros2_control_demo_example_10/lib:/home/developer/ros2_cntrl_ws/install/ros2_control_demo_example_1/lib:/home/developer/ros2_ws/install/realsense2_camera/lib:/usr/lib/x86_64-linux-gnu/gazebo-11/plugins:/opt/ros/humble/opt/rviz_ogre_vendor/lib:/opt/ros/humble/lib/x86_64-linux-gnu:/opt/ros/humble/lib /usr/bin/cmake --build /home/developer/ros2_ws/build/realsense2_description -- -j4 -l4
[1.584s] DEBUG:colcon.colcon_core.event_handler.log_command:Invoked command in '/home/developer/ros2_ws/build/realsense2_description' returned '0': CMAKE_PREFIX_PATH=/home/developer/ros2_ws/install/realsense2_camera_msgs:/home/developer/ros2_cntrl_ws/install/ros2_control_demos:/home/developer/ros2_cntrl_ws/install/ros2_control_demo_example_9:/home/developer/ros2_cntrl_ws/install/ros2_control_demo_example_8:/home/developer/ros2_cntrl_ws/install/ros2_control_demo_example_7:/home/developer/ros2_cntrl_ws/install/ros2_control_demo_example_6:/home/developer/ros2_cntrl_ws/install/ros2_control_demo_example_15:/home/developer/ros2_cntrl_ws/install/ros2_control_demo_example_13:/home/developer/ros2_cntrl_ws/install/ros2_control_demo_example_5:/home/developer/ros2_cntrl_ws/install/ros2_control_demo_example_4:/home/developer/ros2_cntrl_ws/install/ros2_control_demo_example_3:/home/developer/ros2_cntrl_ws/install/ros2_control_demo_example_2:/home/developer/ros2_cntrl_ws/install/ros2_control_demo_example_14:/home/developer/ros2_cntrl_ws/install/ros2_control_demo_example_12:/home/developer/ros2_cntrl_ws/install/ros2_control_demo_example_11:/home/developer/ros2_cntrl_ws/install/ros2_control_demo_example_10:/home/developer/ros2_cntrl_ws/install/ros2_control_demo_example_1:/home/developer/ros2_cntrl_ws/install/ros2_control_demo_description:/home/developer/ros2_ws/install/realsense2_description:/home/developer/ros2_ws/install/realsense2_camera:/home/developer/ros2_ws/install/golf_cart_description:/home/developer/turtlebot3_ws/install/turtlebot3_simulations:/home/developer/turtlebot3_ws/install/turtlebot3_manipulation_gazebo:/home/developer/turtlebot3_ws/install/turtlebot3_gazebo:/home/developer/turtlebot3_ws/install/turtlebot3_fake_node:/opt/ros/humble LD_LIBRARY_PATH=/home/developer/ros2_ws/install/realsense2_camera_msgs/lib:/home/developer/ros2_cntrl_ws/install/ros2_control_demo_example_9/lib:/home/developer/ros2_cntrl_ws/install/ros2_control_demo_example_8/lib:/home/developer/ros2_cntrl_ws/install/ros2_control_demo_example_7/lib:/home/developer/ros2_cntrl_ws/install/ros2_control_demo_example_6/lib:/home/developer/ros2_cntrl_ws/install/ros2_control_demo_example_5/lib:/home/developer/ros2_cntrl_ws/install/ros2_control_demo_example_4/lib:/home/developer/ros2_cntrl_ws/install/ros2_control_demo_example_3/lib:/home/developer/ros2_cntrl_ws/install/ros2_control_demo_example_2/lib:/home/developer/ros2_cntrl_ws/install/ros2_control_demo_example_14/lib:/home/developer/ros2_cntrl_ws/install/ros2_control_demo_example_12/lib:/home/developer/ros2_cntrl_ws/install/ros2_control_demo_example_11/lib:/home/developer/ros2_cntrl_ws/install/ros2_control_demo_example_10/lib:/home/developer/ros2_cntrl_ws/install/ros2_control_demo_example_1/lib:/home/developer/ros2_ws/install/realsense2_camera/lib:/usr/lib/x86_64-linux-gnu/gazebo-11/plugins:/opt/ros/humble/opt/rviz_ogre_vendor/lib:/opt/ros/humble/lib/x86_64-linux-gnu:/opt/ros/humble/lib /usr/bin/cmake --build /home/developer/ros2_ws/build/realsense2_description -- -j4 -l4
[1.587s] DEBUG:colcon.colcon_core.event_handler.log_command:Invoking command in '/home/developer/ros2_ws/build/realsense2_description': CMAKE_PREFIX_PATH=/home/developer/ros2_ws/install/realsense2_camera_msgs:/home/developer/ros2_cntrl_ws/install/ros2_control_demos:/home/developer/ros2_cntrl_ws/install/ros2_control_demo_example_9:/home/developer/ros2_cntrl_ws/install/ros2_control_demo_example_8:/home/developer/ros2_cntrl_ws/install/ros2_control_demo_example_7:/home/developer/ros2_cntrl_ws/install/ros2_control_demo_example_6:/home/developer/ros2_cntrl_ws/install/ros2_control_demo_example_15:/home/developer/ros2_cntrl_ws/install/ros2_control_demo_example_13:/home/developer/ros2_cntrl_ws/install/ros2_control_demo_example_5:/home/developer/ros2_cntrl_ws/install/ros2_control_demo_example_4:/home/developer/ros2_cntrl_ws/install/ros2_control_demo_example_3:/home/developer/ros2_cntrl_ws/install/ros2_control_demo_example_2:/home/developer/ros2_cntrl_ws/install/ros2_control_demo_example_14:/home/developer/ros2_cntrl_ws/install/ros2_control_demo_example_12:/home/developer/ros2_cntrl_ws/install/ros2_control_demo_example_11:/home/developer/ros2_cntrl_ws/install/ros2_control_demo_example_10:/home/developer/ros2_cntrl_ws/install/ros2_control_demo_example_1:/home/developer/ros2_cntrl_ws/install/ros2_control_demo_description:/home/developer/ros2_ws/install/realsense2_description:/home/developer/ros2_ws/install/realsense2_camera:/home/developer/ros2_ws/install/golf_cart_description:/home/developer/turtlebot3_ws/install/turtlebot3_simulations:/home/developer/turtlebot3_ws/install/turtlebot3_manipulation_gazebo:/home/developer/turtlebot3_ws/install/turtlebot3_gazebo:/home/developer/turtlebot3_ws/install/turtlebot3_fake_node:/opt/ros/humble LD_LIBRARY_PATH=/home/developer/ros2_ws/install/realsense2_camera_msgs/lib:/home/developer/ros2_cntrl_ws/install/ros2_control_demo_example_9/lib:/home/developer/ros2_cntrl_ws/install/ros2_control_demo_example_8/lib:/home/developer/ros2_cntrl_ws/install/ros2_control_demo_example_7/lib:/home/developer/ros2_cntrl_ws/install/ros2_control_demo_example_6/lib:/home/developer/ros2_cntrl_ws/install/ros2_control_demo_example_5/lib:/home/developer/ros2_cntrl_ws/install/ros2_control_demo_example_4/lib:/home/developer/ros2_cntrl_ws/install/ros2_control_demo_example_3/lib:/home/developer/ros2_cntrl_ws/install/ros2_control_demo_example_2/lib:/home/developer/ros2_cntrl_ws/install/ros2_control_demo_example_14/lib:/home/developer/ros2_cntrl_ws/install/ros2_control_demo_example_12/lib:/home/developer/ros2_cntrl_ws/install/ros2_control_demo_example_11/lib:/home/developer/ros2_cntrl_ws/install/ros2_control_demo_example_10/lib:/home/developer/ros2_cntrl_ws/install/ros2_control_demo_example_1/lib:/home/developer/ros2_ws/install/realsense2_camera/lib:/usr/lib/x86_64-linux-gnu/gazebo-11/plugins:/opt/ros/humble/opt/rviz_ogre_vendor/lib:/opt/ros/humble/lib/x86_64-linux-gnu:/opt/ros/humble/lib /usr/bin/cmake --install /home/developer/ros2_ws/build/realsense2_description
[1.616s] Level 1:colcon.colcon_core.environment:create_environment_scripts_only(realsense2_description)
[1.618s] Level 1:colcon.colcon_core.environment:checking '/home/developer/ros2_ws/install/realsense2_description' for CMake module files
[1.622s] Level 1:colcon.colcon_core.environment:checking '/home/developer/ros2_ws/install/realsense2_description' for CMake config files
[1.623s] Level 1:colcon.colcon_core.shell:create_environment_hook('realsense2_description', 'cmake_prefix_path')
[1.624s] INFO:colcon.colcon_core.shell:Creating environment hook '/home/developer/ros2_ws/install/realsense2_description/share/realsense2_description/hook/cmake_prefix_path.ps1'
[1.628s] INFO:colcon.colcon_core.shell:Creating environment descriptor '/home/developer/ros2_ws/install/realsense2_description/share/realsense2_description/hook/cmake_prefix_path.dsv'
[1.629s] INFO:colcon.colcon_core.shell:Creating environment hook '/home/developer/ros2_ws/install/realsense2_description/share/realsense2_description/hook/cmake_prefix_path.sh'
[1.631s] DEBUG:colcon.colcon_core.event_handler.log_command:Invoked command in '/home/developer/ros2_ws/build/realsense2_description' returned '0': CMAKE_PREFIX_PATH=/home/developer/ros2_ws/install/realsense2_camera_msgs:/home/developer/ros2_cntrl_ws/install/ros2_control_demos:/home/developer/ros2_cntrl_ws/install/ros2_control_demo_example_9:/home/developer/ros2_cntrl_ws/install/ros2_control_demo_example_8:/home/developer/ros2_cntrl_ws/install/ros2_control_demo_example_7:/home/developer/ros2_cntrl_ws/install/ros2_control_demo_example_6:/home/developer/ros2_cntrl_ws/install/ros2_control_demo_example_15:/home/developer/ros2_cntrl_ws/install/ros2_control_demo_example_13:/home/developer/ros2_cntrl_ws/install/ros2_control_demo_example_5:/home/developer/ros2_cntrl_ws/install/ros2_control_demo_example_4:/home/developer/ros2_cntrl_ws/install/ros2_control_demo_example_3:/home/developer/ros2_cntrl_ws/install/ros2_control_demo_example_2:/home/developer/ros2_cntrl_ws/install/ros2_control_demo_example_14:/home/developer/ros2_cntrl_ws/install/ros2_control_demo_example_12:/home/developer/ros2_cntrl_ws/install/ros2_control_demo_example_11:/home/developer/ros2_cntrl_ws/install/ros2_control_demo_example_10:/home/developer/ros2_cntrl_ws/install/ros2_control_demo_example_1:/home/developer/ros2_cntrl_ws/install/ros2_control_demo_description:/home/developer/ros2_ws/install/realsense2_description:/home/developer/ros2_ws/install/realsense2_camera:/home/developer/ros2_ws/install/golf_cart_description:/home/developer/turtlebot3_ws/install/turtlebot3_simulations:/home/developer/turtlebot3_ws/install/turtlebot3_manipulation_gazebo:/home/developer/turtlebot3_ws/install/turtlebot3_gazebo:/home/developer/turtlebot3_ws/install/turtlebot3_fake_node:/opt/ros/humble LD_LIBRARY_PATH=/home/developer/ros2_ws/install/realsense2_camera_msgs/lib:/home/developer/ros2_cntrl_ws/install/ros2_control_demo_example_9/lib:/home/developer/ros2_cntrl_ws/install/ros2_control_demo_example_8/lib:/home/developer/ros2_cntrl_ws/install/ros2_control_demo_example_7/lib:/home/developer/ros2_cntrl_ws/install/ros2_control_demo_example_6/lib:/home/developer/ros2_cntrl_ws/install/ros2_control_demo_example_5/lib:/home/developer/ros2_cntrl_ws/install/ros2_control_demo_example_4/lib:/home/developer/ros2_cntrl_ws/install/ros2_control_demo_example_3/lib:/home/developer/ros2_cntrl_ws/install/ros2_control_demo_example_2/lib:/home/developer/ros2_cntrl_ws/install/ros2_control_demo_example_14/lib:/home/developer/ros2_cntrl_ws/install/ros2_control_demo_example_12/lib:/home/developer/ros2_cntrl_ws/install/ros2_control_demo_example_11/lib:/home/developer/ros2_cntrl_ws/install/ros2_control_demo_example_10/lib:/home/developer/ros2_cntrl_ws/install/ros2_control_demo_example_1/lib:/home/developer/ros2_ws/install/realsense2_camera/lib:/usr/lib/x86_64-linux-gnu/gazebo-11/plugins:/opt/ros/humble/opt/rviz_ogre_vendor/lib:/opt/ros/humble/lib/x86_64-linux-gnu:/opt/ros/humble/lib /usr/bin/cmake --install /home/developer/ros2_ws/build/realsense2_description
[1.632s] Level 1:colcon.colcon_core.environment:checking '/home/developer/ros2_ws/install/realsense2_description/bin'
[1.632s] Level 1:colcon.colcon_core.environment:checking '/home/developer/ros2_ws/install/realsense2_description/lib/pkgconfig/realsense2_description.pc'
[1.632s] Level 1:colcon.colcon_core.environment:checking '/home/developer/ros2_ws/install/realsense2_description/lib/python3.10/site-packages'
[1.633s] Level 1:colcon.colcon_core.environment:checking '/home/developer/ros2_ws/install/realsense2_description/bin'
[1.633s] INFO:colcon.colcon_core.shell:Creating package script '/home/developer/ros2_ws/install/realsense2_description/share/realsense2_description/package.ps1'
[1.634s] INFO:colcon.colcon_core.shell:Creating package descriptor '/home/developer/ros2_ws/install/realsense2_description/share/realsense2_description/package.dsv'
[1.635s] INFO:colcon.colcon_core.shell:Creating package script '/home/developer/ros2_ws/install/realsense2_description/share/realsense2_description/package.sh'
[1.636s] INFO:colcon.colcon_core.shell:Creating package script '/home/developer/ros2_ws/install/realsense2_description/share/realsense2_description/package.bash'
[1.636s] INFO:colcon.colcon_core.shell:Creating package script '/home/developer/ros2_ws/install/realsense2_description/share/realsense2_description/package.zsh'
[1.637s] Level 1:colcon.colcon_core.environment:create_file_with_runtime_dependencies(/home/developer/ros2_ws/install/realsense2_description/share/colcon-core/packages/realsense2_description)
[1.638s] Level 1:colcon.colcon_core.environment:create_environment_scripts_only(realsense2_description)
[1.638s] Level 1:colcon.colcon_core.environment:checking '/home/developer/ros2_ws/install/realsense2_description' for CMake module files
[1.639s] Level 1:colcon.colcon_core.environment:checking '/home/developer/ros2_ws/install/realsense2_description' for CMake config files
[1.639s] Level 1:colcon.colcon_core.shell:create_environment_hook('realsense2_description', 'cmake_prefix_path')
[1.640s] INFO:colcon.colcon_core.shell:Creating environment hook '/home/developer/ros2_ws/install/realsense2_description/share/realsense2_description/hook/cmake_prefix_path.ps1'
[1.640s] INFO:colcon.colcon_core.shell:Creating environment descriptor '/home/developer/ros2_ws/install/realsense2_description/share/realsense2_description/hook/cmake_prefix_path.dsv'
[1.641s] INFO:colcon.colcon_core.shell:Creating environment hook '/home/developer/ros2_ws/install/realsense2_description/share/realsense2_description/hook/cmake_prefix_path.sh'
[1.642s] Level 1:colcon.colcon_core.environment:checking '/home/developer/ros2_ws/install/realsense2_description/bin'
[1.642s] Level 1:colcon.colcon_core.environment:checking '/home/developer/ros2_ws/install/realsense2_description/lib/pkgconfig/realsense2_description.pc'
[1.642s] Level 1:colcon.colcon_core.environment:checking '/home/developer/ros2_ws/install/realsense2_description/lib/python3.10/site-packages'
[1.643s] Level 1:colcon.colcon_core.environment:checking '/home/developer/ros2_ws/install/realsense2_description/bin'
[1.643s] INFO:colcon.colcon_core.shell:Creating package script '/home/developer/ros2_ws/install/realsense2_description/share/realsense2_description/package.ps1'
[1.644s] INFO:colcon.colcon_core.shell:Creating package descriptor '/home/developer/ros2_ws/install/realsense2_description/share/realsense2_description/package.dsv'
[1.645s] INFO:colcon.colcon_core.shell:Creating package script '/home/developer/ros2_ws/install/realsense2_description/share/realsense2_description/package.sh'
[1.646s] INFO:colcon.colcon_core.shell:Creating package script '/home/developer/ros2_ws/install/realsense2_description/share/realsense2_description/package.bash'
[1.646s] INFO:colcon.colcon_core.shell:Creating package script '/home/developer/ros2_ws/install/realsense2_description/share/realsense2_description/package.zsh'
[1.647s] Level 1:colcon.colcon_core.environment:create_file_with_runtime_dependencies(/home/developer/ros2_ws/install/realsense2_description/share/colcon-core/packages/realsense2_description)
[1.686s] DEBUG:colcon.colcon_core.event_handler.log_command:Invoked command in '/home/developer/ros2_ws/build/realsense2_camera' returned '0': CMAKE_PREFIX_PATH=/home/developer/ros2_ws/install/realsense2_camera_msgs:/home/developer/ros2_cntrl_ws/install/ros2_control_demos:/home/developer/ros2_cntrl_ws/install/ros2_control_demo_example_9:/home/developer/ros2_cntrl_ws/install/ros2_control_demo_example_8:/home/developer/ros2_cntrl_ws/install/ros2_control_demo_example_7:/home/developer/ros2_cntrl_ws/install/ros2_control_demo_example_6:/home/developer/ros2_cntrl_ws/install/ros2_control_demo_example_15:/home/developer/ros2_cntrl_ws/install/ros2_control_demo_example_13:/home/developer/ros2_cntrl_ws/install/ros2_control_demo_example_5:/home/developer/ros2_cntrl_ws/install/ros2_control_demo_example_4:/home/developer/ros2_cntrl_ws/install/ros2_control_demo_example_3:/home/developer/ros2_cntrl_ws/install/ros2_control_demo_example_2:/home/developer/ros2_cntrl_ws/install/ros2_control_demo_example_14:/home/developer/ros2_cntrl_ws/install/ros2_control_demo_example_12:/home/developer/ros2_cntrl_ws/install/ros2_control_demo_example_11:/home/developer/ros2_cntrl_ws/install/ros2_control_demo_example_10:/home/developer/ros2_cntrl_ws/install/ros2_control_demo_example_1:/home/developer/ros2_cntrl_ws/install/ros2_control_demo_description:/home/developer/ros2_ws/install/realsense2_description:/home/developer/ros2_ws/install/realsense2_camera:/home/developer/ros2_ws/install/golf_cart_description:/home/developer/turtlebot3_ws/install/turtlebot3_simulations:/home/developer/turtlebot3_ws/install/turtlebot3_manipulation_gazebo:/home/developer/turtlebot3_ws/install/turtlebot3_gazebo:/home/developer/turtlebot3_ws/install/turtlebot3_fake_node:/opt/ros/humble LD_LIBRARY_PATH=/home/developer/ros2_ws/install/realsense2_camera_msgs/lib:/home/developer/ros2_cntrl_ws/install/ros2_control_demo_example_9/lib:/home/developer/ros2_cntrl_ws/install/ros2_control_demo_example_8/lib:/home/developer/ros2_cntrl_ws/install/ros2_control_demo_example_7/lib:/home/developer/ros2_cntrl_ws/install/ros2_control_demo_example_6/lib:/home/developer/ros2_cntrl_ws/install/ros2_control_demo_example_5/lib:/home/developer/ros2_cntrl_ws/install/ros2_control_demo_example_4/lib:/home/developer/ros2_cntrl_ws/install/ros2_control_demo_example_3/lib:/home/developer/ros2_cntrl_ws/install/ros2_control_demo_example_2/lib:/home/developer/ros2_cntrl_ws/install/ros2_control_demo_example_14/lib:/home/developer/ros2_cntrl_ws/install/ros2_control_demo_example_12/lib:/home/developer/ros2_cntrl_ws/install/ros2_control_demo_example_11/lib:/home/developer/ros2_cntrl_ws/install/ros2_control_demo_example_10/lib:/home/developer/ros2_cntrl_ws/install/ros2_control_demo_example_1/lib:/home/developer/ros2_ws/install/realsense2_camera/lib:/usr/lib/x86_64-linux-gnu/gazebo-11/plugins:/opt/ros/humble/opt/rviz_ogre_vendor/lib:/opt/ros/humble/lib/x86_64-linux-gnu:/opt/ros/humble/lib /usr/bin/cmake --build /home/developer/ros2_ws/build/realsense2_camera -- -j4 -l4
[1.688s] DEBUG:colcon.colcon_core.event_handler.log_command:Invoking command in '/home/developer/ros2_ws/build/realsense2_camera': CMAKE_PREFIX_PATH=/home/developer/ros2_ws/install/realsense2_camera_msgs:/home/developer/ros2_cntrl_ws/install/ros2_control_demos:/home/developer/ros2_cntrl_ws/install/ros2_control_demo_example_9:/home/developer/ros2_cntrl_ws/install/ros2_control_demo_example_8:/home/developer/ros2_cntrl_ws/install/ros2_control_demo_example_7:/home/developer/ros2_cntrl_ws/install/ros2_control_demo_example_6:/home/developer/ros2_cntrl_ws/install/ros2_control_demo_example_15:/home/developer/ros2_cntrl_ws/install/ros2_control_demo_example_13:/home/developer/ros2_cntrl_ws/install/ros2_control_demo_example_5:/home/developer/ros2_cntrl_ws/install/ros2_control_demo_example_4:/home/developer/ros2_cntrl_ws/install/ros2_control_demo_example_3:/home/developer/ros2_cntrl_ws/install/ros2_control_demo_example_2:/home/developer/ros2_cntrl_ws/install/ros2_control_demo_example_14:/home/developer/ros2_cntrl_ws/install/ros2_control_demo_example_12:/home/developer/ros2_cntrl_ws/install/ros2_control_demo_example_11:/home/developer/ros2_cntrl_ws/install/ros2_control_demo_example_10:/home/developer/ros2_cntrl_ws/install/ros2_control_demo_example_1:/home/developer/ros2_cntrl_ws/install/ros2_control_demo_description:/home/developer/ros2_ws/install/realsense2_description:/home/developer/ros2_ws/install/realsense2_camera:/home/developer/ros2_ws/install/golf_cart_description:/home/developer/turtlebot3_ws/install/turtlebot3_simulations:/home/developer/turtlebot3_ws/install/turtlebot3_manipulation_gazebo:/home/developer/turtlebot3_ws/install/turtlebot3_gazebo:/home/developer/turtlebot3_ws/install/turtlebot3_fake_node:/opt/ros/humble LD_LIBRARY_PATH=/home/developer/ros2_ws/install/realsense2_camera_msgs/lib:/home/developer/ros2_cntrl_ws/install/ros2_control_demo_example_9/lib:/home/developer/ros2_cntrl_ws/install/ros2_control_demo_example_8/lib:/home/developer/ros2_cntrl_ws/install/ros2_control_demo_example_7/lib:/home/developer/ros2_cntrl_ws/install/ros2_control_demo_example_6/lib:/home/developer/ros2_cntrl_ws/install/ros2_control_demo_example_5/lib:/home/developer/ros2_cntrl_ws/install/ros2_control_demo_example_4/lib:/home/developer/ros2_cntrl_ws/install/ros2_control_demo_example_3/lib:/home/developer/ros2_cntrl_ws/install/ros2_control_demo_example_2/lib:/home/developer/ros2_cntrl_ws/install/ros2_control_demo_example_14/lib:/home/developer/ros2_cntrl_ws/install/ros2_control_demo_example_12/lib:/home/developer/ros2_cntrl_ws/install/ros2_control_demo_example_11/lib:/home/developer/ros2_cntrl_ws/install/ros2_control_demo_example_10/lib:/home/developer/ros2_cntrl_ws/install/ros2_control_demo_example_1/lib:/home/developer/ros2_ws/install/realsense2_camera/lib:/usr/lib/x86_64-linux-gnu/gazebo-11/plugins:/opt/ros/humble/opt/rviz_ogre_vendor/lib:/opt/ros/humble/lib/x86_64-linux-gnu:/opt/ros/humble/lib /usr/bin/cmake --install /home/developer/ros2_ws/build/realsense2_camera
[1.710s] Level 1:colcon.colcon_core.environment:create_environment_scripts_only(realsense2_camera)
[1.711s] Level 1:colcon.colcon_core.environment:checking '/home/developer/ros2_ws/install/realsense2_camera' for CMake module files
[1.712s] DEBUG:colcon.colcon_core.event_handler.log_command:Invoked command in '/home/developer/ros2_ws/build/realsense2_camera' returned '0': CMAKE_PREFIX_PATH=/home/developer/ros2_ws/install/realsense2_camera_msgs:/home/developer/ros2_cntrl_ws/install/ros2_control_demos:/home/developer/ros2_cntrl_ws/install/ros2_control_demo_example_9:/home/developer/ros2_cntrl_ws/install/ros2_control_demo_example_8:/home/developer/ros2_cntrl_ws/install/ros2_control_demo_example_7:/home/developer/ros2_cntrl_ws/install/ros2_control_demo_example_6:/home/developer/ros2_cntrl_ws/install/ros2_control_demo_example_15:/home/developer/ros2_cntrl_ws/install/ros2_control_demo_example_13:/home/developer/ros2_cntrl_ws/install/ros2_control_demo_example_5:/home/developer/ros2_cntrl_ws/install/ros2_control_demo_example_4:/home/developer/ros2_cntrl_ws/install/ros2_control_demo_example_3:/home/developer/ros2_cntrl_ws/install/ros2_control_demo_example_2:/home/developer/ros2_cntrl_ws/install/ros2_control_demo_example_14:/home/developer/ros2_cntrl_ws/install/ros2_control_demo_example_12:/home/developer/ros2_cntrl_ws/install/ros2_control_demo_example_11:/home/developer/ros2_cntrl_ws/install/ros2_control_demo_example_10:/home/developer/ros2_cntrl_ws/install/ros2_control_demo_example_1:/home/developer/ros2_cntrl_ws/install/ros2_control_demo_description:/home/developer/ros2_ws/install/realsense2_description:/home/developer/ros2_ws/install/realsense2_camera:/home/developer/ros2_ws/install/golf_cart_description:/home/developer/turtlebot3_ws/install/turtlebot3_simulations:/home/developer/turtlebot3_ws/install/turtlebot3_manipulation_gazebo:/home/developer/turtlebot3_ws/install/turtlebot3_gazebo:/home/developer/turtlebot3_ws/install/turtlebot3_fake_node:/opt/ros/humble LD_LIBRARY_PATH=/home/developer/ros2_ws/install/realsense2_camera_msgs/lib:/home/developer/ros2_cntrl_ws/install/ros2_control_demo_example_9/lib:/home/developer/ros2_cntrl_ws/install/ros2_control_demo_example_8/lib:/home/developer/ros2_cntrl_ws/install/ros2_control_demo_example_7/lib:/home/developer/ros2_cntrl_ws/install/ros2_control_demo_example_6/lib:/home/developer/ros2_cntrl_ws/install/ros2_control_demo_example_5/lib:/home/developer/ros2_cntrl_ws/install/ros2_control_demo_example_4/lib:/home/developer/ros2_cntrl_ws/install/ros2_control_demo_example_3/lib:/home/developer/ros2_cntrl_ws/install/ros2_control_demo_example_2/lib:/home/developer/ros2_cntrl_ws/install/ros2_control_demo_example_14/lib:/home/developer/ros2_cntrl_ws/install/ros2_control_demo_example_12/lib:/home/developer/ros2_cntrl_ws/install/ros2_control_demo_example_11/lib:/home/developer/ros2_cntrl_ws/install/ros2_control_demo_example_10/lib:/home/developer/ros2_cntrl_ws/install/ros2_control_demo_example_1/lib:/home/developer/ros2_ws/install/realsense2_camera/lib:/usr/lib/x86_64-linux-gnu/gazebo-11/plugins:/opt/ros/humble/opt/rviz_ogre_vendor/lib:/opt/ros/humble/lib/x86_64-linux-gnu:/opt/ros/humble/lib /usr/bin/cmake --install /home/developer/ros2_ws/build/realsense2_camera
[1.712s] Level 1:colcon.colcon_core.environment:checking '/home/developer/ros2_ws/install/realsense2_camera' for CMake config files
[1.713s] Level 1:colcon.colcon_core.shell:create_environment_hook('realsense2_camera', 'cmake_prefix_path')
[1.713s] INFO:colcon.colcon_core.shell:Creating environment hook '/home/developer/ros2_ws/install/realsense2_camera/share/realsense2_camera/hook/cmake_prefix_path.ps1'
[1.714s] INFO:colcon.colcon_core.shell:Creating environment descriptor '/home/developer/ros2_ws/install/realsense2_camera/share/realsense2_camera/hook/cmake_prefix_path.dsv'
[1.714s] INFO:colcon.colcon_core.shell:Creating environment hook '/home/developer/ros2_ws/install/realsense2_camera/share/realsense2_camera/hook/cmake_prefix_path.sh'
[1.715s] Level 1:colcon.colcon_core.environment:checking '/home/developer/ros2_ws/install/realsense2_camera/lib'
[1.715s] Level 1:colcon.colcon_core.shell:create_environment_hook('realsense2_camera', 'ld_library_path_lib')
[1.715s] INFO:colcon.colcon_core.shell:Creating environment hook '/home/developer/ros2_ws/install/realsense2_camera/share/realsense2_camera/hook/ld_library_path_lib.ps1'
[1.716s] INFO:colcon.colcon_core.shell:Creating environment descriptor '/home/developer/ros2_ws/install/realsense2_camera/share/realsense2_camera/hook/ld_library_path_lib.dsv'
[1.716s] INFO:colcon.colcon_core.shell:Creating environment hook '/home/developer/ros2_ws/install/realsense2_camera/share/realsense2_camera/hook/ld_library_path_lib.sh'
[1.717s] Level 1:colcon.colcon_core.environment:checking '/home/developer/ros2_ws/install/realsense2_camera/bin'
[1.717s] Level 1:colcon.colcon_core.environment:checking '/home/developer/ros2_ws/install/realsense2_camera/lib/pkgconfig/realsense2_camera.pc'
[1.717s] Level 1:colcon.colcon_core.environment:checking '/home/developer/ros2_ws/install/realsense2_camera/lib/python3.10/site-packages'
[1.718s] Level 1:colcon.colcon_core.environment:checking '/home/developer/ros2_ws/install/realsense2_camera/bin'
[1.718s] INFO:colcon.colcon_core.shell:Creating package script '/home/developer/ros2_ws/install/realsense2_camera/share/realsense2_camera/package.ps1'
[1.719s] INFO:colcon.colcon_core.shell:Creating package descriptor '/home/developer/ros2_ws/install/realsense2_camera/share/realsense2_camera/package.dsv'
[1.720s] INFO:colcon.colcon_core.shell:Creating package script '/home/developer/ros2_ws/install/realsense2_camera/share/realsense2_camera/package.sh'
[1.720s] INFO:colcon.colcon_core.shell:Creating package script '/home/developer/ros2_ws/install/realsense2_camera/share/realsense2_camera/package.bash'
[1.721s] INFO:colcon.colcon_core.shell:Creating package script '/home/developer/ros2_ws/install/realsense2_camera/share/realsense2_camera/package.zsh'
[1.722s] Level 1:colcon.colcon_core.environment:create_file_with_runtime_dependencies(/home/developer/ros2_ws/install/realsense2_camera/share/colcon-core/packages/realsense2_camera)
[1.722s] Level 1:colcon.colcon_core.environment:create_environment_scripts_only(realsense2_camera)
[1.723s] Level 1:colcon.colcon_core.environment:checking '/home/developer/ros2_ws/install/realsense2_camera' for CMake module files
[1.723s] Level 1:colcon.colcon_core.environment:checking '/home/developer/ros2_ws/install/realsense2_camera' for CMake config files
[1.724s] Level 1:colcon.colcon_core.shell:create_environment_hook('realsense2_camera', 'cmake_prefix_path')
[1.724s] INFO:colcon.colcon_core.shell:Creating environment hook '/home/developer/ros2_ws/install/realsense2_camera/share/realsense2_camera/hook/cmake_prefix_path.ps1'
[1.725s] INFO:colcon.colcon_core.shell:Creating environment descriptor '/home/developer/ros2_ws/install/realsense2_camera/share/realsense2_camera/hook/cmake_prefix_path.dsv'
[1.725s] INFO:colcon.colcon_core.shell:Creating environment hook '/home/developer/ros2_ws/install/realsense2_camera/share/realsense2_camera/hook/cmake_prefix_path.sh'
[1.726s] Level 1:colcon.colcon_core.environment:checking '/home/developer/ros2_ws/install/realsense2_camera/lib'
[1.726s] Level 1:colcon.colcon_core.shell:create_environment_hook('realsense2_camera', 'ld_library_path_lib')
[1.727s] INFO:colcon.colcon_core.shell:Creating environment hook '/home/developer/ros2_ws/install/realsense2_camera/share/realsense2_camera/hook/ld_library_path_lib.ps1'
[1.728s] INFO:colcon.colcon_core.shell:Creating environment descriptor '/home/developer/ros2_ws/install/realsense2_camera/share/realsense2_camera/hook/ld_library_path_lib.dsv'
[1.728s] INFO:colcon.colcon_core.shell:Creating environment hook '/home/developer/ros2_ws/install/realsense2_camera/share/realsense2_camera/hook/ld_library_path_lib.sh'
[1.729s] Level 1:colcon.colcon_core.environment:checking '/home/developer/ros2_ws/install/realsense2_camera/bin'
[1.729s] Level 1:colcon.colcon_core.environment:checking '/home/developer/ros2_ws/install/realsense2_camera/lib/pkgconfig/realsense2_camera.pc'
[1.729s] Level 1:colcon.colcon_core.environment:checking '/home/developer/ros2_ws/install/realsense2_camera/lib/python3.10/site-packages'
[1.730s] Level 1:colcon.colcon_core.environment:checking '/home/developer/ros2_ws/install/realsense2_camera/bin'
[1.730s] INFO:colcon.colcon_core.shell:Creating package script '/home/developer/ros2_ws/install/realsense2_camera/share/realsense2_camera/package.ps1'
[1.732s] INFO:colcon.colcon_core.shell:Creating package descriptor '/home/developer/ros2_ws/install/realsense2_camera/share/realsense2_camera/package.dsv'
[1.732s] INFO:colcon.colcon_core.shell:Creating package script '/home/developer/ros2_ws/install/realsense2_camera/share/realsense2_camera/package.sh'
[1.733s] INFO:colcon.colcon_core.shell:Creating package script '/home/developer/ros2_ws/install/realsense2_camera/share/realsense2_camera/package.bash'
[1.734s] INFO:colcon.colcon_core.shell:Creating package script '/home/developer/ros2_ws/install/realsense2_camera/share/realsense2_camera/package.zsh'
[1.734s] Level 1:colcon.colcon_core.environment:create_file_with_runtime_dependencies(/home/developer/ros2_ws/install/realsense2_camera/share/colcon-core/packages/realsense2_camera)
[1.735s] DEBUG:colcon.colcon_parallel_executor.executor.parallel:closing loop
[1.735s] DEBUG:colcon.colcon_parallel_executor.executor.parallel:loop closed
[1.735s] DEBUG:colcon.colcon_parallel_executor.executor.parallel:run_until_complete finished with '0'
[1.735s] DEBUG:colcon.colcon_core.event_reactor:joining thread
[1.743s] INFO:colcon.colcon_core.plugin_system:Skipping extension 'colcon_notification.desktop_notification.terminal_notifier': Not used on non-Darwin systems
[1.744s] INFO:colcon.colcon_core.plugin_system:Skipping extension 'colcon_notification.desktop_notification.win32': Not used on non-Windows systems
[1.744s] INFO:colcon.colcon_notification.desktop_notification:Sending desktop notification using 'notify2'
[1.763s] DEBUG:colcon.colcon_core.event_reactor:joined thread
[1.764s] INFO:colcon.colcon_core.shell:Creating prefix script '/home/developer/ros2_ws/install/local_setup.ps1'
[1.766s] INFO:colcon.colcon_core.shell:Creating prefix util module '/home/developer/ros2_ws/install/_local_setup_util_ps1.py'
[1.772s] INFO:colcon.colcon_core.shell:Creating prefix chain script '/home/developer/ros2_ws/install/setup.ps1'
[1.777s] INFO:colcon.colcon_core.shell:Creating prefix script '/home/developer/ros2_ws/install/local_setup.sh'
[1.779s] INFO:colcon.colcon_core.shell:Creating prefix util module '/home/developer/ros2_ws/install/_local_setup_util_sh.py'
[1.780s] INFO:colcon.colcon_core.shell:Creating prefix chain script '/home/developer/ros2_ws/install/setup.sh'
[1.784s] INFO:colcon.colcon_core.shell:Creating prefix script '/home/developer/ros2_ws/install/local_setup.bash'
[1.785s] INFO:colcon.colcon_core.shell:Creating prefix chain script '/home/developer/ros2_ws/install/setup.bash'
[1.790s] INFO:colcon.colcon_core.shell:Creating prefix script '/home/developer/ros2_ws/install/local_setup.zsh'
[1.791s] INFO:colcon.colcon_core.shell:Creating prefix chain script '/home/developer/ros2_ws/install/setup.zsh'
