[0.027s] Invoking command in '/home/developer/ros2_ws/build/realsense2_description': AMENT_PREFIX_PATH=/home/developer/ros2_ws/install/realsense2_camera_msgs:${AMENT_PREFIX_PATH} CMAKE_PREFIX_PATH=/home/developer/ros2_ws/install/realsense2_camera_msgs:/opt/ros/humble LD_LIBRARY_PATH=/home/developer/ros2_ws/install/realsense2_camera_msgs/lib:${LD_LIBRARY_PATH} PYTHONPATH=/home/developer/ros2_ws/install/realsense2_camera_msgs/local/lib/python3.10/dist-packages:${PYTHONPATH} /usr/bin/cmake --build /home/developer/ros2_ws/build/realsense2_description -- -j6 -l6
[0.066s] -- Found ament_cmake: 1.3.12 (/opt/ros/humble/share/ament_cmake/cmake)
[0.658s] -- Configuring done
[0.664s] -- Generating done
[0.667s] -- Build files have been written to: /home/developer/ros2_ws/build/realsense2_description
[0.708s] Invoked command in '/home/developer/ros2_ws/build/realsense2_description' returned '0': AMENT_PREFIX_PATH=/home/developer/ros2_ws/install/realsense2_camera_msgs:${AMENT_PREFIX_PATH} CMAKE_PREFIX_PATH=/home/developer/ros2_ws/install/realsense2_camera_msgs:/opt/ros/humble LD_LIBRARY_PATH=/home/developer/ros2_ws/install/realsense2_camera_msgs/lib:${LD_LIBRARY_PATH} PYTHONPATH=/home/developer/ros2_ws/install/realsense2_camera_msgs/local/lib/python3.10/dist-packages:${PYTHONPATH} /usr/bin/cmake --build /home/developer/ros2_ws/build/realsense2_description -- -j6 -l6
[0.711s] Invoking command in '/home/developer/ros2_ws/build/realsense2_description': AMENT_PREFIX_PATH=/home/developer/ros2_ws/install/realsense2_camera_msgs:${AMENT_PREFIX_PATH} CMAKE_PREFIX_PATH=/home/developer/ros2_ws/install/realsense2_camera_msgs:/opt/ros/humble LD_LIBRARY_PATH=/home/developer/ros2_ws/install/realsense2_camera_msgs/lib:${LD_LIBRARY_PATH} PYTHONPATH=/home/developer/ros2_ws/install/realsense2_camera_msgs/local/lib/python3.10/dist-packages:${PYTHONPATH} /usr/bin/cmake --install /home/developer/ros2_ws/build/realsense2_description
[0.725s] -- Install configuration: ""
[0.726s] -- Up-to-date: /home/developer/ros2_ws/install/realsense2_description/share/realsense2_description/launch
[0.726s] -- Up-to-date: /home/developer/ros2_ws/install/realsense2_description/share/realsense2_description/launch/view_model.launch.py
[0.726s] -- Up-to-date: /home/developer/ros2_ws/install/realsense2_description/share/realsense2_description/launch/launch_utils.py
[0.726s] -- Up-to-date: /home/developer/ros2_ws/install/realsense2_description/share/realsense2_description/meshes
[0.727s] -- Up-to-date: /home/developer/ros2_ws/install/realsense2_description/share/realsense2_description/meshes/d455.stl
[0.727s] -- Up-to-date: /home/developer/ros2_ws/install/realsense2_description/share/realsense2_description/meshes/d405.stl
[0.727s] -- Up-to-date: /home/developer/ros2_ws/install/realsense2_description/share/realsense2_description/meshes/d415.stl
[0.727s] -- Up-to-date: /home/developer/ros2_ws/install/realsense2_description/share/realsense2_description/meshes/plug_collision.stl
[0.727s] -- Up-to-date: /home/developer/ros2_ws/install/realsense2_description/share/realsense2_description/meshes/l515.dae
[0.728s] -- Up-to-date: /home/developer/ros2_ws/install/realsense2_description/share/realsense2_description/meshes/d435.dae
[0.728s] -- Up-to-date: /home/developer/ros2_ws/install/realsense2_description/share/realsense2_description/meshes/plug.stl
[0.728s] -- Up-to-date: /home/developer/ros2_ws/install/realsense2_description/share/realsense2_description/rviz
[0.728s] -- Up-to-date: /home/developer/ros2_ws/install/realsense2_description/share/realsense2_description/rviz/urdf.rviz
[0.728s] -- Up-to-date: /home/developer/ros2_ws/install/realsense2_description/share/realsense2_description/urdf
[0.728s] -- Up-to-date: /home/developer/ros2_ws/install/realsense2_description/share/realsense2_description/urdf/_usb_plug.urdf.xacro
[0.728s] -- Up-to-date: /home/developer/ros2_ws/install/realsense2_description/share/realsense2_description/urdf/_materials.urdf.xacro
[0.729s] -- Up-to-date: /home/developer/ros2_ws/install/realsense2_description/share/realsense2_description/urdf/_d435.urdf.xacro
[0.729s] -- Up-to-date: /home/developer/ros2_ws/install/realsense2_description/share/realsense2_description/urdf/_d455.urdf.xacro
[0.729s] -- Up-to-date: /home/developer/ros2_ws/install/realsense2_description/share/realsense2_description/urdf/test_r430_camera.urdf.xacro
[0.729s] -- Up-to-date: /home/developer/ros2_ws/install/realsense2_description/share/realsense2_description/urdf/_d435i.urdf.xacro
[0.729s] -- Up-to-date: /home/developer/ros2_ws/install/realsense2_description/share/realsense2_description/urdf/_r410.urdf.xacro
[0.729s] -- Up-to-date: /home/developer/ros2_ws/install/realsense2_description/share/realsense2_description/urdf/test_d455_camera.urdf.xacro
[0.729s] -- Up-to-date: /home/developer/ros2_ws/install/realsense2_description/share/realsense2_description/urdf/test_d405_camera.urdf.xacro
[0.729s] -- Up-to-date: /home/developer/ros2_ws/install/realsense2_description/share/realsense2_description/urdf/test_d415_camera.urdf.xacro
[0.729s] -- Up-to-date: /home/developer/ros2_ws/install/realsense2_description/share/realsense2_description/urdf/_d435i_imu_modules.urdf.xacro
[0.730s] -- Up-to-date: /home/developer/ros2_ws/install/realsense2_description/share/realsense2_description/urdf/_d405.urdf.xacro
[0.730s] -- Up-to-date: /home/developer/ros2_ws/install/realsense2_description/share/realsense2_description/urdf/test_d435_multiple_cameras.urdf.xacro
[0.730s] -- Up-to-date: /home/developer/ros2_ws/install/realsense2_description/share/realsense2_description/urdf/test_r410_camera.urdf.xacro
[0.730s] -- Up-to-date: /home/developer/ros2_ws/install/realsense2_description/share/realsense2_description/urdf/test_d435i_camera.urdf.xacro
[0.730s] -- Up-to-date: /home/developer/ros2_ws/install/realsense2_description/share/realsense2_description/urdf/test_d435_camera.urdf.xacro
[0.730s] -- Up-to-date: /home/developer/ros2_ws/install/realsense2_description/share/realsense2_description/urdf/_r430.urdf.xacro
[0.730s] -- Up-to-date: /home/developer/ros2_ws/install/realsense2_description/share/realsense2_description/urdf/_d415.urdf.xacro
[0.730s] -- Up-to-date: /home/developer/ros2_ws/install/realsense2_description/share/ament_index/resource_index/package_run_dependencies/realsense2_description
[0.730s] -- Up-to-date: /home/developer/ros2_ws/install/realsense2_description/share/ament_index/resource_index/parent_prefix_path/realsense2_description
[0.731s] -- Up-to-date: /home/developer/ros2_ws/install/realsense2_description/share/realsense2_description/environment/ament_prefix_path.sh
[0.731s] -- Installing: /home/developer/ros2_ws/install/realsense2_description/share/realsense2_description/environment/ament_prefix_path.dsv
[0.733s] -- Up-to-date: /home/developer/ros2_ws/install/realsense2_description/share/realsense2_description/environment/path.sh
[0.733s] -- Installing: /home/developer/ros2_ws/install/realsense2_description/share/realsense2_description/environment/path.dsv
[0.733s] -- Up-to-date: /home/developer/ros2_ws/install/realsense2_description/share/realsense2_description/local_setup.bash
[0.734s] -- Up-to-date: /home/developer/ros2_ws/install/realsense2_description/share/realsense2_description/local_setup.sh
[0.734s] -- Up-to-date: /home/developer/ros2_ws/install/realsense2_description/share/realsense2_description/local_setup.zsh
[0.734s] -- Installing: /home/developer/ros2_ws/install/realsense2_description/share/realsense2_description/local_setup.dsv
[0.734s] -- Installing: /home/developer/ros2_ws/install/realsense2_description/share/realsense2_description/package.dsv
[0.734s] -- Up-to-date: /home/developer/ros2_ws/install/realsense2_description/share/ament_index/resource_index/packages/realsense2_description
[0.735s] -- Up-to-date: /home/developer/ros2_ws/install/realsense2_description/share/realsense2_description/cmake/realsense2_descriptionConfig.cmake
[0.735s] -- Up-to-date: /home/developer/ros2_ws/install/realsense2_description/share/realsense2_description/cmake/realsense2_descriptionConfig-version.cmake
[0.735s] -- Up-to-date: /home/developer/ros2_ws/install/realsense2_description/share/realsense2_description/package.xml
[0.736s] Invoked command in '/home/developer/ros2_ws/build/realsense2_description' returned '0': AMENT_PREFIX_PATH=/home/developer/ros2_ws/install/realsense2_camera_msgs:${AMENT_PREFIX_PATH} CMAKE_PREFIX_PATH=/home/developer/ros2_ws/install/realsense2_camera_msgs:/opt/ros/humble LD_LIBRARY_PATH=/home/developer/ros2_ws/install/realsense2_camera_msgs/lib:${LD_LIBRARY_PATH} PYTHONPATH=/home/developer/ros2_ws/install/realsense2_camera_msgs/local/lib/python3.10/dist-packages:${PYTHONPATH} /usr/bin/cmake --install /home/developer/ros2_ws/build/realsense2_description
