[0.041s] Invoking command in '/home/developer/ros2_ws/build/golf_cart_description': CMAKE_PREFIX_PATH=${CMAKE_PREFIX_PATH}:/home/developer/ros2_ws/install/golf_cart_nav2:/opt/ros/humble /usr/bin/cmake --build /home/developer/ros2_ws/build/golf_cart_description -- -j4 -l4
[0.560s] Invoked command in '/home/developer/ros2_ws/build/golf_cart_description' returned '0': CMAKE_PREFIX_PATH=${CMAKE_PREFIX_PATH}:/home/developer/ros2_ws/install/golf_cart_nav2:/opt/ros/humble /usr/bin/cmake --build /home/developer/ros2_ws/build/golf_cart_description -- -j4 -l4
[0.576s] Invoking command in '/home/developer/ros2_ws/build/golf_cart_description': CMAKE_PREFIX_PATH=${CMAKE_PREFIX_PATH}:/home/developer/ros2_ws/install/golf_cart_nav2:/opt/ros/humble /usr/bin/cmake --install /home/developer/ros2_ws/build/golf_cart_description
[0.591s] -- Install configuration: ""
[0.593s] -- Execute custom install script
[0.595s] -- Up-to-date symlink: /home/developer/ros2_ws/install/golf_cart_description/share/golf_cart_description/launch/display.launch.py
[0.595s] -- Up-to-date symlink: /home/developer/ros2_ws/install/golf_cart_description/share/golf_cart_description/launch/gazebo.launch.py
[0.596s] -- Up-to-date symlink: /home/developer/ros2_ws/install/golf_cart_description/share/golf_cart_description/launch/new_gazebo.launch.py
[0.597s] -- Up-to-date symlink: /home/developer/ros2_ws/install/golf_cart_description/share/golf_cart_description/launch/sim.launch.py
[0.597s] -- Up-to-date symlink: /home/developer/ros2_ws/install/golf_cart_description/share/golf_cart_description/launch/teleop_ackermann.launch.py
[0.598s] -- Up-to-date symlink: /home/developer/ros2_ws/install/golf_cart_description/share/golf_cart_description/urdf/Golf_cart_my/model.config
[0.598s] -- Up-to-date symlink: /home/developer/ros2_ws/install/golf_cart_description/share/golf_cart_description/urdf/Golf_cart_my/model.sdf
[0.598s] -- Up-to-date symlink: /home/developer/ros2_ws/install/golf_cart_description/share/golf_cart_description/urdf/Golf_cart_my/model.urdf
[0.599s] -- Symlinking: /home/developer/ros2_ws/install/golf_cart_description/share/golf_cart_description/urdf/_d455.urdf.xacro
[0.618s] -- Up-to-date symlink: /home/developer/ros2_ws/install/golf_cart_description/share/golf_cart_description/urdf/carlikebot_description.urdf.xacro
[0.618s] -- Symlinking: /home/developer/ros2_ws/install/golf_cart_description/share/golf_cart_description/urdf/d455.urdf
[0.639s] -- Up-to-date symlink: /home/developer/ros2_ws/install/golf_cart_description/share/golf_cart_description/urdf/gazebo.xacro
[0.639s] -- Up-to-date symlink: /home/developer/ros2_ws/install/golf_cart_description/share/golf_cart_description/urdf/golf_cart.urdf
[0.639s] -- Up-to-date symlink: /home/developer/ros2_ws/install/golf_cart_description/share/golf_cart_description/urdf/golf_cart.urdf.xacro
[0.640s] -- Up-to-date symlink: /home/developer/ros2_ws/install/golf_cart_description/share/golf_cart_description/urdf/golf_cart2.urdf
[0.640s] -- Up-to-date symlink: /home/developer/ros2_ws/install/golf_cart_description/share/golf_cart_description/urdf/golf_cart2.urdf.xacro
[0.641s] -- Up-to-date symlink: /home/developer/ros2_ws/install/golf_cart_description/share/golf_cart_description/urdf/golf_cart3.urdf
[0.641s] -- Up-to-date symlink: /home/developer/ros2_ws/install/golf_cart_description/share/golf_cart_description/urdf/golf_cart3.urdf.xacro
[0.641s] -- Up-to-date symlink: /home/developer/ros2_ws/install/golf_cart_description/share/golf_cart_description/urdf/golf_cart_ackermann.urdf
[0.642s] -- Up-to-date symlink: /home/developer/ros2_ws/install/golf_cart_description/share/golf_cart_description/urdf/golf_cart_ackermann.xacro
[0.642s] -- Up-to-date symlink: /home/developer/ros2_ws/install/golf_cart_description/share/golf_cart_description/urdf/golfcar_new.xacro
[0.642s] -- Up-to-date symlink: /home/developer/ros2_ws/install/golf_cart_description/share/golf_cart_description/urdf/test.urdf
[0.643s] -- Symlinking: /home/developer/ros2_ws/install/golf_cart_description/share/golf_cart_description/urdf/test_d455_camera.urdf.xacro
[0.662s] -- Up-to-date symlink: /home/developer/ros2_ws/install/golf_cart_description/share/golf_cart_description/config/ackermann2.yaml
[0.663s] -- Up-to-date symlink: /home/developer/ros2_ws/install/golf_cart_description/share/golf_cart_description/config/ackermann_controller.yaml
[0.664s] -- Up-to-date symlink: /home/developer/ros2_ws/install/golf_cart_description/share/ament_index/resource_index/package_run_dependencies/golf_cart_description
[0.665s] -- Up-to-date symlink: /home/developer/ros2_ws/install/golf_cart_description/share/ament_index/resource_index/parent_prefix_path/golf_cart_description
[0.665s] -- Up-to-date symlink: /home/developer/ros2_ws/install/golf_cart_description/share/golf_cart_description/environment/ament_prefix_path.sh
[0.666s] -- Up-to-date symlink: /home/developer/ros2_ws/install/golf_cart_description/share/golf_cart_description/environment/ament_prefix_path.dsv
[0.666s] -- Up-to-date symlink: /home/developer/ros2_ws/install/golf_cart_description/share/golf_cart_description/environment/path.sh
[0.667s] -- Up-to-date symlink: /home/developer/ros2_ws/install/golf_cart_description/share/golf_cart_description/environment/path.dsv
[0.667s] -- Up-to-date symlink: /home/developer/ros2_ws/install/golf_cart_description/share/golf_cart_description/local_setup.bash
[0.667s] -- Up-to-date symlink: /home/developer/ros2_ws/install/golf_cart_description/share/golf_cart_description/local_setup.sh
[0.668s] -- Up-to-date symlink: /home/developer/ros2_ws/install/golf_cart_description/share/golf_cart_description/local_setup.zsh
[0.668s] -- Up-to-date symlink: /home/developer/ros2_ws/install/golf_cart_description/share/golf_cart_description/local_setup.dsv
[0.668s] -- Symlinking: /home/developer/ros2_ws/install/golf_cart_description/share/golf_cart_description/package.dsv
[0.688s] -- Up-to-date symlink: /home/developer/ros2_ws/install/golf_cart_description/share/ament_index/resource_index/packages/golf_cart_description
[0.689s] -- Up-to-date symlink: /home/developer/ros2_ws/install/golf_cart_description/share/golf_cart_description/cmake/golf_cart_descriptionConfig.cmake
[0.689s] -- Up-to-date symlink: /home/developer/ros2_ws/install/golf_cart_description/share/golf_cart_description/cmake/golf_cart_descriptionConfig-version.cmake
[0.689s] -- Up-to-date symlink: /home/developer/ros2_ws/install/golf_cart_description/share/golf_cart_description/package.xml
[0.694s] Invoked command in '/home/developer/ros2_ws/build/golf_cart_description' returned '0': CMAKE_PREFIX_PATH=${CMAKE_PREFIX_PATH}:/home/developer/ros2_ws/install/golf_cart_nav2:/opt/ros/humble /usr/bin/cmake --install /home/developer/ros2_ws/build/golf_cart_description
