[0.032s] Invoking command in '/home/developer/ros2_ws/build/realsense2_camera': AMENT_PREFIX_PATH=/home/developer/ros2_ws/install/realsense2_camera_msgs:${AMENT_PREFIX_PATH} CMAKE_PREFIX_PATH=/home/developer/ros2_ws/install/realsense2_camera_msgs:/home/developer/turtlebot3_ws/install/turtlebot3_simulations:/home/developer/turtlebot3_ws/install/turtlebot3_manipulation_gazebo:/home/developer/turtlebot3_ws/install/turtlebot3_gazebo:/home/developer/turtlebot3_ws/install/turtlebot3_fake_node:/opt/ros/humble LD_LIBRARY_PATH=/home/developer/ros2_ws/install/realsense2_camera_msgs/lib:${LD_LIBRARY_PATH} PYTHONPATH=/home/developer/ros2_ws/install/realsense2_camera_msgs/local/lib/python3.10/dist-packages:${PYTHONPATH} /usr/bin/cmake --build /home/developer/ros2_ws/build/realsense2_camera -- -j4 -l4
[0.208s] [  8%] Built target gtest
[0.209s] [ 16%] Built target gtest_main
[0.232s] [ 24%] Built target realsense2_camera_node
[0.255s] [ 32%] Built target gtest_template
[0.276s] [100%] Built target realsense2_camera
[0.296s] Invoked command in '/home/developer/ros2_ws/build/realsense2_camera' returned '0': AMENT_PREFIX_PATH=/home/developer/ros2_ws/install/realsense2_camera_msgs:${AMENT_PREFIX_PATH} CMAKE_PREFIX_PATH=/home/developer/ros2_ws/install/realsense2_camera_msgs:/home/developer/turtlebot3_ws/install/turtlebot3_simulations:/home/developer/turtlebot3_ws/install/turtlebot3_manipulation_gazebo:/home/developer/turtlebot3_ws/install/turtlebot3_gazebo:/home/developer/turtlebot3_ws/install/turtlebot3_fake_node:/opt/ros/humble LD_LIBRARY_PATH=/home/developer/ros2_ws/install/realsense2_camera_msgs/lib:${LD_LIBRARY_PATH} PYTHONPATH=/home/developer/ros2_ws/install/realsense2_camera_msgs/local/lib/python3.10/dist-packages:${PYTHONPATH} /usr/bin/cmake --build /home/developer/ros2_ws/build/realsense2_camera -- -j4 -l4
[0.302s] Invoking command in '/home/developer/ros2_ws/build/realsense2_camera': AMENT_PREFIX_PATH=/home/developer/ros2_ws/install/realsense2_camera_msgs:${AMENT_PREFIX_PATH} CMAKE_PREFIX_PATH=/home/developer/ros2_ws/install/realsense2_camera_msgs:/home/developer/turtlebot3_ws/install/turtlebot3_simulations:/home/developer/turtlebot3_ws/install/turtlebot3_manipulation_gazebo:/home/developer/turtlebot3_ws/install/turtlebot3_gazebo:/home/developer/turtlebot3_ws/install/turtlebot3_fake_node:/opt/ros/humble LD_LIBRARY_PATH=/home/developer/ros2_ws/install/realsense2_camera_msgs/lib:${LD_LIBRARY_PATH} PYTHONPATH=/home/developer/ros2_ws/install/realsense2_camera_msgs/local/lib/python3.10/dist-packages:${PYTHONPATH} /usr/bin/cmake --install /home/developer/ros2_ws/build/realsense2_camera
[0.316s] -- Install configuration: "Release"
[0.317s] -- Up-to-date: /home/developer/ros2_ws/install/realsense2_camera/share/realsense2_camera/config/global_settings.yaml
[0.318s] -- Up-to-date: /home/developer/ros2_ws/install/realsense2_camera/lib/realsense2_camera/realsense2_camera_node
[0.319s] -- Up-to-date: /home/developer/ros2_ws/install/realsense2_camera/lib/librealsense2_camera.so
[0.319s] -- Up-to-date: /home/developer/ros2_ws/install/realsense2_camera/include
[0.320s] -- Up-to-date: /home/developer/ros2_ws/install/realsense2_camera/include/image_publisher.h
[0.320s] -- Up-to-date: /home/developer/ros2_ws/install/realsense2_camera/include/profile_manager.h
[0.321s] -- Up-to-date: /home/developer/ros2_ws/install/realsense2_camera/include/constants.h
[0.321s] -- Up-to-date: /home/developer/ros2_ws/install/realsense2_camera/include/ros_sensor.h
[0.321s] -- Up-to-date: /home/developer/ros2_ws/install/realsense2_camera/include/ros_param_backend.h
[0.321s] -- Up-to-date: /home/developer/ros2_ws/install/realsense2_camera/include/realsense_node_factory.h
[0.322s] -- Up-to-date: /home/developer/ros2_ws/install/realsense2_camera/include/named_filter.h
[0.322s] -- Up-to-date: /home/developer/ros2_ws/install/realsense2_camera/include/base_realsense_node.h
[0.322s] -- Up-to-date: /home/developer/ros2_ws/install/realsense2_camera/include/align_depth_filter.h
[0.322s] -- Up-to-date: /home/developer/ros2_ws/install/realsense2_camera/include/gl_window.h
[0.323s] -- Up-to-date: /home/developer/ros2_ws/install/realsense2_camera/include/dynamic_params.h
[0.323s] -- Up-to-date: /home/developer/ros2_ws/install/realsense2_camera/include/pointcloud_filter.h
[0.323s] -- Up-to-date: /home/developer/ros2_ws/install/realsense2_camera/include/ros_node_base.h
[0.323s] -- Up-to-date: /home/developer/ros2_ws/install/realsense2_camera/include/sensor_params.h
[0.323s] -- Up-to-date: /home/developer/ros2_ws/install/realsense2_camera/include/ros_utils.h
[0.324s] -- Up-to-date: /home/developer/ros2_ws/install/realsense2_camera/share/realsense2_camera/launch
[0.324s] -- Up-to-date: /home/developer/ros2_ws/install/realsense2_camera/share/realsense2_camera/launch/rs_launch.py
[0.324s] -- Up-to-date: /home/developer/ros2_ws/install/realsense2_camera/share/realsense2_camera/launch/rs_multi_camera_launch.py
[0.324s] -- Up-to-date: /home/developer/ros2_ws/install/realsense2_camera/share/realsense2_camera/launch/default.rviz
[0.324s] -- Up-to-date: /home/developer/ros2_ws/install/realsense2_camera/share/realsense2_camera/launch/rs_multi_camera_launch_sync.py
[0.325s] -- Up-to-date: /home/developer/ros2_ws/install/realsense2_camera/share/realsense2_camera/launch/rs_intra_process_demo_launch.py
[0.325s] -- Up-to-date: /home/developer/ros2_ws/install/realsense2_camera/share/realsense2_camera/examples
[0.325s] -- Up-to-date: /home/developer/ros2_ws/install/realsense2_camera/share/realsense2_camera/examples/dual_camera
[0.325s] -- Up-to-date: /home/developer/ros2_ws/install/realsense2_camera/share/realsense2_camera/examples/dual_camera/rs_dual_camera_launch.py
[0.326s] -- Up-to-date: /home/developer/ros2_ws/install/realsense2_camera/share/realsense2_camera/examples/dual_camera/README.md
[0.326s] -- Up-to-date: /home/developer/ros2_ws/install/realsense2_camera/share/realsense2_camera/examples/dual_camera/rviz
[0.326s] -- Up-to-date: /home/developer/ros2_ws/install/realsense2_camera/share/realsense2_camera/examples/dual_camera/rviz/dual_camera_pointcloud.rviz
[0.326s] -- Up-to-date: /home/developer/ros2_ws/install/realsense2_camera/share/realsense2_camera/examples/d500_tables
[0.326s] -- Up-to-date: /home/developer/ros2_ws/install/realsense2_camera/share/realsense2_camera/examples/d500_tables/calib_config_example.json
[0.326s] -- Up-to-date: /home/developer/ros2_ws/install/realsense2_camera/share/realsense2_camera/examples/align_depth
[0.327s] -- Up-to-date: /home/developer/ros2_ws/install/realsense2_camera/share/realsense2_camera/examples/align_depth/README.md
[0.327s] -- Up-to-date: /home/developer/ros2_ws/install/realsense2_camera/share/realsense2_camera/examples/align_depth/rs_align_depth_launch.py
[0.327s] -- Up-to-date: /home/developer/ros2_ws/install/realsense2_camera/share/realsense2_camera/examples/launch_params_from_file
[0.327s] -- Up-to-date: /home/developer/ros2_ws/install/realsense2_camera/share/realsense2_camera/examples/launch_params_from_file/README.md
[0.327s] -- Up-to-date: /home/developer/ros2_ws/install/realsense2_camera/share/realsense2_camera/examples/launch_params_from_file/config
[0.328s] -- Up-to-date: /home/developer/ros2_ws/install/realsense2_camera/share/realsense2_camera/examples/launch_params_from_file/config/config.yaml
[0.328s] -- Up-to-date: /home/developer/ros2_ws/install/realsense2_camera/share/realsense2_camera/examples/launch_params_from_file/rs_launch_get_params_from_yaml.py
[0.328s] -- Up-to-date: /home/developer/ros2_ws/install/realsense2_camera/share/realsense2_camera/examples/launch_from_rosbag
[0.328s] -- Up-to-date: /home/developer/ros2_ws/install/realsense2_camera/share/realsense2_camera/examples/launch_from_rosbag/rs_launch_from_rosbag.py
[0.328s] -- Up-to-date: /home/developer/ros2_ws/install/realsense2_camera/share/realsense2_camera/examples/launch_from_rosbag/README.md
[0.328s] -- Up-to-date: /home/developer/ros2_ws/install/realsense2_camera/share/realsense2_camera/examples/pointcloud
[0.329s] -- Up-to-date: /home/developer/ros2_ws/install/realsense2_camera/share/realsense2_camera/examples/pointcloud/rs_d405_pointcloud_launch.py
[0.329s] -- Up-to-date: /home/developer/ros2_ws/install/realsense2_camera/share/realsense2_camera/examples/pointcloud/rs_d455_pointcloud_launch.py
[0.329s] -- Up-to-date: /home/developer/ros2_ws/install/realsense2_camera/share/realsense2_camera/examples/pointcloud/rs_pointcloud_infra_launch.py
[0.329s] -- Up-to-date: /home/developer/ros2_ws/install/realsense2_camera/share/realsense2_camera/examples/pointcloud/README.md
[0.329s] -- Up-to-date: /home/developer/ros2_ws/install/realsense2_camera/share/realsense2_camera/examples/pointcloud/rs_pointcloud_launch.py
[0.329s] -- Up-to-date: /home/developer/ros2_ws/install/realsense2_camera/share/realsense2_camera/examples/pointcloud/rviz
[0.330s] -- Up-to-date: /home/developer/ros2_ws/install/realsense2_camera/share/realsense2_camera/examples/pointcloud/rviz/pointcloud.rviz
[0.330s] -- Up-to-date: /home/developer/ros2_ws/install/realsense2_camera/share/realsense2_camera/examples/pointcloud/rviz/urdf_pointcloud.rviz
[0.330s] -- Up-to-date: /home/developer/ros2_ws/install/realsense2_camera/share/realsense2_camera/environment/library_path.sh
[0.330s] -- Up-to-date: /home/developer/ros2_ws/install/realsense2_camera/share/realsense2_camera/environment/library_path.dsv
[0.330s] -- Up-to-date: /home/developer/ros2_ws/install/realsense2_camera/share/ament_index/resource_index/package_run_dependencies/realsense2_camera
[0.331s] -- Up-to-date: /home/developer/ros2_ws/install/realsense2_camera/share/ament_index/resource_index/parent_prefix_path/realsense2_camera
[0.331s] -- Up-to-date: /home/developer/ros2_ws/install/realsense2_camera/share/realsense2_camera/environment/ament_prefix_path.sh
[0.331s] -- Up-to-date: /home/developer/ros2_ws/install/realsense2_camera/share/realsense2_camera/environment/ament_prefix_path.dsv
[0.331s] -- Up-to-date: /home/developer/ros2_ws/install/realsense2_camera/share/realsense2_camera/environment/path.sh
[0.331s] -- Up-to-date: /home/developer/ros2_ws/install/realsense2_camera/share/realsense2_camera/environment/path.dsv
[0.331s] -- Up-to-date: /home/developer/ros2_ws/install/realsense2_camera/share/realsense2_camera/local_setup.bash
[0.332s] -- Up-to-date: /home/developer/ros2_ws/install/realsense2_camera/share/realsense2_camera/local_setup.sh
[0.332s] -- Up-to-date: /home/developer/ros2_ws/install/realsense2_camera/share/realsense2_camera/local_setup.zsh
[0.332s] -- Up-to-date: /home/developer/ros2_ws/install/realsense2_camera/share/realsense2_camera/local_setup.dsv
[0.332s] -- Installing: /home/developer/ros2_ws/install/realsense2_camera/share/realsense2_camera/package.dsv
[0.332s] -- Up-to-date: /home/developer/ros2_ws/install/realsense2_camera/share/ament_index/resource_index/packages/realsense2_camera
[0.332s] -- Up-to-date: /home/developer/ros2_ws/install/realsense2_camera/share/ament_index/resource_index/rclcpp_components/realsense2_camera
[0.332s] -- Up-to-date: /home/developer/ros2_ws/install/realsense2_camera/share/realsense2_camera/cmake/ament_cmake_export_include_directories-extras.cmake
[0.333s] -- Up-to-date: /home/developer/ros2_ws/install/realsense2_camera/share/realsense2_camera/cmake/ament_cmake_export_libraries-extras.cmake
[0.333s] -- Up-to-date: /home/developer/ros2_ws/install/realsense2_camera/share/realsense2_camera/cmake/ament_cmake_export_dependencies-extras.cmake
[0.333s] -- Up-to-date: /home/developer/ros2_ws/install/realsense2_camera/share/realsense2_camera/cmake/realsense2_cameraConfig.cmake
[0.333s] -- Up-to-date: /home/developer/ros2_ws/install/realsense2_camera/share/realsense2_camera/cmake/realsense2_cameraConfig-version.cmake
[0.333s] -- Up-to-date: /home/developer/ros2_ws/install/realsense2_camera/share/realsense2_camera/package.xml
[0.335s] Invoked command in '/home/developer/ros2_ws/build/realsense2_camera' returned '0': AMENT_PREFIX_PATH=/home/developer/ros2_ws/install/realsense2_camera_msgs:${AMENT_PREFIX_PATH} CMAKE_PREFIX_PATH=/home/developer/ros2_ws/install/realsense2_camera_msgs:/home/developer/turtlebot3_ws/install/turtlebot3_simulations:/home/developer/turtlebot3_ws/install/turtlebot3_manipulation_gazebo:/home/developer/turtlebot3_ws/install/turtlebot3_gazebo:/home/developer/turtlebot3_ws/install/turtlebot3_fake_node:/opt/ros/humble LD_LIBRARY_PATH=/home/developer/ros2_ws/install/realsense2_camera_msgs/lib:${LD_LIBRARY_PATH} PYTHONPATH=/home/developer/ros2_ws/install/realsense2_camera_msgs/local/lib/python3.10/dist-packages:${PYTHONPATH} /usr/bin/cmake --install /home/developer/ros2_ws/build/realsense2_camera
