[0.020s] Invoking command in '/home/developer/ros2_ws/build/esp32_hardware': CMAKE_PREFIX_PATH=${CMAKE_PREFIX_PATH}:/home/developer/ros2_ws/install/golf_cart_nav2:/home/developer/test_ws/install/ackermann_vehicle:/opt/ros/humble /usr/bin/cmake --build /home/developer/ros2_ws/build/esp32_hardware -- -j4 -l4
[0.136s] [ 50%] [32mBuilding CXX object CMakeFiles/esp32_hardware.dir/src/esp32_hardware.cpp.o[0m
[12.747s] [100%] [32m[1mLinking CXX shared library libesp32_hardware.so[0m
[13.531s] [100%] Built target esp32_hardware
[13.546s] Invoked command in '/home/developer/ros2_ws/build/esp32_hardware' returned '0': CMAKE_PREFIX_PATH=${CMAKE_PREFIX_PATH}:/home/developer/ros2_ws/install/golf_cart_nav2:/home/developer/test_ws/install/ackermann_vehicle:/opt/ros/humble /usr/bin/cmake --build /home/developer/ros2_ws/build/esp32_hardware -- -j4 -l4
[13.560s] Invoking command in '/home/developer/ros2_ws/build/esp32_hardware': CMAKE_PREFIX_PATH=${CMAKE_PREFIX_PATH}:/home/developer/ros2_ws/install/golf_cart_nav2:/home/developer/test_ws/install/ackermann_vehicle:/opt/ros/humble /usr/bin/cmake --install /home/developer/ros2_ws/build/esp32_hardware
[13.571s] -- Install configuration: ""
[13.571s] -- Up-to-date: /home/developer/ros2_ws/install/esp32_hardware/share/esp32_hardware/esp32_hardware.xml
[13.572s] -- Installing: /home/developer/ros2_ws/install/esp32_hardware/lib/libesp32_hardware.so
[13.580s] -- Set runtime path of "/home/developer/ros2_ws/install/esp32_hardware/lib/libesp32_hardware.so" to ""
[13.580s] -- Up-to-date: /home/developer/ros2_ws/install/esp32_hardware/include
[13.580s] -- Up-to-date: /home/developer/ros2_ws/install/esp32_hardware/include/golf_cart_hardware
[13.581s] -- Up-to-date: /home/developer/ros2_ws/install/esp32_hardware/include/golf_cart_hardware/golf_cart_hardware.hpp
[13.581s] -- Up-to-date: /home/developer/ros2_ws/install/esp32_hardware/include/esp32_hardware
[13.581s] -- Installing: /home/developer/ros2_ws/install/esp32_hardware/include/esp32_hardware/esp32_hardware.hpp
[13.581s] -- Up-to-date: /home/developer/ros2_ws/install/esp32_hardware/share/esp32_hardware/esp32_hardware.xml
[13.581s] -- Up-to-date: /home/developer/ros2_ws/install/esp32_hardware/share/ament_index/resource_index/package_run_dependencies/esp32_hardware
[13.581s] -- Up-to-date: /home/developer/ros2_ws/install/esp32_hardware/share/ament_index/resource_index/parent_prefix_path/esp32_hardware
[13.581s] -- Up-to-date: /home/developer/ros2_ws/install/esp32_hardware/share/esp32_hardware/environment/ament_prefix_path.sh
[13.582s] -- Up-to-date: /home/developer/ros2_ws/install/esp32_hardware/share/esp32_hardware/environment/ament_prefix_path.dsv
[13.582s] -- Up-to-date: /home/developer/ros2_ws/install/esp32_hardware/share/esp32_hardware/environment/path.sh
[13.582s] -- Up-to-date: /home/developer/ros2_ws/install/esp32_hardware/share/esp32_hardware/environment/path.dsv
[13.582s] -- Up-to-date: /home/developer/ros2_ws/install/esp32_hardware/share/esp32_hardware/local_setup.bash
[13.582s] -- Up-to-date: /home/developer/ros2_ws/install/esp32_hardware/share/esp32_hardware/local_setup.sh
[13.582s] -- Up-to-date: /home/developer/ros2_ws/install/esp32_hardware/share/esp32_hardware/local_setup.zsh
[13.582s] -- Up-to-date: /home/developer/ros2_ws/install/esp32_hardware/share/esp32_hardware/local_setup.dsv
[13.582s] -- Installing: /home/developer/ros2_ws/install/esp32_hardware/share/esp32_hardware/package.dsv
[13.583s] -- Up-to-date: /home/developer/ros2_ws/install/esp32_hardware/share/ament_index/resource_index/packages/esp32_hardware
[13.583s] -- Up-to-date: /home/developer/ros2_ws/install/esp32_hardware/share/ament_index/resource_index/hardware_interface__pluginlib__plugin/esp32_hardware
[13.583s] -- Up-to-date: /home/developer/ros2_ws/install/esp32_hardware/share/esp32_hardware/cmake/esp32_hardwareConfig.cmake
[13.583s] -- Up-to-date: /home/developer/ros2_ws/install/esp32_hardware/share/esp32_hardware/cmake/esp32_hardwareConfig-version.cmake
[13.583s] -- Up-to-date: /home/developer/ros2_ws/install/esp32_hardware/share/esp32_hardware/package.xml
[13.585s] Invoked command in '/home/developer/ros2_ws/build/esp32_hardware' returned '0': CMAKE_PREFIX_PATH=${CMAKE_PREFIX_PATH}:/home/developer/ros2_ws/install/golf_cart_nav2:/home/developer/test_ws/install/ackermann_vehicle:/opt/ros/humble /usr/bin/cmake --install /home/developer/ros2_ws/build/esp32_hardware
