[1.277s] Invoking command in '/home/developer/ros2_ws/src/golf_cart_nav2': PYTHONPATH=/home/developer/ros2_ws/build/golf_cart_nav2/prefix_override:/usr/lib/python3/dist-packages/colcon_core/task/python/colcon_distutils_commands:/home/developer/ros2_ws/install/golf_cart_nav2/lib/python3.10/site-packages:${PYTHONPATH} /usr/bin/python3 -W ignore:setup.py install is deprecated -W ignore:easy_install command is deprecated setup.py egg_info --egg-base ../../build/golf_cart_nav2 build --build-base /home/developer/ros2_ws/build/golf_cart_nav2/build install --record /home/developer/ros2_ws/build/golf_cart_nav2/install.log --single-version-externally-managed install_data
[1.741s] running egg_info
[1.742s] writing ../../build/golf_cart_nav2/golf_cart_nav2.egg-info/PKG-INFO
[1.743s] writing dependency_links to ../../build/golf_cart_nav2/golf_cart_nav2.egg-info/dependency_links.txt
[1.744s] writing entry points to ../../build/golf_cart_nav2/golf_cart_nav2.egg-info/entry_points.txt
[1.745s] writing requirements to ../../build/golf_cart_nav2/golf_cart_nav2.egg-info/requires.txt
[1.745s] writing top-level names to ../../build/golf_cart_nav2/golf_cart_nav2.egg-info/top_level.txt
[1.748s] reading manifest file '../../build/golf_cart_nav2/golf_cart_nav2.egg-info/SOURCES.txt'
[1.750s] writing manifest file '../../build/golf_cart_nav2/golf_cart_nav2.egg-info/SOURCES.txt'
[1.751s] running build
[1.751s] running build_py
[1.751s] copying golf_cart_nav2/convert_poses_to_path.py -> /home/developer/ros2_ws/build/golf_cart_nav2/build/lib/golf_cart_nav2
[1.752s] copying golf_cart_nav2/stanley_controller_tf.py -> /home/developer/ros2_ws/build/golf_cart_nav2/build/lib/golf_cart_nav2
[1.752s] copying golf_cart_nav2/pure_pursuit_tf.py -> /home/developer/ros2_ws/build/golf_cart_nav2/build/lib/golf_cart_nav2
[1.753s] running install
[1.754s] running install_lib
[1.755s] copying /home/developer/ros2_ws/build/golf_cart_nav2/build/lib/golf_cart_nav2/convert_poses_to_path.py -> /home/developer/ros2_ws/install/golf_cart_nav2/lib/python3.10/site-packages/golf_cart_nav2
[1.756s] copying /home/developer/ros2_ws/build/golf_cart_nav2/build/lib/golf_cart_nav2/stanley_controller_tf.py -> /home/developer/ros2_ws/install/golf_cart_nav2/lib/python3.10/site-packages/golf_cart_nav2
[1.756s] copying /home/developer/ros2_ws/build/golf_cart_nav2/build/lib/golf_cart_nav2/pure_pursuit_tf.py -> /home/developer/ros2_ws/install/golf_cart_nav2/lib/python3.10/site-packages/golf_cart_nav2
[1.758s] byte-compiling /home/developer/ros2_ws/install/golf_cart_nav2/lib/python3.10/site-packages/golf_cart_nav2/convert_poses_to_path.py to convert_poses_to_path.cpython-310.pyc
[1.759s] byte-compiling /home/developer/ros2_ws/install/golf_cart_nav2/lib/python3.10/site-packages/golf_cart_nav2/stanley_controller_tf.py to stanley_controller_tf.cpython-310.pyc
[1.761s] byte-compiling /home/developer/ros2_ws/install/golf_cart_nav2/lib/python3.10/site-packages/golf_cart_nav2/pure_pursuit_tf.py to pure_pursuit_tf.cpython-310.pyc
[1.763s] running install_data
[1.763s] running install_egg_info
[1.767s] removing '/home/developer/ros2_ws/install/golf_cart_nav2/lib/python3.10/site-packages/golf_cart_nav2-0.0.0-py3.10.egg-info' (and everything under it)
[1.768s] Copying ../../build/golf_cart_nav2/golf_cart_nav2.egg-info to /home/developer/ros2_ws/install/golf_cart_nav2/lib/python3.10/site-packages/golf_cart_nav2-0.0.0-py3.10.egg-info
[1.770s] running install_scripts
[1.801s] Installing follow_path script to /home/developer/ros2_ws/install/golf_cart_nav2/lib/golf_cart_nav2
[1.801s] Installing nav2_to_ackermann script to /home/developer/ros2_ws/install/golf_cart_nav2/lib/golf_cart_nav2
[1.801s] Installing path_follower script to /home/developer/ros2_ws/install/golf_cart_nav2/lib/golf_cart_nav2
[1.801s] Installing path_publisher script to /home/developer/ros2_ws/install/golf_cart_nav2/lib/golf_cart_nav2
[1.802s] Installing pure_pursuit_local script to /home/developer/ros2_ws/install/golf_cart_nav2/lib/golf_cart_nav2
[1.802s] Installing pure_pursuit_tf script to /home/developer/ros2_ws/install/golf_cart_nav2/lib/golf_cart_nav2
[1.802s] Installing pure_pursuit_viz script to /home/developer/ros2_ws/install/golf_cart_nav2/lib/golf_cart_nav2
[1.802s] Installing stanley_controller_tf script to /home/developer/ros2_ws/install/golf_cart_nav2/lib/golf_cart_nav2
[1.803s] writing list of installed files to '/home/developer/ros2_ws/build/golf_cart_nav2/install.log'
[1.849s] Invoked command in '/home/developer/ros2_ws/src/golf_cart_nav2' returned '0': PYTHONPATH=/home/developer/ros2_ws/build/golf_cart_nav2/prefix_override:/usr/lib/python3/dist-packages/colcon_core/task/python/colcon_distutils_commands:/home/developer/ros2_ws/install/golf_cart_nav2/lib/python3.10/site-packages:${PYTHONPATH} /usr/bin/python3 -W ignore:setup.py install is deprecated -W ignore:easy_install command is deprecated setup.py egg_info --egg-base ../../build/golf_cart_nav2 build --build-base /home/developer/ros2_ws/build/golf_cart_nav2/build install --record /home/developer/ros2_ws/build/golf_cart_nav2/install.log --single-version-externally-managed install_data
