/home/developer/ros2_ws/install/golf_cart_nav2/lib/python3.10/site-packages/golf_cart_nav2/nav2_to_ackermann.py
/home/developer/ros2_ws/install/golf_cart_nav2/lib/python3.10/site-packages/golf_cart_nav2/pure_pursuit_node_viz.py
/home/developer/ros2_ws/install/golf_cart_nav2/lib/python3.10/site-packages/golf_cart_nav2/Safety_Supervisor_node.py
/home/developer/ros2_ws/install/golf_cart_nav2/lib/python3.10/site-packages/golf_cart_nav2/esp_parameter_load.py
/home/developer/ros2_ws/install/golf_cart_nav2/lib/python3.10/site-packages/golf_cart_nav2/pure_pursuit_speed.py
/home/developer/ros2_ws/install/golf_cart_nav2/lib/python3.10/site-packages/golf_cart_nav2/convert_poses_to_path.py
/home/developer/ros2_ws/install/golf_cart_nav2/lib/python3.10/site-packages/golf_cart_nav2/stanley_controller_tf.py
/home/developer/ros2_ws/install/golf_cart_nav2/lib/python3.10/site-packages/golf_cart_nav2/follow_path.py
/home/developer/ros2_ws/install/golf_cart_nav2/lib/python3.10/site-packages/golf_cart_nav2/pure_pursuit_tf.py
/home/developer/ros2_ws/install/golf_cart_nav2/lib/python3.10/site-packages/golf_cart_nav2/object_detection_node.py
/home/developer/ros2_ws/install/golf_cart_nav2/lib/python3.10/site-packages/golf_cart_nav2/path_publisher.py
/home/developer/ros2_ws/install/golf_cart_nav2/lib/python3.10/site-packages/golf_cart_nav2/path_follower.py
/home/developer/ros2_ws/install/golf_cart_nav2/lib/python3.10/site-packages/golf_cart_nav2/__init__.py
/home/developer/ros2_ws/install/golf_cart_nav2/lib/python3.10/site-packages/golf_cart_nav2/pure_pursuit_local.py
/home/developer/ros2_ws/install/golf_cart_nav2/lib/python3.10/site-packages/golf_cart_nav2/__pycache__/nav2_to_ackermann.cpython-310.pyc
/home/developer/ros2_ws/install/golf_cart_nav2/lib/python3.10/site-packages/golf_cart_nav2/__pycache__/pure_pursuit_node_viz.cpython-310.pyc
/home/developer/ros2_ws/install/golf_cart_nav2/lib/python3.10/site-packages/golf_cart_nav2/__pycache__/Safety_Supervisor_node.cpython-310.pyc
/home/developer/ros2_ws/install/golf_cart_nav2/lib/python3.10/site-packages/golf_cart_nav2/__pycache__/esp_parameter_load.cpython-310.pyc
/home/developer/ros2_ws/install/golf_cart_nav2/lib/python3.10/site-packages/golf_cart_nav2/__pycache__/pure_pursuit_speed.cpython-310.pyc
/home/developer/ros2_ws/install/golf_cart_nav2/lib/python3.10/site-packages/golf_cart_nav2/__pycache__/convert_poses_to_path.cpython-310.pyc
/home/developer/ros2_ws/install/golf_cart_nav2/lib/python3.10/site-packages/golf_cart_nav2/__pycache__/stanley_controller_tf.cpython-310.pyc
/home/developer/ros2_ws/install/golf_cart_nav2/lib/python3.10/site-packages/golf_cart_nav2/__pycache__/follow_path.cpython-310.pyc
/home/developer/ros2_ws/install/golf_cart_nav2/lib/python3.10/site-packages/golf_cart_nav2/__pycache__/pure_pursuit_tf.cpython-310.pyc
/home/developer/ros2_ws/install/golf_cart_nav2/lib/python3.10/site-packages/golf_cart_nav2/__pycache__/object_detection_node.cpython-310.pyc
/home/developer/ros2_ws/install/golf_cart_nav2/lib/python3.10/site-packages/golf_cart_nav2/__pycache__/path_publisher.cpython-310.pyc
/home/developer/ros2_ws/install/golf_cart_nav2/lib/python3.10/site-packages/golf_cart_nav2/__pycache__/path_follower.cpython-310.pyc
/home/developer/ros2_ws/install/golf_cart_nav2/lib/python3.10/site-packages/golf_cart_nav2/__pycache__/__init__.cpython-310.pyc
/home/developer/ros2_ws/install/golf_cart_nav2/lib/python3.10/site-packages/golf_cart_nav2/__pycache__/pure_pursuit_local.cpython-310.pyc
/home/developer/ros2_ws/install/golf_cart_nav2/share/ament_index/resource_index/packages/golf_cart_nav2
/home/developer/ros2_ws/install/golf_cart_nav2/share/golf_cart_nav2/package.xml
/home/developer/ros2_ws/install/golf_cart_nav2/share/golf_cart_nav2/launch/depth_to_scan.launch.py
/home/developer/ros2_ws/install/golf_cart_nav2/share/golf_cart_nav2/config/nav2_params_new.yaml
/home/developer/ros2_ws/install/golf_cart_nav2/share/golf_cart_nav2/config/nav2_params_full.yaml
/home/developer/ros2_ws/install/golf_cart_nav2/share/golf_cart_nav2/config/localization_config.yaml
/home/developer/ros2_ws/install/golf_cart_nav2/share/golf_cart_nav2/config/new_nav2_points.yaml
/home/developer/ros2_ws/install/golf_cart_nav2/share/golf_cart_nav2/config/nav2_2d.yaml
/home/developer/ros2_ws/install/golf_cart_nav2/share/golf_cart_nav2/config/nav2_params.yaml
/home/developer/ros2_ws/install/golf_cart_nav2/share/golf_cart_nav2/config/cart_params.yaml
/home/developer/ros2_ws/install/golf_cart_nav2/share/golf_cart_nav2/maps
/home/developer/ros2_ws/install/golf_cart_nav2/lib/python3.10/site-packages/golf_cart_nav2-0.0.0-py3.10.egg-info/zip-safe
/home/developer/ros2_ws/install/golf_cart_nav2/lib/python3.10/site-packages/golf_cart_nav2-0.0.0-py3.10.egg-info/top_level.txt
/home/developer/ros2_ws/install/golf_cart_nav2/lib/python3.10/site-packages/golf_cart_nav2-0.0.0-py3.10.egg-info/SOURCES.txt
/home/developer/ros2_ws/install/golf_cart_nav2/lib/python3.10/site-packages/golf_cart_nav2-0.0.0-py3.10.egg-info/requires.txt
/home/developer/ros2_ws/install/golf_cart_nav2/lib/python3.10/site-packages/golf_cart_nav2-0.0.0-py3.10.egg-info/PKG-INFO
/home/developer/ros2_ws/install/golf_cart_nav2/lib/python3.10/site-packages/golf_cart_nav2-0.0.0-py3.10.egg-info/entry_points.txt
/home/developer/ros2_ws/install/golf_cart_nav2/lib/python3.10/site-packages/golf_cart_nav2-0.0.0-py3.10.egg-info/dependency_links.txt
/home/developer/ros2_ws/install/golf_cart_nav2/lib/golf_cart_nav2/Safety_Supervisor_node
/home/developer/ros2_ws/install/golf_cart_nav2/lib/golf_cart_nav2/esp_parameter_load
/home/developer/ros2_ws/install/golf_cart_nav2/lib/golf_cart_nav2/follow_path
/home/developer/ros2_ws/install/golf_cart_nav2/lib/golf_cart_nav2/nav2_to_ackermann
/home/developer/ros2_ws/install/golf_cart_nav2/lib/golf_cart_nav2/object_detection_node
/home/developer/ros2_ws/install/golf_cart_nav2/lib/golf_cart_nav2/path_follower
/home/developer/ros2_ws/install/golf_cart_nav2/lib/golf_cart_nav2/path_publisher
/home/developer/ros2_ws/install/golf_cart_nav2/lib/golf_cart_nav2/pure_pursuit_local
/home/developer/ros2_ws/install/golf_cart_nav2/lib/golf_cart_nav2/pure_pursuit_speed
/home/developer/ros2_ws/install/golf_cart_nav2/lib/golf_cart_nav2/pure_pursuit_tf
/home/developer/ros2_ws/install/golf_cart_nav2/lib/golf_cart_nav2/pure_pursuit_viz
/home/developer/ros2_ws/install/golf_cart_nav2/lib/golf_cart_nav2/stanley_controller_tf
