[2.181s] Invoking command in '/home/developer/ros2_ws/src/golf_cart_nav2': PYTHONPATH=/home/developer/ros2_ws/build/golf_cart_nav2/prefix_override:/usr/lib/python3/dist-packages/colcon_core/task/python/colcon_distutils_commands:/home/developer/ros2_ws/install/golf_cart_nav2/lib/python3.10/site-packages:${PYTHONPATH} /usr/bin/python3 -W ignore:setup.py install is deprecated -W ignore:easy_install command is deprecated setup.py egg_info --egg-base ../../build/golf_cart_nav2 build --build-base /home/developer/ros2_ws/build/golf_cart_nav2/build install --record /home/developer/ros2_ws/build/golf_cart_nav2/install.log --single-version-externally-managed install_data
[2.764s] running egg_info
[2.765s] writing ../../build/golf_cart_nav2/golf_cart_nav2.egg-info/PKG-INFO
[2.766s] writing dependency_links to ../../build/golf_cart_nav2/golf_cart_nav2.egg-info/dependency_links.txt
[2.766s] writing entry points to ../../build/golf_cart_nav2/golf_cart_nav2.egg-info/entry_points.txt
[2.766s] writing requirements to ../../build/golf_cart_nav2/golf_cart_nav2.egg-info/requires.txt
[2.767s] writing top-level names to ../../build/golf_cart_nav2/golf_cart_nav2.egg-info/top_level.txt
[2.772s] reading manifest file '../../build/golf_cart_nav2/golf_cart_nav2.egg-info/SOURCES.txt'
[2.808s] writing manifest file '../../build/golf_cart_nav2/golf_cart_nav2.egg-info/SOURCES.txt'
[2.808s] running build
[2.808s] running build_py
[2.811s] running install
[2.811s] running install_lib
[2.816s] running install_data
[2.817s] running install_egg_info
[2.822s] removing '/home/developer/ros2_ws/install/golf_cart_nav2/lib/python3.10/site-packages/golf_cart_nav2-0.0.0-py3.10.egg-info' (and everything under it)
[2.823s] Copying ../../build/golf_cart_nav2/golf_cart_nav2.egg-info to /home/developer/ros2_ws/install/golf_cart_nav2/lib/python3.10/site-packages/golf_cart_nav2-0.0.0-py3.10.egg-info
[2.833s] running install_scripts
[2.880s] Installing follow_path script to /home/developer/ros2_ws/install/golf_cart_nav2/lib/golf_cart_nav2
[2.881s] Installing nav2_to_ackermann script to /home/developer/ros2_ws/install/golf_cart_nav2/lib/golf_cart_nav2
[2.881s] Installing path_follower script to /home/developer/ros2_ws/install/golf_cart_nav2/lib/golf_cart_nav2
[2.881s] Installing path_publisher script to /home/developer/ros2_ws/install/golf_cart_nav2/lib/golf_cart_nav2
[2.881s] Installing pure_pursuit_local script to /home/developer/ros2_ws/install/golf_cart_nav2/lib/golf_cart_nav2
[2.882s] Installing pure_pursuit_tf script to /home/developer/ros2_ws/install/golf_cart_nav2/lib/golf_cart_nav2
[2.882s] Installing pure_pursuit_viz script to /home/developer/ros2_ws/install/golf_cart_nav2/lib/golf_cart_nav2
[2.882s] Installing stanley_controller_tf script to /home/developer/ros2_ws/install/golf_cart_nav2/lib/golf_cart_nav2
[2.882s] Installing stanley_with_filter script to /home/developer/ros2_ws/install/golf_cart_nav2/lib/golf_cart_nav2
[2.883s] writing list of installed files to '/home/developer/ros2_ws/build/golf_cart_nav2/install.log'
[3.000s] Invoked command in '/home/developer/ros2_ws/src/golf_cart_nav2' returned '0': PYTHONPATH=/home/developer/ros2_ws/build/golf_cart_nav2/prefix_override:/usr/lib/python3/dist-packages/colcon_core/task/python/colcon_distutils_commands:/home/developer/ros2_ws/install/golf_cart_nav2/lib/python3.10/site-packages:${PYTHONPATH} /usr/bin/python3 -W ignore:setup.py install is deprecated -W ignore:easy_install command is deprecated setup.py egg_info --egg-base ../../build/golf_cart_nav2 build --build-base /home/developer/ros2_ws/build/golf_cart_nav2/build install --record /home/developer/ros2_ws/build/golf_cart_nav2/install.log --single-version-externally-managed install_data
