-- The C compiler identification is GNU 11.4.0
-- The CXX compiler identification is GNU 11.4.0
-- Detecting C compiler ABI info
-- Detecting C compiler ABI info - done
-- Check for working C compiler: /usr/bin/cc - skipped
-- Detecting C compile features
-- Detecting C compile features - done
-- Detecting CXX compiler ABI info
-- Detecting CXX compiler ABI info - done
-- Check for working CXX compiler: /usr/bin/c++ - skipped
-- Detecting CXX compile features
-- Detecting CXX compile features - done
-- Found ament_cmake: 1.3.12 (/opt/ros/humble/share/ament_cmake/cmake)
-- Found Python3: /usr/bin/python3 (found version "3.10.12") found components: Interpreter 
-- Override CMake install command with custom implementation using symlinks instead of copying resources
-- Found rclcpp: 16.0.16 (/opt/ros/humble/share/rclcpp/cmake)
-- Found rosidl_generator_c: 3.1.7 (/opt/ros/humble/share/rosidl_generator_c/cmake)
-- Found rosidl_adapter: 3.1.7 (/opt/ros/humble/share/rosidl_adapter/cmake)
-- Found rosidl_generator_cpp: 3.1.7 (/opt/ros/humble/share/rosidl_generator_cpp/cmake)
-- Using all available rosidl_typesupport_c: rosidl_typesupport_fastrtps_c;rosidl_typesupport_introspection_c
-- Using all available rosidl_typesupport_cpp: rosidl_typesupport_fastrtps_cpp;rosidl_typesupport_introspection_cpp
-- Found rmw_implementation_cmake: 6.1.2 (/opt/ros/humble/share/rmw_implementation_cmake/cmake)
-- Found rmw_fastrtps_cpp: 6.2.9 (/opt/ros/humble/share/rmw_fastrtps_cpp/cmake)
-- Found OpenSSL: /usr/lib/x86_64-linux-gnu/libcrypto.so (found version "3.0.2")  
-- Found FastRTPS: /opt/ros/humble/include  
-- Using RMW implementation 'rmw_fastrtps_cpp' as default
-- Looking for pthread.h
-- Looking for pthread.h - found
-- Performing Test CMAKE_HAVE_LIBC_PTHREAD
-- Performing Test CMAKE_HAVE_LIBC_PTHREAD - Success
-- Found Threads: TRUE  
-- Found mrt_cmake_modules: 1.0.11 (/opt/ros/humble/share/mrt_cmake_modules/cmake)
-- Found Boost: /usr/lib/x86_64-linux-gnu/cmake/Boost-1.74.0/BoostConfig.cmake (found version "1.74.0") found components: wserialization thread random serialization log_setup prg_exec_monitor wave system chrono filesystem locale timer date_time regex graph program_options unit_test_framework log atomic iostreams 
-- Found OpenMP_C: -fopenmp (found version "4.5") 
-- Found OpenMP_CXX: -fopenmp (found version "4.5") 
-- Found OpenMP: TRUE (found version "4.5")  
-- Found pugixml: /usr/lib/x86_64-linux-gnu/libpugixml.so  
-- Found PkgConfig: /usr/bin/pkg-config (found version "0.29.2") 
-- Found GeographicLib: /usr/lib/x86_64-linux-gnu/libGeographic.so  
-- Found visualization_msgs: 4.9.0 (/opt/ros/humble/share/visualization_msgs/cmake)
-- Found ament_lint_auto: 0.12.14 (/opt/ros/humble/share/ament_lint_auto/cmake)
-- Added test 'cppcheck' to perform static code analysis on C / C++ code
-- Configured cppcheck include dirs: $<BUILD_INTERFACE:/home/developer/ros2_ws/src/lanelet2_rviz2/include>
-- Configured cppcheck exclude dirs and/or files: 
-- Added test 'flake8' to check Python code syntax and style conventions
-- Added test 'lint_cmake' to check CMake code style
-- Added test 'pep257' to check Python code against some of the docstring style conventions in PEP 257
-- Added test 'uncrustify' to check C / C++ code style
-- Configured uncrustify additional arguments: 
-- Added test 'xmllint' to check XML markup files
-- Configuring done
-- Generating done
-- Build files have been written to: /home/developer/ros2_ws/build/lanelet2_rviz2
[ 50%] [32mBuilding CXX object CMakeFiles/lanelet2_rviz2.dir/src/laneletviz.cpp.o[0m
[100%] [32m[1mLinking CXX executable lanelet2_rviz2[0m
[100%] Built target lanelet2_rviz2
-- Install configuration: ""
-- Execute custom install script
-- Symlinking: /home/developer/ros2_ws/install/lanelet2_rviz2/lib/lanelet2_rviz2/lanelet2_rviz2
-- Symlinking: /home/developer/ros2_ws/install/lanelet2_rviz2/share/lanelet2_rviz2/launch/visualize_osm.launch.py
-- Symlinking: /home/developer/ros2_ws/install/lanelet2_rviz2/share/ament_index/resource_index/package_run_dependencies/lanelet2_rviz2
-- Symlinking: /home/developer/ros2_ws/install/lanelet2_rviz2/share/ament_index/resource_index/parent_prefix_path/lanelet2_rviz2
-- Symlinking: /home/developer/ros2_ws/install/lanelet2_rviz2/share/lanelet2_rviz2/environment/ament_prefix_path.sh
-- Symlinking: /home/developer/ros2_ws/install/lanelet2_rviz2/share/lanelet2_rviz2/environment/ament_prefix_path.dsv
-- Symlinking: /home/developer/ros2_ws/install/lanelet2_rviz2/share/lanelet2_rviz2/environment/path.sh
-- Symlinking: /home/developer/ros2_ws/install/lanelet2_rviz2/share/lanelet2_rviz2/environment/path.dsv
-- Symlinking: /home/developer/ros2_ws/install/lanelet2_rviz2/share/lanelet2_rviz2/local_setup.bash
-- Symlinking: /home/developer/ros2_ws/install/lanelet2_rviz2/share/lanelet2_rviz2/local_setup.sh
-- Symlinking: /home/developer/ros2_ws/install/lanelet2_rviz2/share/lanelet2_rviz2/local_setup.zsh
-- Symlinking: /home/developer/ros2_ws/install/lanelet2_rviz2/share/lanelet2_rviz2/local_setup.dsv
-- Symlinking: /home/developer/ros2_ws/install/lanelet2_rviz2/share/lanelet2_rviz2/package.dsv
-- Symlinking: /home/developer/ros2_ws/install/lanelet2_rviz2/share/ament_index/resource_index/packages/lanelet2_rviz2
-- Symlinking: /home/developer/ros2_ws/install/lanelet2_rviz2/share/lanelet2_rviz2/cmake/lanelet2_rviz2Config.cmake
-- Symlinking: /home/developer/ros2_ws/install/lanelet2_rviz2/share/lanelet2_rviz2/cmake/lanelet2_rviz2Config-version.cmake
-- Symlinking: /home/developer/ros2_ws/install/lanelet2_rviz2/share/lanelet2_rviz2/package.xml
