[0.018s] Invoking command in '/home/developer/ros2_ws/build/esp32_hardware': CMAKE_PREFIX_PATH=${CMAKE_PREFIX_PATH}:/home/developer/ros2_ws/install/golf_cart_nav2:/opt/ros/humble /usr/bin/cmake --build /home/developer/ros2_ws/build/esp32_hardware -- -j4 -l4
[0.073s] [35m[1mConsolidate compiler generated dependencies of target esp32_hardware[0m
[0.095s] [ 50%] [32mBuilding CXX object CMakeFiles/esp32_hardware.dir/src/esp32_hardware.cpp.o[0m
[12.292s] [100%] [32m[1mLinking CXX shared library libesp32_hardware.so[0m
[13.019s] [100%] Built target esp32_hardware
[13.034s] Invoked command in '/home/developer/ros2_ws/build/esp32_hardware' returned '0': CMAKE_PREFIX_PATH=${CMAKE_PREFIX_PATH}:/home/developer/ros2_ws/install/golf_cart_nav2:/opt/ros/humble /usr/bin/cmake --build /home/developer/ros2_ws/build/esp32_hardware -- -j4 -l4
[13.048s] Invoking command in '/home/developer/ros2_ws/build/esp32_hardware': CMAKE_PREFIX_PATH=${CMAKE_PREFIX_PATH}:/home/developer/ros2_ws/install/golf_cart_nav2:/opt/ros/humble /usr/bin/cmake --install /home/developer/ros2_ws/build/esp32_hardware
[13.057s] -- Install configuration: ""
[13.058s] -- Up-to-date: /home/developer/ros2_ws/install/esp32_hardware/share/esp32_hardware/esp32_hardware.xml
[13.058s] -- Installing: /home/developer/ros2_ws/install/esp32_hardware/lib/libesp32_hardware.so
[13.066s] -- Set runtime path of "/home/developer/ros2_ws/install/esp32_hardware/lib/libesp32_hardware.so" to ""
[13.066s] -- Up-to-date: /home/developer/ros2_ws/install/esp32_hardware/include
[13.066s] -- Up-to-date: /home/developer/ros2_ws/install/esp32_hardware/include/golf_cart_hardware
[13.067s] -- Up-to-date: /home/developer/ros2_ws/install/esp32_hardware/include/golf_cart_hardware/golf_cart_hardware.hpp
[13.067s] -- Up-to-date: /home/developer/ros2_ws/install/esp32_hardware/include/esp32_hardware
[13.067s] -- Up-to-date: /home/developer/ros2_ws/install/esp32_hardware/include/esp32_hardware/esp32_hardware.hpp
[13.067s] -- Up-to-date: /home/developer/ros2_ws/install/esp32_hardware/share/esp32_hardware/esp32_hardware.xml
[13.068s] -- Up-to-date: /home/developer/ros2_ws/install/esp32_hardware/share/ament_index/resource_index/package_run_dependencies/esp32_hardware
[13.068s] -- Up-to-date: /home/developer/ros2_ws/install/esp32_hardware/share/ament_index/resource_index/parent_prefix_path/esp32_hardware
[13.068s] -- Up-to-date: /home/developer/ros2_ws/install/esp32_hardware/share/esp32_hardware/environment/ament_prefix_path.sh
[13.068s] -- Up-to-date: /home/developer/ros2_ws/install/esp32_hardware/share/esp32_hardware/environment/ament_prefix_path.dsv
[13.068s] -- Up-to-date: /home/developer/ros2_ws/install/esp32_hardware/share/esp32_hardware/environment/path.sh
[13.068s] -- Up-to-date: /home/developer/ros2_ws/install/esp32_hardware/share/esp32_hardware/environment/path.dsv
[13.069s] -- Up-to-date: /home/developer/ros2_ws/install/esp32_hardware/share/esp32_hardware/local_setup.bash
[13.069s] -- Up-to-date: /home/developer/ros2_ws/install/esp32_hardware/share/esp32_hardware/local_setup.sh
[13.069s] -- Up-to-date: /home/developer/ros2_ws/install/esp32_hardware/share/esp32_hardware/local_setup.zsh
[13.069s] -- Up-to-date: /home/developer/ros2_ws/install/esp32_hardware/share/esp32_hardware/local_setup.dsv
[13.069s] -- Installing: /home/developer/ros2_ws/install/esp32_hardware/share/esp32_hardware/package.dsv
[13.069s] -- Up-to-date: /home/developer/ros2_ws/install/esp32_hardware/share/ament_index/resource_index/packages/esp32_hardware
[13.069s] -- Up-to-date: /home/developer/ros2_ws/install/esp32_hardware/share/ament_index/resource_index/hardware_interface__pluginlib__plugin/esp32_hardware
[13.069s] -- Up-to-date: /home/developer/ros2_ws/install/esp32_hardware/share/esp32_hardware/cmake/esp32_hardwareConfig.cmake
[13.070s] -- Up-to-date: /home/developer/ros2_ws/install/esp32_hardware/share/esp32_hardware/cmake/esp32_hardwareConfig-version.cmake
[13.070s] -- Up-to-date: /home/developer/ros2_ws/install/esp32_hardware/share/esp32_hardware/package.xml
[13.071s] Invoked command in '/home/developer/ros2_ws/build/esp32_hardware' returned '0': CMAKE_PREFIX_PATH=${CMAKE_PREFIX_PATH}:/home/developer/ros2_ws/install/golf_cart_nav2:/opt/ros/humble /usr/bin/cmake --install /home/developer/ros2_ws/build/esp32_hardware
