[0.148s] DEBUG:colcon:Command line arguments: ['/usr/bin/colcon', 'build', '--allow-overriding', 'realsense2_camera']
[0.149s] DEBUG:colcon:Parsed command line arguments: Namespace(log_base=None, log_level=None, verb_name='build', build_base='build', install_base='install', merge_install=False, symlink_install=False, test_result_base=None, continue_on_error=False, executor='parallel', parallel_workers=4, event_handlers=None, ignore_user_meta=False, metas=['./colcon.meta'], base_paths=['.'], packages_ignore=None, packages_ignore_regex=None, paths=None, packages_up_to=None, packages_up_to_regex=None, packages_above=None, packages_above_and_dependencies=None, packages_above_depth=None, packages_select_by_dep=None, packages_skip_by_dep=None, packages_skip_up_to=None, packages_select_build_failed=False, packages_skip_build_finished=False, packages_select_test_failures=False, packages_skip_test_passed=False, packages_select=None, packages_skip=None, packages_select_regex=None, packages_skip_regex=None, packages_start=None, packages_end=None, allow_overriding=['realsense2_camera'], cmake_args=None, cmake_target=None, cmake_target_skip_unavailable=False, cmake_clean_cache=False, cmake_clean_first=False, cmake_force_configure=False, ament_cmake_args=None, catkin_cmake_args=None, catkin_skip_building_tests=False, verb_parser=<colcon_defaults.argument_parser.defaults.DefaultArgumentsDecorator object at 0x7eb8ade212a0>, verb_extension=<colcon_core.verb.build.BuildVerb object at 0x7eb8adf62680>, main=<bound method BuildVerb.main of <colcon_core.verb.build.BuildVerb object at 0x7eb8adf62680>>)
[0.404s] Level 1:colcon.colcon_core.package_discovery:discover_packages(colcon_meta) check parameters
[0.404s] Level 1:colcon.colcon_core.package_discovery:discover_packages(recursive) check parameters
[0.404s] Level 1:colcon.colcon_core.package_discovery:discover_packages(ignore) check parameters
[0.404s] Level 1:colcon.colcon_core.package_discovery:discover_packages(path) check parameters
[0.404s] Level 1:colcon.colcon_core.package_discovery:discover_packages(colcon_meta) discover
[0.405s] Level 1:colcon.colcon_core.package_discovery:discover_packages(recursive) discover
[0.405s] INFO:colcon.colcon_core.package_discovery:Crawling recursively for packages in '/home/developer/ros2_ws'
[0.405s] Level 1:colcon.colcon_core.package_identification:_identify(.) by extensions ['ignore', 'ignore_ament_install']
[0.405s] Level 1:colcon.colcon_core.package_identification:_identify(.) by extension 'ignore'
[0.405s] Level 1:colcon.colcon_core.package_identification:_identify(.) by extension 'ignore_ament_install'
[0.405s] Level 1:colcon.colcon_core.package_identification:_identify(.) by extensions ['colcon_pkg']
[0.405s] Level 1:colcon.colcon_core.package_identification:_identify(.) by extension 'colcon_pkg'
[0.405s] Level 1:colcon.colcon_core.package_identification:_identify(.) by extensions ['colcon_meta']
[0.405s] Level 1:colcon.colcon_core.package_identification:_identify(.) by extension 'colcon_meta'
[0.405s] Level 1:colcon.colcon_core.package_identification:_identify(.) by extensions ['ros']
[0.405s] Level 1:colcon.colcon_core.package_identification:_identify(.) by extension 'ros'
[0.420s] Level 1:colcon.colcon_core.package_identification:_identify(.) by extensions ['cmake', 'python']
[0.420s] Level 1:colcon.colcon_core.package_identification:_identify(.) by extension 'cmake'
[0.420s] Level 1:colcon.colcon_core.package_identification:_identify(.) by extension 'python'
[0.420s] Level 1:colcon.colcon_core.package_identification:_identify(.) by extensions ['python_setup_py']
[0.420s] Level 1:colcon.colcon_core.package_identification:_identify(.) by extension 'python_setup_py'
[0.420s] Level 1:colcon.colcon_core.package_identification:_identify(build) by extensions ['ignore', 'ignore_ament_install']
[0.421s] Level 1:colcon.colcon_core.package_identification:_identify(build) by extension 'ignore'
[0.421s] Level 1:colcon.colcon_core.package_identification:_identify(build) ignored
[0.421s] Level 1:colcon.colcon_core.package_identification:_identify(install) by extensions ['ignore', 'ignore_ament_install']
[0.421s] Level 1:colcon.colcon_core.package_identification:_identify(install) by extension 'ignore'
[0.421s] Level 1:colcon.colcon_core.package_identification:_identify(install) ignored
[0.421s] Level 1:colcon.colcon_core.package_identification:_identify(log) by extensions ['ignore', 'ignore_ament_install']
[0.421s] Level 1:colcon.colcon_core.package_identification:_identify(log) by extension 'ignore'
[0.421s] Level 1:colcon.colcon_core.package_identification:_identify(log) ignored
[0.421s] Level 1:colcon.colcon_core.package_identification:_identify(src) by extensions ['ignore', 'ignore_ament_install']
[0.422s] Level 1:colcon.colcon_core.package_identification:_identify(src) by extension 'ignore'
[0.422s] Level 1:colcon.colcon_core.package_identification:_identify(src) by extension 'ignore_ament_install'
[0.422s] Level 1:colcon.colcon_core.package_identification:_identify(src) by extensions ['colcon_pkg']
[0.422s] Level 1:colcon.colcon_core.package_identification:_identify(src) by extension 'colcon_pkg'
[0.422s] Level 1:colcon.colcon_core.package_identification:_identify(src) by extensions ['colcon_meta']
[0.422s] Level 1:colcon.colcon_core.package_identification:_identify(src) by extension 'colcon_meta'
[0.422s] Level 1:colcon.colcon_core.package_identification:_identify(src) by extensions ['ros']
[0.422s] Level 1:colcon.colcon_core.package_identification:_identify(src) by extension 'ros'
[0.422s] Level 1:colcon.colcon_core.package_identification:_identify(src) by extensions ['cmake', 'python']
[0.422s] Level 1:colcon.colcon_core.package_identification:_identify(src) by extension 'cmake'
[0.422s] Level 1:colcon.colcon_core.package_identification:_identify(src) by extension 'python'
[0.422s] Level 1:colcon.colcon_core.package_identification:_identify(src) by extensions ['python_setup_py']
[0.422s] Level 1:colcon.colcon_core.package_identification:_identify(src) by extension 'python_setup_py'
[0.422s] Level 1:colcon.colcon_core.package_identification:_identify(src/golf_cart_description) by extensions ['ignore', 'ignore_ament_install']
[0.423s] Level 1:colcon.colcon_core.package_identification:_identify(src/golf_cart_description) by extension 'ignore'
[0.423s] Level 1:colcon.colcon_core.package_identification:_identify(src/golf_cart_description) by extension 'ignore_ament_install'
[0.423s] Level 1:colcon.colcon_core.package_identification:_identify(src/golf_cart_description) by extensions ['colcon_pkg']
[0.423s] Level 1:colcon.colcon_core.package_identification:_identify(src/golf_cart_description) by extension 'colcon_pkg'
[0.423s] Level 1:colcon.colcon_core.package_identification:_identify(src/golf_cart_description) by extensions ['colcon_meta']
[0.423s] Level 1:colcon.colcon_core.package_identification:_identify(src/golf_cart_description) by extension 'colcon_meta'
[0.423s] Level 1:colcon.colcon_core.package_identification:_identify(src/golf_cart_description) by extensions ['ros']
[0.423s] Level 1:colcon.colcon_core.package_identification:_identify(src/golf_cart_description) by extension 'ros'
[0.426s] DEBUG:colcon.colcon_core.package_identification:Package 'src/golf_cart_description' with type 'ros.ament_cmake' and name 'golf_cart_description'
[0.426s] Level 1:colcon.colcon_core.package_identification:_identify(src/realsense-ros) by extensions ['ignore', 'ignore_ament_install']
[0.426s] Level 1:colcon.colcon_core.package_identification:_identify(src/realsense-ros) by extension 'ignore'
[0.426s] Level 1:colcon.colcon_core.package_identification:_identify(src/realsense-ros) by extension 'ignore_ament_install'
[0.426s] Level 1:colcon.colcon_core.package_identification:_identify(src/realsense-ros) by extensions ['colcon_pkg']
[0.426s] Level 1:colcon.colcon_core.package_identification:_identify(src/realsense-ros) by extension 'colcon_pkg'
[0.426s] Level 1:colcon.colcon_core.package_identification:_identify(src/realsense-ros) by extensions ['colcon_meta']
[0.427s] Level 1:colcon.colcon_core.package_identification:_identify(src/realsense-ros) by extension 'colcon_meta'
[0.427s] Level 1:colcon.colcon_core.package_identification:_identify(src/realsense-ros) by extensions ['ros']
[0.427s] Level 1:colcon.colcon_core.package_identification:_identify(src/realsense-ros) by extension 'ros'
[0.427s] Level 1:colcon.colcon_core.package_identification:_identify(src/realsense-ros) by extensions ['cmake', 'python']
[0.427s] Level 1:colcon.colcon_core.package_identification:_identify(src/realsense-ros) by extension 'cmake'
[0.427s] Level 1:colcon.colcon_core.package_identification:_identify(src/realsense-ros) by extension 'python'
[0.427s] Level 1:colcon.colcon_core.package_identification:_identify(src/realsense-ros) by extensions ['python_setup_py']
[0.427s] Level 1:colcon.colcon_core.package_identification:_identify(src/realsense-ros) by extension 'python_setup_py'
[0.427s] Level 1:colcon.colcon_core.package_identification:_identify(src/realsense-ros/realsense2_camera) by extensions ['ignore', 'ignore_ament_install']
[0.427s] Level 1:colcon.colcon_core.package_identification:_identify(src/realsense-ros/realsense2_camera) by extension 'ignore'
[0.427s] Level 1:colcon.colcon_core.package_identification:_identify(src/realsense-ros/realsense2_camera) by extension 'ignore_ament_install'
[0.427s] Level 1:colcon.colcon_core.package_identification:_identify(src/realsense-ros/realsense2_camera) by extensions ['colcon_pkg']
[0.427s] Level 1:colcon.colcon_core.package_identification:_identify(src/realsense-ros/realsense2_camera) by extension 'colcon_pkg'
[0.427s] Level 1:colcon.colcon_core.package_identification:_identify(src/realsense-ros/realsense2_camera) by extensions ['colcon_meta']
[0.427s] Level 1:colcon.colcon_core.package_identification:_identify(src/realsense-ros/realsense2_camera) by extension 'colcon_meta'
[0.428s] Level 1:colcon.colcon_core.package_identification:_identify(src/realsense-ros/realsense2_camera) by extensions ['ros']
[0.428s] Level 1:colcon.colcon_core.package_identification:_identify(src/realsense-ros/realsense2_camera) by extension 'ros'
[0.437s] DEBUG:colcon.colcon_core.package_identification:Package 'src/realsense-ros/realsense2_camera' with type 'ros.ament_cmake' and name 'realsense2_camera'
[0.437s] Level 1:colcon.colcon_core.package_identification:_identify(src/realsense-ros/realsense2_camera_msgs) by extensions ['ignore', 'ignore_ament_install']
[0.437s] Level 1:colcon.colcon_core.package_identification:_identify(src/realsense-ros/realsense2_camera_msgs) by extension 'ignore'
[0.437s] Level 1:colcon.colcon_core.package_identification:_identify(src/realsense-ros/realsense2_camera_msgs) by extension 'ignore_ament_install'
[0.437s] Level 1:colcon.colcon_core.package_identification:_identify(src/realsense-ros/realsense2_camera_msgs) by extensions ['colcon_pkg']
[0.437s] Level 1:colcon.colcon_core.package_identification:_identify(src/realsense-ros/realsense2_camera_msgs) by extension 'colcon_pkg'
[0.437s] Level 1:colcon.colcon_core.package_identification:_identify(src/realsense-ros/realsense2_camera_msgs) by extensions ['colcon_meta']
[0.437s] Level 1:colcon.colcon_core.package_identification:_identify(src/realsense-ros/realsense2_camera_msgs) by extension 'colcon_meta'
[0.437s] Level 1:colcon.colcon_core.package_identification:_identify(src/realsense-ros/realsense2_camera_msgs) by extensions ['ros']
[0.437s] Level 1:colcon.colcon_core.package_identification:_identify(src/realsense-ros/realsense2_camera_msgs) by extension 'ros'
[0.438s] DEBUG:colcon.colcon_core.package_identification:Package 'src/realsense-ros/realsense2_camera_msgs' with type 'ros.ament_cmake' and name 'realsense2_camera_msgs'
[0.439s] Level 1:colcon.colcon_core.package_identification:_identify(src/realsense-ros/realsense2_description) by extensions ['ignore', 'ignore_ament_install']
[0.439s] Level 1:colcon.colcon_core.package_identification:_identify(src/realsense-ros/realsense2_description) by extension 'ignore'
[0.439s] Level 1:colcon.colcon_core.package_identification:_identify(src/realsense-ros/realsense2_description) by extension 'ignore_ament_install'
[0.439s] Level 1:colcon.colcon_core.package_identification:_identify(src/realsense-ros/realsense2_description) by extensions ['colcon_pkg']
[0.439s] Level 1:colcon.colcon_core.package_identification:_identify(src/realsense-ros/realsense2_description) by extension 'colcon_pkg'
[0.439s] Level 1:colcon.colcon_core.package_identification:_identify(src/realsense-ros/realsense2_description) by extensions ['colcon_meta']
[0.439s] Level 1:colcon.colcon_core.package_identification:_identify(src/realsense-ros/realsense2_description) by extension 'colcon_meta'
[0.439s] Level 1:colcon.colcon_core.package_identification:_identify(src/realsense-ros/realsense2_description) by extensions ['ros']
[0.439s] Level 1:colcon.colcon_core.package_identification:_identify(src/realsense-ros/realsense2_description) by extension 'ros'
[0.440s] DEBUG:colcon.colcon_core.package_identification:Package 'src/realsense-ros/realsense2_description' with type 'ros.ament_cmake' and name 'realsense2_description'
[0.440s] Level 1:colcon.colcon_core.package_identification:_identify(src/realsense-ros/scripts) by extensions ['ignore', 'ignore_ament_install']
[0.440s] Level 1:colcon.colcon_core.package_identification:_identify(src/realsense-ros/scripts) by extension 'ignore'
[0.440s] Level 1:colcon.colcon_core.package_identification:_identify(src/realsense-ros/scripts) by extension 'ignore_ament_install'
[0.441s] Level 1:colcon.colcon_core.package_identification:_identify(src/realsense-ros/scripts) by extensions ['colcon_pkg']
[0.441s] Level 1:colcon.colcon_core.package_identification:_identify(src/realsense-ros/scripts) by extension 'colcon_pkg'
[0.441s] Level 1:colcon.colcon_core.package_identification:_identify(src/realsense-ros/scripts) by extensions ['colcon_meta']
[0.441s] Level 1:colcon.colcon_core.package_identification:_identify(src/realsense-ros/scripts) by extension 'colcon_meta'
[0.441s] Level 1:colcon.colcon_core.package_identification:_identify(src/realsense-ros/scripts) by extensions ['ros']
[0.441s] Level 1:colcon.colcon_core.package_identification:_identify(src/realsense-ros/scripts) by extension 'ros'
[0.441s] Level 1:colcon.colcon_core.package_identification:_identify(src/realsense-ros/scripts) by extensions ['cmake', 'python']
[0.441s] Level 1:colcon.colcon_core.package_identification:_identify(src/realsense-ros/scripts) by extension 'cmake'
[0.441s] Level 1:colcon.colcon_core.package_identification:_identify(src/realsense-ros/scripts) by extension 'python'
[0.441s] Level 1:colcon.colcon_core.package_identification:_identify(src/realsense-ros/scripts) by extensions ['python_setup_py']
[0.441s] Level 1:colcon.colcon_core.package_identification:_identify(src/realsense-ros/scripts) by extension 'python_setup_py'
[0.441s] Level 1:colcon.colcon_core.package_discovery:discover_packages(recursive) using defaults
[0.441s] Level 1:colcon.colcon_core.package_discovery:discover_packages(ignore) discover
[0.441s] Level 1:colcon.colcon_core.package_discovery:discover_packages(ignore) using defaults
[0.441s] Level 1:colcon.colcon_core.package_discovery:discover_packages(path) discover
[0.441s] Level 1:colcon.colcon_core.package_discovery:discover_packages(path) using defaults
[0.482s] Level 1:colcon.colcon_core.package_discovery:discover_packages(prefix_path) check parameters
[0.482s] Level 1:colcon.colcon_core.package_discovery:discover_packages(prefix_path) discover
[0.485s] DEBUG:colcon.colcon_installed_package_information.package_discovery:Found 4 installed packages in /home/developer/ros2_ws/install
[0.486s] DEBUG:colcon.colcon_installed_package_information.package_discovery:Found 4 installed packages in /home/developer/turtlebot3_ws/install
[0.488s] DEBUG:colcon.colcon_installed_package_information.package_discovery:Found 428 installed packages in /opt/ros/humble
[0.491s] Level 1:colcon.colcon_core.package_discovery:discover_packages(prefix_path) using defaults
[0.568s] Level 5:colcon.colcon_core.verb:set package 'golf_cart_description' build argument 'cmake_args' from command line to 'None'
[0.568s] Level 5:colcon.colcon_core.verb:set package 'golf_cart_description' build argument 'cmake_target' from command line to 'None'
[0.568s] Level 5:colcon.colcon_core.verb:set package 'golf_cart_description' build argument 'cmake_target_skip_unavailable' from command line to 'False'
[0.568s] Level 5:colcon.colcon_core.verb:set package 'golf_cart_description' build argument 'cmake_clean_cache' from command line to 'False'
[0.568s] Level 5:colcon.colcon_core.verb:set package 'golf_cart_description' build argument 'cmake_clean_first' from command line to 'False'
[0.569s] Level 5:colcon.colcon_core.verb:set package 'golf_cart_description' build argument 'cmake_force_configure' from command line to 'False'
[0.569s] Level 5:colcon.colcon_core.verb:set package 'golf_cart_description' build argument 'ament_cmake_args' from command line to 'None'
[0.569s] Level 5:colcon.colcon_core.verb:set package 'golf_cart_description' build argument 'catkin_cmake_args' from command line to 'None'
[0.569s] Level 5:colcon.colcon_core.verb:set package 'golf_cart_description' build argument 'catkin_skip_building_tests' from command line to 'False'
[0.569s] DEBUG:colcon.colcon_core.verb:Building package 'golf_cart_description' with the following arguments: {'ament_cmake_args': None, 'build_base': '/home/developer/ros2_ws/build/golf_cart_description', 'catkin_cmake_args': None, 'catkin_skip_building_tests': False, 'cmake_args': None, 'cmake_clean_cache': False, 'cmake_clean_first': False, 'cmake_force_configure': False, 'cmake_target': None, 'cmake_target_skip_unavailable': False, 'install_base': '/home/developer/ros2_ws/install/golf_cart_description', 'merge_install': False, 'path': '/home/developer/ros2_ws/src/golf_cart_description', 'symlink_install': False, 'test_result_base': None}
[0.569s] Level 5:colcon.colcon_core.verb:set package 'realsense2_camera_msgs' build argument 'cmake_args' from command line to 'None'
[0.569s] Level 5:colcon.colcon_core.verb:set package 'realsense2_camera_msgs' build argument 'cmake_target' from command line to 'None'
[0.569s] Level 5:colcon.colcon_core.verb:set package 'realsense2_camera_msgs' build argument 'cmake_target_skip_unavailable' from command line to 'False'
[0.569s] Level 5:colcon.colcon_core.verb:set package 'realsense2_camera_msgs' build argument 'cmake_clean_cache' from command line to 'False'
[0.569s] Level 5:colcon.colcon_core.verb:set package 'realsense2_camera_msgs' build argument 'cmake_clean_first' from command line to 'False'
[0.569s] Level 5:colcon.colcon_core.verb:set package 'realsense2_camera_msgs' build argument 'cmake_force_configure' from command line to 'False'
[0.569s] Level 5:colcon.colcon_core.verb:set package 'realsense2_camera_msgs' build argument 'ament_cmake_args' from command line to 'None'
[0.569s] Level 5:colcon.colcon_core.verb:set package 'realsense2_camera_msgs' build argument 'catkin_cmake_args' from command line to 'None'
[0.569s] Level 5:colcon.colcon_core.verb:set package 'realsense2_camera_msgs' build argument 'catkin_skip_building_tests' from command line to 'False'
[0.569s] DEBUG:colcon.colcon_core.verb:Building package 'realsense2_camera_msgs' with the following arguments: {'ament_cmake_args': None, 'build_base': '/home/developer/ros2_ws/build/realsense2_camera_msgs', 'catkin_cmake_args': None, 'catkin_skip_building_tests': False, 'cmake_args': None, 'cmake_clean_cache': False, 'cmake_clean_first': False, 'cmake_force_configure': False, 'cmake_target': None, 'cmake_target_skip_unavailable': False, 'install_base': '/home/developer/ros2_ws/install/realsense2_camera_msgs', 'merge_install': False, 'path': '/home/developer/ros2_ws/src/realsense-ros/realsense2_camera_msgs', 'symlink_install': False, 'test_result_base': None}
[0.570s] Level 5:colcon.colcon_core.verb:set package 'realsense2_camera' build argument 'cmake_args' from command line to 'None'
[0.570s] Level 5:colcon.colcon_core.verb:set package 'realsense2_camera' build argument 'cmake_target' from command line to 'None'
[0.570s] Level 5:colcon.colcon_core.verb:set package 'realsense2_camera' build argument 'cmake_target_skip_unavailable' from command line to 'False'
[0.570s] Level 5:colcon.colcon_core.verb:set package 'realsense2_camera' build argument 'cmake_clean_cache' from command line to 'False'
[0.570s] Level 5:colcon.colcon_core.verb:set package 'realsense2_camera' build argument 'cmake_clean_first' from command line to 'False'
[0.570s] Level 5:colcon.colcon_core.verb:set package 'realsense2_camera' build argument 'cmake_force_configure' from command line to 'False'
[0.570s] Level 5:colcon.colcon_core.verb:set package 'realsense2_camera' build argument 'ament_cmake_args' from command line to 'None'
[0.570s] Level 5:colcon.colcon_core.verb:set package 'realsense2_camera' build argument 'catkin_cmake_args' from command line to 'None'
[0.570s] Level 5:colcon.colcon_core.verb:set package 'realsense2_camera' build argument 'catkin_skip_building_tests' from command line to 'False'
[0.570s] DEBUG:colcon.colcon_core.verb:Building package 'realsense2_camera' with the following arguments: {'ament_cmake_args': None, 'build_base': '/home/developer/ros2_ws/build/realsense2_camera', 'catkin_cmake_args': None, 'catkin_skip_building_tests': False, 'cmake_args': None, 'cmake_clean_cache': False, 'cmake_clean_first': False, 'cmake_force_configure': False, 'cmake_target': None, 'cmake_target_skip_unavailable': False, 'install_base': '/home/developer/ros2_ws/install/realsense2_camera', 'merge_install': False, 'path': '/home/developer/ros2_ws/src/realsense-ros/realsense2_camera', 'symlink_install': False, 'test_result_base': None}
[0.571s] Level 5:colcon.colcon_core.verb:set package 'realsense2_description' build argument 'cmake_args' from command line to 'None'
[0.571s] Level 5:colcon.colcon_core.verb:set package 'realsense2_description' build argument 'cmake_target' from command line to 'None'
[0.571s] Level 5:colcon.colcon_core.verb:set package 'realsense2_description' build argument 'cmake_target_skip_unavailable' from command line to 'False'
[0.571s] Level 5:colcon.colcon_core.verb:set package 'realsense2_description' build argument 'cmake_clean_cache' from command line to 'False'
[0.571s] Level 5:colcon.colcon_core.verb:set package 'realsense2_description' build argument 'cmake_clean_first' from command line to 'False'
[0.571s] Level 5:colcon.colcon_core.verb:set package 'realsense2_description' build argument 'cmake_force_configure' from command line to 'False'
[0.571s] Level 5:colcon.colcon_core.verb:set package 'realsense2_description' build argument 'ament_cmake_args' from command line to 'None'
[0.571s] Level 5:colcon.colcon_core.verb:set package 'realsense2_description' build argument 'catkin_cmake_args' from command line to 'None'
[0.571s] Level 5:colcon.colcon_core.verb:set package 'realsense2_description' build argument 'catkin_skip_building_tests' from command line to 'False'
[0.571s] DEBUG:colcon.colcon_core.verb:Building package 'realsense2_description' with the following arguments: {'ament_cmake_args': None, 'build_base': '/home/developer/ros2_ws/build/realsense2_description', 'catkin_cmake_args': None, 'catkin_skip_building_tests': False, 'cmake_args': None, 'cmake_clean_cache': False, 'cmake_clean_first': False, 'cmake_force_configure': False, 'cmake_target': None, 'cmake_target_skip_unavailable': False, 'install_base': '/home/developer/ros2_ws/install/realsense2_description', 'merge_install': False, 'path': '/home/developer/ros2_ws/src/realsense-ros/realsense2_description', 'symlink_install': False, 'test_result_base': None}
[0.571s] INFO:colcon.colcon_core.executor:Executing jobs using 'parallel' executor
[0.573s] DEBUG:colcon.colcon_parallel_executor.executor.parallel:run_until_complete
[0.573s] INFO:colcon.colcon_ros.task.ament_cmake.build:Building ROS package in '/home/developer/ros2_ws/src/realsense-ros/realsense2_camera_msgs' with build type 'ament_cmake'
[0.573s] INFO:colcon.colcon_cmake.task.cmake.build:Building CMake package in '/home/developer/ros2_ws/src/realsense-ros/realsense2_camera_msgs'
[0.576s] INFO:colcon.colcon_core.plugin_system:Skipping extension 'colcon_core.shell.bat': Not used on non-Windows systems
[0.576s] INFO:colcon.colcon_core.shell:Skip shell extension 'powershell' for command environment: Not usable outside of PowerShell
[0.576s] DEBUG:colcon.colcon_core.shell:Skip shell extension 'dsv' for command environment
[0.583s] INFO:colcon.colcon_ros.task.ament_cmake.build:Building ROS package in '/home/developer/ros2_ws/src/golf_cart_description' with build type 'ament_cmake'
[0.583s] INFO:colcon.colcon_cmake.task.cmake.build:Building CMake package in '/home/developer/ros2_ws/src/golf_cart_description'
[0.583s] INFO:colcon.colcon_core.shell:Skip shell extension 'powershell' for command environment: Not usable outside of PowerShell
[0.583s] DEBUG:colcon.colcon_core.shell:Skip shell extension 'dsv' for command environment
[0.596s] DEBUG:colcon.colcon_core.event_handler.log_command:Invoking command in '/home/developer/ros2_ws/build/realsense2_camera_msgs': CMAKE_PREFIX_PATH=${CMAKE_PREFIX_PATH}:/opt/ros/humble /usr/bin/cmake --build /home/developer/ros2_ws/build/realsense2_camera_msgs -- -j4 -l4
[0.606s] DEBUG:colcon.colcon_core.event_handler.log_command:Invoking command in '/home/developer/ros2_ws/build/golf_cart_description': CMAKE_PREFIX_PATH=${CMAKE_PREFIX_PATH}:/opt/ros/humble /usr/bin/cmake --build /home/developer/ros2_ws/build/golf_cart_description -- -j4 -l4
[0.656s] DEBUG:colcon.colcon_core.event_handler.log_command:Invoked command in '/home/developer/ros2_ws/build/golf_cart_description' returned '0': CMAKE_PREFIX_PATH=${CMAKE_PREFIX_PATH}:/opt/ros/humble /usr/bin/cmake --build /home/developer/ros2_ws/build/golf_cart_description -- -j4 -l4
[0.671s] DEBUG:colcon.colcon_core.event_handler.log_command:Invoking command in '/home/developer/ros2_ws/build/golf_cart_description': CMAKE_PREFIX_PATH=${CMAKE_PREFIX_PATH}:/opt/ros/humble /usr/bin/cmake --install /home/developer/ros2_ws/build/golf_cart_description
[0.711s] Level 1:colcon.colcon_core.environment:create_environment_scripts_only(golf_cart_description)
[0.712s] DEBUG:colcon.colcon_core.event_handler.log_command:Invoked command in '/home/developer/ros2_ws/build/golf_cart_description' returned '0': CMAKE_PREFIX_PATH=${CMAKE_PREFIX_PATH}:/opt/ros/humble /usr/bin/cmake --install /home/developer/ros2_ws/build/golf_cart_description
[0.716s] Level 1:colcon.colcon_core.environment:checking '/home/developer/ros2_ws/install/golf_cart_description' for CMake module files
[0.716s] Level 1:colcon.colcon_core.environment:checking '/home/developer/ros2_ws/install/golf_cart_description' for CMake config files
[0.717s] Level 1:colcon.colcon_core.shell:create_environment_hook('golf_cart_description', 'cmake_prefix_path')
[0.717s] INFO:colcon.colcon_core.shell:Creating environment hook '/home/developer/ros2_ws/install/golf_cart_description/share/golf_cart_description/hook/cmake_prefix_path.ps1'
[0.718s] INFO:colcon.colcon_core.shell:Creating environment descriptor '/home/developer/ros2_ws/install/golf_cart_description/share/golf_cart_description/hook/cmake_prefix_path.dsv'
[0.719s] INFO:colcon.colcon_core.shell:Creating environment hook '/home/developer/ros2_ws/install/golf_cart_description/share/golf_cart_description/hook/cmake_prefix_path.sh'
[0.720s] Level 1:colcon.colcon_core.environment:checking '/home/developer/ros2_ws/install/golf_cart_description/bin'
[0.720s] Level 1:colcon.colcon_core.environment:checking '/home/developer/ros2_ws/install/golf_cart_description/lib/pkgconfig/golf_cart_description.pc'
[0.721s] Level 1:colcon.colcon_core.environment:checking '/home/developer/ros2_ws/install/golf_cart_description/lib/python3.10/site-packages'
[0.721s] Level 1:colcon.colcon_core.environment:checking '/home/developer/ros2_ws/install/golf_cart_description/bin'
[0.722s] INFO:colcon.colcon_core.shell:Creating package script '/home/developer/ros2_ws/install/golf_cart_description/share/golf_cart_description/package.ps1'
[0.723s] INFO:colcon.colcon_core.shell:Creating package descriptor '/home/developer/ros2_ws/install/golf_cart_description/share/golf_cart_description/package.dsv'
[0.724s] INFO:colcon.colcon_core.shell:Creating package script '/home/developer/ros2_ws/install/golf_cart_description/share/golf_cart_description/package.sh'
[0.726s] INFO:colcon.colcon_core.shell:Creating package script '/home/developer/ros2_ws/install/golf_cart_description/share/golf_cart_description/package.bash'
[0.727s] INFO:colcon.colcon_core.shell:Creating package script '/home/developer/ros2_ws/install/golf_cart_description/share/golf_cart_description/package.zsh'
[0.728s] Level 1:colcon.colcon_core.environment:create_file_with_runtime_dependencies(/home/developer/ros2_ws/install/golf_cart_description/share/colcon-core/packages/golf_cart_description)
[0.729s] Level 1:colcon.colcon_core.environment:create_environment_scripts_only(golf_cart_description)
[0.729s] Level 1:colcon.colcon_core.environment:checking '/home/developer/ros2_ws/install/golf_cart_description' for CMake module files
[0.730s] Level 1:colcon.colcon_core.environment:checking '/home/developer/ros2_ws/install/golf_cart_description' for CMake config files
[0.730s] Level 1:colcon.colcon_core.shell:create_environment_hook('golf_cart_description', 'cmake_prefix_path')
[0.730s] INFO:colcon.colcon_core.shell:Creating environment hook '/home/developer/ros2_ws/install/golf_cart_description/share/golf_cart_description/hook/cmake_prefix_path.ps1'
[0.731s] INFO:colcon.colcon_core.shell:Creating environment descriptor '/home/developer/ros2_ws/install/golf_cart_description/share/golf_cart_description/hook/cmake_prefix_path.dsv'
[0.732s] INFO:colcon.colcon_core.shell:Creating environment hook '/home/developer/ros2_ws/install/golf_cart_description/share/golf_cart_description/hook/cmake_prefix_path.sh'
[0.732s] Level 1:colcon.colcon_core.environment:checking '/home/developer/ros2_ws/install/golf_cart_description/bin'
[0.733s] Level 1:colcon.colcon_core.environment:checking '/home/developer/ros2_ws/install/golf_cart_description/lib/pkgconfig/golf_cart_description.pc'
[0.733s] Level 1:colcon.colcon_core.environment:checking '/home/developer/ros2_ws/install/golf_cart_description/lib/python3.10/site-packages'
[0.733s] Level 1:colcon.colcon_core.environment:checking '/home/developer/ros2_ws/install/golf_cart_description/bin'
[0.734s] INFO:colcon.colcon_core.shell:Creating package script '/home/developer/ros2_ws/install/golf_cart_description/share/golf_cart_description/package.ps1'
[0.735s] INFO:colcon.colcon_core.shell:Creating package descriptor '/home/developer/ros2_ws/install/golf_cart_description/share/golf_cart_description/package.dsv'
[0.735s] INFO:colcon.colcon_core.shell:Creating package script '/home/developer/ros2_ws/install/golf_cart_description/share/golf_cart_description/package.sh'
[0.736s] INFO:colcon.colcon_core.shell:Creating package script '/home/developer/ros2_ws/install/golf_cart_description/share/golf_cart_description/package.bash'
[0.737s] INFO:colcon.colcon_core.shell:Creating package script '/home/developer/ros2_ws/install/golf_cart_description/share/golf_cart_description/package.zsh'
[0.738s] Level 1:colcon.colcon_core.environment:create_file_with_runtime_dependencies(/home/developer/ros2_ws/install/golf_cart_description/share/colcon-core/packages/golf_cart_description)
[1.563s] DEBUG:colcon.colcon_core.event_handler.log_command:Invoked command in '/home/developer/ros2_ws/build/realsense2_camera_msgs' returned '0': CMAKE_PREFIX_PATH=${CMAKE_PREFIX_PATH}:/opt/ros/humble /usr/bin/cmake --build /home/developer/ros2_ws/build/realsense2_camera_msgs -- -j4 -l4
[1.565s] DEBUG:colcon.colcon_core.event_handler.log_command:Invoking command in '/home/developer/ros2_ws/build/realsense2_camera_msgs': CMAKE_PREFIX_PATH=${CMAKE_PREFIX_PATH}:/opt/ros/humble /usr/bin/cmake --install /home/developer/ros2_ws/build/realsense2_camera_msgs
[1.657s] Level 1:colcon.colcon_core.environment:create_environment_scripts_only(realsense2_camera_msgs)
[1.658s] Level 1:colcon.colcon_core.environment:checking '/home/developer/ros2_ws/install/realsense2_camera_msgs' for CMake module files
[1.658s] DEBUG:colcon.colcon_core.event_handler.log_command:Invoked command in '/home/developer/ros2_ws/build/realsense2_camera_msgs' returned '0': CMAKE_PREFIX_PATH=${CMAKE_PREFIX_PATH}:/opt/ros/humble /usr/bin/cmake --install /home/developer/ros2_ws/build/realsense2_camera_msgs
[1.659s] Level 1:colcon.colcon_core.environment:checking '/home/developer/ros2_ws/install/realsense2_camera_msgs' for CMake config files
[1.660s] Level 1:colcon.colcon_core.shell:create_environment_hook('realsense2_camera_msgs', 'cmake_prefix_path')
[1.661s] INFO:colcon.colcon_core.shell:Creating environment hook '/home/developer/ros2_ws/install/realsense2_camera_msgs/share/realsense2_camera_msgs/hook/cmake_prefix_path.ps1'
[1.661s] INFO:colcon.colcon_core.shell:Creating environment descriptor '/home/developer/ros2_ws/install/realsense2_camera_msgs/share/realsense2_camera_msgs/hook/cmake_prefix_path.dsv'
[1.662s] INFO:colcon.colcon_core.shell:Creating environment hook '/home/developer/ros2_ws/install/realsense2_camera_msgs/share/realsense2_camera_msgs/hook/cmake_prefix_path.sh'
[1.663s] Level 1:colcon.colcon_core.environment:checking '/home/developer/ros2_ws/install/realsense2_camera_msgs/lib'
[1.663s] Level 1:colcon.colcon_core.shell:create_environment_hook('realsense2_camera_msgs', 'ld_library_path_lib')
[1.663s] INFO:colcon.colcon_core.shell:Creating environment hook '/home/developer/ros2_ws/install/realsense2_camera_msgs/share/realsense2_camera_msgs/hook/ld_library_path_lib.ps1'
[1.664s] INFO:colcon.colcon_core.shell:Creating environment descriptor '/home/developer/ros2_ws/install/realsense2_camera_msgs/share/realsense2_camera_msgs/hook/ld_library_path_lib.dsv'
[1.664s] INFO:colcon.colcon_core.shell:Creating environment hook '/home/developer/ros2_ws/install/realsense2_camera_msgs/share/realsense2_camera_msgs/hook/ld_library_path_lib.sh'
[1.665s] Level 1:colcon.colcon_core.environment:checking '/home/developer/ros2_ws/install/realsense2_camera_msgs/bin'
[1.665s] Level 1:colcon.colcon_core.environment:checking '/home/developer/ros2_ws/install/realsense2_camera_msgs/lib/pkgconfig/realsense2_camera_msgs.pc'
[1.665s] Level 1:colcon.colcon_core.environment:checking '/home/developer/ros2_ws/install/realsense2_camera_msgs/lib/python3.10/site-packages'
[1.666s] Level 1:colcon.colcon_core.environment:checking '/home/developer/ros2_ws/install/realsense2_camera_msgs/bin'
[1.666s] INFO:colcon.colcon_core.shell:Creating package script '/home/developer/ros2_ws/install/realsense2_camera_msgs/share/realsense2_camera_msgs/package.ps1'
[1.667s] INFO:colcon.colcon_core.shell:Creating package descriptor '/home/developer/ros2_ws/install/realsense2_camera_msgs/share/realsense2_camera_msgs/package.dsv'
[1.668s] INFO:colcon.colcon_core.shell:Creating package script '/home/developer/ros2_ws/install/realsense2_camera_msgs/share/realsense2_camera_msgs/package.sh'
[1.668s] INFO:colcon.colcon_core.shell:Creating package script '/home/developer/ros2_ws/install/realsense2_camera_msgs/share/realsense2_camera_msgs/package.bash'
[1.669s] INFO:colcon.colcon_core.shell:Creating package script '/home/developer/ros2_ws/install/realsense2_camera_msgs/share/realsense2_camera_msgs/package.zsh'
[1.669s] Level 1:colcon.colcon_core.environment:create_file_with_runtime_dependencies(/home/developer/ros2_ws/install/realsense2_camera_msgs/share/colcon-core/packages/realsense2_camera_msgs)
[1.670s] Level 1:colcon.colcon_core.environment:create_environment_scripts_only(realsense2_camera_msgs)
[1.671s] Level 1:colcon.colcon_core.environment:checking '/home/developer/ros2_ws/install/realsense2_camera_msgs' for CMake module files
[1.671s] Level 1:colcon.colcon_core.environment:checking '/home/developer/ros2_ws/install/realsense2_camera_msgs' for CMake config files
[1.672s] Level 1:colcon.colcon_core.shell:create_environment_hook('realsense2_camera_msgs', 'cmake_prefix_path')
[1.673s] INFO:colcon.colcon_core.shell:Creating environment hook '/home/developer/ros2_ws/install/realsense2_camera_msgs/share/realsense2_camera_msgs/hook/cmake_prefix_path.ps1'
[1.673s] INFO:colcon.colcon_core.shell:Creating environment descriptor '/home/developer/ros2_ws/install/realsense2_camera_msgs/share/realsense2_camera_msgs/hook/cmake_prefix_path.dsv'
[1.674s] INFO:colcon.colcon_core.shell:Creating environment hook '/home/developer/ros2_ws/install/realsense2_camera_msgs/share/realsense2_camera_msgs/hook/cmake_prefix_path.sh'
[1.675s] Level 1:colcon.colcon_core.environment:checking '/home/developer/ros2_ws/install/realsense2_camera_msgs/lib'
[1.675s] Level 1:colcon.colcon_core.shell:create_environment_hook('realsense2_camera_msgs', 'ld_library_path_lib')
[1.676s] INFO:colcon.colcon_core.shell:Creating environment hook '/home/developer/ros2_ws/install/realsense2_camera_msgs/share/realsense2_camera_msgs/hook/ld_library_path_lib.ps1'
[1.676s] INFO:colcon.colcon_core.shell:Creating environment descriptor '/home/developer/ros2_ws/install/realsense2_camera_msgs/share/realsense2_camera_msgs/hook/ld_library_path_lib.dsv'
[1.677s] INFO:colcon.colcon_core.shell:Creating environment hook '/home/developer/ros2_ws/install/realsense2_camera_msgs/share/realsense2_camera_msgs/hook/ld_library_path_lib.sh'
[1.678s] Level 1:colcon.colcon_core.environment:checking '/home/developer/ros2_ws/install/realsense2_camera_msgs/bin'
[1.678s] Level 1:colcon.colcon_core.environment:checking '/home/developer/ros2_ws/install/realsense2_camera_msgs/lib/pkgconfig/realsense2_camera_msgs.pc'
[1.678s] Level 1:colcon.colcon_core.environment:checking '/home/developer/ros2_ws/install/realsense2_camera_msgs/lib/python3.10/site-packages'
[1.679s] Level 1:colcon.colcon_core.environment:checking '/home/developer/ros2_ws/install/realsense2_camera_msgs/bin'
[1.679s] INFO:colcon.colcon_core.shell:Creating package script '/home/developer/ros2_ws/install/realsense2_camera_msgs/share/realsense2_camera_msgs/package.ps1'
[1.680s] INFO:colcon.colcon_core.shell:Creating package descriptor '/home/developer/ros2_ws/install/realsense2_camera_msgs/share/realsense2_camera_msgs/package.dsv'
[1.681s] INFO:colcon.colcon_core.shell:Creating package script '/home/developer/ros2_ws/install/realsense2_camera_msgs/share/realsense2_camera_msgs/package.sh'
[1.682s] INFO:colcon.colcon_core.shell:Creating package script '/home/developer/ros2_ws/install/realsense2_camera_msgs/share/realsense2_camera_msgs/package.bash'
[1.683s] INFO:colcon.colcon_core.shell:Creating package script '/home/developer/ros2_ws/install/realsense2_camera_msgs/share/realsense2_camera_msgs/package.zsh'
[1.684s] Level 1:colcon.colcon_core.environment:create_file_with_runtime_dependencies(/home/developer/ros2_ws/install/realsense2_camera_msgs/share/colcon-core/packages/realsense2_camera_msgs)
[1.684s] INFO:colcon.colcon_ros.task.ament_cmake.build:Building ROS package in '/home/developer/ros2_ws/src/realsense-ros/realsense2_camera' with build type 'ament_cmake'
[1.685s] INFO:colcon.colcon_cmake.task.cmake.build:Building CMake package in '/home/developer/ros2_ws/src/realsense-ros/realsense2_camera'
[1.685s] INFO:colcon.colcon_core.shell:Skip shell extension 'powershell' for command environment: Not usable outside of PowerShell
[1.685s] DEBUG:colcon.colcon_core.shell:Skip shell extension 'dsv' for command environment
[1.693s] INFO:colcon.colcon_ros.task.ament_cmake.build:Building ROS package in '/home/developer/ros2_ws/src/realsense-ros/realsense2_description' with build type 'ament_cmake'
[1.693s] INFO:colcon.colcon_cmake.task.cmake.build:Building CMake package in '/home/developer/ros2_ws/src/realsense-ros/realsense2_description'
[1.694s] INFO:colcon.colcon_core.shell:Skip shell extension 'powershell' for command environment: Not usable outside of PowerShell
[1.694s] DEBUG:colcon.colcon_core.shell:Skip shell extension 'dsv' for command environment
[1.710s] DEBUG:colcon.colcon_core.event_handler.log_command:Invoking command in '/home/developer/ros2_ws/build/realsense2_camera': CMAKE_PREFIX_PATH=/home/developer/ros2_ws/install/realsense2_camera_msgs:/home/developer/ros2_ws/install/realsense2_description:/home/developer/ros2_ws/install/realsense2_camera:/home/developer/ros2_ws/install/golf_cart_description:/home/developer/turtlebot3_ws/install/turtlebot3_simulations:/home/developer/turtlebot3_ws/install/turtlebot3_manipulation_gazebo:/home/developer/turtlebot3_ws/install/turtlebot3_gazebo:/home/developer/turtlebot3_ws/install/turtlebot3_fake_node:/opt/ros/humble LD_LIBRARY_PATH=/home/developer/ros2_ws/install/realsense2_camera_msgs/lib:/home/developer/ros2_ws/install/realsense2_camera/lib:/usr/lib/x86_64-linux-gnu/gazebo-11/plugins:/opt/ros/humble/opt/rviz_ogre_vendor/lib:/opt/ros/humble/lib/x86_64-linux-gnu:/opt/ros/humble/lib /usr/bin/cmake --build /home/developer/ros2_ws/build/realsense2_camera -- -j4 -l4
[1.714s] DEBUG:colcon.colcon_core.event_handler.log_command:Invoking command in '/home/developer/ros2_ws/build/realsense2_description': CMAKE_PREFIX_PATH=/home/developer/ros2_ws/install/realsense2_camera_msgs:/home/developer/ros2_ws/install/realsense2_description:/home/developer/ros2_ws/install/realsense2_camera:/home/developer/ros2_ws/install/golf_cart_description:/home/developer/turtlebot3_ws/install/turtlebot3_simulations:/home/developer/turtlebot3_ws/install/turtlebot3_manipulation_gazebo:/home/developer/turtlebot3_ws/install/turtlebot3_gazebo:/home/developer/turtlebot3_ws/install/turtlebot3_fake_node:/opt/ros/humble LD_LIBRARY_PATH=/home/developer/ros2_ws/install/realsense2_camera_msgs/lib:/home/developer/ros2_ws/install/realsense2_camera/lib:/usr/lib/x86_64-linux-gnu/gazebo-11/plugins:/opt/ros/humble/opt/rviz_ogre_vendor/lib:/opt/ros/humble/lib/x86_64-linux-gnu:/opt/ros/humble/lib /usr/bin/cmake --build /home/developer/ros2_ws/build/realsense2_description -- -j4 -l4
[1.767s] DEBUG:colcon.colcon_core.event_handler.log_command:Invoked command in '/home/developer/ros2_ws/build/realsense2_description' returned '0': CMAKE_PREFIX_PATH=/home/developer/ros2_ws/install/realsense2_camera_msgs:/home/developer/ros2_ws/install/realsense2_description:/home/developer/ros2_ws/install/realsense2_camera:/home/developer/ros2_ws/install/golf_cart_description:/home/developer/turtlebot3_ws/install/turtlebot3_simulations:/home/developer/turtlebot3_ws/install/turtlebot3_manipulation_gazebo:/home/developer/turtlebot3_ws/install/turtlebot3_gazebo:/home/developer/turtlebot3_ws/install/turtlebot3_fake_node:/opt/ros/humble LD_LIBRARY_PATH=/home/developer/ros2_ws/install/realsense2_camera_msgs/lib:/home/developer/ros2_ws/install/realsense2_camera/lib:/usr/lib/x86_64-linux-gnu/gazebo-11/plugins:/opt/ros/humble/opt/rviz_ogre_vendor/lib:/opt/ros/humble/lib/x86_64-linux-gnu:/opt/ros/humble/lib /usr/bin/cmake --build /home/developer/ros2_ws/build/realsense2_description -- -j4 -l4
[1.769s] DEBUG:colcon.colcon_core.event_handler.log_command:Invoking command in '/home/developer/ros2_ws/build/realsense2_description': CMAKE_PREFIX_PATH=/home/developer/ros2_ws/install/realsense2_camera_msgs:/home/developer/ros2_ws/install/realsense2_description:/home/developer/ros2_ws/install/realsense2_camera:/home/developer/ros2_ws/install/golf_cart_description:/home/developer/turtlebot3_ws/install/turtlebot3_simulations:/home/developer/turtlebot3_ws/install/turtlebot3_manipulation_gazebo:/home/developer/turtlebot3_ws/install/turtlebot3_gazebo:/home/developer/turtlebot3_ws/install/turtlebot3_fake_node:/opt/ros/humble LD_LIBRARY_PATH=/home/developer/ros2_ws/install/realsense2_camera_msgs/lib:/home/developer/ros2_ws/install/realsense2_camera/lib:/usr/lib/x86_64-linux-gnu/gazebo-11/plugins:/opt/ros/humble/opt/rviz_ogre_vendor/lib:/opt/ros/humble/lib/x86_64-linux-gnu:/opt/ros/humble/lib /usr/bin/cmake --install /home/developer/ros2_ws/build/realsense2_description
[1.786s] Level 1:colcon.colcon_core.environment:create_environment_scripts_only(realsense2_description)
[1.787s] Level 1:colcon.colcon_core.environment:checking '/home/developer/ros2_ws/install/realsense2_description' for CMake module files
[1.789s] Level 1:colcon.colcon_core.environment:checking '/home/developer/ros2_ws/install/realsense2_description' for CMake config files
[1.790s] DEBUG:colcon.colcon_core.event_handler.log_command:Invoked command in '/home/developer/ros2_ws/build/realsense2_description' returned '0': CMAKE_PREFIX_PATH=/home/developer/ros2_ws/install/realsense2_camera_msgs:/home/developer/ros2_ws/install/realsense2_description:/home/developer/ros2_ws/install/realsense2_camera:/home/developer/ros2_ws/install/golf_cart_description:/home/developer/turtlebot3_ws/install/turtlebot3_simulations:/home/developer/turtlebot3_ws/install/turtlebot3_manipulation_gazebo:/home/developer/turtlebot3_ws/install/turtlebot3_gazebo:/home/developer/turtlebot3_ws/install/turtlebot3_fake_node:/opt/ros/humble LD_LIBRARY_PATH=/home/developer/ros2_ws/install/realsense2_camera_msgs/lib:/home/developer/ros2_ws/install/realsense2_camera/lib:/usr/lib/x86_64-linux-gnu/gazebo-11/plugins:/opt/ros/humble/opt/rviz_ogre_vendor/lib:/opt/ros/humble/lib/x86_64-linux-gnu:/opt/ros/humble/lib /usr/bin/cmake --install /home/developer/ros2_ws/build/realsense2_description
[1.791s] Level 1:colcon.colcon_core.shell:create_environment_hook('realsense2_description', 'cmake_prefix_path')
[1.791s] INFO:colcon.colcon_core.shell:Creating environment hook '/home/developer/ros2_ws/install/realsense2_description/share/realsense2_description/hook/cmake_prefix_path.ps1'
[1.792s] INFO:colcon.colcon_core.shell:Creating environment descriptor '/home/developer/ros2_ws/install/realsense2_description/share/realsense2_description/hook/cmake_prefix_path.dsv'
[1.792s] INFO:colcon.colcon_core.shell:Creating environment hook '/home/developer/ros2_ws/install/realsense2_description/share/realsense2_description/hook/cmake_prefix_path.sh'
[1.793s] Level 1:colcon.colcon_core.environment:checking '/home/developer/ros2_ws/install/realsense2_description/bin'
[1.793s] Level 1:colcon.colcon_core.environment:checking '/home/developer/ros2_ws/install/realsense2_description/lib/pkgconfig/realsense2_description.pc'
[1.794s] Level 1:colcon.colcon_core.environment:checking '/home/developer/ros2_ws/install/realsense2_description/lib/python3.10/site-packages'
[1.794s] Level 1:colcon.colcon_core.environment:checking '/home/developer/ros2_ws/install/realsense2_description/bin'
[1.795s] INFO:colcon.colcon_core.shell:Creating package script '/home/developer/ros2_ws/install/realsense2_description/share/realsense2_description/package.ps1'
[1.795s] INFO:colcon.colcon_core.shell:Creating package descriptor '/home/developer/ros2_ws/install/realsense2_description/share/realsense2_description/package.dsv'
[1.796s] INFO:colcon.colcon_core.shell:Creating package script '/home/developer/ros2_ws/install/realsense2_description/share/realsense2_description/package.sh'
[1.797s] INFO:colcon.colcon_core.shell:Creating package script '/home/developer/ros2_ws/install/realsense2_description/share/realsense2_description/package.bash'
[1.797s] INFO:colcon.colcon_core.shell:Creating package script '/home/developer/ros2_ws/install/realsense2_description/share/realsense2_description/package.zsh'
[1.798s] Level 1:colcon.colcon_core.environment:create_file_with_runtime_dependencies(/home/developer/ros2_ws/install/realsense2_description/share/colcon-core/packages/realsense2_description)
[1.799s] Level 1:colcon.colcon_core.environment:create_environment_scripts_only(realsense2_description)
[1.799s] Level 1:colcon.colcon_core.environment:checking '/home/developer/ros2_ws/install/realsense2_description' for CMake module files
[1.800s] Level 1:colcon.colcon_core.environment:checking '/home/developer/ros2_ws/install/realsense2_description' for CMake config files
[1.800s] Level 1:colcon.colcon_core.shell:create_environment_hook('realsense2_description', 'cmake_prefix_path')
[1.801s] INFO:colcon.colcon_core.shell:Creating environment hook '/home/developer/ros2_ws/install/realsense2_description/share/realsense2_description/hook/cmake_prefix_path.ps1'
[1.802s] INFO:colcon.colcon_core.shell:Creating environment descriptor '/home/developer/ros2_ws/install/realsense2_description/share/realsense2_description/hook/cmake_prefix_path.dsv'
[1.803s] INFO:colcon.colcon_core.shell:Creating environment hook '/home/developer/ros2_ws/install/realsense2_description/share/realsense2_description/hook/cmake_prefix_path.sh'
[1.805s] Level 1:colcon.colcon_core.environment:checking '/home/developer/ros2_ws/install/realsense2_description/bin'
[1.805s] Level 1:colcon.colcon_core.environment:checking '/home/developer/ros2_ws/install/realsense2_description/lib/pkgconfig/realsense2_description.pc'
[1.806s] Level 1:colcon.colcon_core.environment:checking '/home/developer/ros2_ws/install/realsense2_description/lib/python3.10/site-packages'
[1.807s] Level 1:colcon.colcon_core.environment:checking '/home/developer/ros2_ws/install/realsense2_description/bin'
[1.807s] INFO:colcon.colcon_core.shell:Creating package script '/home/developer/ros2_ws/install/realsense2_description/share/realsense2_description/package.ps1'
[1.808s] INFO:colcon.colcon_core.shell:Creating package descriptor '/home/developer/ros2_ws/install/realsense2_description/share/realsense2_description/package.dsv'
[1.810s] INFO:colcon.colcon_core.shell:Creating package script '/home/developer/ros2_ws/install/realsense2_description/share/realsense2_description/package.sh'
[1.810s] INFO:colcon.colcon_core.shell:Creating package script '/home/developer/ros2_ws/install/realsense2_description/share/realsense2_description/package.bash'
[1.811s] INFO:colcon.colcon_core.shell:Creating package script '/home/developer/ros2_ws/install/realsense2_description/share/realsense2_description/package.zsh'
[1.812s] Level 1:colcon.colcon_core.environment:create_file_with_runtime_dependencies(/home/developer/ros2_ws/install/realsense2_description/share/colcon-core/packages/realsense2_description)
[1.972s] DEBUG:colcon.colcon_core.event_handler.log_command:Invoked command in '/home/developer/ros2_ws/build/realsense2_camera' returned '0': CMAKE_PREFIX_PATH=/home/developer/ros2_ws/install/realsense2_camera_msgs:/home/developer/ros2_ws/install/realsense2_description:/home/developer/ros2_ws/install/realsense2_camera:/home/developer/ros2_ws/install/golf_cart_description:/home/developer/turtlebot3_ws/install/turtlebot3_simulations:/home/developer/turtlebot3_ws/install/turtlebot3_manipulation_gazebo:/home/developer/turtlebot3_ws/install/turtlebot3_gazebo:/home/developer/turtlebot3_ws/install/turtlebot3_fake_node:/opt/ros/humble LD_LIBRARY_PATH=/home/developer/ros2_ws/install/realsense2_camera_msgs/lib:/home/developer/ros2_ws/install/realsense2_camera/lib:/usr/lib/x86_64-linux-gnu/gazebo-11/plugins:/opt/ros/humble/opt/rviz_ogre_vendor/lib:/opt/ros/humble/lib/x86_64-linux-gnu:/opt/ros/humble/lib /usr/bin/cmake --build /home/developer/ros2_ws/build/realsense2_camera -- -j4 -l4
[1.974s] DEBUG:colcon.colcon_core.event_handler.log_command:Invoking command in '/home/developer/ros2_ws/build/realsense2_camera': CMAKE_PREFIX_PATH=/home/developer/ros2_ws/install/realsense2_camera_msgs:/home/developer/ros2_ws/install/realsense2_description:/home/developer/ros2_ws/install/realsense2_camera:/home/developer/ros2_ws/install/golf_cart_description:/home/developer/turtlebot3_ws/install/turtlebot3_simulations:/home/developer/turtlebot3_ws/install/turtlebot3_manipulation_gazebo:/home/developer/turtlebot3_ws/install/turtlebot3_gazebo:/home/developer/turtlebot3_ws/install/turtlebot3_fake_node:/opt/ros/humble LD_LIBRARY_PATH=/home/developer/ros2_ws/install/realsense2_camera_msgs/lib:/home/developer/ros2_ws/install/realsense2_camera/lib:/usr/lib/x86_64-linux-gnu/gazebo-11/plugins:/opt/ros/humble/opt/rviz_ogre_vendor/lib:/opt/ros/humble/lib/x86_64-linux-gnu:/opt/ros/humble/lib /usr/bin/cmake --install /home/developer/ros2_ws/build/realsense2_camera
[1.991s] Level 1:colcon.colcon_core.environment:create_environment_scripts_only(realsense2_camera)
[1.992s] Level 1:colcon.colcon_core.environment:checking '/home/developer/ros2_ws/install/realsense2_camera' for CMake module files
[1.996s] DEBUG:colcon.colcon_core.event_handler.log_command:Invoked command in '/home/developer/ros2_ws/build/realsense2_camera' returned '0': CMAKE_PREFIX_PATH=/home/developer/ros2_ws/install/realsense2_camera_msgs:/home/developer/ros2_ws/install/realsense2_description:/home/developer/ros2_ws/install/realsense2_camera:/home/developer/ros2_ws/install/golf_cart_description:/home/developer/turtlebot3_ws/install/turtlebot3_simulations:/home/developer/turtlebot3_ws/install/turtlebot3_manipulation_gazebo:/home/developer/turtlebot3_ws/install/turtlebot3_gazebo:/home/developer/turtlebot3_ws/install/turtlebot3_fake_node:/opt/ros/humble LD_LIBRARY_PATH=/home/developer/ros2_ws/install/realsense2_camera_msgs/lib:/home/developer/ros2_ws/install/realsense2_camera/lib:/usr/lib/x86_64-linux-gnu/gazebo-11/plugins:/opt/ros/humble/opt/rviz_ogre_vendor/lib:/opt/ros/humble/lib/x86_64-linux-gnu:/opt/ros/humble/lib /usr/bin/cmake --install /home/developer/ros2_ws/build/realsense2_camera
[1.996s] Level 1:colcon.colcon_core.environment:checking '/home/developer/ros2_ws/install/realsense2_camera' for CMake config files
[1.996s] Level 1:colcon.colcon_core.shell:create_environment_hook('realsense2_camera', 'cmake_prefix_path')
[1.997s] INFO:colcon.colcon_core.shell:Creating environment hook '/home/developer/ros2_ws/install/realsense2_camera/share/realsense2_camera/hook/cmake_prefix_path.ps1'
[1.997s] INFO:colcon.colcon_core.shell:Creating environment descriptor '/home/developer/ros2_ws/install/realsense2_camera/share/realsense2_camera/hook/cmake_prefix_path.dsv'
[1.998s] INFO:colcon.colcon_core.shell:Creating environment hook '/home/developer/ros2_ws/install/realsense2_camera/share/realsense2_camera/hook/cmake_prefix_path.sh'
[1.999s] Level 1:colcon.colcon_core.environment:checking '/home/developer/ros2_ws/install/realsense2_camera/lib'
[1.999s] Level 1:colcon.colcon_core.shell:create_environment_hook('realsense2_camera', 'ld_library_path_lib')
[1.999s] INFO:colcon.colcon_core.shell:Creating environment hook '/home/developer/ros2_ws/install/realsense2_camera/share/realsense2_camera/hook/ld_library_path_lib.ps1'
[2.000s] INFO:colcon.colcon_core.shell:Creating environment descriptor '/home/developer/ros2_ws/install/realsense2_camera/share/realsense2_camera/hook/ld_library_path_lib.dsv'
[2.000s] INFO:colcon.colcon_core.shell:Creating environment hook '/home/developer/ros2_ws/install/realsense2_camera/share/realsense2_camera/hook/ld_library_path_lib.sh'
[2.001s] Level 1:colcon.colcon_core.environment:checking '/home/developer/ros2_ws/install/realsense2_camera/bin'
[2.001s] Level 1:colcon.colcon_core.environment:checking '/home/developer/ros2_ws/install/realsense2_camera/lib/pkgconfig/realsense2_camera.pc'
[2.001s] Level 1:colcon.colcon_core.environment:checking '/home/developer/ros2_ws/install/realsense2_camera/lib/python3.10/site-packages'
[2.002s] Level 1:colcon.colcon_core.environment:checking '/home/developer/ros2_ws/install/realsense2_camera/bin'
[2.003s] INFO:colcon.colcon_core.shell:Creating package script '/home/developer/ros2_ws/install/realsense2_camera/share/realsense2_camera/package.ps1'
[2.004s] INFO:colcon.colcon_core.shell:Creating package descriptor '/home/developer/ros2_ws/install/realsense2_camera/share/realsense2_camera/package.dsv'
[2.005s] INFO:colcon.colcon_core.shell:Creating package script '/home/developer/ros2_ws/install/realsense2_camera/share/realsense2_camera/package.sh'
[2.006s] INFO:colcon.colcon_core.shell:Creating package script '/home/developer/ros2_ws/install/realsense2_camera/share/realsense2_camera/package.bash'
[2.006s] INFO:colcon.colcon_core.shell:Creating package script '/home/developer/ros2_ws/install/realsense2_camera/share/realsense2_camera/package.zsh'
[2.007s] Level 1:colcon.colcon_core.environment:create_file_with_runtime_dependencies(/home/developer/ros2_ws/install/realsense2_camera/share/colcon-core/packages/realsense2_camera)
[2.008s] Level 1:colcon.colcon_core.environment:create_environment_scripts_only(realsense2_camera)
[2.008s] Level 1:colcon.colcon_core.environment:checking '/home/developer/ros2_ws/install/realsense2_camera' for CMake module files
[2.009s] Level 1:colcon.colcon_core.environment:checking '/home/developer/ros2_ws/install/realsense2_camera' for CMake config files
[2.009s] Level 1:colcon.colcon_core.shell:create_environment_hook('realsense2_camera', 'cmake_prefix_path')
[2.009s] INFO:colcon.colcon_core.shell:Creating environment hook '/home/developer/ros2_ws/install/realsense2_camera/share/realsense2_camera/hook/cmake_prefix_path.ps1'
[2.010s] INFO:colcon.colcon_core.shell:Creating environment descriptor '/home/developer/ros2_ws/install/realsense2_camera/share/realsense2_camera/hook/cmake_prefix_path.dsv'
[2.011s] INFO:colcon.colcon_core.shell:Creating environment hook '/home/developer/ros2_ws/install/realsense2_camera/share/realsense2_camera/hook/cmake_prefix_path.sh'
[2.011s] Level 1:colcon.colcon_core.environment:checking '/home/developer/ros2_ws/install/realsense2_camera/lib'
[2.012s] Level 1:colcon.colcon_core.shell:create_environment_hook('realsense2_camera', 'ld_library_path_lib')
[2.012s] INFO:colcon.colcon_core.shell:Creating environment hook '/home/developer/ros2_ws/install/realsense2_camera/share/realsense2_camera/hook/ld_library_path_lib.ps1'
[2.012s] INFO:colcon.colcon_core.shell:Creating environment descriptor '/home/developer/ros2_ws/install/realsense2_camera/share/realsense2_camera/hook/ld_library_path_lib.dsv'
[2.013s] INFO:colcon.colcon_core.shell:Creating environment hook '/home/developer/ros2_ws/install/realsense2_camera/share/realsense2_camera/hook/ld_library_path_lib.sh'
[2.013s] Level 1:colcon.colcon_core.environment:checking '/home/developer/ros2_ws/install/realsense2_camera/bin'
[2.014s] Level 1:colcon.colcon_core.environment:checking '/home/developer/ros2_ws/install/realsense2_camera/lib/pkgconfig/realsense2_camera.pc'
[2.014s] Level 1:colcon.colcon_core.environment:checking '/home/developer/ros2_ws/install/realsense2_camera/lib/python3.10/site-packages'
[2.014s] Level 1:colcon.colcon_core.environment:checking '/home/developer/ros2_ws/install/realsense2_camera/bin'
[2.015s] INFO:colcon.colcon_core.shell:Creating package script '/home/developer/ros2_ws/install/realsense2_camera/share/realsense2_camera/package.ps1'
[2.016s] INFO:colcon.colcon_core.shell:Creating package descriptor '/home/developer/ros2_ws/install/realsense2_camera/share/realsense2_camera/package.dsv'
[2.017s] INFO:colcon.colcon_core.shell:Creating package script '/home/developer/ros2_ws/install/realsense2_camera/share/realsense2_camera/package.sh'
[2.017s] INFO:colcon.colcon_core.shell:Creating package script '/home/developer/ros2_ws/install/realsense2_camera/share/realsense2_camera/package.bash'
[2.018s] INFO:colcon.colcon_core.shell:Creating package script '/home/developer/ros2_ws/install/realsense2_camera/share/realsense2_camera/package.zsh'
[2.019s] Level 1:colcon.colcon_core.environment:create_file_with_runtime_dependencies(/home/developer/ros2_ws/install/realsense2_camera/share/colcon-core/packages/realsense2_camera)
[2.019s] DEBUG:colcon.colcon_parallel_executor.executor.parallel:closing loop
[2.019s] DEBUG:colcon.colcon_parallel_executor.executor.parallel:loop closed
[2.019s] DEBUG:colcon.colcon_parallel_executor.executor.parallel:run_until_complete finished with '0'
[2.020s] DEBUG:colcon.colcon_core.event_reactor:joining thread
[2.027s] INFO:colcon.colcon_core.plugin_system:Skipping extension 'colcon_notification.desktop_notification.terminal_notifier': Not used on non-Darwin systems
[2.027s] INFO:colcon.colcon_core.plugin_system:Skipping extension 'colcon_notification.desktop_notification.win32': Not used on non-Windows systems
[2.027s] INFO:colcon.colcon_notification.desktop_notification:Sending desktop notification using 'notify2'
[2.051s] DEBUG:colcon.colcon_core.event_reactor:joined thread
[2.052s] INFO:colcon.colcon_core.shell:Creating prefix script '/home/developer/ros2_ws/install/local_setup.ps1'
[2.055s] INFO:colcon.colcon_core.shell:Creating prefix util module '/home/developer/ros2_ws/install/_local_setup_util_ps1.py'
[2.058s] INFO:colcon.colcon_core.shell:Creating prefix chain script '/home/developer/ros2_ws/install/setup.ps1'
[2.063s] INFO:colcon.colcon_core.shell:Creating prefix script '/home/developer/ros2_ws/install/local_setup.sh'
[2.064s] INFO:colcon.colcon_core.shell:Creating prefix util module '/home/developer/ros2_ws/install/_local_setup_util_sh.py'
[2.065s] INFO:colcon.colcon_core.shell:Creating prefix chain script '/home/developer/ros2_ws/install/setup.sh'
[2.068s] INFO:colcon.colcon_core.shell:Creating prefix script '/home/developer/ros2_ws/install/local_setup.bash'
[2.069s] INFO:colcon.colcon_core.shell:Creating prefix chain script '/home/developer/ros2_ws/install/setup.bash'
[2.073s] INFO:colcon.colcon_core.shell:Creating prefix script '/home/developer/ros2_ws/install/local_setup.zsh'
[2.074s] INFO:colcon.colcon_core.shell:Creating prefix chain script '/home/developer/ros2_ws/install/setup.zsh'
