-- Create Release Build.
-- Found ament_cmake: 1.3.12 (/opt/ros/humble/share/ament_cmake/cmake)
-- Found builtin_interfaces: 1.2.2 (/opt/ros/humble/share/builtin_interfaces/cmake)
-- Found rosidl_generator_c: 3.1.8 (/opt/ros/humble/share/rosidl_generator_c/cmake)
-- Found rosidl_adapter: 3.1.8 (/opt/ros/humble/share/rosidl_adapter/cmake)
-- Found rosidl_generator_cpp: 3.1.8 (/opt/ros/humble/share/rosidl_generator_cpp/cmake)
-- Using all available rosidl_typesupport_c: rosidl_typesupport_fastrtps_c;rosidl_typesupport_introspection_c
-- Using all available rosidl_typesupport_cpp: rosidl_typesupport_fastrtps_cpp;rosidl_typesupport_introspection_cpp
-- Found cv_bridge: 3.2.1 (/opt/ros/humble/share/cv_bridge/cmake)
-- Found image_transport: 3.1.12 (/opt/ros/humble/share/image_transport/cmake)
-- Found rmw_implementation_cmake: 6.1.2 (/opt/ros/humble/share/rmw_implementation_cmake/cmake)
-- Found rmw_fastrtps_cpp: 6.2.9 (/opt/ros/humble/share/rmw_fastrtps_cpp/cmake)
-- Using RMW implementation 'rmw_fastrtps_cpp' as default
-- Found rclcpp_action: 16.0.17 (/opt/ros/humble/share/rclcpp_action/cmake)
-- Found rclcpp_components: 16.0.17 (/opt/ros/humble/share/rclcpp_components/cmake)
-- Found realsense2_camera_msgs: 4.56.4 (/home/developer/ros2_ws/install/realsense2_camera_msgs/share/realsense2_camera_msgs/cmake)
-- Found std_srvs: 4.9.0 (/opt/ros/humble/share/std_srvs/cmake)
-- Found nav_msgs: 4.9.0 (/opt/ros/humble/share/nav_msgs/cmake)
-- Found tf2_ros: 0.25.18 (/opt/ros/humble/share/tf2_ros/cmake)
-- Found diagnostic_updater: 4.0.6 (/opt/ros/humble/share/diagnostic_updater/cmake)
-- Build for ROS2 Humble
-- Found ament_cmake_gtest: 1.3.12 (/opt/ros/humble/share/ament_cmake_gtest/cmake)
-- Found gtest sources under '/opt/ros/humble/src/gtest_vendor': C++ tests using 'Google Test' will be built
-- Found ament_cmake_pytest: 1.3.12 (/opt/ros/humble/share/ament_cmake_pytest/cmake)
-- rs_device_info:
-- Device Name                   Serial Number       Firmware Version
Intel RealSense D455          408222302051        5.17.0.10

-- D455 device found
-- Configuring done
-- Generating done
-- Build files have been written to: /home/developer/ros2_ws/build/realsense2_camera
[35m[1mConsolidate compiler generated dependencies of target gtest[0m
[35m[1mConsolidate compiler generated dependencies of target gtest_main[0m
[35m[1mConsolidate compiler generated dependencies of target realsense2_camera_node[0m
gmake[2]: Warning: File '/opt/ros/humble/src/gtest_vendor/src/gtest_main.cc' has modification time 1722003748 s in the future
gmake[2]: Warning: File '/opt/ros/humble/src/gtest_vendor/src/gtest-all.cc' has modification time 1722003748 s in the future
gmake[2]: Warning: File '/usr/include/stdc-predef.h' has modification time 1758120154 s in the future
[  4%] [32mBuilding CXX object gtest/CMakeFiles/gtest_main.dir/src/gtest_main.cc.o[0m
[  8%] [32mBuilding CXX object gtest/CMakeFiles/gtest.dir/src/gtest-all.cc.o[0m
[35m[1mConsolidate compiler generated dependencies of target realsense2_camera[0m
[ 12%] [32mBuilding CXX object CMakeFiles/realsense2_camera_node.dir/rclcpp_components/node_main_realsense2_camera_node.cpp.o[0m
gmake[2]: Warning: File '/home/developer/ros2_ws/src/realsense-ros/realsense2_camera/src/realsense_node_factory.cpp' has modification time 1766393554 s in the future
[ 16%] [32mBuilding CXX object CMakeFiles/realsense2_camera.dir/src/realsense_node_factory.cpp.o[0m
[ 20%] [32mBuilding CXX object CMakeFiles/realsense2_camera.dir/src/base_realsense_node.cpp.o[0m
[ 24%] [32mBuilding CXX object CMakeFiles/realsense2_camera.dir/src/parameters.cpp.o[0m
[ 28%] [32m[1mLinking CXX static library libgtest_main.a[0m
gmake[2]: warning:  Clock skew detected.  Your build may be incomplete.
[ 28%] Built target gtest_main
[ 32%] [32mBuilding CXX object CMakeFiles/realsense2_camera.dir/src/rs_node_setup.cpp.o[0m
[ 36%] [32m[1mLinking CXX executable realsense2_camera_node[0m
gmake[2]: warning:  Clock skew detected.  Your build may be incomplete.
[ 36%] Built target realsense2_camera_node
[ 40%] [32mBuilding CXX object CMakeFiles/realsense2_camera.dir/src/ros_sensor.cpp.o[0m
[ 44%] [32m[1mLinking CXX static library libgtest.a[0m
gmake[2]: warning:  Clock skew detected.  Your build may be incomplete.
[ 44%] Built target gtest
[ 48%] [32mBuilding CXX object CMakeFiles/realsense2_camera.dir/src/ros_utils.cpp.o[0m
[ 52%] [32mBuilding CXX object CMakeFiles/realsense2_camera.dir/src/dynamic_params.cpp.o[0m
[ 56%] [32mBuilding CXX object CMakeFiles/realsense2_camera.dir/src/sensor_params.cpp.o[0m
[ 60%] [32mBuilding CXX object CMakeFiles/realsense2_camera.dir/src/named_filter.cpp.o[0m
[ 64%] [32mBuilding CXX object CMakeFiles/realsense2_camera.dir/src/pointcloud_filter.cpp.o[0m
[35m[1mConsolidate compiler generated dependencies of target gtest_template[0m
gmake[2]: Warning: File '/home/developer/ros2_ws/src/realsense-ros/realsense2_camera/test/gtest_template.cpp' has modification time 1766393520 s in the future
[ 68%] [32mBuilding CXX object CMakeFiles/gtest_template.dir/test/gtest_template.cpp.o[0m
[ 72%] [32mBuilding CXX object CMakeFiles/realsense2_camera.dir/src/align_depth_filter.cpp.o[0m
[ 76%] [32m[1mLinking CXX executable gtest_template[0m
gmake[2]: warning:  Clock skew detected.  Your build may be incomplete.
[ 76%] Built target gtest_template
[ 80%] [32mBuilding CXX object CMakeFiles/realsense2_camera.dir/src/profile_manager.cpp.o[0m
[ 84%] [32mBuilding CXX object CMakeFiles/realsense2_camera.dir/src/image_publisher.cpp.o[0m
[ 88%] [32mBuilding CXX object CMakeFiles/realsense2_camera.dir/src/tfs.cpp.o[0m
[ 92%] [32mBuilding CXX object CMakeFiles/realsense2_camera.dir/src/actions.cpp.o[0m
[ 96%] [32mBuilding CXX object CMakeFiles/realsense2_camera.dir/src/ros_param_backend.cpp.o[0m
[100%] [32m[1mLinking CXX shared library librealsense2_camera.so[0m
gmake[2]: warning:  Clock skew detected.  Your build may be incomplete.
[100%] Built target realsense2_camera
-- Install configuration: "Release"
-- Installing: /home/developer/ros2_ws/install/realsense2_camera/share/realsense2_camera/config/global_settings.yaml
-- Installing: /home/developer/ros2_ws/install/realsense2_camera/lib/realsense2_camera/realsense2_camera_node
-- Set runtime path of "/home/developer/ros2_ws/install/realsense2_camera/lib/realsense2_camera/realsense2_camera_node" to ""
-- Installing: /home/developer/ros2_ws/install/realsense2_camera/lib/librealsense2_camera.so
-- Set runtime path of "/home/developer/ros2_ws/install/realsense2_camera/lib/librealsense2_camera.so" to ""
-- Up-to-date: /home/developer/ros2_ws/install/realsense2_camera/include
-- Up-to-date: /home/developer/ros2_ws/install/realsense2_camera/include/pointcloud_filter.h
-- Up-to-date: /home/developer/ros2_ws/install/realsense2_camera/include/ros_utils.h
-- Up-to-date: /home/developer/ros2_ws/install/realsense2_camera/include/ros_param_backend.h
-- Up-to-date: /home/developer/ros2_ws/install/realsense2_camera/include/realsense_node_factory.h
-- Up-to-date: /home/developer/ros2_ws/install/realsense2_camera/include/dynamic_params.h
-- Up-to-date: /home/developer/ros2_ws/install/realsense2_camera/include/ros_node_base.h
-- Up-to-date: /home/developer/ros2_ws/install/realsense2_camera/include/sensor_params.h
-- Up-to-date: /home/developer/ros2_ws/install/realsense2_camera/include/named_filter.h
-- Up-to-date: /home/developer/ros2_ws/install/realsense2_camera/include/image_publisher.h
-- Up-to-date: /home/developer/ros2_ws/install/realsense2_camera/include/align_depth_filter.h
-- Up-to-date: /home/developer/ros2_ws/install/realsense2_camera/include/base_realsense_node.h
-- Up-to-date: /home/developer/ros2_ws/install/realsense2_camera/include/ros_sensor.h
-- Up-to-date: /home/developer/ros2_ws/install/realsense2_camera/include/gl_window.h
-- Up-to-date: /home/developer/ros2_ws/install/realsense2_camera/include/constants.h
-- Up-to-date: /home/developer/ros2_ws/install/realsense2_camera/include/profile_manager.h
-- Up-to-date: /home/developer/ros2_ws/install/realsense2_camera/share/realsense2_camera/launch
-- Up-to-date: /home/developer/ros2_ws/install/realsense2_camera/share/realsense2_camera/launch/default.rviz
-- Up-to-date: /home/developer/ros2_ws/install/realsense2_camera/share/realsense2_camera/launch/rs_launch.py
-- Up-to-date: /home/developer/ros2_ws/install/realsense2_camera/share/realsense2_camera/launch/rs_intra_process_demo_launch.py
-- Up-to-date: /home/developer/ros2_ws/install/realsense2_camera/share/realsense2_camera/launch/rs_multi_camera_launch_sync.py
-- Up-to-date: /home/developer/ros2_ws/install/realsense2_camera/share/realsense2_camera/launch/rs_multi_camera_launch.py
-- Up-to-date: /home/developer/ros2_ws/install/realsense2_camera/share/realsense2_camera/examples
-- Up-to-date: /home/developer/ros2_ws/install/realsense2_camera/share/realsense2_camera/examples/d500_tables
-- Up-to-date: /home/developer/ros2_ws/install/realsense2_camera/share/realsense2_camera/examples/d500_tables/calib_config_example.json
-- Up-to-date: /home/developer/ros2_ws/install/realsense2_camera/share/realsense2_camera/examples/align_depth
-- Up-to-date: /home/developer/ros2_ws/install/realsense2_camera/share/realsense2_camera/examples/align_depth/rs_align_depth_launch.py
-- Up-to-date: /home/developer/ros2_ws/install/realsense2_camera/share/realsense2_camera/examples/align_depth/README.md
-- Up-to-date: /home/developer/ros2_ws/install/realsense2_camera/share/realsense2_camera/examples/launch_params_from_file
-- Up-to-date: /home/developer/ros2_ws/install/realsense2_camera/share/realsense2_camera/examples/launch_params_from_file/config
-- Up-to-date: /home/developer/ros2_ws/install/realsense2_camera/share/realsense2_camera/examples/launch_params_from_file/config/config.yaml
-- Up-to-date: /home/developer/ros2_ws/install/realsense2_camera/share/realsense2_camera/examples/launch_params_from_file/rs_launch_get_params_from_yaml.py
-- Up-to-date: /home/developer/ros2_ws/install/realsense2_camera/share/realsense2_camera/examples/launch_params_from_file/README.md
-- Up-to-date: /home/developer/ros2_ws/install/realsense2_camera/share/realsense2_camera/examples/pointcloud
-- Up-to-date: /home/developer/ros2_ws/install/realsense2_camera/share/realsense2_camera/examples/pointcloud/rs_pointcloud_launch.py
-- Up-to-date: /home/developer/ros2_ws/install/realsense2_camera/share/realsense2_camera/examples/pointcloud/rs_d455_pointcloud_launch.py
-- Up-to-date: /home/developer/ros2_ws/install/realsense2_camera/share/realsense2_camera/examples/pointcloud/rs_d405_pointcloud_launch.py
-- Up-to-date: /home/developer/ros2_ws/install/realsense2_camera/share/realsense2_camera/examples/pointcloud/README.md
-- Up-to-date: /home/developer/ros2_ws/install/realsense2_camera/share/realsense2_camera/examples/pointcloud/rviz
-- Up-to-date: /home/developer/ros2_ws/install/realsense2_camera/share/realsense2_camera/examples/pointcloud/rviz/urdf_pointcloud.rviz
-- Up-to-date: /home/developer/ros2_ws/install/realsense2_camera/share/realsense2_camera/examples/pointcloud/rviz/pointcloud.rviz
-- Up-to-date: /home/developer/ros2_ws/install/realsense2_camera/share/realsense2_camera/examples/pointcloud/rs_pointcloud_infra_launch.py
-- Up-to-date: /home/developer/ros2_ws/install/realsense2_camera/share/realsense2_camera/examples/launch_from_rosbag
-- Up-to-date: /home/developer/ros2_ws/install/realsense2_camera/share/realsense2_camera/examples/launch_from_rosbag/rs_launch_from_rosbag.py
-- Up-to-date: /home/developer/ros2_ws/install/realsense2_camera/share/realsense2_camera/examples/launch_from_rosbag/README.md
-- Up-to-date: /home/developer/ros2_ws/install/realsense2_camera/share/realsense2_camera/examples/dual_camera
-- Up-to-date: /home/developer/ros2_ws/install/realsense2_camera/share/realsense2_camera/examples/dual_camera/rs_dual_camera_launch.py
-- Up-to-date: /home/developer/ros2_ws/install/realsense2_camera/share/realsense2_camera/examples/dual_camera/README.md
-- Up-to-date: /home/developer/ros2_ws/install/realsense2_camera/share/realsense2_camera/examples/dual_camera/rviz
-- Up-to-date: /home/developer/ros2_ws/install/realsense2_camera/share/realsense2_camera/examples/dual_camera/rviz/dual_camera_pointcloud.rviz
-- Up-to-date: /home/developer/ros2_ws/install/realsense2_camera/share/realsense2_camera/environment/library_path.sh
-- Installing: /home/developer/ros2_ws/install/realsense2_camera/share/realsense2_camera/environment/library_path.dsv
-- Up-to-date: /home/developer/ros2_ws/install/realsense2_camera/share/ament_index/resource_index/package_run_dependencies/realsense2_camera
-- Up-to-date: /home/developer/ros2_ws/install/realsense2_camera/share/ament_index/resource_index/parent_prefix_path/realsense2_camera
-- Up-to-date: /home/developer/ros2_ws/install/realsense2_camera/share/realsense2_camera/environment/ament_prefix_path.sh
-- Installing: /home/developer/ros2_ws/install/realsense2_camera/share/realsense2_camera/environment/ament_prefix_path.dsv
-- Up-to-date: /home/developer/ros2_ws/install/realsense2_camera/share/realsense2_camera/environment/path.sh
-- Installing: /home/developer/ros2_ws/install/realsense2_camera/share/realsense2_camera/environment/path.dsv
-- Up-to-date: /home/developer/ros2_ws/install/realsense2_camera/share/realsense2_camera/local_setup.bash
-- Up-to-date: /home/developer/ros2_ws/install/realsense2_camera/share/realsense2_camera/local_setup.sh
-- Up-to-date: /home/developer/ros2_ws/install/realsense2_camera/share/realsense2_camera/local_setup.zsh
-- Installing: /home/developer/ros2_ws/install/realsense2_camera/share/realsense2_camera/local_setup.dsv
-- Installing: /home/developer/ros2_ws/install/realsense2_camera/share/realsense2_camera/package.dsv
-- Up-to-date: /home/developer/ros2_ws/install/realsense2_camera/share/ament_index/resource_index/packages/realsense2_camera
-- Up-to-date: /home/developer/ros2_ws/install/realsense2_camera/share/ament_index/resource_index/rclcpp_components/realsense2_camera
-- Up-to-date: /home/developer/ros2_ws/install/realsense2_camera/share/realsense2_camera/cmake/ament_cmake_export_include_directories-extras.cmake
-- Up-to-date: /home/developer/ros2_ws/install/realsense2_camera/share/realsense2_camera/cmake/ament_cmake_export_libraries-extras.cmake
-- Up-to-date: /home/developer/ros2_ws/install/realsense2_camera/share/realsense2_camera/cmake/ament_cmake_export_dependencies-extras.cmake
-- Up-to-date: /home/developer/ros2_ws/install/realsense2_camera/share/realsense2_camera/cmake/realsense2_cameraConfig.cmake
-- Up-to-date: /home/developer/ros2_ws/install/realsense2_camera/share/realsense2_camera/cmake/realsense2_cameraConfig-version.cmake
-- Up-to-date: /home/developer/ros2_ws/install/realsense2_camera/share/realsense2_camera/package.xml
