[0.030s] Invoking command in '/home/developer/ros2_ws/build/realsense2_camera': AMENT_PREFIX_PATH=/home/developer/ros2_ws/install/realsense2_camera_msgs:${AMENT_PREFIX_PATH} CMAKE_PREFIX_PATH=/home/developer/ros2_ws/install/realsense2_camera_msgs:/opt/ros/humble LD_LIBRARY_PATH=/home/developer/ros2_ws/install/realsense2_camera_msgs/lib:${LD_LIBRARY_PATH} PYTHONPATH=/home/developer/ros2_ws/install/realsense2_camera_msgs/local/lib/python3.10/dist-packages:${PYTHONPATH} /usr/bin/cmake --build /home/developer/ros2_ws/build/realsense2_camera -- -j6 -l6
[0.082s] -- Create Release Build.
[0.082s] -- Found ament_cmake: 1.3.12 (/opt/ros/humble/share/ament_cmake/cmake)
[0.471s] -- Found builtin_interfaces: 1.2.2 (/opt/ros/humble/share/builtin_interfaces/cmake)
[0.525s] -- Found rosidl_generator_c: 3.1.8 (/opt/ros/humble/share/rosidl_generator_c/cmake)
[0.529s] -- Found rosidl_adapter: 3.1.8 (/opt/ros/humble/share/rosidl_adapter/cmake)
[0.539s] -- Found rosidl_generator_cpp: 3.1.8 (/opt/ros/humble/share/rosidl_generator_cpp/cmake)
[0.556s] -- Using all available rosidl_typesupport_c: rosidl_typesupport_fastrtps_c;rosidl_typesupport_introspection_c
[0.578s] -- Using all available rosidl_typesupport_cpp: rosidl_typesupport_fastrtps_cpp;rosidl_typesupport_introspection_cpp
[0.599s] -- Found cv_bridge: 3.2.1 (/opt/ros/humble/share/cv_bridge/cmake)
[0.789s] -- Found image_transport: 3.1.12 (/opt/ros/humble/share/image_transport/cmake)
[0.837s] -- Found rmw_implementation_cmake: 6.1.2 (/opt/ros/humble/share/rmw_implementation_cmake/cmake)
[0.839s] -- Found rmw_fastrtps_cpp: 6.2.9 (/opt/ros/humble/share/rmw_fastrtps_cpp/cmake)
[1.020s] -- Using RMW implementation 'rmw_fastrtps_cpp' as default
[1.117s] -- Found rclcpp_action: 16.0.17 (/opt/ros/humble/share/rclcpp_action/cmake)
[1.167s] -- Found rclcpp_components: 16.0.17 (/opt/ros/humble/share/rclcpp_components/cmake)
[1.193s] -- Found realsense2_camera_msgs: 4.56.4 (/home/developer/ros2_ws/install/realsense2_camera_msgs/share/realsense2_camera_msgs/cmake)
[1.227s] -- Found std_srvs: 4.9.0 (/opt/ros/humble/share/std_srvs/cmake)
[1.242s] -- Found nav_msgs: 4.9.0 (/opt/ros/humble/share/nav_msgs/cmake)
[1.268s] -- Found tf2_ros: 0.25.18 (/opt/ros/humble/share/tf2_ros/cmake)
[1.316s] -- Found diagnostic_updater: 4.0.6 (/opt/ros/humble/share/diagnostic_updater/cmake)
[1.353s] -- Build for ROS2 Humble
[1.357s] -- Found ament_cmake_gtest: 1.3.12 (/opt/ros/humble/share/ament_cmake_gtest/cmake)
[1.358s] -- Found gtest sources under '/opt/ros/humble/src/gtest_vendor': C++ tests using 'Google Test' will be built
[1.365s] -- Found ament_cmake_pytest: 1.3.12 (/opt/ros/humble/share/ament_cmake_pytest/cmake)
[7.614s] -- rs_device_info:
[7.614s] -- Device Name                   Serial Number       Firmware Version
[7.615s] Intel RealSense D455          408222302051        5.17.0.10
[7.615s] 
[7.615s] -- D455 device found
[13.507s] -- Configuring done
[13.597s] -- Generating done
[13.615s] -- Build files have been written to: /home/developer/ros2_ws/build/realsense2_camera
[13.687s] [35m[1mConsolidate compiler generated dependencies of target gtest[0m
[13.688s] [35m[1mConsolidate compiler generated dependencies of target gtest_main[0m
[13.688s] [35m[1mConsolidate compiler generated dependencies of target realsense2_camera_node[0m
[13.696s] gmake[2]: Warning: File '/opt/ros/humble/src/gtest_vendor/src/gtest_main.cc' has modification time 1722003748 s in the future
[13.698s] gmake[2]: Warning: File '/opt/ros/humble/src/gtest_vendor/src/gtest-all.cc' has modification time 1722003748 s in the future
[13.702s] gmake[2]: Warning: File '/usr/include/stdc-predef.h' has modification time 1758120154 s in the future
[13.713s] [  4%] [32mBuilding CXX object gtest/CMakeFiles/gtest_main.dir/src/gtest_main.cc.o[0m
[13.714s] [  8%] [32mBuilding CXX object gtest/CMakeFiles/gtest.dir/src/gtest-all.cc.o[0m
[13.715s] [35m[1mConsolidate compiler generated dependencies of target realsense2_camera[0m
[13.717s] [ 12%] [32mBuilding CXX object CMakeFiles/realsense2_camera_node.dir/rclcpp_components/node_main_realsense2_camera_node.cpp.o[0m
[13.803s] gmake[2]: Warning: File '/home/developer/ros2_ws/src/realsense-ros/realsense2_camera/src/realsense_node_factory.cpp' has modification time 1766393554 s in the future
[13.823s] [ 16%] [32mBuilding CXX object CMakeFiles/realsense2_camera.dir/src/realsense_node_factory.cpp.o[0m
[13.824s] [ 20%] [32mBuilding CXX object CMakeFiles/realsense2_camera.dir/src/base_realsense_node.cpp.o[0m
[13.839s] [ 24%] [32mBuilding CXX object CMakeFiles/realsense2_camera.dir/src/parameters.cpp.o[0m
[15.152s] [ 28%] [32m[1mLinking CXX static library libgtest_main.a[0m
[15.205s] gmake[2]: warning:  Clock skew detected.  Your build may be incomplete.
[15.221s] [ 28%] Built target gtest_main
[15.247s] [ 32%] [32mBuilding CXX object CMakeFiles/realsense2_camera.dir/src/rs_node_setup.cpp.o[0m
[21.606s] [ 36%] [32m[1mLinking CXX executable realsense2_camera_node[0m
[21.826s] gmake[2]: warning:  Clock skew detected.  Your build may be incomplete.
[21.842s] [ 36%] Built target realsense2_camera_node
[21.860s] [ 40%] [32mBuilding CXX object CMakeFiles/realsense2_camera.dir/src/ros_sensor.cpp.o[0m
[31.017s] [ 44%] [32m[1mLinking CXX static library libgtest.a[0m
[31.110s] gmake[2]: warning:  Clock skew detected.  Your build may be incomplete.
[31.127s] [ 44%] Built target gtest
[31.148s] [ 48%] [32mBuilding CXX object CMakeFiles/realsense2_camera.dir/src/ros_utils.cpp.o[0m
[32.593s] [ 52%] [32mBuilding CXX object CMakeFiles/realsense2_camera.dir/src/dynamic_params.cpp.o[0m
[38.238s] [ 56%] [32mBuilding CXX object CMakeFiles/realsense2_camera.dir/src/sensor_params.cpp.o[0m
[39.872s] [ 60%] [32mBuilding CXX object CMakeFiles/realsense2_camera.dir/src/named_filter.cpp.o[0m
[42.428s] [ 64%] [32mBuilding CXX object CMakeFiles/realsense2_camera.dir/src/pointcloud_filter.cpp.o[0m
[47.444s] [35m[1mConsolidate compiler generated dependencies of target gtest_template[0m
[47.454s] gmake[2]: Warning: File '/home/developer/ros2_ws/src/realsense-ros/realsense2_camera/test/gtest_template.cpp' has modification time 1766393520 s in the future
[47.472s] [ 68%] [32mBuilding CXX object CMakeFiles/gtest_template.dir/test/gtest_template.cpp.o[0m
[47.658s] [ 72%] [32mBuilding CXX object CMakeFiles/realsense2_camera.dir/src/align_depth_filter.cpp.o[0m
[49.335s] [ 76%] [32m[1mLinking CXX executable gtest_template[0m
[49.549s] gmake[2]: warning:  Clock skew detected.  Your build may be incomplete.
[49.567s] [ 76%] Built target gtest_template
[49.587s] [ 80%] [32mBuilding CXX object CMakeFiles/realsense2_camera.dir/src/profile_manager.cpp.o[0m
[50.507s] [ 84%] [32mBuilding CXX object CMakeFiles/realsense2_camera.dir/src/image_publisher.cpp.o[0m
[52.355s] [ 88%] [32mBuilding CXX object CMakeFiles/realsense2_camera.dir/src/tfs.cpp.o[0m
[58.380s] [ 92%] [32mBuilding CXX object CMakeFiles/realsense2_camera.dir/src/actions.cpp.o[0m
[58.683s] [ 96%] [32mBuilding CXX object CMakeFiles/realsense2_camera.dir/src/ros_param_backend.cpp.o[0m
[75.794s] [100%] [32m[1mLinking CXX shared library librealsense2_camera.so[0m
[76.690s] gmake[2]: warning:  Clock skew detected.  Your build may be incomplete.
[76.711s] [100%] Built target realsense2_camera
[76.759s] Invoked command in '/home/developer/ros2_ws/build/realsense2_camera' returned '0': AMENT_PREFIX_PATH=/home/developer/ros2_ws/install/realsense2_camera_msgs:${AMENT_PREFIX_PATH} CMAKE_PREFIX_PATH=/home/developer/ros2_ws/install/realsense2_camera_msgs:/opt/ros/humble LD_LIBRARY_PATH=/home/developer/ros2_ws/install/realsense2_camera_msgs/lib:${LD_LIBRARY_PATH} PYTHONPATH=/home/developer/ros2_ws/install/realsense2_camera_msgs/local/lib/python3.10/dist-packages:${PYTHONPATH} /usr/bin/cmake --build /home/developer/ros2_ws/build/realsense2_camera -- -j6 -l6
[76.764s] Invoking command in '/home/developer/ros2_ws/build/realsense2_camera': AMENT_PREFIX_PATH=/home/developer/ros2_ws/install/realsense2_camera_msgs:${AMENT_PREFIX_PATH} CMAKE_PREFIX_PATH=/home/developer/ros2_ws/install/realsense2_camera_msgs:/opt/ros/humble LD_LIBRARY_PATH=/home/developer/ros2_ws/install/realsense2_camera_msgs/lib:${LD_LIBRARY_PATH} PYTHONPATH=/home/developer/ros2_ws/install/realsense2_camera_msgs/local/lib/python3.10/dist-packages:${PYTHONPATH} /usr/bin/cmake --install /home/developer/ros2_ws/build/realsense2_camera
[76.780s] -- Install configuration: "Release"
[76.781s] -- Installing: /home/developer/ros2_ws/install/realsense2_camera/share/realsense2_camera/config/global_settings.yaml
[76.781s] -- Installing: /home/developer/ros2_ws/install/realsense2_camera/lib/realsense2_camera/realsense2_camera_node
[76.782s] -- Set runtime path of "/home/developer/ros2_ws/install/realsense2_camera/lib/realsense2_camera/realsense2_camera_node" to ""
[76.783s] -- Installing: /home/developer/ros2_ws/install/realsense2_camera/lib/librealsense2_camera.so
[76.790s] -- Set runtime path of "/home/developer/ros2_ws/install/realsense2_camera/lib/librealsense2_camera.so" to ""
[76.790s] -- Up-to-date: /home/developer/ros2_ws/install/realsense2_camera/include
[76.790s] -- Up-to-date: /home/developer/ros2_ws/install/realsense2_camera/include/pointcloud_filter.h
[76.791s] -- Up-to-date: /home/developer/ros2_ws/install/realsense2_camera/include/ros_utils.h
[76.791s] -- Up-to-date: /home/developer/ros2_ws/install/realsense2_camera/include/ros_param_backend.h
[76.791s] -- Up-to-date: /home/developer/ros2_ws/install/realsense2_camera/include/realsense_node_factory.h
[76.791s] -- Up-to-date: /home/developer/ros2_ws/install/realsense2_camera/include/dynamic_params.h
[76.792s] -- Up-to-date: /home/developer/ros2_ws/install/realsense2_camera/include/ros_node_base.h
[76.792s] -- Up-to-date: /home/developer/ros2_ws/install/realsense2_camera/include/sensor_params.h
[76.792s] -- Up-to-date: /home/developer/ros2_ws/install/realsense2_camera/include/named_filter.h
[76.792s] -- Up-to-date: /home/developer/ros2_ws/install/realsense2_camera/include/image_publisher.h
[76.792s] -- Up-to-date: /home/developer/ros2_ws/install/realsense2_camera/include/align_depth_filter.h
[76.792s] -- Up-to-date: /home/developer/ros2_ws/install/realsense2_camera/include/base_realsense_node.h
[76.792s] -- Up-to-date: /home/developer/ros2_ws/install/realsense2_camera/include/ros_sensor.h
[76.793s] -- Up-to-date: /home/developer/ros2_ws/install/realsense2_camera/include/gl_window.h
[76.793s] -- Up-to-date: /home/developer/ros2_ws/install/realsense2_camera/include/constants.h
[76.793s] -- Up-to-date: /home/developer/ros2_ws/install/realsense2_camera/include/profile_manager.h
[76.793s] -- Up-to-date: /home/developer/ros2_ws/install/realsense2_camera/share/realsense2_camera/launch
[76.793s] -- Up-to-date: /home/developer/ros2_ws/install/realsense2_camera/share/realsense2_camera/launch/default.rviz
[76.793s] -- Up-to-date: /home/developer/ros2_ws/install/realsense2_camera/share/realsense2_camera/launch/rs_launch.py
[76.794s] -- Up-to-date: /home/developer/ros2_ws/install/realsense2_camera/share/realsense2_camera/launch/rs_intra_process_demo_launch.py
[76.794s] -- Up-to-date: /home/developer/ros2_ws/install/realsense2_camera/share/realsense2_camera/launch/rs_multi_camera_launch_sync.py
[76.794s] -- Up-to-date: /home/developer/ros2_ws/install/realsense2_camera/share/realsense2_camera/launch/rs_multi_camera_launch.py
[76.794s] -- Up-to-date: /home/developer/ros2_ws/install/realsense2_camera/share/realsense2_camera/examples
[76.794s] -- Up-to-date: /home/developer/ros2_ws/install/realsense2_camera/share/realsense2_camera/examples/d500_tables
[76.794s] -- Up-to-date: /home/developer/ros2_ws/install/realsense2_camera/share/realsense2_camera/examples/d500_tables/calib_config_example.json
[76.794s] -- Up-to-date: /home/developer/ros2_ws/install/realsense2_camera/share/realsense2_camera/examples/align_depth
[76.795s] -- Up-to-date: /home/developer/ros2_ws/install/realsense2_camera/share/realsense2_camera/examples/align_depth/rs_align_depth_launch.py
[76.795s] -- Up-to-date: /home/developer/ros2_ws/install/realsense2_camera/share/realsense2_camera/examples/align_depth/README.md
[76.795s] -- Up-to-date: /home/developer/ros2_ws/install/realsense2_camera/share/realsense2_camera/examples/launch_params_from_file
[76.795s] -- Up-to-date: /home/developer/ros2_ws/install/realsense2_camera/share/realsense2_camera/examples/launch_params_from_file/config
[76.795s] -- Up-to-date: /home/developer/ros2_ws/install/realsense2_camera/share/realsense2_camera/examples/launch_params_from_file/config/config.yaml
[76.795s] -- Up-to-date: /home/developer/ros2_ws/install/realsense2_camera/share/realsense2_camera/examples/launch_params_from_file/rs_launch_get_params_from_yaml.py
[76.796s] -- Up-to-date: /home/developer/ros2_ws/install/realsense2_camera/share/realsense2_camera/examples/launch_params_from_file/README.md
[76.796s] -- Up-to-date: /home/developer/ros2_ws/install/realsense2_camera/share/realsense2_camera/examples/pointcloud
[76.796s] -- Up-to-date: /home/developer/ros2_ws/install/realsense2_camera/share/realsense2_camera/examples/pointcloud/rs_pointcloud_launch.py
[76.796s] -- Up-to-date: /home/developer/ros2_ws/install/realsense2_camera/share/realsense2_camera/examples/pointcloud/rs_d455_pointcloud_launch.py
[76.796s] -- Up-to-date: /home/developer/ros2_ws/install/realsense2_camera/share/realsense2_camera/examples/pointcloud/rs_d405_pointcloud_launch.py
[76.796s] -- Up-to-date: /home/developer/ros2_ws/install/realsense2_camera/share/realsense2_camera/examples/pointcloud/README.md
[76.796s] -- Up-to-date: /home/developer/ros2_ws/install/realsense2_camera/share/realsense2_camera/examples/pointcloud/rviz
[76.796s] -- Up-to-date: /home/developer/ros2_ws/install/realsense2_camera/share/realsense2_camera/examples/pointcloud/rviz/urdf_pointcloud.rviz
[76.796s] -- Up-to-date: /home/developer/ros2_ws/install/realsense2_camera/share/realsense2_camera/examples/pointcloud/rviz/pointcloud.rviz
[76.796s] -- Up-to-date: /home/developer/ros2_ws/install/realsense2_camera/share/realsense2_camera/examples/pointcloud/rs_pointcloud_infra_launch.py
[76.797s] -- Up-to-date: /home/developer/ros2_ws/install/realsense2_camera/share/realsense2_camera/examples/launch_from_rosbag
[76.797s] -- Up-to-date: /home/developer/ros2_ws/install/realsense2_camera/share/realsense2_camera/examples/launch_from_rosbag/rs_launch_from_rosbag.py
[76.797s] -- Up-to-date: /home/developer/ros2_ws/install/realsense2_camera/share/realsense2_camera/examples/launch_from_rosbag/README.md
[76.797s] -- Up-to-date: /home/developer/ros2_ws/install/realsense2_camera/share/realsense2_camera/examples/dual_camera
[76.797s] -- Up-to-date: /home/developer/ros2_ws/install/realsense2_camera/share/realsense2_camera/examples/dual_camera/rs_dual_camera_launch.py
[76.797s] -- Up-to-date: /home/developer/ros2_ws/install/realsense2_camera/share/realsense2_camera/examples/dual_camera/README.md
[76.797s] -- Up-to-date: /home/developer/ros2_ws/install/realsense2_camera/share/realsense2_camera/examples/dual_camera/rviz
[76.797s] -- Up-to-date: /home/developer/ros2_ws/install/realsense2_camera/share/realsense2_camera/examples/dual_camera/rviz/dual_camera_pointcloud.rviz
[76.797s] -- Up-to-date: /home/developer/ros2_ws/install/realsense2_camera/share/realsense2_camera/environment/library_path.sh
[76.798s] -- Installing: /home/developer/ros2_ws/install/realsense2_camera/share/realsense2_camera/environment/library_path.dsv
[76.798s] -- Up-to-date: /home/developer/ros2_ws/install/realsense2_camera/share/ament_index/resource_index/package_run_dependencies/realsense2_camera
[76.798s] -- Up-to-date: /home/developer/ros2_ws/install/realsense2_camera/share/ament_index/resource_index/parent_prefix_path/realsense2_camera
[76.798s] -- Up-to-date: /home/developer/ros2_ws/install/realsense2_camera/share/realsense2_camera/environment/ament_prefix_path.sh
[76.799s] -- Installing: /home/developer/ros2_ws/install/realsense2_camera/share/realsense2_camera/environment/ament_prefix_path.dsv
[76.799s] -- Up-to-date: /home/developer/ros2_ws/install/realsense2_camera/share/realsense2_camera/environment/path.sh
[76.802s] -- Installing: /home/developer/ros2_ws/install/realsense2_camera/share/realsense2_camera/environment/path.dsv
[76.802s] -- Up-to-date: /home/developer/ros2_ws/install/realsense2_camera/share/realsense2_camera/local_setup.bash
[76.803s] -- Up-to-date: /home/developer/ros2_ws/install/realsense2_camera/share/realsense2_camera/local_setup.sh
[76.803s] -- Up-to-date: /home/developer/ros2_ws/install/realsense2_camera/share/realsense2_camera/local_setup.zsh
[76.803s] -- Installing: /home/developer/ros2_ws/install/realsense2_camera/share/realsense2_camera/local_setup.dsv
[76.804s] -- Installing: /home/developer/ros2_ws/install/realsense2_camera/share/realsense2_camera/package.dsv
[76.804s] -- Up-to-date: /home/developer/ros2_ws/install/realsense2_camera/share/ament_index/resource_index/packages/realsense2_camera
[76.805s] -- Up-to-date: /home/developer/ros2_ws/install/realsense2_camera/share/ament_index/resource_index/rclcpp_components/realsense2_camera
[76.805s] -- Up-to-date: /home/developer/ros2_ws/install/realsense2_camera/share/realsense2_camera/cmake/ament_cmake_export_include_directories-extras.cmake
[76.806s] -- Up-to-date: /home/developer/ros2_ws/install/realsense2_camera/share/realsense2_camera/cmake/ament_cmake_export_libraries-extras.cmake
[76.806s] -- Up-to-date: /home/developer/ros2_ws/install/realsense2_camera/share/realsense2_camera/cmake/ament_cmake_export_dependencies-extras.cmake
[76.807s] -- Up-to-date: /home/developer/ros2_ws/install/realsense2_camera/share/realsense2_camera/cmake/realsense2_cameraConfig.cmake
[76.807s] -- Up-to-date: /home/developer/ros2_ws/install/realsense2_camera/share/realsense2_camera/cmake/realsense2_cameraConfig-version.cmake
[76.807s] -- Up-to-date: /home/developer/ros2_ws/install/realsense2_camera/share/realsense2_camera/package.xml
[76.808s] Invoked command in '/home/developer/ros2_ws/build/realsense2_camera' returned '0': AMENT_PREFIX_PATH=/home/developer/ros2_ws/install/realsense2_camera_msgs:${AMENT_PREFIX_PATH} CMAKE_PREFIX_PATH=/home/developer/ros2_ws/install/realsense2_camera_msgs:/opt/ros/humble LD_LIBRARY_PATH=/home/developer/ros2_ws/install/realsense2_camera_msgs/lib:${LD_LIBRARY_PATH} PYTHONPATH=/home/developer/ros2_ws/install/realsense2_camera_msgs/local/lib/python3.10/dist-packages:${PYTHONPATH} /usr/bin/cmake --install /home/developer/ros2_ws/build/realsense2_camera
