[0.036s] Invoking command in '/home/developer/ros2_ws/build/realsense2_camera': CMAKE_PREFIX_PATH=/home/developer/ros2_ws/install/realsense2_camera_msgs:/home/developer/ros2_ws/install/realsense2_description:/home/developer/ros2_ws/install/realsense2_camera:/home/developer/ros2_ws/install/golf_cart_description:/home/developer/turtlebot3_ws/install/turtlebot3_simulations:/home/developer/turtlebot3_ws/install/turtlebot3_manipulation_gazebo:/home/developer/turtlebot3_ws/install/turtlebot3_gazebo:/home/developer/turtlebot3_ws/install/turtlebot3_fake_node:/opt/ros/humble LD_LIBRARY_PATH=/home/developer/ros2_ws/install/realsense2_camera_msgs/lib:/home/developer/ros2_ws/install/realsense2_camera/lib:/usr/lib/x86_64-linux-gnu/gazebo-11/plugins:/opt/ros/humble/opt/rviz_ogre_vendor/lib:/opt/ros/humble/lib/x86_64-linux-gnu:/opt/ros/humble/lib /usr/bin/cmake --build /home/developer/ros2_ws/build/realsense2_camera -- -j4 -l4
[0.266s] [ 68%] Built target realsense2_camera
[0.316s] [ 76%] Built target gtest
[0.363s] [ 84%] Built target gtest_main
[0.430s] [ 92%] Built target realsense2_camera_node
[0.488s] [100%] Built target gtest_template
[0.511s] Invoked command in '/home/developer/ros2_ws/build/realsense2_camera' returned '0': CMAKE_PREFIX_PATH=/home/developer/ros2_ws/install/realsense2_camera_msgs:/home/developer/ros2_ws/install/realsense2_description:/home/developer/ros2_ws/install/realsense2_camera:/home/developer/ros2_ws/install/golf_cart_description:/home/developer/turtlebot3_ws/install/turtlebot3_simulations:/home/developer/turtlebot3_ws/install/turtlebot3_manipulation_gazebo:/home/developer/turtlebot3_ws/install/turtlebot3_gazebo:/home/developer/turtlebot3_ws/install/turtlebot3_fake_node:/opt/ros/humble LD_LIBRARY_PATH=/home/developer/ros2_ws/install/realsense2_camera_msgs/lib:/home/developer/ros2_ws/install/realsense2_camera/lib:/usr/lib/x86_64-linux-gnu/gazebo-11/plugins:/opt/ros/humble/opt/rviz_ogre_vendor/lib:/opt/ros/humble/lib/x86_64-linux-gnu:/opt/ros/humble/lib /usr/bin/cmake --build /home/developer/ros2_ws/build/realsense2_camera -- -j4 -l4
[0.512s] Invoking command in '/home/developer/ros2_ws/build/realsense2_camera': CMAKE_PREFIX_PATH=/home/developer/ros2_ws/install/realsense2_camera_msgs:/home/developer/ros2_ws/install/realsense2_description:/home/developer/ros2_ws/install/realsense2_camera:/home/developer/ros2_ws/install/golf_cart_description:/home/developer/turtlebot3_ws/install/turtlebot3_simulations:/home/developer/turtlebot3_ws/install/turtlebot3_manipulation_gazebo:/home/developer/turtlebot3_ws/install/turtlebot3_gazebo:/home/developer/turtlebot3_ws/install/turtlebot3_fake_node:/opt/ros/humble LD_LIBRARY_PATH=/home/developer/ros2_ws/install/realsense2_camera_msgs/lib:/home/developer/ros2_ws/install/realsense2_camera/lib:/usr/lib/x86_64-linux-gnu/gazebo-11/plugins:/opt/ros/humble/opt/rviz_ogre_vendor/lib:/opt/ros/humble/lib/x86_64-linux-gnu:/opt/ros/humble/lib /usr/bin/cmake --install /home/developer/ros2_ws/build/realsense2_camera
[0.530s] -- Install configuration: "Release"
[0.530s] -- Up-to-date: /home/developer/ros2_ws/install/realsense2_camera/share/realsense2_camera/config/global_settings.yaml
[0.530s] -- Up-to-date: /home/developer/ros2_ws/install/realsense2_camera/lib/realsense2_camera/realsense2_camera_node
[0.531s] -- Up-to-date: /home/developer/ros2_ws/install/realsense2_camera/lib/librealsense2_camera.so
[0.534s] -- Up-to-date: /home/developer/ros2_ws/install/realsense2_camera/include
[0.534s] -- Up-to-date: /home/developer/ros2_ws/install/realsense2_camera/include/image_publisher.h
[0.534s] -- Up-to-date: /home/developer/ros2_ws/install/realsense2_camera/include/profile_manager.h
[0.534s] -- Up-to-date: /home/developer/ros2_ws/install/realsense2_camera/include/constants.h
[0.534s] -- Up-to-date: /home/developer/ros2_ws/install/realsense2_camera/include/ros_sensor.h
[0.534s] -- Up-to-date: /home/developer/ros2_ws/install/realsense2_camera/include/ros_param_backend.h
[0.535s] -- Up-to-date: /home/developer/ros2_ws/install/realsense2_camera/include/realsense_node_factory.h
[0.535s] -- Up-to-date: /home/developer/ros2_ws/install/realsense2_camera/include/named_filter.h
[0.535s] -- Up-to-date: /home/developer/ros2_ws/install/realsense2_camera/include/base_realsense_node.h
[0.535s] -- Up-to-date: /home/developer/ros2_ws/install/realsense2_camera/include/align_depth_filter.h
[0.535s] -- Up-to-date: /home/developer/ros2_ws/install/realsense2_camera/include/gl_window.h
[0.535s] -- Up-to-date: /home/developer/ros2_ws/install/realsense2_camera/include/dynamic_params.h
[0.535s] -- Up-to-date: /home/developer/ros2_ws/install/realsense2_camera/include/pointcloud_filter.h
[0.536s] -- Up-to-date: /home/developer/ros2_ws/install/realsense2_camera/include/ros_node_base.h
[0.536s] -- Up-to-date: /home/developer/ros2_ws/install/realsense2_camera/include/sensor_params.h
[0.536s] -- Up-to-date: /home/developer/ros2_ws/install/realsense2_camera/include/ros_utils.h
[0.536s] -- Up-to-date: /home/developer/ros2_ws/install/realsense2_camera/share/realsense2_camera/launch
[0.536s] -- Up-to-date: /home/developer/ros2_ws/install/realsense2_camera/share/realsense2_camera/launch/rs_launch.py
[0.536s] -- Up-to-date: /home/developer/ros2_ws/install/realsense2_camera/share/realsense2_camera/launch/rs_multi_camera_launch.py
[0.538s] -- Up-to-date: /home/developer/ros2_ws/install/realsense2_camera/share/realsense2_camera/launch/default.rviz
[0.538s] -- Up-to-date: /home/developer/ros2_ws/install/realsense2_camera/share/realsense2_camera/launch/rs_multi_camera_launch_sync.py
[0.538s] -- Up-to-date: /home/developer/ros2_ws/install/realsense2_camera/share/realsense2_camera/launch/rs_intra_process_demo_launch.py
[0.539s] -- Up-to-date: /home/developer/ros2_ws/install/realsense2_camera/share/realsense2_camera/examples
[0.539s] -- Up-to-date: /home/developer/ros2_ws/install/realsense2_camera/share/realsense2_camera/examples/dual_camera
[0.539s] -- Up-to-date: /home/developer/ros2_ws/install/realsense2_camera/share/realsense2_camera/examples/dual_camera/rs_dual_camera_launch.py
[0.539s] -- Up-to-date: /home/developer/ros2_ws/install/realsense2_camera/share/realsense2_camera/examples/dual_camera/README.md
[0.539s] -- Up-to-date: /home/developer/ros2_ws/install/realsense2_camera/share/realsense2_camera/examples/dual_camera/rviz
[0.539s] -- Up-to-date: /home/developer/ros2_ws/install/realsense2_camera/share/realsense2_camera/examples/dual_camera/rviz/dual_camera_pointcloud.rviz
[0.539s] -- Up-to-date: /home/developer/ros2_ws/install/realsense2_camera/share/realsense2_camera/examples/d500_tables
[0.540s] -- Up-to-date: /home/developer/ros2_ws/install/realsense2_camera/share/realsense2_camera/examples/d500_tables/calib_config_example.json
[0.540s] -- Up-to-date: /home/developer/ros2_ws/install/realsense2_camera/share/realsense2_camera/examples/align_depth
[0.540s] -- Up-to-date: /home/developer/ros2_ws/install/realsense2_camera/share/realsense2_camera/examples/align_depth/README.md
[0.540s] -- Up-to-date: /home/developer/ros2_ws/install/realsense2_camera/share/realsense2_camera/examples/align_depth/rs_align_depth_launch.py
[0.540s] -- Up-to-date: /home/developer/ros2_ws/install/realsense2_camera/share/realsense2_camera/examples/launch_params_from_file
[0.540s] -- Up-to-date: /home/developer/ros2_ws/install/realsense2_camera/share/realsense2_camera/examples/launch_params_from_file/README.md
[0.540s] -- Up-to-date: /home/developer/ros2_ws/install/realsense2_camera/share/realsense2_camera/examples/launch_params_from_file/config
[0.541s] -- Up-to-date: /home/developer/ros2_ws/install/realsense2_camera/share/realsense2_camera/examples/launch_params_from_file/config/config.yaml
[0.541s] -- Up-to-date: /home/developer/ros2_ws/install/realsense2_camera/share/realsense2_camera/examples/launch_params_from_file/rs_launch_get_params_from_yaml.py
[0.541s] -- Up-to-date: /home/developer/ros2_ws/install/realsense2_camera/share/realsense2_camera/examples/launch_from_rosbag
[0.541s] -- Up-to-date: /home/developer/ros2_ws/install/realsense2_camera/share/realsense2_camera/examples/launch_from_rosbag/rs_launch_from_rosbag.py
[0.541s] -- Up-to-date: /home/developer/ros2_ws/install/realsense2_camera/share/realsense2_camera/examples/launch_from_rosbag/README.md
[0.541s] -- Up-to-date: /home/developer/ros2_ws/install/realsense2_camera/share/realsense2_camera/examples/pointcloud
[0.541s] -- Up-to-date: /home/developer/ros2_ws/install/realsense2_camera/share/realsense2_camera/examples/pointcloud/rs_d405_pointcloud_launch.py
[0.542s] -- Up-to-date: /home/developer/ros2_ws/install/realsense2_camera/share/realsense2_camera/examples/pointcloud/rs_d455_pointcloud_launch.py
[0.542s] -- Up-to-date: /home/developer/ros2_ws/install/realsense2_camera/share/realsense2_camera/examples/pointcloud/rs_pointcloud_infra_launch.py
[0.542s] -- Up-to-date: /home/developer/ros2_ws/install/realsense2_camera/share/realsense2_camera/examples/pointcloud/README.md
[0.542s] -- Up-to-date: /home/developer/ros2_ws/install/realsense2_camera/share/realsense2_camera/examples/pointcloud/rs_pointcloud_launch.py
[0.542s] -- Up-to-date: /home/developer/ros2_ws/install/realsense2_camera/share/realsense2_camera/examples/pointcloud/rviz
[0.542s] -- Up-to-date: /home/developer/ros2_ws/install/realsense2_camera/share/realsense2_camera/examples/pointcloud/rviz/pointcloud.rviz
[0.542s] -- Up-to-date: /home/developer/ros2_ws/install/realsense2_camera/share/realsense2_camera/examples/pointcloud/rviz/urdf_pointcloud.rviz
[0.543s] -- Up-to-date: /home/developer/ros2_ws/install/realsense2_camera/share/realsense2_camera/environment/library_path.sh
[0.543s] -- Up-to-date: /home/developer/ros2_ws/install/realsense2_camera/share/realsense2_camera/environment/library_path.dsv
[0.543s] -- Up-to-date: /home/developer/ros2_ws/install/realsense2_camera/share/ament_index/resource_index/package_run_dependencies/realsense2_camera
[0.543s] -- Up-to-date: /home/developer/ros2_ws/install/realsense2_camera/share/ament_index/resource_index/parent_prefix_path/realsense2_camera
[0.543s] -- Up-to-date: /home/developer/ros2_ws/install/realsense2_camera/share/realsense2_camera/environment/ament_prefix_path.sh
[0.543s] -- Up-to-date: /home/developer/ros2_ws/install/realsense2_camera/share/realsense2_camera/environment/ament_prefix_path.dsv
[0.549s] -- Up-to-date: /home/developer/ros2_ws/install/realsense2_camera/share/realsense2_camera/environment/path.sh
[0.550s] -- Up-to-date: /home/developer/ros2_ws/install/realsense2_camera/share/realsense2_camera/environment/path.dsv
[0.550s] -- Up-to-date: /home/developer/ros2_ws/install/realsense2_camera/share/realsense2_camera/local_setup.bash
[0.550s] -- Up-to-date: /home/developer/ros2_ws/install/realsense2_camera/share/realsense2_camera/local_setup.sh
[0.550s] -- Up-to-date: /home/developer/ros2_ws/install/realsense2_camera/share/realsense2_camera/local_setup.zsh
[0.550s] -- Up-to-date: /home/developer/ros2_ws/install/realsense2_camera/share/realsense2_camera/local_setup.dsv
[0.550s] -- Installing: /home/developer/ros2_ws/install/realsense2_camera/share/realsense2_camera/package.dsv
[0.550s] -- Up-to-date: /home/developer/ros2_ws/install/realsense2_camera/share/ament_index/resource_index/packages/realsense2_camera
[0.550s] -- Up-to-date: /home/developer/ros2_ws/install/realsense2_camera/share/ament_index/resource_index/rclcpp_components/realsense2_camera
[0.551s] -- Up-to-date: /home/developer/ros2_ws/install/realsense2_camera/share/realsense2_camera/cmake/ament_cmake_export_include_directories-extras.cmake
[0.551s] -- Up-to-date: /home/developer/ros2_ws/install/realsense2_camera/share/realsense2_camera/cmake/ament_cmake_export_libraries-extras.cmake
[0.551s] -- Up-to-date: /home/developer/ros2_ws/install/realsense2_camera/share/realsense2_camera/cmake/ament_cmake_export_dependencies-extras.cmake
[0.551s] -- Up-to-date: /home/developer/ros2_ws/install/realsense2_camera/share/realsense2_camera/cmake/realsense2_cameraConfig.cmake
[0.551s] -- Up-to-date: /home/developer/ros2_ws/install/realsense2_camera/share/realsense2_camera/cmake/realsense2_cameraConfig-version.cmake
[0.551s] -- Up-to-date: /home/developer/ros2_ws/install/realsense2_camera/share/realsense2_camera/package.xml
[0.552s] Invoked command in '/home/developer/ros2_ws/build/realsense2_camera' returned '0': CMAKE_PREFIX_PATH=/home/developer/ros2_ws/install/realsense2_camera_msgs:/home/developer/ros2_ws/install/realsense2_description:/home/developer/ros2_ws/install/realsense2_camera:/home/developer/ros2_ws/install/golf_cart_description:/home/developer/turtlebot3_ws/install/turtlebot3_simulations:/home/developer/turtlebot3_ws/install/turtlebot3_manipulation_gazebo:/home/developer/turtlebot3_ws/install/turtlebot3_gazebo:/home/developer/turtlebot3_ws/install/turtlebot3_fake_node:/opt/ros/humble LD_LIBRARY_PATH=/home/developer/ros2_ws/install/realsense2_camera_msgs/lib:/home/developer/ros2_ws/install/realsense2_camera/lib:/usr/lib/x86_64-linux-gnu/gazebo-11/plugins:/opt/ros/humble/opt/rviz_ogre_vendor/lib:/opt/ros/humble/lib/x86_64-linux-gnu:/opt/ros/humble/lib /usr/bin/cmake --install /home/developer/ros2_ws/build/realsense2_camera
