-- The C compiler identification is GNU 11.4.0
-- The CXX compiler identification is GNU 11.4.0
-- Detecting C compiler ABI info
-- Detecting C compiler ABI info - done
-- Check for working C compiler: /usr/bin/cc - skipped
-- Detecting C compile features
-- Detecting C compile features - done
-- Detecting CXX compiler ABI info
-- Detecting CXX compiler ABI info - done
-- Check for working CXX compiler: /usr/bin/c++ - skipped
-- Detecting CXX compile features
-- Detecting CXX compile features - done
-- Create Release Build.
-- Found ament_cmake: 1.3.12 (/opt/ros/humble/share/ament_cmake/cmake)
-- Found Python3: /usr/bin/python3 (found version "3.10.12") found components: Interpreter 
-- Found builtin_interfaces: 1.2.2 (/opt/ros/humble/share/builtin_interfaces/cmake)
-- Found rosidl_generator_c: 3.1.8 (/opt/ros/humble/share/rosidl_generator_c/cmake)
-- Found rosidl_adapter: 3.1.8 (/opt/ros/humble/share/rosidl_adapter/cmake)
-- Found rosidl_generator_cpp: 3.1.8 (/opt/ros/humble/share/rosidl_generator_cpp/cmake)
-- Using all available rosidl_typesupport_c: rosidl_typesupport_fastrtps_c;rosidl_typesupport_introspection_c
-- Using all available rosidl_typesupport_cpp: rosidl_typesupport_fastrtps_cpp;rosidl_typesupport_introspection_cpp
-- Found cv_bridge: 3.2.1 (/opt/ros/humble/share/cv_bridge/cmake)
[33mCMake Warning (dev) at /usr/share/cmake-3.22/Modules/FindCUDA.cmake:723 (option):
  Policy CMP0077 is not set: option() honors normal variables.  Run "cmake
  --help-policy CMP0077" for policy details.  Use the cmake_policy command to
  set the policy and suppress this warning.

  For compatibility with older versions of CMake, option is clearing the
  normal variable 'CUDA_PROPAGATE_HOST_FLAGS'.
Call Stack (most recent call first):
  /usr/local/lib/cmake/opencv4/OpenCVConfig.cmake:86 (find_package)
  /usr/local/lib/cmake/opencv4/OpenCVConfig.cmake:108 (find_host_package)
  /opt/ros/humble/share/cv_bridge/cmake/ament_cmake_export_dependencies-extras.cmake:21 (find_package)
  /opt/ros/humble/share/cv_bridge/cmake/cv_bridgeConfig.cmake:41 (include)
  CMakeLists.txt:109 (find_package)
This warning is for project developers.  Use -Wno-dev to suppress it.
[0m
-- Looking for pthread.h
-- Looking for pthread.h - found
-- Performing Test CMAKE_HAVE_LIBC_PTHREAD
-- Performing Test CMAKE_HAVE_LIBC_PTHREAD - Success
-- Found Threads: TRUE  
-- Found CUDA: /usr/local/cuda (found suitable exact version "12.6") 
-- Found image_transport: 3.1.12 (/opt/ros/humble/share/image_transport/cmake)
-- Found rmw_implementation_cmake: 6.1.2 (/opt/ros/humble/share/rmw_implementation_cmake/cmake)
-- Found rmw_fastrtps_cpp: 6.2.9 (/opt/ros/humble/share/rmw_fastrtps_cpp/cmake)
-- Found OpenSSL: /usr/lib/aarch64-linux-gnu/libcrypto.so (found version "3.0.2")  
-- Found FastRTPS: /opt/ros/humble/include  
-- Using RMW implementation 'rmw_fastrtps_cpp' as default
-- Found rclcpp_action: 16.0.17 (/opt/ros/humble/share/rclcpp_action/cmake)
-- Found rclcpp_components: 16.0.17 (/opt/ros/humble/share/rclcpp_components/cmake)
-- Found realsense2_camera_msgs: 4.56.4 (/home/developer/ros2_ws/install/realsense2_camera_msgs/share/realsense2_camera_msgs/cmake)
-- Found std_srvs: 4.9.0 (/opt/ros/humble/share/std_srvs/cmake)
-- Found nav_msgs: 4.9.0 (/opt/ros/humble/share/nav_msgs/cmake)
-- Found tf2_ros: 0.25.18 (/opt/ros/humble/share/tf2_ros/cmake)
-- Found diagnostic_updater: 4.0.6 (/opt/ros/humble/share/diagnostic_updater/cmake)
-- Found OpenCV: /usr/local (found version "4.10.0") found components: core 
-- Build for ROS2 Humble
-- Found ament_cmake_gtest: 1.3.12 (/opt/ros/humble/share/ament_cmake_gtest/cmake)
-- Found gtest sources under '/opt/ros/humble/src/gtest_vendor': C++ tests using 'Google Test' will be built
-- Found ament_cmake_pytest: 1.3.12 (/opt/ros/humble/share/ament_cmake_pytest/cmake)
-- rs_device_info:
-- Device Name                   Serial Number       Firmware Version
Intel RealSense D455          408222302051        5.17.0.10

-- D455 device found
-- Configuring done
-- Generating done
-- Build files have been written to: /home/developer/ros2_ws/build/realsense2_camera
-- Create Release Build.
-- Found ament_cmake: 1.3.12 (/opt/ros/humble/share/ament_cmake/cmake)
-- Found builtin_interfaces: 1.2.2 (/opt/ros/humble/share/builtin_interfaces/cmake)
-- Found rosidl_generator_c: 3.1.8 (/opt/ros/humble/share/rosidl_generator_c/cmake)
-- Found rosidl_adapter: 3.1.8 (/opt/ros/humble/share/rosidl_adapter/cmake)
-- Found rosidl_generator_cpp: 3.1.8 (/opt/ros/humble/share/rosidl_generator_cpp/cmake)
-- Using all available rosidl_typesupport_c: rosidl_typesupport_fastrtps_c;rosidl_typesupport_introspection_c
-- Using all available rosidl_typesupport_cpp: rosidl_typesupport_fastrtps_cpp;rosidl_typesupport_introspection_cpp
-- Found cv_bridge: 3.2.1 (/opt/ros/humble/share/cv_bridge/cmake)
-- Found image_transport: 3.1.12 (/opt/ros/humble/share/image_transport/cmake)
-- Found rmw_implementation_cmake: 6.1.2 (/opt/ros/humble/share/rmw_implementation_cmake/cmake)
-- Found rmw_fastrtps_cpp: 6.2.9 (/opt/ros/humble/share/rmw_fastrtps_cpp/cmake)
-- Using RMW implementation 'rmw_fastrtps_cpp' as default
-- Found rclcpp_action: 16.0.17 (/opt/ros/humble/share/rclcpp_action/cmake)
-- Found rclcpp_components: 16.0.17 (/opt/ros/humble/share/rclcpp_components/cmake)
-- Found realsense2_camera_msgs: 4.56.4 (/home/developer/ros2_ws/install/realsense2_camera_msgs/share/realsense2_camera_msgs/cmake)
-- Found std_srvs: 4.9.0 (/opt/ros/humble/share/std_srvs/cmake)
-- Found nav_msgs: 4.9.0 (/opt/ros/humble/share/nav_msgs/cmake)
-- Found tf2_ros: 0.25.18 (/opt/ros/humble/share/tf2_ros/cmake)
-- Found diagnostic_updater: 4.0.6 (/opt/ros/humble/share/diagnostic_updater/cmake)
-- Build for ROS2 Humble
-- Found ament_cmake_gtest: 1.3.12 (/opt/ros/humble/share/ament_cmake_gtest/cmake)
-- Found gtest sources under '/opt/ros/humble/src/gtest_vendor': C++ tests using 'Google Test' will be built
-- Found ament_cmake_pytest: 1.3.12 (/opt/ros/humble/share/ament_cmake_pytest/cmake)
-- rs_device_info:
-- Device Name                   Serial Number       Firmware Version
Intel RealSense D455          408222302051        5.17.0.10

-- D455 device found
-- Configuring done
-- Generating done
-- Build files have been written to: /home/developer/ros2_ws/build/realsense2_camera
gmake[2]: Warning: File '/home/developer/ros2_ws/src/realsense-ros/realsense2_camera/src/realsense_node_factory.cpp' has modification time 1766393718 s in the future
[  4%] [32mBuilding CXX object CMakeFiles/realsense2_camera.dir/src/realsense_node_factory.cpp.o[0m
[ 12%] [32mBuilding CXX object CMakeFiles/realsense2_camera.dir/src/base_realsense_node.cpp.o[0m
[ 12%] [32mBuilding CXX object CMakeFiles/realsense2_camera.dir/src/parameters.cpp.o[0m
[ 16%] [32mBuilding CXX object CMakeFiles/realsense2_camera.dir/src/rs_node_setup.cpp.o[0m
[ 20%] [32mBuilding CXX object CMakeFiles/realsense2_camera.dir/src/ros_sensor.cpp.o[0m
[ 24%] [32mBuilding CXX object CMakeFiles/realsense2_camera.dir/src/ros_utils.cpp.o[0m
[ 28%] [32mBuilding CXX object CMakeFiles/realsense2_camera.dir/src/dynamic_params.cpp.o[0m
[ 32%] [32mBuilding CXX object CMakeFiles/realsense2_camera.dir/src/sensor_params.cpp.o[0m
[ 36%] [32mBuilding CXX object CMakeFiles/realsense2_camera.dir/src/named_filter.cpp.o[0m
[ 40%] [32mBuilding CXX object CMakeFiles/realsense2_camera.dir/src/pointcloud_filter.cpp.o[0m
[ 44%] [32mBuilding CXX object CMakeFiles/realsense2_camera.dir/src/align_depth_filter.cpp.o[0m
[ 48%] [32mBuilding CXX object CMakeFiles/realsense2_camera.dir/src/profile_manager.cpp.o[0m
[ 52%] [32mBuilding CXX object CMakeFiles/realsense2_camera.dir/src/image_publisher.cpp.o[0m
[ 56%] [32mBuilding CXX object CMakeFiles/realsense2_camera.dir/src/tfs.cpp.o[0m
[ 60%] [32mBuilding CXX object CMakeFiles/realsense2_camera.dir/src/actions.cpp.o[0m
[ 64%] [32mBuilding CXX object CMakeFiles/realsense2_camera.dir/src/ros_param_backend.cpp.o[0m
[ 68%] [32m[1mLinking CXX shared library librealsense2_camera.so[0m
gmake[2]: warning:  Clock skew detected.  Your build may be incomplete.
[ 68%] Built target realsense2_camera
gmake[2]: Warning: File '/opt/ros/humble/src/gtest_vendor/src/gtest_main.cc' has modification time 1722003804 s in the future
gmake[2]: Warning: File '/opt/ros/humble/src/gtest_vendor/src/gtest-all.cc' has modification time 1722003804 s in the future
gmake[2]: Warning: File '/opt/ros/humble/lib/libcomponent_manager.so' has modification time 1766981424 s in the future
[ 72%] [32mBuilding CXX object gtest/CMakeFiles/gtest.dir/src/gtest-all.cc.o[0m
[ 76%] [32mBuilding CXX object CMakeFiles/realsense2_camera_node.dir/rclcpp_components/node_main_realsense2_camera_node.cpp.o[0m
[ 80%] [32mBuilding CXX object gtest/CMakeFiles/gtest_main.dir/src/gtest_main.cc.o[0m
[ 84%] [32m[1mLinking CXX static library libgtest_main.a[0m
gmake[2]: warning:  Clock skew detected.  Your build may be incomplete.
[ 84%] Built target gtest_main
[ 88%] [32m[1mLinking CXX executable realsense2_camera_node[0m
gmake[2]: warning:  Clock skew detected.  Your build may be incomplete.
[ 88%] Built target realsense2_camera_node
[ 92%] [32m[1mLinking CXX static library libgtest.a[0m
gmake[2]: warning:  Clock skew detected.  Your build may be incomplete.
[ 92%] Built target gtest
gmake[2]: Warning: File '/home/developer/ros2_ws/src/realsense-ros/realsense2_camera/test/gtest_template.cpp' has modification time 1766393595 s in the future
[ 96%] [32mBuilding CXX object CMakeFiles/gtest_template.dir/test/gtest_template.cpp.o[0m
[100%] [32m[1mLinking CXX executable gtest_template[0m
gmake[2]: warning:  Clock skew detected.  Your build may be incomplete.
[100%] Built target gtest_template
-- Install configuration: "Release"
-- Installing: /home/developer/ros2_ws/install/realsense2_camera/share/realsense2_camera/config/global_settings.yaml
-- Installing: /home/developer/ros2_ws/install/realsense2_camera/lib/realsense2_camera/realsense2_camera_node
-- Set runtime path of "/home/developer/ros2_ws/install/realsense2_camera/lib/realsense2_camera/realsense2_camera_node" to ""
-- Installing: /home/developer/ros2_ws/install/realsense2_camera/lib/librealsense2_camera.so
-- Set runtime path of "/home/developer/ros2_ws/install/realsense2_camera/lib/librealsense2_camera.so" to ""
-- Installing: /home/developer/ros2_ws/install/realsense2_camera/include
-- Installing: /home/developer/ros2_ws/install/realsense2_camera/include/pointcloud_filter.h
-- Installing: /home/developer/ros2_ws/install/realsense2_camera/include/ros_utils.h
-- Installing: /home/developer/ros2_ws/install/realsense2_camera/include/ros_param_backend.h
-- Installing: /home/developer/ros2_ws/install/realsense2_camera/include/realsense_node_factory.h
-- Installing: /home/developer/ros2_ws/install/realsense2_camera/include/dynamic_params.h
-- Installing: /home/developer/ros2_ws/install/realsense2_camera/include/ros_node_base.h
-- Installing: /home/developer/ros2_ws/install/realsense2_camera/include/sensor_params.h
-- Installing: /home/developer/ros2_ws/install/realsense2_camera/include/named_filter.h
-- Installing: /home/developer/ros2_ws/install/realsense2_camera/include/image_publisher.h
-- Installing: /home/developer/ros2_ws/install/realsense2_camera/include/align_depth_filter.h
-- Installing: /home/developer/ros2_ws/install/realsense2_camera/include/base_realsense_node.h
-- Installing: /home/developer/ros2_ws/install/realsense2_camera/include/ros_sensor.h
-- Installing: /home/developer/ros2_ws/install/realsense2_camera/include/gl_window.h
-- Installing: /home/developer/ros2_ws/install/realsense2_camera/include/constants.h
-- Installing: /home/developer/ros2_ws/install/realsense2_camera/include/profile_manager.h
-- Installing: /home/developer/ros2_ws/install/realsense2_camera/share/realsense2_camera/launch
-- Installing: /home/developer/ros2_ws/install/realsense2_camera/share/realsense2_camera/launch/default.rviz
-- Installing: /home/developer/ros2_ws/install/realsense2_camera/share/realsense2_camera/launch/rs_launch.py
-- Installing: /home/developer/ros2_ws/install/realsense2_camera/share/realsense2_camera/launch/rs_intra_process_demo_launch.py
-- Installing: /home/developer/ros2_ws/install/realsense2_camera/share/realsense2_camera/launch/rs_multi_camera_launch_sync.py
-- Installing: /home/developer/ros2_ws/install/realsense2_camera/share/realsense2_camera/launch/rs_multi_camera_launch.py
-- Installing: /home/developer/ros2_ws/install/realsense2_camera/share/realsense2_camera/examples
-- Installing: /home/developer/ros2_ws/install/realsense2_camera/share/realsense2_camera/examples/d500_tables
-- Installing: /home/developer/ros2_ws/install/realsense2_camera/share/realsense2_camera/examples/d500_tables/calib_config_example.json
-- Installing: /home/developer/ros2_ws/install/realsense2_camera/share/realsense2_camera/examples/align_depth
-- Installing: /home/developer/ros2_ws/install/realsense2_camera/share/realsense2_camera/examples/align_depth/rs_align_depth_launch.py
-- Installing: /home/developer/ros2_ws/install/realsense2_camera/share/realsense2_camera/examples/align_depth/README.md
-- Installing: /home/developer/ros2_ws/install/realsense2_camera/share/realsense2_camera/examples/launch_params_from_file
-- Installing: /home/developer/ros2_ws/install/realsense2_camera/share/realsense2_camera/examples/launch_params_from_file/config
-- Installing: /home/developer/ros2_ws/install/realsense2_camera/share/realsense2_camera/examples/launch_params_from_file/config/config.yaml
-- Installing: /home/developer/ros2_ws/install/realsense2_camera/share/realsense2_camera/examples/launch_params_from_file/rs_launch_get_params_from_yaml.py
-- Installing: /home/developer/ros2_ws/install/realsense2_camera/share/realsense2_camera/examples/launch_params_from_file/README.md
-- Installing: /home/developer/ros2_ws/install/realsense2_camera/share/realsense2_camera/examples/pointcloud
-- Installing: /home/developer/ros2_ws/install/realsense2_camera/share/realsense2_camera/examples/pointcloud/rs_pointcloud_launch.py
-- Installing: /home/developer/ros2_ws/install/realsense2_camera/share/realsense2_camera/examples/pointcloud/rs_d455_pointcloud_launch.py
-- Installing: /home/developer/ros2_ws/install/realsense2_camera/share/realsense2_camera/examples/pointcloud/rs_d405_pointcloud_launch.py
-- Installing: /home/developer/ros2_ws/install/realsense2_camera/share/realsense2_camera/examples/pointcloud/README.md
-- Installing: /home/developer/ros2_ws/install/realsense2_camera/share/realsense2_camera/examples/pointcloud/rviz
-- Installing: /home/developer/ros2_ws/install/realsense2_camera/share/realsense2_camera/examples/pointcloud/rviz/urdf_pointcloud.rviz
-- Installing: /home/developer/ros2_ws/install/realsense2_camera/share/realsense2_camera/examples/pointcloud/rviz/pointcloud.rviz
-- Installing: /home/developer/ros2_ws/install/realsense2_camera/share/realsense2_camera/examples/pointcloud/rs_pointcloud_infra_launch.py
-- Installing: /home/developer/ros2_ws/install/realsense2_camera/share/realsense2_camera/examples/launch_from_rosbag
-- Installing: /home/developer/ros2_ws/install/realsense2_camera/share/realsense2_camera/examples/launch_from_rosbag/rs_launch_from_rosbag.py
-- Installing: /home/developer/ros2_ws/install/realsense2_camera/share/realsense2_camera/examples/launch_from_rosbag/README.md
-- Installing: /home/developer/ros2_ws/install/realsense2_camera/share/realsense2_camera/examples/dual_camera
-- Installing: /home/developer/ros2_ws/install/realsense2_camera/share/realsense2_camera/examples/dual_camera/rs_dual_camera_launch.py
-- Installing: /home/developer/ros2_ws/install/realsense2_camera/share/realsense2_camera/examples/dual_camera/README.md
-- Installing: /home/developer/ros2_ws/install/realsense2_camera/share/realsense2_camera/examples/dual_camera/rviz
-- Installing: /home/developer/ros2_ws/install/realsense2_camera/share/realsense2_camera/examples/dual_camera/rviz/dual_camera_pointcloud.rviz
-- Installing: /home/developer/ros2_ws/install/realsense2_camera/share/realsense2_camera/environment/library_path.sh
-- Installing: /home/developer/ros2_ws/install/realsense2_camera/share/realsense2_camera/environment/library_path.dsv
-- Installing: /home/developer/ros2_ws/install/realsense2_camera/share/ament_index/resource_index/package_run_dependencies/realsense2_camera
-- Installing: /home/developer/ros2_ws/install/realsense2_camera/share/ament_index/resource_index/parent_prefix_path/realsense2_camera
-- Installing: /home/developer/ros2_ws/install/realsense2_camera/share/realsense2_camera/environment/ament_prefix_path.sh
-- Installing: /home/developer/ros2_ws/install/realsense2_camera/share/realsense2_camera/environment/ament_prefix_path.dsv
-- Installing: /home/developer/ros2_ws/install/realsense2_camera/share/realsense2_camera/environment/path.sh
-- Installing: /home/developer/ros2_ws/install/realsense2_camera/share/realsense2_camera/environment/path.dsv
-- Installing: /home/developer/ros2_ws/install/realsense2_camera/share/realsense2_camera/local_setup.bash
-- Installing: /home/developer/ros2_ws/install/realsense2_camera/share/realsense2_camera/local_setup.sh
-- Installing: /home/developer/ros2_ws/install/realsense2_camera/share/realsense2_camera/local_setup.zsh
-- Installing: /home/developer/ros2_ws/install/realsense2_camera/share/realsense2_camera/local_setup.dsv
-- Installing: /home/developer/ros2_ws/install/realsense2_camera/share/realsense2_camera/package.dsv
-- Installing: /home/developer/ros2_ws/install/realsense2_camera/share/ament_index/resource_index/packages/realsense2_camera
-- Installing: /home/developer/ros2_ws/install/realsense2_camera/share/ament_index/resource_index/rclcpp_components/realsense2_camera
-- Installing: /home/developer/ros2_ws/install/realsense2_camera/share/realsense2_camera/cmake/ament_cmake_export_include_directories-extras.cmake
-- Installing: /home/developer/ros2_ws/install/realsense2_camera/share/realsense2_camera/cmake/ament_cmake_export_libraries-extras.cmake
-- Installing: /home/developer/ros2_ws/install/realsense2_camera/share/realsense2_camera/cmake/ament_cmake_export_dependencies-extras.cmake
-- Installing: /home/developer/ros2_ws/install/realsense2_camera/share/realsense2_camera/cmake/realsense2_cameraConfig.cmake
-- Installing: /home/developer/ros2_ws/install/realsense2_camera/share/realsense2_camera/cmake/realsense2_cameraConfig-version.cmake
-- Installing: /home/developer/ros2_ws/install/realsense2_camera/share/realsense2_camera/package.xml
