running egg_info
writing ../../build/golf_cart_nav2/golf_cart_nav2.egg-info/PKG-INFO
writing dependency_links to ../../build/golf_cart_nav2/golf_cart_nav2.egg-info/dependency_links.txt
writing entry points to ../../build/golf_cart_nav2/golf_cart_nav2.egg-info/entry_points.txt
writing requirements to ../../build/golf_cart_nav2/golf_cart_nav2.egg-info/requires.txt
writing top-level names to ../../build/golf_cart_nav2/golf_cart_nav2.egg-info/top_level.txt
reading manifest file '../../build/golf_cart_nav2/golf_cart_nav2.egg-info/SOURCES.txt'
writing manifest file '../../build/golf_cart_nav2/golf_cart_nav2.egg-info/SOURCES.txt'
running build
running build_py
copying golf_cart_nav2/pure_pursuit_local.py -> /home/developer/ros2_ws/build/golf_cart_nav2/build/lib/golf_cart_nav2
running install
running install_lib
copying /home/developer/ros2_ws/build/golf_cart_nav2/build/lib/golf_cart_nav2/pure_pursuit_local.py -> /home/developer/ros2_ws/install/golf_cart_nav2/lib/python3.10/site-packages/golf_cart_nav2
byte-compiling /home/developer/ros2_ws/install/golf_cart_nav2/lib/python3.10/site-packages/golf_cart_nav2/pure_pursuit_local.py to pure_pursuit_local.cpython-310.pyc
running install_data
running install_egg_info
removing '/home/developer/ros2_ws/install/golf_cart_nav2/lib/python3.10/site-packages/golf_cart_nav2-0.0.0-py3.10.egg-info' (and everything under it)
Copying ../../build/golf_cart_nav2/golf_cart_nav2.egg-info to /home/developer/ros2_ws/install/golf_cart_nav2/lib/python3.10/site-packages/golf_cart_nav2-0.0.0-py3.10.egg-info
running install_scripts
Installing nav2_to_ackermann script to /home/developer/ros2_ws/install/golf_cart_nav2/lib/golf_cart_nav2
Installing pure_pursuit_local script to /home/developer/ros2_ws/install/golf_cart_nav2/lib/golf_cart_nav2
Installing pure_pursuit_viz script to /home/developer/ros2_ws/install/golf_cart_nav2/lib/golf_cart_nav2
writing list of installed files to '/home/developer/ros2_ws/build/golf_cart_nav2/install.log'
