[0.498s] DEBUG:colcon:Command line arguments: ['/usr/bin/colcon', 'build', '--packages-select', 'golf_cart_nav2']
[0.499s] DEBUG:colcon:Parsed command line arguments: Namespace(log_base=None, log_level=None, verb_name='build', build_base='build', install_base='install', merge_install=False, symlink_install=False, test_result_base=None, continue_on_error=False, executor='parallel', parallel_workers=6, event_handlers=None, ignore_user_meta=False, metas=['./colcon.meta'], base_paths=['.'], packages_ignore=None, packages_ignore_regex=None, paths=None, packages_up_to=None, packages_up_to_regex=None, packages_above=None, packages_above_and_dependencies=None, packages_above_depth=None, packages_select_by_dep=None, packages_skip_by_dep=None, packages_skip_up_to=None, packages_select_build_failed=False, packages_skip_build_finished=False, packages_select_test_failures=False, packages_skip_test_passed=False, packages_select=['golf_cart_nav2'], packages_skip=None, packages_select_regex=None, packages_skip_regex=None, packages_start=None, packages_end=None, allow_overriding=[], cmake_args=None, cmake_target=None, cmake_target_skip_unavailable=False, cmake_clean_cache=False, cmake_clean_first=False, cmake_force_configure=False, ament_cmake_args=None, catkin_cmake_args=None, catkin_skip_building_tests=False, mixin_files=None, mixin=None, verb_parser=<colcon_mixin.mixin.mixin_argument.MixinArgumentDecorator object at 0xffff9f26c2b0>, verb_extension=<colcon_core.verb.build.BuildVerb object at 0xffff9f23fdc0>, main=<bound method BuildVerb.main of <colcon_core.verb.build.BuildVerb object at 0xffff9f23fdc0>>, mixin_verb=('build',))
[1.360s] Level 1:colcon.colcon_core.package_discovery:discover_packages(colcon_meta) check parameters
[1.361s] Level 1:colcon.colcon_core.package_discovery:discover_packages(recursive) check parameters
[1.361s] Level 1:colcon.colcon_core.package_discovery:discover_packages(ignore) check parameters
[1.361s] Level 1:colcon.colcon_core.package_discovery:discover_packages(path) check parameters
[1.361s] Level 1:colcon.colcon_core.package_discovery:discover_packages(colcon_meta) discover
[1.361s] Level 1:colcon.colcon_core.package_discovery:discover_packages(recursive) discover
[1.361s] INFO:colcon.colcon_core.package_discovery:Crawling recursively for packages in '/home/developer/ros2_ws'
[1.361s] Level 1:colcon.colcon_core.package_identification:_identify(.) by extensions ['ignore', 'ignore_ament_install']
[1.362s] Level 1:colcon.colcon_core.package_identification:_identify(.) by extension 'ignore'
[1.362s] Level 1:colcon.colcon_core.package_identification:_identify(.) by extension 'ignore_ament_install'
[1.362s] Level 1:colcon.colcon_core.package_identification:_identify(.) by extensions ['colcon_pkg']
[1.362s] Level 1:colcon.colcon_core.package_identification:_identify(.) by extension 'colcon_pkg'
[1.362s] Level 1:colcon.colcon_core.package_identification:_identify(.) by extensions ['colcon_meta']
[1.362s] Level 1:colcon.colcon_core.package_identification:_identify(.) by extension 'colcon_meta'
[1.362s] Level 1:colcon.colcon_core.package_identification:_identify(.) by extensions ['ros']
[1.362s] Level 1:colcon.colcon_core.package_identification:_identify(.) by extension 'ros'
[1.431s] Level 1:colcon.colcon_core.package_identification:_identify(.) by extensions ['cmake', 'python']
[1.431s] Level 1:colcon.colcon_core.package_identification:_identify(.) by extension 'cmake'
[1.431s] Level 1:colcon.colcon_core.package_identification:_identify(.) by extension 'python'
[1.431s] Level 1:colcon.colcon_core.package_identification:_identify(.) by extensions ['python_setup_py']
[1.431s] Level 1:colcon.colcon_core.package_identification:_identify(.) by extension 'python_setup_py'
[1.432s] Level 1:colcon.colcon_core.package_identification:_identify(build) by extensions ['ignore', 'ignore_ament_install']
[1.432s] Level 1:colcon.colcon_core.package_identification:_identify(build) by extension 'ignore'
[1.432s] Level 1:colcon.colcon_core.package_identification:_identify(build) ignored
[1.432s] Level 1:colcon.colcon_core.package_identification:_identify(install) by extensions ['ignore', 'ignore_ament_install']
[1.433s] Level 1:colcon.colcon_core.package_identification:_identify(install) by extension 'ignore'
[1.433s] Level 1:colcon.colcon_core.package_identification:_identify(install) ignored
[1.433s] Level 1:colcon.colcon_core.package_identification:_identify(log) by extensions ['ignore', 'ignore_ament_install']
[1.433s] Level 1:colcon.colcon_core.package_identification:_identify(log) by extension 'ignore'
[1.433s] Level 1:colcon.colcon_core.package_identification:_identify(log) ignored
[1.433s] Level 1:colcon.colcon_core.package_identification:_identify(src) by extensions ['ignore', 'ignore_ament_install']
[1.434s] Level 1:colcon.colcon_core.package_identification:_identify(src) by extension 'ignore'
[1.434s] Level 1:colcon.colcon_core.package_identification:_identify(src) by extension 'ignore_ament_install'
[1.434s] Level 1:colcon.colcon_core.package_identification:_identify(src) by extensions ['colcon_pkg']
[1.435s] Level 1:colcon.colcon_core.package_identification:_identify(src) by extension 'colcon_pkg'
[1.435s] Level 1:colcon.colcon_core.package_identification:_identify(src) by extensions ['colcon_meta']
[1.435s] Level 1:colcon.colcon_core.package_identification:_identify(src) by extension 'colcon_meta'
[1.437s] Level 1:colcon.colcon_core.package_identification:_identify(src) by extensions ['ros']
[1.438s] Level 1:colcon.colcon_core.package_identification:_identify(src) by extension 'ros'
[1.443s] Level 1:colcon.colcon_core.package_identification:_identify(src) by extensions ['cmake', 'python']
[1.443s] Level 1:colcon.colcon_core.package_identification:_identify(src) by extension 'cmake'
[1.443s] Level 1:colcon.colcon_core.package_identification:_identify(src) by extension 'python'
[1.443s] Level 1:colcon.colcon_core.package_identification:_identify(src) by extensions ['python_setup_py']
[1.443s] Level 1:colcon.colcon_core.package_identification:_identify(src) by extension 'python_setup_py'
[1.444s] Level 1:colcon.colcon_core.package_identification:_identify(src/build) by extensions ['ignore', 'ignore_ament_install']
[1.444s] Level 1:colcon.colcon_core.package_identification:_identify(src/build) by extension 'ignore'
[1.444s] Level 1:colcon.colcon_core.package_identification:_identify(src/build) ignored
[1.445s] Level 1:colcon.colcon_core.package_identification:_identify(src/esp32_hardware) by extensions ['ignore', 'ignore_ament_install']
[1.445s] Level 1:colcon.colcon_core.package_identification:_identify(src/esp32_hardware) by extension 'ignore'
[1.445s] Level 1:colcon.colcon_core.package_identification:_identify(src/esp32_hardware) by extension 'ignore_ament_install'
[1.445s] Level 1:colcon.colcon_core.package_identification:_identify(src/esp32_hardware) by extensions ['colcon_pkg']
[1.445s] Level 1:colcon.colcon_core.package_identification:_identify(src/esp32_hardware) by extension 'colcon_pkg'
[1.445s] Level 1:colcon.colcon_core.package_identification:_identify(src/esp32_hardware) by extensions ['colcon_meta']
[1.445s] Level 1:colcon.colcon_core.package_identification:_identify(src/esp32_hardware) by extension 'colcon_meta'
[1.445s] Level 1:colcon.colcon_core.package_identification:_identify(src/esp32_hardware) by extensions ['ros']
[1.445s] Level 1:colcon.colcon_core.package_identification:_identify(src/esp32_hardware) by extension 'ros'
[1.456s] DEBUG:colcon.colcon_core.package_identification:Package 'src/esp32_hardware' with type 'ros.ament_cmake' and name 'esp32_hardware'
[1.456s] Level 1:colcon.colcon_core.package_identification:_identify(src/golf_cart_description) by extensions ['ignore', 'ignore_ament_install']
[1.457s] Level 1:colcon.colcon_core.package_identification:_identify(src/golf_cart_description) by extension 'ignore'
[1.457s] Level 1:colcon.colcon_core.package_identification:_identify(src/golf_cart_description) by extension 'ignore_ament_install'
[1.457s] Level 1:colcon.colcon_core.package_identification:_identify(src/golf_cart_description) by extensions ['colcon_pkg']
[1.457s] Level 1:colcon.colcon_core.package_identification:_identify(src/golf_cart_description) by extension 'colcon_pkg'
[1.457s] Level 1:colcon.colcon_core.package_identification:_identify(src/golf_cart_description) by extensions ['colcon_meta']
[1.457s] Level 1:colcon.colcon_core.package_identification:_identify(src/golf_cart_description) by extension 'colcon_meta'
[1.457s] Level 1:colcon.colcon_core.package_identification:_identify(src/golf_cart_description) by extensions ['ros']
[1.457s] Level 1:colcon.colcon_core.package_identification:_identify(src/golf_cart_description) by extension 'ros'
[1.458s] DEBUG:colcon.colcon_core.package_identification:Package 'src/golf_cart_description' with type 'ros.ament_cmake' and name 'golf_cart_description'
[1.459s] Level 1:colcon.colcon_core.package_identification:_identify(src/golf_cart_nav2) by extensions ['ignore', 'ignore_ament_install']
[1.459s] Level 1:colcon.colcon_core.package_identification:_identify(src/golf_cart_nav2) by extension 'ignore'
[1.459s] Level 1:colcon.colcon_core.package_identification:_identify(src/golf_cart_nav2) by extension 'ignore_ament_install'
[1.459s] Level 1:colcon.colcon_core.package_identification:_identify(src/golf_cart_nav2) by extensions ['colcon_pkg']
[1.459s] Level 1:colcon.colcon_core.package_identification:_identify(src/golf_cart_nav2) by extension 'colcon_pkg'
[1.459s] Level 1:colcon.colcon_core.package_identification:_identify(src/golf_cart_nav2) by extensions ['colcon_meta']
[1.459s] Level 1:colcon.colcon_core.package_identification:_identify(src/golf_cart_nav2) by extension 'colcon_meta'
[1.460s] Level 1:colcon.colcon_core.package_identification:_identify(src/golf_cart_nav2) by extensions ['ros']
[1.460s] Level 1:colcon.colcon_core.package_identification:_identify(src/golf_cart_nav2) by extension 'ros'
[1.461s] DEBUG:colcon.colcon_core.package_identification:Package 'src/golf_cart_nav2' with type 'ros.ament_python' and name 'golf_cart_nav2'
[1.461s] Level 1:colcon.colcon_core.package_identification:_identify(src/install) by extensions ['ignore', 'ignore_ament_install']
[1.462s] Level 1:colcon.colcon_core.package_identification:_identify(src/install) by extension 'ignore'
[1.462s] Level 1:colcon.colcon_core.package_identification:_identify(src/install) ignored
[1.462s] Level 1:colcon.colcon_core.package_identification:_identify(src/log) by extensions ['ignore', 'ignore_ament_install']
[1.462s] Level 1:colcon.colcon_core.package_identification:_identify(src/log) by extension 'ignore'
[1.462s] Level 1:colcon.colcon_core.package_identification:_identify(src/log) ignored
[1.462s] Level 1:colcon.colcon_core.package_identification:_identify(src/realsense-ros) by extensions ['ignore', 'ignore_ament_install']
[1.463s] Level 1:colcon.colcon_core.package_identification:_identify(src/realsense-ros) by extension 'ignore'
[1.463s] Level 1:colcon.colcon_core.package_identification:_identify(src/realsense-ros) by extension 'ignore_ament_install'
[1.463s] Level 1:colcon.colcon_core.package_identification:_identify(src/realsense-ros) by extensions ['colcon_pkg']
[1.463s] Level 1:colcon.colcon_core.package_identification:_identify(src/realsense-ros) by extension 'colcon_pkg'
[1.463s] Level 1:colcon.colcon_core.package_identification:_identify(src/realsense-ros) by extensions ['colcon_meta']
[1.463s] Level 1:colcon.colcon_core.package_identification:_identify(src/realsense-ros) by extension 'colcon_meta'
[1.463s] Level 1:colcon.colcon_core.package_identification:_identify(src/realsense-ros) by extensions ['ros']
[1.463s] Level 1:colcon.colcon_core.package_identification:_identify(src/realsense-ros) by extension 'ros'
[1.463s] Level 1:colcon.colcon_core.package_identification:_identify(src/realsense-ros) by extensions ['cmake', 'python']
[1.463s] Level 1:colcon.colcon_core.package_identification:_identify(src/realsense-ros) by extension 'cmake'
[1.463s] Level 1:colcon.colcon_core.package_identification:_identify(src/realsense-ros) by extension 'python'
[1.463s] Level 1:colcon.colcon_core.package_identification:_identify(src/realsense-ros) by extensions ['python_setup_py']
[1.464s] Level 1:colcon.colcon_core.package_identification:_identify(src/realsense-ros) by extension 'python_setup_py'
[1.464s] Level 1:colcon.colcon_core.package_identification:_identify(src/realsense-ros/realsense2_camera) by extensions ['ignore', 'ignore_ament_install']
[1.464s] Level 1:colcon.colcon_core.package_identification:_identify(src/realsense-ros/realsense2_camera) by extension 'ignore'
[1.465s] Level 1:colcon.colcon_core.package_identification:_identify(src/realsense-ros/realsense2_camera) by extension 'ignore_ament_install'
[1.465s] Level 1:colcon.colcon_core.package_identification:_identify(src/realsense-ros/realsense2_camera) by extensions ['colcon_pkg']
[1.465s] Level 1:colcon.colcon_core.package_identification:_identify(src/realsense-ros/realsense2_camera) by extension 'colcon_pkg'
[1.465s] Level 1:colcon.colcon_core.package_identification:_identify(src/realsense-ros/realsense2_camera) by extensions ['colcon_meta']
[1.465s] Level 1:colcon.colcon_core.package_identification:_identify(src/realsense-ros/realsense2_camera) by extension 'colcon_meta'
[1.465s] Level 1:colcon.colcon_core.package_identification:_identify(src/realsense-ros/realsense2_camera) by extensions ['ros']
[1.465s] Level 1:colcon.colcon_core.package_identification:_identify(src/realsense-ros/realsense2_camera) by extension 'ros'
[1.478s] DEBUG:colcon.colcon_core.package_identification:Package 'src/realsense-ros/realsense2_camera' with type 'ros.ament_cmake' and name 'realsense2_camera'
[1.479s] Level 1:colcon.colcon_core.package_identification:_identify(src/realsense-ros/realsense2_camera_msgs) by extensions ['ignore', 'ignore_ament_install']
[1.479s] Level 1:colcon.colcon_core.package_identification:_identify(src/realsense-ros/realsense2_camera_msgs) by extension 'ignore'
[1.480s] Level 1:colcon.colcon_core.package_identification:_identify(src/realsense-ros/realsense2_camera_msgs) by extension 'ignore_ament_install'
[1.480s] Level 1:colcon.colcon_core.package_identification:_identify(src/realsense-ros/realsense2_camera_msgs) by extensions ['colcon_pkg']
[1.480s] Level 1:colcon.colcon_core.package_identification:_identify(src/realsense-ros/realsense2_camera_msgs) by extension 'colcon_pkg'
[1.480s] Level 1:colcon.colcon_core.package_identification:_identify(src/realsense-ros/realsense2_camera_msgs) by extensions ['colcon_meta']
[1.480s] Level 1:colcon.colcon_core.package_identification:_identify(src/realsense-ros/realsense2_camera_msgs) by extension 'colcon_meta'
[1.480s] Level 1:colcon.colcon_core.package_identification:_identify(src/realsense-ros/realsense2_camera_msgs) by extensions ['ros']
[1.480s] Level 1:colcon.colcon_core.package_identification:_identify(src/realsense-ros/realsense2_camera_msgs) by extension 'ros'
[1.484s] DEBUG:colcon.colcon_core.package_identification:Package 'src/realsense-ros/realsense2_camera_msgs' with type 'ros.ament_cmake' and name 'realsense2_camera_msgs'
[1.486s] Level 1:colcon.colcon_core.package_identification:_identify(src/realsense-ros/realsense2_description) by extensions ['ignore', 'ignore_ament_install']
[1.486s] Level 1:colcon.colcon_core.package_identification:_identify(src/realsense-ros/realsense2_description) by extension 'ignore'
[1.486s] Level 1:colcon.colcon_core.package_identification:_identify(src/realsense-ros/realsense2_description) by extension 'ignore_ament_install'
[1.486s] Level 1:colcon.colcon_core.package_identification:_identify(src/realsense-ros/realsense2_description) by extensions ['colcon_pkg']
[1.486s] Level 1:colcon.colcon_core.package_identification:_identify(src/realsense-ros/realsense2_description) by extension 'colcon_pkg'
[1.487s] Level 1:colcon.colcon_core.package_identification:_identify(src/realsense-ros/realsense2_description) by extensions ['colcon_meta']
[1.487s] Level 1:colcon.colcon_core.package_identification:_identify(src/realsense-ros/realsense2_description) by extension 'colcon_meta'
[1.487s] Level 1:colcon.colcon_core.package_identification:_identify(src/realsense-ros/realsense2_description) by extensions ['ros']
[1.487s] Level 1:colcon.colcon_core.package_identification:_identify(src/realsense-ros/realsense2_description) by extension 'ros'
[1.489s] DEBUG:colcon.colcon_core.package_identification:Package 'src/realsense-ros/realsense2_description' with type 'ros.ament_cmake' and name 'realsense2_description'
[1.490s] Level 1:colcon.colcon_core.package_identification:_identify(src/realsense-ros/scripts) by extensions ['ignore', 'ignore_ament_install']
[1.490s] Level 1:colcon.colcon_core.package_identification:_identify(src/realsense-ros/scripts) by extension 'ignore'
[1.491s] Level 1:colcon.colcon_core.package_identification:_identify(src/realsense-ros/scripts) by extension 'ignore_ament_install'
[1.491s] Level 1:colcon.colcon_core.package_identification:_identify(src/realsense-ros/scripts) by extensions ['colcon_pkg']
[1.491s] Level 1:colcon.colcon_core.package_identification:_identify(src/realsense-ros/scripts) by extension 'colcon_pkg'
[1.491s] Level 1:colcon.colcon_core.package_identification:_identify(src/realsense-ros/scripts) by extensions ['colcon_meta']
[1.491s] Level 1:colcon.colcon_core.package_identification:_identify(src/realsense-ros/scripts) by extension 'colcon_meta'
[1.491s] Level 1:colcon.colcon_core.package_identification:_identify(src/realsense-ros/scripts) by extensions ['ros']
[1.491s] Level 1:colcon.colcon_core.package_identification:_identify(src/realsense-ros/scripts) by extension 'ros'
[1.492s] Level 1:colcon.colcon_core.package_identification:_identify(src/realsense-ros/scripts) by extensions ['cmake', 'python']
[1.492s] Level 1:colcon.colcon_core.package_identification:_identify(src/realsense-ros/scripts) by extension 'cmake'
[1.492s] Level 1:colcon.colcon_core.package_identification:_identify(src/realsense-ros/scripts) by extension 'python'
[1.492s] Level 1:colcon.colcon_core.package_identification:_identify(src/realsense-ros/scripts) by extensions ['python_setup_py']
[1.492s] Level 1:colcon.colcon_core.package_identification:_identify(src/realsense-ros/scripts) by extension 'python_setup_py'
[1.492s] Level 1:colcon.colcon_core.package_discovery:discover_packages(recursive) using defaults
[1.492s] Level 1:colcon.colcon_core.package_discovery:discover_packages(ignore) discover
[1.492s] Level 1:colcon.colcon_core.package_discovery:discover_packages(ignore) using defaults
[1.492s] Level 1:colcon.colcon_core.package_discovery:discover_packages(path) discover
[1.492s] Level 1:colcon.colcon_core.package_discovery:discover_packages(path) using defaults
[1.561s] INFO:colcon.colcon_core.package_selection:Skipping not selected package 'esp32_hardware' in 'src/esp32_hardware'
[1.561s] INFO:colcon.colcon_core.package_selection:Skipping not selected package 'golf_cart_description' in 'src/golf_cart_description'
[1.561s] INFO:colcon.colcon_core.package_selection:Skipping not selected package 'realsense2_camera_msgs' in 'src/realsense-ros/realsense2_camera_msgs'
[1.561s] INFO:colcon.colcon_core.package_selection:Skipping not selected package 'realsense2_camera' in 'src/realsense-ros/realsense2_camera'
[1.561s] INFO:colcon.colcon_core.package_selection:Skipping not selected package 'realsense2_description' in 'src/realsense-ros/realsense2_description'
[1.562s] Level 1:colcon.colcon_core.package_discovery:discover_packages(prefix_path) check parameters
[1.562s] Level 1:colcon.colcon_core.package_discovery:discover_packages(prefix_path) discover
[1.568s] DEBUG:colcon.colcon_installed_package_information.package_discovery:Found 6 installed packages in /home/developer/ros2_ws/install
[1.572s] DEBUG:colcon.colcon_installed_package_information.package_discovery:Found 504 installed packages in /opt/ros/humble
[1.578s] Level 1:colcon.colcon_core.package_discovery:discover_packages(prefix_path) using defaults
[1.874s] Level 5:colcon.colcon_core.verb:set package 'golf_cart_nav2' build argument 'cmake_args' from command line to 'None'
[1.874s] Level 5:colcon.colcon_core.verb:set package 'golf_cart_nav2' build argument 'cmake_target' from command line to 'None'
[1.874s] Level 5:colcon.colcon_core.verb:set package 'golf_cart_nav2' build argument 'cmake_target_skip_unavailable' from command line to 'False'
[1.874s] Level 5:colcon.colcon_core.verb:set package 'golf_cart_nav2' build argument 'cmake_clean_cache' from command line to 'False'
[1.874s] Level 5:colcon.colcon_core.verb:set package 'golf_cart_nav2' build argument 'cmake_clean_first' from command line to 'False'
[1.874s] Level 5:colcon.colcon_core.verb:set package 'golf_cart_nav2' build argument 'cmake_force_configure' from command line to 'False'
[1.874s] Level 5:colcon.colcon_core.verb:set package 'golf_cart_nav2' build argument 'ament_cmake_args' from command line to 'None'
[1.874s] Level 5:colcon.colcon_core.verb:set package 'golf_cart_nav2' build argument 'catkin_cmake_args' from command line to 'None'
[1.874s] Level 5:colcon.colcon_core.verb:set package 'golf_cart_nav2' build argument 'catkin_skip_building_tests' from command line to 'False'
[1.875s] DEBUG:colcon.colcon_core.verb:Building package 'golf_cart_nav2' with the following arguments: {'ament_cmake_args': None, 'build_base': '/home/developer/ros2_ws/build/golf_cart_nav2', 'catkin_cmake_args': None, 'catkin_skip_building_tests': False, 'cmake_args': None, 'cmake_clean_cache': False, 'cmake_clean_first': False, 'cmake_force_configure': False, 'cmake_target': None, 'cmake_target_skip_unavailable': False, 'install_base': '/home/developer/ros2_ws/install/golf_cart_nav2', 'merge_install': False, 'path': '/home/developer/ros2_ws/src/golf_cart_nav2', 'symlink_install': False, 'test_result_base': None}
[1.875s] INFO:colcon.colcon_core.executor:Executing jobs using 'parallel' executor
[1.878s] DEBUG:colcon.colcon_parallel_executor.executor.parallel:run_until_complete
[1.878s] INFO:colcon.colcon_ros.task.ament_python.build:Building ROS package in '/home/developer/ros2_ws/src/golf_cart_nav2' with build type 'ament_python'
[1.878s] Level 1:colcon.colcon_core.shell:create_environment_hook('golf_cart_nav2', 'ament_prefix_path')
[1.886s] INFO:colcon.colcon_core.plugin_system:Skipping extension 'colcon_core.shell.bat': Not used on non-Windows systems
[1.887s] INFO:colcon.colcon_core.shell:Creating environment hook '/home/developer/ros2_ws/install/golf_cart_nav2/share/golf_cart_nav2/hook/ament_prefix_path.ps1'
[1.889s] INFO:colcon.colcon_core.shell:Creating environment descriptor '/home/developer/ros2_ws/install/golf_cart_nav2/share/golf_cart_nav2/hook/ament_prefix_path.dsv'
[1.889s] INFO:colcon.colcon_core.shell:Creating environment hook '/home/developer/ros2_ws/install/golf_cart_nav2/share/golf_cart_nav2/hook/ament_prefix_path.sh'
[1.896s] INFO:colcon.colcon_core.shell:Skip shell extension 'powershell' for command environment: Not usable outside of PowerShell
[1.897s] DEBUG:colcon.colcon_core.shell:Skip shell extension 'dsv' for command environment
[2.606s] INFO:colcon.colcon_core.task.python.build:Building Python package in '/home/developer/ros2_ws/src/golf_cart_nav2'
[2.607s] INFO:colcon.colcon_core.shell:Skip shell extension 'powershell' for command environment: Not usable outside of PowerShell
[2.607s] DEBUG:colcon.colcon_core.shell:Skip shell extension 'dsv' for command environment
[4.196s] DEBUG:colcon.colcon_core.event_handler.log_command:Invoking command in '/home/developer/ros2_ws/src/golf_cart_nav2': PYTHONPATH=/home/developer/ros2_ws/build/golf_cart_nav2/prefix_override:/usr/lib/python3/dist-packages/colcon_core/task/python/colcon_distutils_commands:/home/developer/ros2_ws/install/golf_cart_nav2/lib/python3.10/site-packages:${PYTHONPATH} /usr/bin/python3 -W ignore:setup.py install is deprecated -W ignore:easy_install command is deprecated setup.py egg_info --egg-base ../../build/golf_cart_nav2 build --build-base /home/developer/ros2_ws/build/golf_cart_nav2/build install --record /home/developer/ros2_ws/build/golf_cart_nav2/install.log --single-version-externally-managed install_data
[4.993s] DEBUG:colcon.colcon_core.event_handler.log_command:Invoked command in '/home/developer/ros2_ws/src/golf_cart_nav2' returned '0': PYTHONPATH=/home/developer/ros2_ws/build/golf_cart_nav2/prefix_override:/usr/lib/python3/dist-packages/colcon_core/task/python/colcon_distutils_commands:/home/developer/ros2_ws/install/golf_cart_nav2/lib/python3.10/site-packages:${PYTHONPATH} /usr/bin/python3 -W ignore:setup.py install is deprecated -W ignore:easy_install command is deprecated setup.py egg_info --egg-base ../../build/golf_cart_nav2 build --build-base /home/developer/ros2_ws/build/golf_cart_nav2/build install --record /home/developer/ros2_ws/build/golf_cart_nav2/install.log --single-version-externally-managed install_data
[5.003s] Level 1:colcon.colcon_core.environment:checking '/home/developer/ros2_ws/install/golf_cart_nav2' for CMake module files
[5.004s] Level 1:colcon.colcon_core.environment:checking '/home/developer/ros2_ws/install/golf_cart_nav2' for CMake config files
[5.008s] Level 1:colcon.colcon_core.environment:checking '/home/developer/ros2_ws/install/golf_cart_nav2/lib'
[5.008s] Level 1:colcon.colcon_core.environment:checking '/home/developer/ros2_ws/install/golf_cart_nav2/bin'
[5.008s] Level 1:colcon.colcon_core.environment:checking '/home/developer/ros2_ws/install/golf_cart_nav2/lib/pkgconfig/golf_cart_nav2.pc'
[5.009s] Level 1:colcon.colcon_core.environment:checking '/home/developer/ros2_ws/install/golf_cart_nav2/lib/python3.10/site-packages'
[5.009s] Level 1:colcon.colcon_core.shell:create_environment_hook('golf_cart_nav2', 'pythonpath')
[5.009s] INFO:colcon.colcon_core.shell:Creating environment hook '/home/developer/ros2_ws/install/golf_cart_nav2/share/golf_cart_nav2/hook/pythonpath.ps1'
[5.011s] INFO:colcon.colcon_core.shell:Creating environment descriptor '/home/developer/ros2_ws/install/golf_cart_nav2/share/golf_cart_nav2/hook/pythonpath.dsv'
[5.011s] INFO:colcon.colcon_core.shell:Creating environment hook '/home/developer/ros2_ws/install/golf_cart_nav2/share/golf_cart_nav2/hook/pythonpath.sh'
[5.013s] Level 1:colcon.colcon_core.environment:checking '/home/developer/ros2_ws/install/golf_cart_nav2/bin'
[5.013s] Level 1:colcon.colcon_core.environment:create_environment_scripts_only(golf_cart_nav2)
[5.013s] INFO:colcon.colcon_core.shell:Creating package script '/home/developer/ros2_ws/install/golf_cart_nav2/share/golf_cart_nav2/package.ps1'
[5.016s] INFO:colcon.colcon_core.shell:Creating package descriptor '/home/developer/ros2_ws/install/golf_cart_nav2/share/golf_cart_nav2/package.dsv'
[5.018s] INFO:colcon.colcon_core.shell:Creating package script '/home/developer/ros2_ws/install/golf_cart_nav2/share/golf_cart_nav2/package.sh'
[5.020s] INFO:colcon.colcon_core.shell:Creating package script '/home/developer/ros2_ws/install/golf_cart_nav2/share/golf_cart_nav2/package.bash'
[5.022s] INFO:colcon.colcon_core.shell:Creating package script '/home/developer/ros2_ws/install/golf_cart_nav2/share/golf_cart_nav2/package.zsh'
[5.025s] Level 1:colcon.colcon_core.environment:create_file_with_runtime_dependencies(/home/developer/ros2_ws/install/golf_cart_nav2/share/colcon-core/packages/golf_cart_nav2)
[5.026s] DEBUG:colcon.colcon_parallel_executor.executor.parallel:closing loop
[5.027s] DEBUG:colcon.colcon_parallel_executor.executor.parallel:loop closed
[5.027s] DEBUG:colcon.colcon_parallel_executor.executor.parallel:run_until_complete finished with '0'
[5.027s] DEBUG:colcon.colcon_core.event_reactor:joining thread
[5.065s] INFO:colcon.colcon_core.plugin_system:Skipping extension 'colcon_notification.desktop_notification.terminal_notifier': Not used on non-Darwin systems
[5.065s] INFO:colcon.colcon_core.plugin_system:Skipping extension 'colcon_notification.desktop_notification.win32': Not used on non-Windows systems
[5.066s] INFO:colcon.colcon_notification.desktop_notification:Sending desktop notification using 'notify2'
[5.098s] DEBUG:colcon.colcon_core.event_reactor:joined thread
[5.100s] INFO:colcon.colcon_core.shell:Creating prefix script '/home/developer/ros2_ws/install/local_setup.ps1'
[5.102s] INFO:colcon.colcon_core.shell:Creating prefix util module '/home/developer/ros2_ws/install/_local_setup_util_ps1.py'
[5.105s] INFO:colcon.colcon_core.shell:Creating prefix chain script '/home/developer/ros2_ws/install/setup.ps1'
[5.108s] INFO:colcon.colcon_core.shell:Creating prefix script '/home/developer/ros2_ws/install/local_setup.sh'
[5.109s] INFO:colcon.colcon_core.shell:Creating prefix util module '/home/developer/ros2_ws/install/_local_setup_util_sh.py'
[5.111s] INFO:colcon.colcon_core.shell:Creating prefix chain script '/home/developer/ros2_ws/install/setup.sh'
[5.115s] INFO:colcon.colcon_core.shell:Creating prefix script '/home/developer/ros2_ws/install/local_setup.bash'
[5.116s] INFO:colcon.colcon_core.shell:Creating prefix chain script '/home/developer/ros2_ws/install/setup.bash'
[5.119s] INFO:colcon.colcon_core.shell:Creating prefix script '/home/developer/ros2_ws/install/local_setup.zsh'
[5.120s] INFO:colcon.colcon_core.shell:Creating prefix chain script '/home/developer/ros2_ws/install/setup.zsh'
