[0.030s] Invoking command in '/home/developer/ros2_ws/build/esp32_hardware': CMAKE_PREFIX_PATH=${CMAKE_PREFIX_PATH}:/home/developer/ros2_ws/install/golf_cart_nav2:/opt/ros/humble /usr/bin/cmake --build /home/developer/ros2_ws/build/esp32_hardware -- -j4 -l4
[0.105s] [35m[1mConsolidate compiler generated dependencies of target esp32_hardware[0m
[0.142s] [ 50%] [32mBuilding CXX object CMakeFiles/esp32_hardware.dir/src/esp32_hardware.cpp.o[0m
[18.328s] [100%] [32m[1mLinking CXX shared library libesp32_hardware.so[0m
[19.476s] [100%] Built target esp32_hardware
[19.494s] Invoked command in '/home/developer/ros2_ws/build/esp32_hardware' returned '0': CMAKE_PREFIX_PATH=${CMAKE_PREFIX_PATH}:/home/developer/ros2_ws/install/golf_cart_nav2:/opt/ros/humble /usr/bin/cmake --build /home/developer/ros2_ws/build/esp32_hardware -- -j4 -l4
[19.516s] Invoking command in '/home/developer/ros2_ws/build/esp32_hardware': CMAKE_PREFIX_PATH=${CMAKE_PREFIX_PATH}:/home/developer/ros2_ws/install/golf_cart_nav2:/opt/ros/humble /usr/bin/cmake --install /home/developer/ros2_ws/build/esp32_hardware
[19.531s] -- Install configuration: ""
[19.531s] -- Up-to-date: /home/developer/ros2_ws/install/esp32_hardware/share/esp32_hardware/esp32_hardware.xml
[19.532s] -- Installing: /home/developer/ros2_ws/install/esp32_hardware/lib/libesp32_hardware.so
[19.540s] -- Set runtime path of "/home/developer/ros2_ws/install/esp32_hardware/lib/libesp32_hardware.so" to ""
[19.540s] -- Up-to-date: /home/developer/ros2_ws/install/esp32_hardware/include
[19.540s] -- Up-to-date: /home/developer/ros2_ws/install/esp32_hardware/include/golf_cart_hardware
[19.542s] -- Up-to-date: /home/developer/ros2_ws/install/esp32_hardware/include/golf_cart_hardware/golf_cart_hardware.hpp
[19.542s] -- Up-to-date: /home/developer/ros2_ws/install/esp32_hardware/include/esp32_hardware
[19.542s] -- Installing: /home/developer/ros2_ws/install/esp32_hardware/include/esp32_hardware/esp32_hardware.hpp
[19.543s] -- Up-to-date: /home/developer/ros2_ws/install/esp32_hardware/share/esp32_hardware/esp32_hardware.xml
[19.543s] -- Up-to-date: /home/developer/ros2_ws/install/esp32_hardware/share/ament_index/resource_index/package_run_dependencies/esp32_hardware
[19.543s] -- Up-to-date: /home/developer/ros2_ws/install/esp32_hardware/share/ament_index/resource_index/parent_prefix_path/esp32_hardware
[19.543s] -- Up-to-date: /home/developer/ros2_ws/install/esp32_hardware/share/esp32_hardware/environment/ament_prefix_path.sh
[19.544s] -- Up-to-date: /home/developer/ros2_ws/install/esp32_hardware/share/esp32_hardware/environment/ament_prefix_path.dsv
[19.544s] -- Up-to-date: /home/developer/ros2_ws/install/esp32_hardware/share/esp32_hardware/environment/path.sh
[19.544s] -- Up-to-date: /home/developer/ros2_ws/install/esp32_hardware/share/esp32_hardware/environment/path.dsv
[19.544s] -- Up-to-date: /home/developer/ros2_ws/install/esp32_hardware/share/esp32_hardware/local_setup.bash
[19.544s] -- Up-to-date: /home/developer/ros2_ws/install/esp32_hardware/share/esp32_hardware/local_setup.sh
[19.545s] -- Up-to-date: /home/developer/ros2_ws/install/esp32_hardware/share/esp32_hardware/local_setup.zsh
[19.545s] -- Up-to-date: /home/developer/ros2_ws/install/esp32_hardware/share/esp32_hardware/local_setup.dsv
[19.545s] -- Installing: /home/developer/ros2_ws/install/esp32_hardware/share/esp32_hardware/package.dsv
[19.545s] -- Up-to-date: /home/developer/ros2_ws/install/esp32_hardware/share/ament_index/resource_index/packages/esp32_hardware
[19.545s] -- Up-to-date: /home/developer/ros2_ws/install/esp32_hardware/share/ament_index/resource_index/hardware_interface__pluginlib__plugin/esp32_hardware
[19.546s] -- Up-to-date: /home/developer/ros2_ws/install/esp32_hardware/share/esp32_hardware/cmake/esp32_hardwareConfig.cmake
[19.546s] -- Up-to-date: /home/developer/ros2_ws/install/esp32_hardware/share/esp32_hardware/cmake/esp32_hardwareConfig-version.cmake
[19.547s] -- Up-to-date: /home/developer/ros2_ws/install/esp32_hardware/share/esp32_hardware/package.xml
[19.550s] Invoked command in '/home/developer/ros2_ws/build/esp32_hardware' returned '0': CMAKE_PREFIX_PATH=${CMAKE_PREFIX_PATH}:/home/developer/ros2_ws/install/golf_cart_nav2:/opt/ros/humble /usr/bin/cmake --install /home/developer/ros2_ws/build/esp32_hardware
