[0.016s] Invoking command in '/home/developer/ros2_ws/build/golf_cart_description': CMAKE_PREFIX_PATH=/opt/ros/humble /usr/bin/cmake --build /home/developer/ros2_ws/build/golf_cart_description -- -j6 -l6
[0.058s] -- Found ament_cmake: 1.3.12 (/opt/ros/humble/share/ament_cmake/cmake)
[0.300s] -- Found ament_lint_auto: 0.12.14 (/opt/ros/humble/share/ament_lint_auto/cmake)
[0.528s] -- Added test 'flake8' to check Python code syntax and style conventions
[0.542s] -- Added test 'lint_cmake' to check CMake code style
[0.549s] -- Added test 'pep257' to check Python code against some of the docstring style conventions in PEP 257
[0.607s] -- Added test 'xmllint' to check XML markup files
[0.608s] -- Configuring done
[0.614s] -- Generating done
[0.652s] -- Build files have been written to: /home/developer/ros2_ws/build/golf_cart_description
[0.697s] Invoked command in '/home/developer/ros2_ws/build/golf_cart_description' returned '0': CMAKE_PREFIX_PATH=/opt/ros/humble /usr/bin/cmake --build /home/developer/ros2_ws/build/golf_cart_description -- -j6 -l6
[0.719s] Invoking command in '/home/developer/ros2_ws/build/golf_cart_description': CMAKE_PREFIX_PATH=/opt/ros/humble /usr/bin/cmake --install /home/developer/ros2_ws/build/golf_cart_description
[0.734s] -- Install configuration: ""
[0.735s] -- Up-to-date: /home/developer/ros2_ws/install/golf_cart_description/share/golf_cart_description/launch
[0.735s] -- Up-to-date: /home/developer/ros2_ws/install/golf_cart_description/share/golf_cart_description/launch/sim.launch.py
[0.735s] -- Up-to-date: /home/developer/ros2_ws/install/golf_cart_description/share/golf_cart_description/launch/teleop_ackermann.launch.py
[0.736s] -- Up-to-date: /home/developer/ros2_ws/install/golf_cart_description/share/golf_cart_description/launch/golf_cart_full_nav.launch.py
[0.736s] -- Up-to-date: /home/developer/ros2_ws/install/golf_cart_description/share/golf_cart_description/launch/new_gazebo.launch.py
[0.736s] -- Up-to-date: /home/developer/ros2_ws/install/golf_cart_description/share/golf_cart_description/launch/gazebo.launch.py
[0.736s] -- Up-to-date: /home/developer/ros2_ws/install/golf_cart_description/share/golf_cart_description/launch/rtabmap_localization.launch.py
[0.736s] -- Up-to-date: /home/developer/ros2_ws/install/golf_cart_description/share/golf_cart_description/launch/rtab_setup.launch.py
[0.736s] -- Up-to-date: /home/developer/ros2_ws/install/golf_cart_description/share/golf_cart_description/launch/fake_display.launch.py
[0.737s] -- Up-to-date: /home/developer/ros2_ws/install/golf_cart_description/share/golf_cart_description/launch/display.launch.py
[0.737s] -- Up-to-date: /home/developer/ros2_ws/install/golf_cart_description/share/golf_cart_description/launch/rtabmap_mapping.launch.py
[0.737s] -- Up-to-date: /home/developer/ros2_ws/install/golf_cart_description/share/golf_cart_description/urdf
[0.737s] -- Up-to-date: /home/developer/ros2_ws/install/golf_cart_description/share/golf_cart_description/urdf/golf_cart_ackermann.xacro
[0.737s] -- Up-to-date: /home/developer/ros2_ws/install/golf_cart_description/share/golf_cart_description/urdf/golf_cart.urdf.xacro
[0.738s] -- Up-to-date: /home/developer/ros2_ws/install/golf_cart_description/share/golf_cart_description/urdf/golf_cart.urdf
[0.738s] -- Up-to-date: /home/developer/ros2_ws/install/golf_cart_description/share/golf_cart_description/urdf/_d455.urdf.xacro
[0.738s] -- Up-to-date: /home/developer/ros2_ws/install/golf_cart_description/share/golf_cart_description/urdf/test.urdf
[0.738s] -- Up-to-date: /home/developer/ros2_ws/install/golf_cart_description/share/golf_cart_description/urdf/golf_cart2.urdf.xacro
[0.738s] -- Up-to-date: /home/developer/ros2_ws/install/golf_cart_description/share/golf_cart_description/urdf/Golf_cart_my
[0.738s] -- Up-to-date: /home/developer/ros2_ws/install/golf_cart_description/share/golf_cart_description/urdf/Golf_cart_my/model.sdf
[0.738s] -- Up-to-date: /home/developer/ros2_ws/install/golf_cart_description/share/golf_cart_description/urdf/Golf_cart_my/model.urdf
[0.738s] -- Up-to-date: /home/developer/ros2_ws/install/golf_cart_description/share/golf_cart_description/urdf/Golf_cart_my/model.config
[0.739s] -- Up-to-date: /home/developer/ros2_ws/install/golf_cart_description/share/golf_cart_description/urdf/fake_cart.xacro
[0.739s] -- Up-to-date: /home/developer/ros2_ws/install/golf_cart_description/share/golf_cart_description/urdf/test_d455_camera.urdf.xacro
[0.739s] -- Up-to-date: /home/developer/ros2_ws/install/golf_cart_description/share/golf_cart_description/urdf/d455.urdf
[0.739s] -- Up-to-date: /home/developer/ros2_ws/install/golf_cart_description/share/golf_cart_description/urdf/golf_cart2.urdf
[0.739s] -- Up-to-date: /home/developer/ros2_ws/install/golf_cart_description/share/golf_cart_description/urdf/golf_cart_ackermann.urdf
[0.739s] -- Up-to-date: /home/developer/ros2_ws/install/golf_cart_description/share/golf_cart_description/urdf/golf_cart3.urdf.xacro
[0.739s] -- Up-to-date: /home/developer/ros2_ws/install/golf_cart_description/share/golf_cart_description/urdf/carlikebot_description.urdf.xacro
[0.739s] -- Up-to-date: /home/developer/ros2_ws/install/golf_cart_description/share/golf_cart_description/urdf/golfcar_new.xacro
[0.739s] -- Up-to-date: /home/developer/ros2_ws/install/golf_cart_description/share/golf_cart_description/urdf/golf_cart3.urdf
[0.740s] -- Up-to-date: /home/developer/ros2_ws/install/golf_cart_description/share/golf_cart_description/urdf/gazebo.xacro
[0.740s] -- Up-to-date: /home/developer/ros2_ws/install/golf_cart_description/share/golf_cart_description/config
[0.740s] -- Up-to-date: /home/developer/ros2_ws/install/golf_cart_description/share/golf_cart_description/config/fake_controller.yaml
[0.740s] -- Up-to-date: /home/developer/ros2_ws/install/golf_cart_description/share/golf_cart_description/config/ackermann_controller.yaml
[0.741s] -- Up-to-date: /home/developer/ros2_ws/install/golf_cart_description/share/golf_cart_description/config/ackermann2.yaml
[0.741s] -- Up-to-date: /home/developer/ros2_ws/install/golf_cart_description/share/ament_index/resource_index/package_run_dependencies/golf_cart_description
[0.742s] -- Up-to-date: /home/developer/ros2_ws/install/golf_cart_description/share/ament_index/resource_index/parent_prefix_path/golf_cart_description
[0.743s] -- Up-to-date: /home/developer/ros2_ws/install/golf_cart_description/share/golf_cart_description/environment/ament_prefix_path.sh
[0.743s] -- Installing: /home/developer/ros2_ws/install/golf_cart_description/share/golf_cart_description/environment/ament_prefix_path.dsv
[0.744s] -- Up-to-date: /home/developer/ros2_ws/install/golf_cart_description/share/golf_cart_description/environment/path.sh
[0.745s] -- Installing: /home/developer/ros2_ws/install/golf_cart_description/share/golf_cart_description/environment/path.dsv
[0.745s] -- Up-to-date: /home/developer/ros2_ws/install/golf_cart_description/share/golf_cart_description/local_setup.bash
[0.746s] -- Up-to-date: /home/developer/ros2_ws/install/golf_cart_description/share/golf_cart_description/local_setup.sh
[0.746s] -- Up-to-date: /home/developer/ros2_ws/install/golf_cart_description/share/golf_cart_description/local_setup.zsh
[0.747s] -- Installing: /home/developer/ros2_ws/install/golf_cart_description/share/golf_cart_description/local_setup.dsv
[0.748s] -- Installing: /home/developer/ros2_ws/install/golf_cart_description/share/golf_cart_description/package.dsv
[0.748s] -- Up-to-date: /home/developer/ros2_ws/install/golf_cart_description/share/ament_index/resource_index/packages/golf_cart_description
[0.748s] -- Up-to-date: /home/developer/ros2_ws/install/golf_cart_description/share/golf_cart_description/cmake/golf_cart_descriptionConfig.cmake
[0.749s] -- Up-to-date: /home/developer/ros2_ws/install/golf_cart_description/share/golf_cart_description/cmake/golf_cart_descriptionConfig-version.cmake
[0.749s] -- Up-to-date: /home/developer/ros2_ws/install/golf_cart_description/share/golf_cart_description/package.xml
[0.750s] Invoked command in '/home/developer/ros2_ws/build/golf_cart_description' returned '0': CMAKE_PREFIX_PATH=/opt/ros/humble /usr/bin/cmake --install /home/developer/ros2_ws/build/golf_cart_description
