-- The C compiler identification is GNU 11.4.0
-- The CXX compiler identification is GNU 11.4.0
-- Detecting C compiler ABI info
-- Detecting C compiler ABI info - done
-- Check for working C compiler: /usr/bin/cc - skipped
-- Detecting C compile features
-- Detecting C compile features - done
-- Detecting CXX compiler ABI info
-- Detecting CXX compiler ABI info - done
-- Check for working CXX compiler: /usr/bin/c++ - skipped
-- Detecting CXX compile features
-- Detecting CXX compile features - done
-- Found ament_cmake: 1.3.12 (/opt/ros/humble/share/ament_cmake/cmake)
-- Found Python3: /usr/bin/python3 (found version "3.10.12") found components: Interpreter 
-- Found ament_lint_auto: 0.12.14 (/opt/ros/humble/share/ament_lint_auto/cmake)
-- Added test 'flake8' to check Python code syntax and style conventions
-- Added test 'lint_cmake' to check CMake code style
-- Added test 'pep257' to check Python code against some of the docstring style conventions in PEP 257
-- Added test 'xmllint' to check XML markup files
-- Configuring done
-- Generating done
-- Build files have been written to: /home/developer/ros2_ws/build/golf_cart_description
-- Found ament_cmake: 1.3.12 (/opt/ros/humble/share/ament_cmake/cmake)
-- Found ament_lint_auto: 0.12.14 (/opt/ros/humble/share/ament_lint_auto/cmake)
-- Added test 'flake8' to check Python code syntax and style conventions
-- Added test 'lint_cmake' to check CMake code style
-- Added test 'pep257' to check Python code against some of the docstring style conventions in PEP 257
-- Added test 'xmllint' to check XML markup files
-- Configuring done
-- Generating done
-- Build files have been written to: /home/developer/ros2_ws/build/golf_cart_description
-- Install configuration: ""
-- Installing: /home/developer/ros2_ws/install/golf_cart_description/share/golf_cart_description/launch
-- Installing: /home/developer/ros2_ws/install/golf_cart_description/share/golf_cart_description/launch/sim.launch.py
-- Installing: /home/developer/ros2_ws/install/golf_cart_description/share/golf_cart_description/launch/teleop_ackermann.launch.py
-- Installing: /home/developer/ros2_ws/install/golf_cart_description/share/golf_cart_description/launch/golf_cart_full_nav.launch.py
-- Installing: /home/developer/ros2_ws/install/golf_cart_description/share/golf_cart_description/launch/new_gazebo.launch.py
-- Installing: /home/developer/ros2_ws/install/golf_cart_description/share/golf_cart_description/launch/gazebo.launch.py
-- Installing: /home/developer/ros2_ws/install/golf_cart_description/share/golf_cart_description/launch/rtabmap_localization.launch.py
-- Installing: /home/developer/ros2_ws/install/golf_cart_description/share/golf_cart_description/launch/rtab_setup.launch.py
-- Installing: /home/developer/ros2_ws/install/golf_cart_description/share/golf_cart_description/launch/fake_display.launch.py
-- Installing: /home/developer/ros2_ws/install/golf_cart_description/share/golf_cart_description/launch/display.launch.py
-- Installing: /home/developer/ros2_ws/install/golf_cart_description/share/golf_cart_description/launch/rtabmap_mapping.launch.py
-- Installing: /home/developer/ros2_ws/install/golf_cart_description/share/golf_cart_description/urdf
-- Installing: /home/developer/ros2_ws/install/golf_cart_description/share/golf_cart_description/urdf/golf_cart_ackermann.xacro
-- Installing: /home/developer/ros2_ws/install/golf_cart_description/share/golf_cart_description/urdf/golf_cart.urdf.xacro
-- Installing: /home/developer/ros2_ws/install/golf_cart_description/share/golf_cart_description/urdf/golf_cart.urdf
-- Installing: /home/developer/ros2_ws/install/golf_cart_description/share/golf_cart_description/urdf/_d455.urdf.xacro
-- Installing: /home/developer/ros2_ws/install/golf_cart_description/share/golf_cart_description/urdf/test.urdf
-- Installing: /home/developer/ros2_ws/install/golf_cart_description/share/golf_cart_description/urdf/golf_cart2.urdf.xacro
-- Installing: /home/developer/ros2_ws/install/golf_cart_description/share/golf_cart_description/urdf/Golf_cart_my
-- Installing: /home/developer/ros2_ws/install/golf_cart_description/share/golf_cart_description/urdf/Golf_cart_my/model.sdf
-- Installing: /home/developer/ros2_ws/install/golf_cart_description/share/golf_cart_description/urdf/Golf_cart_my/model.urdf
-- Installing: /home/developer/ros2_ws/install/golf_cart_description/share/golf_cart_description/urdf/Golf_cart_my/model.config
-- Installing: /home/developer/ros2_ws/install/golf_cart_description/share/golf_cart_description/urdf/fake_cart.xacro
-- Installing: /home/developer/ros2_ws/install/golf_cart_description/share/golf_cart_description/urdf/test_d455_camera.urdf.xacro
-- Installing: /home/developer/ros2_ws/install/golf_cart_description/share/golf_cart_description/urdf/d455.urdf
-- Installing: /home/developer/ros2_ws/install/golf_cart_description/share/golf_cart_description/urdf/golf_cart2.urdf
-- Installing: /home/developer/ros2_ws/install/golf_cart_description/share/golf_cart_description/urdf/golf_cart_ackermann.urdf
-- Installing: /home/developer/ros2_ws/install/golf_cart_description/share/golf_cart_description/urdf/golf_cart3.urdf.xacro
-- Installing: /home/developer/ros2_ws/install/golf_cart_description/share/golf_cart_description/urdf/carlikebot_description.urdf.xacro
-- Installing: /home/developer/ros2_ws/install/golf_cart_description/share/golf_cart_description/urdf/golfcar_new.xacro
-- Installing: /home/developer/ros2_ws/install/golf_cart_description/share/golf_cart_description/urdf/golf_cart3.urdf
-- Installing: /home/developer/ros2_ws/install/golf_cart_description/share/golf_cart_description/urdf/gazebo.xacro
-- Installing: /home/developer/ros2_ws/install/golf_cart_description/share/golf_cart_description/config
-- Installing: /home/developer/ros2_ws/install/golf_cart_description/share/golf_cart_description/config/fake_controller.yaml
-- Installing: /home/developer/ros2_ws/install/golf_cart_description/share/golf_cart_description/config/ackermann_controller.yaml
-- Installing: /home/developer/ros2_ws/install/golf_cart_description/share/golf_cart_description/config/ackermann2.yaml
-- Installing: /home/developer/ros2_ws/install/golf_cart_description/share/ament_index/resource_index/package_run_dependencies/golf_cart_description
-- Installing: /home/developer/ros2_ws/install/golf_cart_description/share/ament_index/resource_index/parent_prefix_path/golf_cart_description
-- Installing: /home/developer/ros2_ws/install/golf_cart_description/share/golf_cart_description/environment/ament_prefix_path.sh
-- Installing: /home/developer/ros2_ws/install/golf_cart_description/share/golf_cart_description/environment/ament_prefix_path.dsv
-- Installing: /home/developer/ros2_ws/install/golf_cart_description/share/golf_cart_description/environment/path.sh
-- Installing: /home/developer/ros2_ws/install/golf_cart_description/share/golf_cart_description/environment/path.dsv
-- Installing: /home/developer/ros2_ws/install/golf_cart_description/share/golf_cart_description/local_setup.bash
-- Installing: /home/developer/ros2_ws/install/golf_cart_description/share/golf_cart_description/local_setup.sh
-- Installing: /home/developer/ros2_ws/install/golf_cart_description/share/golf_cart_description/local_setup.zsh
-- Installing: /home/developer/ros2_ws/install/golf_cart_description/share/golf_cart_description/local_setup.dsv
-- Installing: /home/developer/ros2_ws/install/golf_cart_description/share/golf_cart_description/package.dsv
-- Installing: /home/developer/ros2_ws/install/golf_cart_description/share/ament_index/resource_index/packages/golf_cart_description
-- Installing: /home/developer/ros2_ws/install/golf_cart_description/share/golf_cart_description/cmake/golf_cart_descriptionConfig.cmake
-- Installing: /home/developer/ros2_ws/install/golf_cart_description/share/golf_cart_description/cmake/golf_cart_descriptionConfig-version.cmake
-- Installing: /home/developer/ros2_ws/install/golf_cart_description/share/golf_cart_description/package.xml
