[0.051s] Invoking command in '/home/developer/ros2_ws/build/golf_cart_description': CMAKE_PREFIX_PATH=/opt/ros/humble /usr/bin/cmake /home/developer/ros2_ws/src/golf_cart_description -DCMAKE_INSTALL_PREFIX=/home/developer/ros2_ws/install/golf_cart_description
[1.155s] -- The C compiler identification is GNU 11.4.0
[1.402s] -- The CXX compiler identification is GNU 11.4.0
[1.440s] -- Detecting C compiler ABI info
[1.656s] -- Detecting C compiler ABI info - done
[1.671s] -- Check for working C compiler: /usr/bin/cc - skipped
[1.741s] -- Detecting C compile features
[1.742s] -- Detecting C compile features - done
[1.754s] -- Detecting CXX compiler ABI info
[2.028s] -- Detecting CXX compiler ABI info - done
[2.044s] -- Check for working CXX compiler: /usr/bin/c++ - skipped
[2.044s] -- Detecting CXX compile features
[2.044s] -- Detecting CXX compile features - done
[2.085s] -- Found ament_cmake: 1.3.12 (/opt/ros/humble/share/ament_cmake/cmake)
[2.668s] -- Found Python3: /usr/bin/python3 (found version "3.10.12") found components: Interpreter 
[2.960s] -- Found ament_lint_auto: 0.12.14 (/opt/ros/humble/share/ament_lint_auto/cmake)
[3.248s] -- Added test 'flake8' to check Python code syntax and style conventions
[3.270s] -- Added test 'lint_cmake' to check CMake code style
[3.280s] -- Added test 'pep257' to check Python code against some of the docstring style conventions in PEP 257
[3.358s] -- Added test 'xmllint' to check XML markup files
[3.362s] -- Configuring done
[3.369s] -- Generating done
[3.373s] -- Build files have been written to: /home/developer/ros2_ws/build/golf_cart_description
[3.384s] Invoked command in '/home/developer/ros2_ws/build/golf_cart_description' returned '0': CMAKE_PREFIX_PATH=/opt/ros/humble /usr/bin/cmake /home/developer/ros2_ws/src/golf_cart_description -DCMAKE_INSTALL_PREFIX=/home/developer/ros2_ws/install/golf_cart_description
[3.390s] Invoking command in '/home/developer/ros2_ws/build/golf_cart_description': CMAKE_PREFIX_PATH=/opt/ros/humble /usr/bin/cmake --build /home/developer/ros2_ws/build/golf_cart_description -- -j6 -l6
[3.438s] -- Found ament_cmake: 1.3.12 (/opt/ros/humble/share/ament_cmake/cmake)
[3.772s] -- Found ament_lint_auto: 0.12.14 (/opt/ros/humble/share/ament_lint_auto/cmake)
[4.043s] -- Added test 'flake8' to check Python code syntax and style conventions
[4.060s] -- Added test 'lint_cmake' to check CMake code style
[4.069s] -- Added test 'pep257' to check Python code against some of the docstring style conventions in PEP 257
[4.141s] -- Added test 'xmllint' to check XML markup files
[4.143s] -- Configuring done
[4.150s] -- Generating done
[4.154s] -- Build files have been written to: /home/developer/ros2_ws/build/golf_cart_description
[4.204s] Invoked command in '/home/developer/ros2_ws/build/golf_cart_description' returned '0': CMAKE_PREFIX_PATH=/opt/ros/humble /usr/bin/cmake --build /home/developer/ros2_ws/build/golf_cart_description -- -j6 -l6
[4.232s] Invoking command in '/home/developer/ros2_ws/build/golf_cart_description': CMAKE_PREFIX_PATH=/opt/ros/humble /usr/bin/cmake --install /home/developer/ros2_ws/build/golf_cart_description
[4.248s] -- Install configuration: ""
[4.248s] -- Installing: /home/developer/ros2_ws/install/golf_cart_description/share/golf_cart_description/launch
[4.249s] -- Installing: /home/developer/ros2_ws/install/golf_cart_description/share/golf_cart_description/launch/sim.launch.py
[4.252s] -- Installing: /home/developer/ros2_ws/install/golf_cart_description/share/golf_cart_description/launch/teleop_ackermann.launch.py
[4.253s] -- Installing: /home/developer/ros2_ws/install/golf_cart_description/share/golf_cart_description/launch/golf_cart_full_nav.launch.py
[4.253s] -- Installing: /home/developer/ros2_ws/install/golf_cart_description/share/golf_cart_description/launch/new_gazebo.launch.py
[4.253s] -- Installing: /home/developer/ros2_ws/install/golf_cart_description/share/golf_cart_description/launch/gazebo.launch.py
[4.253s] -- Installing: /home/developer/ros2_ws/install/golf_cart_description/share/golf_cart_description/launch/rtabmap_localization.launch.py
[4.253s] -- Installing: /home/developer/ros2_ws/install/golf_cart_description/share/golf_cart_description/launch/rtab_setup.launch.py
[4.254s] -- Installing: /home/developer/ros2_ws/install/golf_cart_description/share/golf_cart_description/launch/fake_display.launch.py
[4.254s] -- Installing: /home/developer/ros2_ws/install/golf_cart_description/share/golf_cart_description/launch/display.launch.py
[4.254s] -- Installing: /home/developer/ros2_ws/install/golf_cart_description/share/golf_cart_description/launch/rtabmap_mapping.launch.py
[4.254s] -- Installing: /home/developer/ros2_ws/install/golf_cart_description/share/golf_cart_description/urdf
[4.255s] -- Installing: /home/developer/ros2_ws/install/golf_cart_description/share/golf_cart_description/urdf/golf_cart_ackermann.xacro
[4.255s] -- Installing: /home/developer/ros2_ws/install/golf_cart_description/share/golf_cart_description/urdf/golf_cart.urdf.xacro
[4.256s] -- Installing: /home/developer/ros2_ws/install/golf_cart_description/share/golf_cart_description/urdf/golf_cart.urdf
[4.256s] -- Installing: /home/developer/ros2_ws/install/golf_cart_description/share/golf_cart_description/urdf/_d455.urdf.xacro
[4.256s] -- Installing: /home/developer/ros2_ws/install/golf_cart_description/share/golf_cart_description/urdf/test.urdf
[4.257s] -- Installing: /home/developer/ros2_ws/install/golf_cart_description/share/golf_cart_description/urdf/golf_cart2.urdf.xacro
[4.257s] -- Installing: /home/developer/ros2_ws/install/golf_cart_description/share/golf_cart_description/urdf/Golf_cart_my
[4.257s] -- Installing: /home/developer/ros2_ws/install/golf_cart_description/share/golf_cart_description/urdf/Golf_cart_my/model.sdf
[4.257s] -- Installing: /home/developer/ros2_ws/install/golf_cart_description/share/golf_cart_description/urdf/Golf_cart_my/model.urdf
[4.258s] -- Installing: /home/developer/ros2_ws/install/golf_cart_description/share/golf_cart_description/urdf/Golf_cart_my/model.config
[4.258s] -- Installing: /home/developer/ros2_ws/install/golf_cart_description/share/golf_cart_description/urdf/fake_cart.xacro
[4.258s] -- Installing: /home/developer/ros2_ws/install/golf_cart_description/share/golf_cart_description/urdf/test_d455_camera.urdf.xacro
[4.258s] -- Installing: /home/developer/ros2_ws/install/golf_cart_description/share/golf_cart_description/urdf/d455.urdf
[4.258s] -- Installing: /home/developer/ros2_ws/install/golf_cart_description/share/golf_cart_description/urdf/golf_cart2.urdf
[4.260s] -- Installing: /home/developer/ros2_ws/install/golf_cart_description/share/golf_cart_description/urdf/golf_cart_ackermann.urdf
[4.261s] -- Installing: /home/developer/ros2_ws/install/golf_cart_description/share/golf_cart_description/urdf/golf_cart3.urdf.xacro
[4.261s] -- Installing: /home/developer/ros2_ws/install/golf_cart_description/share/golf_cart_description/urdf/carlikebot_description.urdf.xacro
[4.261s] -- Installing: /home/developer/ros2_ws/install/golf_cart_description/share/golf_cart_description/urdf/golfcar_new.xacro
[4.262s] -- Installing: /home/developer/ros2_ws/install/golf_cart_description/share/golf_cart_description/urdf/golf_cart3.urdf
[4.262s] -- Installing: /home/developer/ros2_ws/install/golf_cart_description/share/golf_cart_description/urdf/gazebo.xacro
[4.263s] -- Installing: /home/developer/ros2_ws/install/golf_cart_description/share/golf_cart_description/config
[4.263s] -- Installing: /home/developer/ros2_ws/install/golf_cart_description/share/golf_cart_description/config/fake_controller.yaml
[4.263s] -- Installing: /home/developer/ros2_ws/install/golf_cart_description/share/golf_cart_description/config/ackermann_controller.yaml
[4.263s] -- Installing: /home/developer/ros2_ws/install/golf_cart_description/share/golf_cart_description/config/ackermann2.yaml
[4.264s] -- Installing: /home/developer/ros2_ws/install/golf_cart_description/share/ament_index/resource_index/package_run_dependencies/golf_cart_description
[4.265s] -- Installing: /home/developer/ros2_ws/install/golf_cart_description/share/ament_index/resource_index/parent_prefix_path/golf_cart_description
[4.265s] -- Installing: /home/developer/ros2_ws/install/golf_cart_description/share/golf_cart_description/environment/ament_prefix_path.sh
[4.266s] -- Installing: /home/developer/ros2_ws/install/golf_cart_description/share/golf_cart_description/environment/ament_prefix_path.dsv
[4.266s] -- Installing: /home/developer/ros2_ws/install/golf_cart_description/share/golf_cart_description/environment/path.sh
[4.266s] -- Installing: /home/developer/ros2_ws/install/golf_cart_description/share/golf_cart_description/environment/path.dsv
[4.267s] -- Installing: /home/developer/ros2_ws/install/golf_cart_description/share/golf_cart_description/local_setup.bash
[4.267s] -- Installing: /home/developer/ros2_ws/install/golf_cart_description/share/golf_cart_description/local_setup.sh
[4.267s] -- Installing: /home/developer/ros2_ws/install/golf_cart_description/share/golf_cart_description/local_setup.zsh
[4.268s] -- Installing: /home/developer/ros2_ws/install/golf_cart_description/share/golf_cart_description/local_setup.dsv
[4.268s] -- Installing: /home/developer/ros2_ws/install/golf_cart_description/share/golf_cart_description/package.dsv
[4.268s] -- Installing: /home/developer/ros2_ws/install/golf_cart_description/share/ament_index/resource_index/packages/golf_cart_description
[4.268s] -- Installing: /home/developer/ros2_ws/install/golf_cart_description/share/golf_cart_description/cmake/golf_cart_descriptionConfig.cmake
[4.269s] -- Installing: /home/developer/ros2_ws/install/golf_cart_description/share/golf_cart_description/cmake/golf_cart_descriptionConfig-version.cmake
[4.269s] -- Installing: /home/developer/ros2_ws/install/golf_cart_description/share/golf_cart_description/package.xml
[4.279s] Invoked command in '/home/developer/ros2_ws/build/golf_cart_description' returned '0': CMAKE_PREFIX_PATH=/opt/ros/humble /usr/bin/cmake --install /home/developer/ros2_ws/build/golf_cart_description
