[0.021s] Invoking command in '/home/developer/ros2_ws/build/esp32_hardware': CMAKE_PREFIX_PATH=${CMAKE_PREFIX_PATH}:/home/developer/ros2_ws/install/golf_cart_nav2:/home/developer/test_ws/install/ackermann_vehicle:/opt/ros/humble /usr/bin/cmake --build /home/developer/ros2_ws/build/esp32_hardware -- -j4 -l4
[0.141s] [35m[1mConsolidate compiler generated dependencies of target esp32_hardware[0m
[0.181s] [100%] Built target esp32_hardware
[0.195s] Invoked command in '/home/developer/ros2_ws/build/esp32_hardware' returned '0': CMAKE_PREFIX_PATH=${CMAKE_PREFIX_PATH}:/home/developer/ros2_ws/install/golf_cart_nav2:/home/developer/test_ws/install/ackermann_vehicle:/opt/ros/humble /usr/bin/cmake --build /home/developer/ros2_ws/build/esp32_hardware -- -j4 -l4
[0.210s] Invoking command in '/home/developer/ros2_ws/build/esp32_hardware': CMAKE_PREFIX_PATH=${CMAKE_PREFIX_PATH}:/home/developer/ros2_ws/install/golf_cart_nav2:/home/developer/test_ws/install/ackermann_vehicle:/opt/ros/humble /usr/bin/cmake --install /home/developer/ros2_ws/build/esp32_hardware
[0.220s] -- Install configuration: ""
[0.221s] -- Up-to-date: /home/developer/ros2_ws/install/esp32_hardware/share/esp32_hardware/esp32_hardware.xml
[0.222s] -- Up-to-date: /home/developer/ros2_ws/install/esp32_hardware/lib/libesp32_hardware.so
[0.222s] -- Up-to-date: /home/developer/ros2_ws/install/esp32_hardware/include
[0.223s] -- Up-to-date: /home/developer/ros2_ws/install/esp32_hardware/include/esp32_hardware
[0.223s] -- Installing: /home/developer/ros2_ws/install/esp32_hardware/include/esp32_hardware/golf_cart_hardware.hpp
[0.223s] -- Up-to-date: /home/developer/ros2_ws/install/esp32_hardware/include/esp32_hardware/esp32_hardware.hpp
[0.223s] -- Up-to-date: /home/developer/ros2_ws/install/esp32_hardware/share/esp32_hardware/esp32_hardware.xml
[0.224s] -- Up-to-date: /home/developer/ros2_ws/install/esp32_hardware/share/ament_index/resource_index/package_run_dependencies/esp32_hardware
[0.224s] -- Up-to-date: /home/developer/ros2_ws/install/esp32_hardware/share/ament_index/resource_index/parent_prefix_path/esp32_hardware
[0.224s] -- Up-to-date: /home/developer/ros2_ws/install/esp32_hardware/share/esp32_hardware/environment/ament_prefix_path.sh
[0.224s] -- Up-to-date: /home/developer/ros2_ws/install/esp32_hardware/share/esp32_hardware/environment/ament_prefix_path.dsv
[0.224s] -- Up-to-date: /home/developer/ros2_ws/install/esp32_hardware/share/esp32_hardware/environment/path.sh
[0.225s] -- Up-to-date: /home/developer/ros2_ws/install/esp32_hardware/share/esp32_hardware/environment/path.dsv
[0.225s] -- Up-to-date: /home/developer/ros2_ws/install/esp32_hardware/share/esp32_hardware/local_setup.bash
[0.225s] -- Up-to-date: /home/developer/ros2_ws/install/esp32_hardware/share/esp32_hardware/local_setup.sh
[0.225s] -- Up-to-date: /home/developer/ros2_ws/install/esp32_hardware/share/esp32_hardware/local_setup.zsh
[0.225s] -- Up-to-date: /home/developer/ros2_ws/install/esp32_hardware/share/esp32_hardware/local_setup.dsv
[0.225s] -- Installing: /home/developer/ros2_ws/install/esp32_hardware/share/esp32_hardware/package.dsv
[0.226s] -- Up-to-date: /home/developer/ros2_ws/install/esp32_hardware/share/ament_index/resource_index/packages/esp32_hardware
[0.226s] -- Up-to-date: /home/developer/ros2_ws/install/esp32_hardware/share/ament_index/resource_index/hardware_interface__pluginlib__plugin/esp32_hardware
[0.226s] -- Up-to-date: /home/developer/ros2_ws/install/esp32_hardware/share/esp32_hardware/cmake/esp32_hardwareConfig.cmake
[0.227s] -- Up-to-date: /home/developer/ros2_ws/install/esp32_hardware/share/esp32_hardware/cmake/esp32_hardwareConfig-version.cmake
[0.227s] -- Up-to-date: /home/developer/ros2_ws/install/esp32_hardware/share/esp32_hardware/package.xml
[0.229s] Invoked command in '/home/developer/ros2_ws/build/esp32_hardware' returned '0': CMAKE_PREFIX_PATH=${CMAKE_PREFIX_PATH}:/home/developer/ros2_ws/install/golf_cart_nav2:/home/developer/test_ws/install/ackermann_vehicle:/opt/ros/humble /usr/bin/cmake --install /home/developer/ros2_ws/build/esp32_hardware
