running develop
running egg_info
writing golf_cart_nav2.egg-info/PKG-INFO
writing dependency_links to golf_cart_nav2.egg-info/dependency_links.txt
writing entry points to golf_cart_nav2.egg-info/entry_points.txt
writing requirements to golf_cart_nav2.egg-info/requires.txt
writing top-level names to golf_cart_nav2.egg-info/top_level.txt
reading manifest file 'golf_cart_nav2.egg-info/SOURCES.txt'
writing manifest file 'golf_cart_nav2.egg-info/SOURCES.txt'
running build_ext
Creating /home/developer/ros2_ws/install/golf_cart_nav2/lib/python3.10/site-packages/golf-cart-nav2.egg-link (link to .)
Installing follow_path script to /home/developer/ros2_ws/install/golf_cart_nav2/lib/golf_cart_nav2
Installing nav2_to_ackermann script to /home/developer/ros2_ws/install/golf_cart_nav2/lib/golf_cart_nav2
Installing path_publisher script to /home/developer/ros2_ws/install/golf_cart_nav2/lib/golf_cart_nav2
Installing pure_pursuit_local script to /home/developer/ros2_ws/install/golf_cart_nav2/lib/golf_cart_nav2
Installing pure_pursuit_viz script to /home/developer/ros2_ws/install/golf_cart_nav2/lib/golf_cart_nav2

Installed /home/developer/ros2_ws/build/golf_cart_nav2
running symlink_data
symbolically linking /home/developer/ros2_ws/build/golf_cart_nav2/resource/golf_cart_nav2 -> /home/developer/ros2_ws/install/golf_cart_nav2/share/ament_index/resource_index/packages
symbolically linking /home/developer/ros2_ws/build/golf_cart_nav2/package.xml -> /home/developer/ros2_ws/install/golf_cart_nav2/share/golf_cart_nav2
symbolically linking /home/developer/ros2_ws/build/golf_cart_nav2/launch/depth_to_scan.launch.py -> /home/developer/ros2_ws/install/golf_cart_nav2/share/golf_cart_nav2/launch
symbolically linking /home/developer/ros2_ws/build/golf_cart_nav2/config/nav2_params_new.yaml -> /home/developer/ros2_ws/install/golf_cart_nav2/share/golf_cart_nav2/config
symbolically linking /home/developer/ros2_ws/build/golf_cart_nav2/config/nav2_params_full.yaml -> /home/developer/ros2_ws/install/golf_cart_nav2/share/golf_cart_nav2/config
symbolically linking /home/developer/ros2_ws/build/golf_cart_nav2/config/nav2_params.yaml -> /home/developer/ros2_ws/install/golf_cart_nav2/share/golf_cart_nav2/config
