[0.068s] Invoking command in '/home/developer/ros2_ws/build/realsense2_description': AMENT_PREFIX_PATH=/home/developer/ros2_ws/install/realsense2_camera_msgs:${AMENT_PREFIX_PATH} CMAKE_PREFIX_PATH=/home/developer/ros2_ws/install/realsense2_camera_msgs:/opt/ros/humble LD_LIBRARY_PATH=/home/developer/ros2_ws/install/realsense2_camera_msgs/lib:${LD_LIBRARY_PATH} PYTHONPATH=/home/developer/ros2_ws/install/realsense2_camera_msgs/local/lib/python3.10/dist-packages:${PYTHONPATH} /usr/bin/cmake /home/developer/ros2_ws/src/realsense-ros/realsense2_description -DCMAKE_INSTALL_PREFIX=/home/developer/ros2_ws/install/realsense2_description
[0.236s] -- The C compiler identification is GNU 11.4.0
[0.515s] -- The CXX compiler identification is GNU 11.4.0
[0.525s] -- Detecting C compiler ABI info
[0.697s] -- Detecting C compiler ABI info - done
[0.722s] -- Check for working C compiler: /usr/bin/cc - skipped
[0.789s] -- Detecting C compile features
[0.792s] -- Detecting C compile features - done
[0.808s] -- Detecting CXX compiler ABI info
[1.025s] -- Detecting CXX compiler ABI info - done
[1.038s] -- Check for working CXX compiler: /usr/bin/c++ - skipped
[1.039s] -- Detecting CXX compile features
[1.040s] -- Detecting CXX compile features - done
[1.112s] -- Found ament_cmake: 1.3.12 (/opt/ros/humble/share/ament_cmake/cmake)
[1.552s] -- Found Python3: /usr/bin/python3 (found version "3.10.12") found components: Interpreter 
[2.015s] -- Configuring done
[2.022s] -- Generating done
[2.027s] -- Build files have been written to: /home/developer/ros2_ws/build/realsense2_description
[2.044s] Invoked command in '/home/developer/ros2_ws/build/realsense2_description' returned '0': AMENT_PREFIX_PATH=/home/developer/ros2_ws/install/realsense2_camera_msgs:${AMENT_PREFIX_PATH} CMAKE_PREFIX_PATH=/home/developer/ros2_ws/install/realsense2_camera_msgs:/opt/ros/humble LD_LIBRARY_PATH=/home/developer/ros2_ws/install/realsense2_camera_msgs/lib:${LD_LIBRARY_PATH} PYTHONPATH=/home/developer/ros2_ws/install/realsense2_camera_msgs/local/lib/python3.10/dist-packages:${PYTHONPATH} /usr/bin/cmake /home/developer/ros2_ws/src/realsense-ros/realsense2_description -DCMAKE_INSTALL_PREFIX=/home/developer/ros2_ws/install/realsense2_description
[2.054s] Invoking command in '/home/developer/ros2_ws/build/realsense2_description': AMENT_PREFIX_PATH=/home/developer/ros2_ws/install/realsense2_camera_msgs:${AMENT_PREFIX_PATH} CMAKE_PREFIX_PATH=/home/developer/ros2_ws/install/realsense2_camera_msgs:/opt/ros/humble LD_LIBRARY_PATH=/home/developer/ros2_ws/install/realsense2_camera_msgs/lib:${LD_LIBRARY_PATH} PYTHONPATH=/home/developer/ros2_ws/install/realsense2_camera_msgs/local/lib/python3.10/dist-packages:${PYTHONPATH} /usr/bin/cmake --build /home/developer/ros2_ws/build/realsense2_description -- -j6 -l6
[2.126s] -- Found ament_cmake: 1.3.12 (/opt/ros/humble/share/ament_cmake/cmake)
[2.667s] -- Configuring done
[2.680s] -- Generating done
[2.684s] -- Build files have been written to: /home/developer/ros2_ws/build/realsense2_description
[2.761s] Invoked command in '/home/developer/ros2_ws/build/realsense2_description' returned '0': AMENT_PREFIX_PATH=/home/developer/ros2_ws/install/realsense2_camera_msgs:${AMENT_PREFIX_PATH} CMAKE_PREFIX_PATH=/home/developer/ros2_ws/install/realsense2_camera_msgs:/opt/ros/humble LD_LIBRARY_PATH=/home/developer/ros2_ws/install/realsense2_camera_msgs/lib:${LD_LIBRARY_PATH} PYTHONPATH=/home/developer/ros2_ws/install/realsense2_camera_msgs/local/lib/python3.10/dist-packages:${PYTHONPATH} /usr/bin/cmake --build /home/developer/ros2_ws/build/realsense2_description -- -j6 -l6
[2.767s] Invoking command in '/home/developer/ros2_ws/build/realsense2_description': AMENT_PREFIX_PATH=/home/developer/ros2_ws/install/realsense2_camera_msgs:${AMENT_PREFIX_PATH} CMAKE_PREFIX_PATH=/home/developer/ros2_ws/install/realsense2_camera_msgs:/opt/ros/humble LD_LIBRARY_PATH=/home/developer/ros2_ws/install/realsense2_camera_msgs/lib:${LD_LIBRARY_PATH} PYTHONPATH=/home/developer/ros2_ws/install/realsense2_camera_msgs/local/lib/python3.10/dist-packages:${PYTHONPATH} /usr/bin/cmake --install /home/developer/ros2_ws/build/realsense2_description
[2.796s] -- Install configuration: ""
[2.797s] -- Installing: /home/developer/ros2_ws/install/realsense2_description/share/realsense2_description/launch
[2.798s] -- Installing: /home/developer/ros2_ws/install/realsense2_description/share/realsense2_description/launch/view_model.launch.py
[2.800s] -- Installing: /home/developer/ros2_ws/install/realsense2_description/share/realsense2_description/launch/launch_utils.py
[2.801s] -- Installing: /home/developer/ros2_ws/install/realsense2_description/share/realsense2_description/meshes
[2.803s] -- Installing: /home/developer/ros2_ws/install/realsense2_description/share/realsense2_description/meshes/d455.stl
[2.820s] -- Installing: /home/developer/ros2_ws/install/realsense2_description/share/realsense2_description/meshes/d405.stl
[2.823s] -- Installing: /home/developer/ros2_ws/install/realsense2_description/share/realsense2_description/meshes/d415.stl
[2.892s] -- Installing: /home/developer/ros2_ws/install/realsense2_description/share/realsense2_description/meshes/plug_collision.stl
[2.894s] -- Installing: /home/developer/ros2_ws/install/realsense2_description/share/realsense2_description/meshes/l515.dae
[2.996s] -- Installing: /home/developer/ros2_ws/install/realsense2_description/share/realsense2_description/meshes/d435.dae
[3.049s] -- Installing: /home/developer/ros2_ws/install/realsense2_description/share/realsense2_description/meshes/plug.stl
[3.051s] -- Installing: /home/developer/ros2_ws/install/realsense2_description/share/realsense2_description/rviz
[3.054s] -- Installing: /home/developer/ros2_ws/install/realsense2_description/share/realsense2_description/rviz/urdf.rviz
[3.055s] -- Installing: /home/developer/ros2_ws/install/realsense2_description/share/realsense2_description/urdf
[3.063s] -- Installing: /home/developer/ros2_ws/install/realsense2_description/share/realsense2_description/urdf/_usb_plug.urdf.xacro
[3.063s] -- Installing: /home/developer/ros2_ws/install/realsense2_description/share/realsense2_description/urdf/_materials.urdf.xacro
[3.072s] -- Installing: /home/developer/ros2_ws/install/realsense2_description/share/realsense2_description/urdf/_d435.urdf.xacro
[3.073s] -- Installing: /home/developer/ros2_ws/install/realsense2_description/share/realsense2_description/urdf/_d455.urdf.xacro
[3.073s] -- Installing: /home/developer/ros2_ws/install/realsense2_description/share/realsense2_description/urdf/test_r430_camera.urdf.xacro
[3.073s] -- Installing: /home/developer/ros2_ws/install/realsense2_description/share/realsense2_description/urdf/_d435i.urdf.xacro
[3.073s] -- Installing: /home/developer/ros2_ws/install/realsense2_description/share/realsense2_description/urdf/_r410.urdf.xacro
[3.073s] -- Installing: /home/developer/ros2_ws/install/realsense2_description/share/realsense2_description/urdf/test_d455_camera.urdf.xacro
[3.076s] -- Installing: /home/developer/ros2_ws/install/realsense2_description/share/realsense2_description/urdf/test_d405_camera.urdf.xacro
[3.078s] -- Installing: /home/developer/ros2_ws/install/realsense2_description/share/realsense2_description/urdf/test_d415_camera.urdf.xacro
[3.080s] -- Installing: /home/developer/ros2_ws/install/realsense2_description/share/realsense2_description/urdf/_d435i_imu_modules.urdf.xacro
[3.080s] -- Installing: /home/developer/ros2_ws/install/realsense2_description/share/realsense2_description/urdf/_d405.urdf.xacro
[3.081s] -- Installing: /home/developer/ros2_ws/install/realsense2_description/share/realsense2_description/urdf/test_d435_multiple_cameras.urdf.xacro
[3.081s] -- Installing: /home/developer/ros2_ws/install/realsense2_description/share/realsense2_description/urdf/test_r410_camera.urdf.xacro
[3.081s] -- Installing: /home/developer/ros2_ws/install/realsense2_description/share/realsense2_description/urdf/test_d435i_camera.urdf.xacro
[3.083s] -- Installing: /home/developer/ros2_ws/install/realsense2_description/share/realsense2_description/urdf/test_d435_camera.urdf.xacro
[3.083s] -- Installing: /home/developer/ros2_ws/install/realsense2_description/share/realsense2_description/urdf/_r430.urdf.xacro
[3.083s] -- Installing: /home/developer/ros2_ws/install/realsense2_description/share/realsense2_description/urdf/_d415.urdf.xacro
[3.083s] -- Installing: /home/developer/ros2_ws/install/realsense2_description/share/ament_index/resource_index/package_run_dependencies/realsense2_description
[3.084s] -- Installing: /home/developer/ros2_ws/install/realsense2_description/share/ament_index/resource_index/parent_prefix_path/realsense2_description
[3.084s] -- Installing: /home/developer/ros2_ws/install/realsense2_description/share/realsense2_description/environment/ament_prefix_path.sh
[3.085s] -- Installing: /home/developer/ros2_ws/install/realsense2_description/share/realsense2_description/environment/ament_prefix_path.dsv
[3.086s] -- Installing: /home/developer/ros2_ws/install/realsense2_description/share/realsense2_description/environment/path.sh
[3.087s] -- Installing: /home/developer/ros2_ws/install/realsense2_description/share/realsense2_description/environment/path.dsv
[3.087s] -- Installing: /home/developer/ros2_ws/install/realsense2_description/share/realsense2_description/local_setup.bash
[3.088s] -- Installing: /home/developer/ros2_ws/install/realsense2_description/share/realsense2_description/local_setup.sh
[3.088s] -- Installing: /home/developer/ros2_ws/install/realsense2_description/share/realsense2_description/local_setup.zsh
[3.088s] -- Installing: /home/developer/ros2_ws/install/realsense2_description/share/realsense2_description/local_setup.dsv
[3.088s] -- Installing: /home/developer/ros2_ws/install/realsense2_description/share/realsense2_description/package.dsv
[3.088s] -- Installing: /home/developer/ros2_ws/install/realsense2_description/share/ament_index/resource_index/packages/realsense2_description
[3.089s] -- Installing: /home/developer/ros2_ws/install/realsense2_description/share/realsense2_description/cmake/realsense2_descriptionConfig.cmake
[3.089s] -- Installing: /home/developer/ros2_ws/install/realsense2_description/share/realsense2_description/cmake/realsense2_descriptionConfig-version.cmake
[3.089s] -- Installing: /home/developer/ros2_ws/install/realsense2_description/share/realsense2_description/package.xml
[3.092s] Invoked command in '/home/developer/ros2_ws/build/realsense2_description' returned '0': AMENT_PREFIX_PATH=/home/developer/ros2_ws/install/realsense2_camera_msgs:${AMENT_PREFIX_PATH} CMAKE_PREFIX_PATH=/home/developer/ros2_ws/install/realsense2_camera_msgs:/opt/ros/humble LD_LIBRARY_PATH=/home/developer/ros2_ws/install/realsense2_camera_msgs/lib:${LD_LIBRARY_PATH} PYTHONPATH=/home/developer/ros2_ws/install/realsense2_camera_msgs/local/lib/python3.10/dist-packages:${PYTHONPATH} /usr/bin/cmake --install /home/developer/ros2_ws/build/realsense2_description
