[0.029s] Invoking command in '/home/developer/ros2_ws/build/golf_cart_description': CMAKE_PREFIX_PATH=${CMAKE_PREFIX_PATH}:/home/developer/ros2_ws/install/golf_cart_nav2:/opt/ros/humble /usr/bin/cmake --build /home/developer/ros2_ws/build/golf_cart_description -- -j6 -l6
[0.120s] Invoked command in '/home/developer/ros2_ws/build/golf_cart_description' returned '0': CMAKE_PREFIX_PATH=${CMAKE_PREFIX_PATH}:/home/developer/ros2_ws/install/golf_cart_nav2:/opt/ros/humble /usr/bin/cmake --build /home/developer/ros2_ws/build/golf_cart_description -- -j6 -l6
[0.146s] Invoking command in '/home/developer/ros2_ws/build/golf_cart_description': CMAKE_PREFIX_PATH=${CMAKE_PREFIX_PATH}:/home/developer/ros2_ws/install/golf_cart_nav2:/opt/ros/humble /usr/bin/cmake --install /home/developer/ros2_ws/build/golf_cart_description
[0.166s] -- Install configuration: ""
[0.169s] -- Up-to-date: /home/developer/ros2_ws/install/golf_cart_description/share/golf_cart_description/launch
[0.170s] -- Up-to-date: /home/developer/ros2_ws/install/golf_cart_description/share/golf_cart_description/launch/sim.launch.py
[0.170s] -- Up-to-date: /home/developer/ros2_ws/install/golf_cart_description/share/golf_cart_description/launch/teleop_ackermann.launch.py
[0.170s] -- Up-to-date: /home/developer/ros2_ws/install/golf_cart_description/share/golf_cart_description/launch/golf_cart_full_nav.launch.py
[0.170s] -- Up-to-date: /home/developer/ros2_ws/install/golf_cart_description/share/golf_cart_description/launch/new_gazebo.launch.py
[0.171s] -- Up-to-date: /home/developer/ros2_ws/install/golf_cart_description/share/golf_cart_description/launch/gazebo.launch.py
[0.171s] -- Installing: /home/developer/ros2_ws/install/golf_cart_description/share/golf_cart_description/launch/rtabmap_color_localization.launch.py
[0.171s] -- Installing: /home/developer/ros2_ws/install/golf_cart_description/share/golf_cart_description/launch/rtabmap_localization.launch.py
[0.171s] -- Up-to-date: /home/developer/ros2_ws/install/golf_cart_description/share/golf_cart_description/launch/rtab_setup.launch.py
[0.172s] -- Up-to-date: /home/developer/ros2_ws/install/golf_cart_description/share/golf_cart_description/launch/fake_display.launch.py
[0.172s] -- Up-to-date: /home/developer/ros2_ws/install/golf_cart_description/share/golf_cart_description/launch/display.launch.py
[0.172s] -- Up-to-date: /home/developer/ros2_ws/install/golf_cart_description/share/golf_cart_description/launch/rtabmap_mapping.launch.py
[0.173s] -- Up-to-date: /home/developer/ros2_ws/install/golf_cart_description/share/golf_cart_description/urdf
[0.173s] -- Up-to-date: /home/developer/ros2_ws/install/golf_cart_description/share/golf_cart_description/urdf/golf_cart_ackermann.xacro
[0.173s] -- Up-to-date: /home/developer/ros2_ws/install/golf_cart_description/share/golf_cart_description/urdf/golf_cart.urdf.xacro
[0.173s] -- Up-to-date: /home/developer/ros2_ws/install/golf_cart_description/share/golf_cart_description/urdf/golf_cart.urdf
[0.174s] -- Up-to-date: /home/developer/ros2_ws/install/golf_cart_description/share/golf_cart_description/urdf/_d455.urdf.xacro
[0.174s] -- Up-to-date: /home/developer/ros2_ws/install/golf_cart_description/share/golf_cart_description/urdf/test.urdf
[0.174s] -- Up-to-date: /home/developer/ros2_ws/install/golf_cart_description/share/golf_cart_description/urdf/golf_cart2.urdf.xacro
[0.174s] -- Up-to-date: /home/developer/ros2_ws/install/golf_cart_description/share/golf_cart_description/urdf/Golf_cart_my
[0.175s] -- Up-to-date: /home/developer/ros2_ws/install/golf_cart_description/share/golf_cart_description/urdf/Golf_cart_my/model.sdf
[0.175s] -- Up-to-date: /home/developer/ros2_ws/install/golf_cart_description/share/golf_cart_description/urdf/Golf_cart_my/model.urdf
[0.175s] -- Up-to-date: /home/developer/ros2_ws/install/golf_cart_description/share/golf_cart_description/urdf/Golf_cart_my/model.config
[0.176s] -- Up-to-date: /home/developer/ros2_ws/install/golf_cart_description/share/golf_cart_description/urdf/fake_cart.xacro
[0.176s] -- Up-to-date: /home/developer/ros2_ws/install/golf_cart_description/share/golf_cart_description/urdf/test_d455_camera.urdf.xacro
[0.177s] -- Up-to-date: /home/developer/ros2_ws/install/golf_cart_description/share/golf_cart_description/urdf/d455.urdf
[0.177s] -- Up-to-date: /home/developer/ros2_ws/install/golf_cart_description/share/golf_cart_description/urdf/golf_cart2.urdf
[0.177s] -- Up-to-date: /home/developer/ros2_ws/install/golf_cart_description/share/golf_cart_description/urdf/golf_cart_ackermann.urdf
[0.177s] -- Up-to-date: /home/developer/ros2_ws/install/golf_cart_description/share/golf_cart_description/urdf/golf_cart3.urdf.xacro
[0.177s] -- Up-to-date: /home/developer/ros2_ws/install/golf_cart_description/share/golf_cart_description/urdf/carlikebot_description.urdf.xacro
[0.177s] -- Up-to-date: /home/developer/ros2_ws/install/golf_cart_description/share/golf_cart_description/urdf/golfcar_new.xacro
[0.178s] -- Up-to-date: /home/developer/ros2_ws/install/golf_cart_description/share/golf_cart_description/urdf/golf_cart3.urdf
[0.178s] -- Up-to-date: /home/developer/ros2_ws/install/golf_cart_description/share/golf_cart_description/urdf/gazebo.xacro
[0.178s] -- Up-to-date: /home/developer/ros2_ws/install/golf_cart_description/share/golf_cart_description/config
[0.178s] -- Up-to-date: /home/developer/ros2_ws/install/golf_cart_description/share/golf_cart_description/config/fake_controller.yaml
[0.178s] -- Up-to-date: /home/developer/ros2_ws/install/golf_cart_description/share/golf_cart_description/config/ackermann_controller.yaml
[0.179s] -- Up-to-date: /home/developer/ros2_ws/install/golf_cart_description/share/golf_cart_description/config/ackermann2.yaml
[0.180s] -- Up-to-date: /home/developer/ros2_ws/install/golf_cart_description/share/ament_index/resource_index/package_run_dependencies/golf_cart_description
[0.182s] -- Up-to-date: /home/developer/ros2_ws/install/golf_cart_description/share/ament_index/resource_index/parent_prefix_path/golf_cart_description
[0.182s] -- Up-to-date: /home/developer/ros2_ws/install/golf_cart_description/share/golf_cart_description/environment/ament_prefix_path.sh
[0.183s] -- Up-to-date: /home/developer/ros2_ws/install/golf_cart_description/share/golf_cart_description/environment/ament_prefix_path.dsv
[0.183s] -- Up-to-date: /home/developer/ros2_ws/install/golf_cart_description/share/golf_cart_description/environment/path.sh
[0.184s] -- Up-to-date: /home/developer/ros2_ws/install/golf_cart_description/share/golf_cart_description/environment/path.dsv
[0.185s] -- Up-to-date: /home/developer/ros2_ws/install/golf_cart_description/share/golf_cart_description/local_setup.bash
[0.185s] -- Up-to-date: /home/developer/ros2_ws/install/golf_cart_description/share/golf_cart_description/local_setup.sh
[0.185s] -- Up-to-date: /home/developer/ros2_ws/install/golf_cart_description/share/golf_cart_description/local_setup.zsh
[0.186s] -- Up-to-date: /home/developer/ros2_ws/install/golf_cart_description/share/golf_cart_description/local_setup.dsv
[0.187s] -- Installing: /home/developer/ros2_ws/install/golf_cart_description/share/golf_cart_description/package.dsv
[0.187s] -- Up-to-date: /home/developer/ros2_ws/install/golf_cart_description/share/ament_index/resource_index/packages/golf_cart_description
[0.188s] -- Up-to-date: /home/developer/ros2_ws/install/golf_cart_description/share/golf_cart_description/cmake/golf_cart_descriptionConfig.cmake
[0.188s] -- Up-to-date: /home/developer/ros2_ws/install/golf_cart_description/share/golf_cart_description/cmake/golf_cart_descriptionConfig-version.cmake
[0.188s] -- Up-to-date: /home/developer/ros2_ws/install/golf_cart_description/share/golf_cart_description/package.xml
[0.189s] Invoked command in '/home/developer/ros2_ws/build/golf_cart_description' returned '0': CMAKE_PREFIX_PATH=${CMAKE_PREFIX_PATH}:/home/developer/ros2_ws/install/golf_cart_nav2:/opt/ros/humble /usr/bin/cmake --install /home/developer/ros2_ws/build/golf_cart_description
