[0.167s] DEBUG:colcon:Command line arguments: ['/usr/bin/colcon', 'build', '--allow-overriding', 'realsense2_camera']
[0.167s] DEBUG:colcon:Parsed command line arguments: Namespace(log_base=None, log_level=None, verb_name='build', build_base='build', install_base='install', merge_install=False, symlink_install=False, test_result_base=None, continue_on_error=False, executor='parallel', parallel_workers=4, event_handlers=None, ignore_user_meta=False, metas=['./colcon.meta'], base_paths=['.'], packages_ignore=None, packages_ignore_regex=None, paths=None, packages_up_to=None, packages_up_to_regex=None, packages_above=None, packages_above_and_dependencies=None, packages_above_depth=None, packages_select_by_dep=None, packages_skip_by_dep=None, packages_skip_up_to=None, packages_select_build_failed=False, packages_skip_build_finished=False, packages_select_test_failures=False, packages_skip_test_passed=False, packages_select=None, packages_skip=None, packages_select_regex=None, packages_skip_regex=None, packages_start=None, packages_end=None, allow_overriding=['realsense2_camera'], cmake_args=None, cmake_target=None, cmake_target_skip_unavailable=False, cmake_clean_cache=False, cmake_clean_first=False, cmake_force_configure=False, ament_cmake_args=None, catkin_cmake_args=None, catkin_skip_building_tests=False, verb_parser=<colcon_defaults.argument_parser.defaults.DefaultArgumentsDecorator object at 0x78e7c5d7d2a0>, verb_extension=<colcon_core.verb.build.BuildVerb object at 0x78e7c5e66680>, main=<bound method BuildVerb.main of <colcon_core.verb.build.BuildVerb object at 0x78e7c5e66680>>)
[0.446s] Level 1:colcon.colcon_core.package_discovery:discover_packages(colcon_meta) check parameters
[0.446s] Level 1:colcon.colcon_core.package_discovery:discover_packages(recursive) check parameters
[0.446s] Level 1:colcon.colcon_core.package_discovery:discover_packages(ignore) check parameters
[0.446s] Level 1:colcon.colcon_core.package_discovery:discover_packages(path) check parameters
[0.446s] Level 1:colcon.colcon_core.package_discovery:discover_packages(colcon_meta) discover
[0.446s] Level 1:colcon.colcon_core.package_discovery:discover_packages(recursive) discover
[0.446s] INFO:colcon.colcon_core.package_discovery:Crawling recursively for packages in '/home/developer/ros2_ws'
[0.446s] Level 1:colcon.colcon_core.package_identification:_identify(.) by extensions ['ignore', 'ignore_ament_install']
[0.447s] Level 1:colcon.colcon_core.package_identification:_identify(.) by extension 'ignore'
[0.447s] Level 1:colcon.colcon_core.package_identification:_identify(.) by extension 'ignore_ament_install'
[0.447s] Level 1:colcon.colcon_core.package_identification:_identify(.) by extensions ['colcon_pkg']
[0.447s] Level 1:colcon.colcon_core.package_identification:_identify(.) by extension 'colcon_pkg'
[0.447s] Level 1:colcon.colcon_core.package_identification:_identify(.) by extensions ['colcon_meta']
[0.447s] Level 1:colcon.colcon_core.package_identification:_identify(.) by extension 'colcon_meta'
[0.447s] Level 1:colcon.colcon_core.package_identification:_identify(.) by extensions ['ros']
[0.447s] Level 1:colcon.colcon_core.package_identification:_identify(.) by extension 'ros'
[0.463s] Level 1:colcon.colcon_core.package_identification:_identify(.) by extensions ['cmake', 'python']
[0.463s] Level 1:colcon.colcon_core.package_identification:_identify(.) by extension 'cmake'
[0.463s] Level 1:colcon.colcon_core.package_identification:_identify(.) by extension 'python'
[0.463s] Level 1:colcon.colcon_core.package_identification:_identify(.) by extensions ['python_setup_py']
[0.463s] Level 1:colcon.colcon_core.package_identification:_identify(.) by extension 'python_setup_py'
[0.463s] Level 1:colcon.colcon_core.package_identification:_identify(build) by extensions ['ignore', 'ignore_ament_install']
[0.463s] Level 1:colcon.colcon_core.package_identification:_identify(build) by extension 'ignore'
[0.464s] Level 1:colcon.colcon_core.package_identification:_identify(build) ignored
[0.464s] Level 1:colcon.colcon_core.package_identification:_identify(install) by extensions ['ignore', 'ignore_ament_install']
[0.464s] Level 1:colcon.colcon_core.package_identification:_identify(install) by extension 'ignore'
[0.464s] Level 1:colcon.colcon_core.package_identification:_identify(install) ignored
[0.464s] Level 1:colcon.colcon_core.package_identification:_identify(log) by extensions ['ignore', 'ignore_ament_install']
[0.464s] Level 1:colcon.colcon_core.package_identification:_identify(log) by extension 'ignore'
[0.464s] Level 1:colcon.colcon_core.package_identification:_identify(log) ignored
[0.464s] Level 1:colcon.colcon_core.package_identification:_identify(src) by extensions ['ignore', 'ignore_ament_install']
[0.465s] Level 1:colcon.colcon_core.package_identification:_identify(src) by extension 'ignore'
[0.465s] Level 1:colcon.colcon_core.package_identification:_identify(src) by extension 'ignore_ament_install'
[0.465s] Level 1:colcon.colcon_core.package_identification:_identify(src) by extensions ['colcon_pkg']
[0.465s] Level 1:colcon.colcon_core.package_identification:_identify(src) by extension 'colcon_pkg'
[0.465s] Level 1:colcon.colcon_core.package_identification:_identify(src) by extensions ['colcon_meta']
[0.465s] Level 1:colcon.colcon_core.package_identification:_identify(src) by extension 'colcon_meta'
[0.465s] Level 1:colcon.colcon_core.package_identification:_identify(src) by extensions ['ros']
[0.465s] Level 1:colcon.colcon_core.package_identification:_identify(src) by extension 'ros'
[0.465s] Level 1:colcon.colcon_core.package_identification:_identify(src) by extensions ['cmake', 'python']
[0.465s] Level 1:colcon.colcon_core.package_identification:_identify(src) by extension 'cmake'
[0.465s] Level 1:colcon.colcon_core.package_identification:_identify(src) by extension 'python'
[0.465s] Level 1:colcon.colcon_core.package_identification:_identify(src) by extensions ['python_setup_py']
[0.465s] Level 1:colcon.colcon_core.package_identification:_identify(src) by extension 'python_setup_py'
[0.465s] Level 1:colcon.colcon_core.package_identification:_identify(src/golf_cart_description) by extensions ['ignore', 'ignore_ament_install']
[0.466s] Level 1:colcon.colcon_core.package_identification:_identify(src/golf_cart_description) by extension 'ignore'
[0.466s] Level 1:colcon.colcon_core.package_identification:_identify(src/golf_cart_description) by extension 'ignore_ament_install'
[0.466s] Level 1:colcon.colcon_core.package_identification:_identify(src/golf_cart_description) by extensions ['colcon_pkg']
[0.466s] Level 1:colcon.colcon_core.package_identification:_identify(src/golf_cart_description) by extension 'colcon_pkg'
[0.466s] Level 1:colcon.colcon_core.package_identification:_identify(src/golf_cart_description) by extensions ['colcon_meta']
[0.466s] Level 1:colcon.colcon_core.package_identification:_identify(src/golf_cart_description) by extension 'colcon_meta'
[0.466s] Level 1:colcon.colcon_core.package_identification:_identify(src/golf_cart_description) by extensions ['ros']
[0.466s] Level 1:colcon.colcon_core.package_identification:_identify(src/golf_cart_description) by extension 'ros'
[0.469s] DEBUG:colcon.colcon_core.package_identification:Package 'src/golf_cart_description' with type 'ros.ament_cmake' and name 'golf_cart_description'
[0.469s] Level 1:colcon.colcon_core.package_identification:_identify(src/realsense-ros) by extensions ['ignore', 'ignore_ament_install']
[0.470s] Level 1:colcon.colcon_core.package_identification:_identify(src/realsense-ros) by extension 'ignore'
[0.470s] Level 1:colcon.colcon_core.package_identification:_identify(src/realsense-ros) by extension 'ignore_ament_install'
[0.470s] Level 1:colcon.colcon_core.package_identification:_identify(src/realsense-ros) by extensions ['colcon_pkg']
[0.470s] Level 1:colcon.colcon_core.package_identification:_identify(src/realsense-ros) by extension 'colcon_pkg'
[0.470s] Level 1:colcon.colcon_core.package_identification:_identify(src/realsense-ros) by extensions ['colcon_meta']
[0.470s] Level 1:colcon.colcon_core.package_identification:_identify(src/realsense-ros) by extension 'colcon_meta'
[0.470s] Level 1:colcon.colcon_core.package_identification:_identify(src/realsense-ros) by extensions ['ros']
[0.470s] Level 1:colcon.colcon_core.package_identification:_identify(src/realsense-ros) by extension 'ros'
[0.470s] Level 1:colcon.colcon_core.package_identification:_identify(src/realsense-ros) by extensions ['cmake', 'python']
[0.470s] Level 1:colcon.colcon_core.package_identification:_identify(src/realsense-ros) by extension 'cmake'
[0.470s] Level 1:colcon.colcon_core.package_identification:_identify(src/realsense-ros) by extension 'python'
[0.470s] Level 1:colcon.colcon_core.package_identification:_identify(src/realsense-ros) by extensions ['python_setup_py']
[0.470s] Level 1:colcon.colcon_core.package_identification:_identify(src/realsense-ros) by extension 'python_setup_py'
[0.471s] Level 1:colcon.colcon_core.package_identification:_identify(src/realsense-ros/realsense2_camera) by extensions ['ignore', 'ignore_ament_install']
[0.471s] Level 1:colcon.colcon_core.package_identification:_identify(src/realsense-ros/realsense2_camera) by extension 'ignore'
[0.471s] Level 1:colcon.colcon_core.package_identification:_identify(src/realsense-ros/realsense2_camera) by extension 'ignore_ament_install'
[0.471s] Level 1:colcon.colcon_core.package_identification:_identify(src/realsense-ros/realsense2_camera) by extensions ['colcon_pkg']
[0.471s] Level 1:colcon.colcon_core.package_identification:_identify(src/realsense-ros/realsense2_camera) by extension 'colcon_pkg'
[0.471s] Level 1:colcon.colcon_core.package_identification:_identify(src/realsense-ros/realsense2_camera) by extensions ['colcon_meta']
[0.471s] Level 1:colcon.colcon_core.package_identification:_identify(src/realsense-ros/realsense2_camera) by extension 'colcon_meta'
[0.471s] Level 1:colcon.colcon_core.package_identification:_identify(src/realsense-ros/realsense2_camera) by extensions ['ros']
[0.471s] Level 1:colcon.colcon_core.package_identification:_identify(src/realsense-ros/realsense2_camera) by extension 'ros'
[0.481s] DEBUG:colcon.colcon_core.package_identification:Package 'src/realsense-ros/realsense2_camera' with type 'ros.ament_cmake' and name 'realsense2_camera'
[0.481s] Level 1:colcon.colcon_core.package_identification:_identify(src/realsense-ros/realsense2_camera_msgs) by extensions ['ignore', 'ignore_ament_install']
[0.482s] Level 1:colcon.colcon_core.package_identification:_identify(src/realsense-ros/realsense2_camera_msgs) by extension 'ignore'
[0.482s] Level 1:colcon.colcon_core.package_identification:_identify(src/realsense-ros/realsense2_camera_msgs) by extension 'ignore_ament_install'
[0.482s] Level 1:colcon.colcon_core.package_identification:_identify(src/realsense-ros/realsense2_camera_msgs) by extensions ['colcon_pkg']
[0.482s] Level 1:colcon.colcon_core.package_identification:_identify(src/realsense-ros/realsense2_camera_msgs) by extension 'colcon_pkg'
[0.482s] Level 1:colcon.colcon_core.package_identification:_identify(src/realsense-ros/realsense2_camera_msgs) by extensions ['colcon_meta']
[0.482s] Level 1:colcon.colcon_core.package_identification:_identify(src/realsense-ros/realsense2_camera_msgs) by extension 'colcon_meta'
[0.482s] Level 1:colcon.colcon_core.package_identification:_identify(src/realsense-ros/realsense2_camera_msgs) by extensions ['ros']
[0.482s] Level 1:colcon.colcon_core.package_identification:_identify(src/realsense-ros/realsense2_camera_msgs) by extension 'ros'
[0.483s] DEBUG:colcon.colcon_core.package_identification:Package 'src/realsense-ros/realsense2_camera_msgs' with type 'ros.ament_cmake' and name 'realsense2_camera_msgs'
[0.483s] Level 1:colcon.colcon_core.package_identification:_identify(src/realsense-ros/realsense2_description) by extensions ['ignore', 'ignore_ament_install']
[0.483s] Level 1:colcon.colcon_core.package_identification:_identify(src/realsense-ros/realsense2_description) by extension 'ignore'
[0.483s] Level 1:colcon.colcon_core.package_identification:_identify(src/realsense-ros/realsense2_description) by extension 'ignore_ament_install'
[0.483s] Level 1:colcon.colcon_core.package_identification:_identify(src/realsense-ros/realsense2_description) by extensions ['colcon_pkg']
[0.484s] Level 1:colcon.colcon_core.package_identification:_identify(src/realsense-ros/realsense2_description) by extension 'colcon_pkg'
[0.484s] Level 1:colcon.colcon_core.package_identification:_identify(src/realsense-ros/realsense2_description) by extensions ['colcon_meta']
[0.484s] Level 1:colcon.colcon_core.package_identification:_identify(src/realsense-ros/realsense2_description) by extension 'colcon_meta'
[0.484s] Level 1:colcon.colcon_core.package_identification:_identify(src/realsense-ros/realsense2_description) by extensions ['ros']
[0.484s] Level 1:colcon.colcon_core.package_identification:_identify(src/realsense-ros/realsense2_description) by extension 'ros'
[0.485s] DEBUG:colcon.colcon_core.package_identification:Package 'src/realsense-ros/realsense2_description' with type 'ros.ament_cmake' and name 'realsense2_description'
[0.485s] Level 1:colcon.colcon_core.package_identification:_identify(src/realsense-ros/scripts) by extensions ['ignore', 'ignore_ament_install']
[0.485s] Level 1:colcon.colcon_core.package_identification:_identify(src/realsense-ros/scripts) by extension 'ignore'
[0.485s] Level 1:colcon.colcon_core.package_identification:_identify(src/realsense-ros/scripts) by extension 'ignore_ament_install'
[0.485s] Level 1:colcon.colcon_core.package_identification:_identify(src/realsense-ros/scripts) by extensions ['colcon_pkg']
[0.485s] Level 1:colcon.colcon_core.package_identification:_identify(src/realsense-ros/scripts) by extension 'colcon_pkg'
[0.485s] Level 1:colcon.colcon_core.package_identification:_identify(src/realsense-ros/scripts) by extensions ['colcon_meta']
[0.485s] Level 1:colcon.colcon_core.package_identification:_identify(src/realsense-ros/scripts) by extension 'colcon_meta'
[0.486s] Level 1:colcon.colcon_core.package_identification:_identify(src/realsense-ros/scripts) by extensions ['ros']
[0.486s] Level 1:colcon.colcon_core.package_identification:_identify(src/realsense-ros/scripts) by extension 'ros'
[0.486s] Level 1:colcon.colcon_core.package_identification:_identify(src/realsense-ros/scripts) by extensions ['cmake', 'python']
[0.486s] Level 1:colcon.colcon_core.package_identification:_identify(src/realsense-ros/scripts) by extension 'cmake'
[0.486s] Level 1:colcon.colcon_core.package_identification:_identify(src/realsense-ros/scripts) by extension 'python'
[0.486s] Level 1:colcon.colcon_core.package_identification:_identify(src/realsense-ros/scripts) by extensions ['python_setup_py']
[0.486s] Level 1:colcon.colcon_core.package_identification:_identify(src/realsense-ros/scripts) by extension 'python_setup_py'
[0.486s] Level 1:colcon.colcon_core.package_discovery:discover_packages(recursive) using defaults
[0.486s] Level 1:colcon.colcon_core.package_discovery:discover_packages(ignore) discover
[0.486s] Level 1:colcon.colcon_core.package_discovery:discover_packages(ignore) using defaults
[0.486s] Level 1:colcon.colcon_core.package_discovery:discover_packages(path) discover
[0.486s] Level 1:colcon.colcon_core.package_discovery:discover_packages(path) using defaults
[0.531s] Level 1:colcon.colcon_core.package_discovery:discover_packages(prefix_path) check parameters
[0.531s] Level 1:colcon.colcon_core.package_discovery:discover_packages(prefix_path) discover
[0.534s] DEBUG:colcon.colcon_installed_package_information.package_discovery:Found 4 installed packages in /home/developer/ros2_ws/install
[0.535s] DEBUG:colcon.colcon_installed_package_information.package_discovery:Found 4 installed packages in /home/developer/turtlebot3_ws/install
[0.538s] DEBUG:colcon.colcon_installed_package_information.package_discovery:Found 428 installed packages in /opt/ros/humble
[0.541s] Level 1:colcon.colcon_core.package_discovery:discover_packages(prefix_path) using defaults
[0.635s] Level 5:colcon.colcon_core.verb:set package 'golf_cart_description' build argument 'cmake_args' from command line to 'None'
[0.636s] Level 5:colcon.colcon_core.verb:set package 'golf_cart_description' build argument 'cmake_target' from command line to 'None'
[0.636s] Level 5:colcon.colcon_core.verb:set package 'golf_cart_description' build argument 'cmake_target_skip_unavailable' from command line to 'False'
[0.636s] Level 5:colcon.colcon_core.verb:set package 'golf_cart_description' build argument 'cmake_clean_cache' from command line to 'False'
[0.636s] Level 5:colcon.colcon_core.verb:set package 'golf_cart_description' build argument 'cmake_clean_first' from command line to 'False'
[0.636s] Level 5:colcon.colcon_core.verb:set package 'golf_cart_description' build argument 'cmake_force_configure' from command line to 'False'
[0.636s] Level 5:colcon.colcon_core.verb:set package 'golf_cart_description' build argument 'ament_cmake_args' from command line to 'None'
[0.636s] Level 5:colcon.colcon_core.verb:set package 'golf_cart_description' build argument 'catkin_cmake_args' from command line to 'None'
[0.636s] Level 5:colcon.colcon_core.verb:set package 'golf_cart_description' build argument 'catkin_skip_building_tests' from command line to 'False'
[0.636s] DEBUG:colcon.colcon_core.verb:Building package 'golf_cart_description' with the following arguments: {'ament_cmake_args': None, 'build_base': '/home/developer/ros2_ws/build/golf_cart_description', 'catkin_cmake_args': None, 'catkin_skip_building_tests': False, 'cmake_args': None, 'cmake_clean_cache': False, 'cmake_clean_first': False, 'cmake_force_configure': False, 'cmake_target': None, 'cmake_target_skip_unavailable': False, 'install_base': '/home/developer/ros2_ws/install/golf_cart_description', 'merge_install': False, 'path': '/home/developer/ros2_ws/src/golf_cart_description', 'symlink_install': False, 'test_result_base': None}
[0.637s] Level 5:colcon.colcon_core.verb:set package 'realsense2_camera_msgs' build argument 'cmake_args' from command line to 'None'
[0.637s] Level 5:colcon.colcon_core.verb:set package 'realsense2_camera_msgs' build argument 'cmake_target' from command line to 'None'
[0.637s] Level 5:colcon.colcon_core.verb:set package 'realsense2_camera_msgs' build argument 'cmake_target_skip_unavailable' from command line to 'False'
[0.637s] Level 5:colcon.colcon_core.verb:set package 'realsense2_camera_msgs' build argument 'cmake_clean_cache' from command line to 'False'
[0.637s] Level 5:colcon.colcon_core.verb:set package 'realsense2_camera_msgs' build argument 'cmake_clean_first' from command line to 'False'
[0.637s] Level 5:colcon.colcon_core.verb:set package 'realsense2_camera_msgs' build argument 'cmake_force_configure' from command line to 'False'
[0.637s] Level 5:colcon.colcon_core.verb:set package 'realsense2_camera_msgs' build argument 'ament_cmake_args' from command line to 'None'
[0.637s] Level 5:colcon.colcon_core.verb:set package 'realsense2_camera_msgs' build argument 'catkin_cmake_args' from command line to 'None'
[0.637s] Level 5:colcon.colcon_core.verb:set package 'realsense2_camera_msgs' build argument 'catkin_skip_building_tests' from command line to 'False'
[0.637s] DEBUG:colcon.colcon_core.verb:Building package 'realsense2_camera_msgs' with the following arguments: {'ament_cmake_args': None, 'build_base': '/home/developer/ros2_ws/build/realsense2_camera_msgs', 'catkin_cmake_args': None, 'catkin_skip_building_tests': False, 'cmake_args': None, 'cmake_clean_cache': False, 'cmake_clean_first': False, 'cmake_force_configure': False, 'cmake_target': None, 'cmake_target_skip_unavailable': False, 'install_base': '/home/developer/ros2_ws/install/realsense2_camera_msgs', 'merge_install': False, 'path': '/home/developer/ros2_ws/src/realsense-ros/realsense2_camera_msgs', 'symlink_install': False, 'test_result_base': None}
[0.637s] Level 5:colcon.colcon_core.verb:set package 'realsense2_camera' build argument 'cmake_args' from command line to 'None'
[0.638s] Level 5:colcon.colcon_core.verb:set package 'realsense2_camera' build argument 'cmake_target' from command line to 'None'
[0.638s] Level 5:colcon.colcon_core.verb:set package 'realsense2_camera' build argument 'cmake_target_skip_unavailable' from command line to 'False'
[0.638s] Level 5:colcon.colcon_core.verb:set package 'realsense2_camera' build argument 'cmake_clean_cache' from command line to 'False'
[0.638s] Level 5:colcon.colcon_core.verb:set package 'realsense2_camera' build argument 'cmake_clean_first' from command line to 'False'
[0.638s] Level 5:colcon.colcon_core.verb:set package 'realsense2_camera' build argument 'cmake_force_configure' from command line to 'False'
[0.638s] Level 5:colcon.colcon_core.verb:set package 'realsense2_camera' build argument 'ament_cmake_args' from command line to 'None'
[0.638s] Level 5:colcon.colcon_core.verb:set package 'realsense2_camera' build argument 'catkin_cmake_args' from command line to 'None'
[0.638s] Level 5:colcon.colcon_core.verb:set package 'realsense2_camera' build argument 'catkin_skip_building_tests' from command line to 'False'
[0.638s] DEBUG:colcon.colcon_core.verb:Building package 'realsense2_camera' with the following arguments: {'ament_cmake_args': None, 'build_base': '/home/developer/ros2_ws/build/realsense2_camera', 'catkin_cmake_args': None, 'catkin_skip_building_tests': False, 'cmake_args': None, 'cmake_clean_cache': False, 'cmake_clean_first': False, 'cmake_force_configure': False, 'cmake_target': None, 'cmake_target_skip_unavailable': False, 'install_base': '/home/developer/ros2_ws/install/realsense2_camera', 'merge_install': False, 'path': '/home/developer/ros2_ws/src/realsense-ros/realsense2_camera', 'symlink_install': False, 'test_result_base': None}
[0.638s] Level 5:colcon.colcon_core.verb:set package 'realsense2_description' build argument 'cmake_args' from command line to 'None'
[0.638s] Level 5:colcon.colcon_core.verb:set package 'realsense2_description' build argument 'cmake_target' from command line to 'None'
[0.638s] Level 5:colcon.colcon_core.verb:set package 'realsense2_description' build argument 'cmake_target_skip_unavailable' from command line to 'False'
[0.639s] Level 5:colcon.colcon_core.verb:set package 'realsense2_description' build argument 'cmake_clean_cache' from command line to 'False'
[0.639s] Level 5:colcon.colcon_core.verb:set package 'realsense2_description' build argument 'cmake_clean_first' from command line to 'False'
[0.639s] Level 5:colcon.colcon_core.verb:set package 'realsense2_description' build argument 'cmake_force_configure' from command line to 'False'
[0.639s] Level 5:colcon.colcon_core.verb:set package 'realsense2_description' build argument 'ament_cmake_args' from command line to 'None'
[0.639s] Level 5:colcon.colcon_core.verb:set package 'realsense2_description' build argument 'catkin_cmake_args' from command line to 'None'
[0.639s] Level 5:colcon.colcon_core.verb:set package 'realsense2_description' build argument 'catkin_skip_building_tests' from command line to 'False'
[0.639s] DEBUG:colcon.colcon_core.verb:Building package 'realsense2_description' with the following arguments: {'ament_cmake_args': None, 'build_base': '/home/developer/ros2_ws/build/realsense2_description', 'catkin_cmake_args': None, 'catkin_skip_building_tests': False, 'cmake_args': None, 'cmake_clean_cache': False, 'cmake_clean_first': False, 'cmake_force_configure': False, 'cmake_target': None, 'cmake_target_skip_unavailable': False, 'install_base': '/home/developer/ros2_ws/install/realsense2_description', 'merge_install': False, 'path': '/home/developer/ros2_ws/src/realsense-ros/realsense2_description', 'symlink_install': False, 'test_result_base': None}
[0.639s] INFO:colcon.colcon_core.executor:Executing jobs using 'parallel' executor
[0.640s] DEBUG:colcon.colcon_parallel_executor.executor.parallel:run_until_complete
[0.641s] INFO:colcon.colcon_ros.task.ament_cmake.build:Building ROS package in '/home/developer/ros2_ws/src/realsense-ros/realsense2_camera_msgs' with build type 'ament_cmake'
[0.641s] INFO:colcon.colcon_cmake.task.cmake.build:Building CMake package in '/home/developer/ros2_ws/src/realsense-ros/realsense2_camera_msgs'
[0.644s] INFO:colcon.colcon_core.plugin_system:Skipping extension 'colcon_core.shell.bat': Not used on non-Windows systems
[0.644s] INFO:colcon.colcon_core.shell:Skip shell extension 'powershell' for command environment: Not usable outside of PowerShell
[0.645s] DEBUG:colcon.colcon_core.shell:Skip shell extension 'dsv' for command environment
[0.651s] INFO:colcon.colcon_ros.task.ament_cmake.build:Building ROS package in '/home/developer/ros2_ws/src/golf_cart_description' with build type 'ament_cmake'
[0.652s] INFO:colcon.colcon_cmake.task.cmake.build:Building CMake package in '/home/developer/ros2_ws/src/golf_cart_description'
[0.653s] INFO:colcon.colcon_core.shell:Skip shell extension 'powershell' for command environment: Not usable outside of PowerShell
[0.653s] DEBUG:colcon.colcon_core.shell:Skip shell extension 'dsv' for command environment
[0.666s] DEBUG:colcon.colcon_core.event_handler.log_command:Invoking command in '/home/developer/ros2_ws/build/realsense2_camera_msgs': CMAKE_PREFIX_PATH=${CMAKE_PREFIX_PATH}:/opt/ros/humble /usr/bin/cmake --build /home/developer/ros2_ws/build/realsense2_camera_msgs -- -j4 -l4
[0.675s] DEBUG:colcon.colcon_core.event_handler.log_command:Invoking command in '/home/developer/ros2_ws/build/golf_cart_description': CMAKE_PREFIX_PATH=${CMAKE_PREFIX_PATH}:/opt/ros/humble /usr/bin/cmake --build /home/developer/ros2_ws/build/golf_cart_description -- -j4 -l4
[0.728s] DEBUG:colcon.colcon_core.event_handler.log_command:Invoked command in '/home/developer/ros2_ws/build/golf_cart_description' returned '0': CMAKE_PREFIX_PATH=${CMAKE_PREFIX_PATH}:/opt/ros/humble /usr/bin/cmake --build /home/developer/ros2_ws/build/golf_cart_description -- -j4 -l4
[0.743s] DEBUG:colcon.colcon_core.event_handler.log_command:Invoking command in '/home/developer/ros2_ws/build/golf_cart_description': CMAKE_PREFIX_PATH=${CMAKE_PREFIX_PATH}:/opt/ros/humble /usr/bin/cmake --install /home/developer/ros2_ws/build/golf_cart_description
[0.784s] Level 1:colcon.colcon_core.environment:create_environment_scripts_only(golf_cart_description)
[0.785s] DEBUG:colcon.colcon_core.event_handler.log_command:Invoked command in '/home/developer/ros2_ws/build/golf_cart_description' returned '0': CMAKE_PREFIX_PATH=${CMAKE_PREFIX_PATH}:/opt/ros/humble /usr/bin/cmake --install /home/developer/ros2_ws/build/golf_cart_description
[0.788s] Level 1:colcon.colcon_core.environment:checking '/home/developer/ros2_ws/install/golf_cart_description' for CMake module files
[0.789s] Level 1:colcon.colcon_core.environment:checking '/home/developer/ros2_ws/install/golf_cart_description' for CMake config files
[0.790s] Level 1:colcon.colcon_core.shell:create_environment_hook('golf_cart_description', 'cmake_prefix_path')
[0.790s] INFO:colcon.colcon_core.shell:Creating environment hook '/home/developer/ros2_ws/install/golf_cart_description/share/golf_cart_description/hook/cmake_prefix_path.ps1'
[0.791s] INFO:colcon.colcon_core.shell:Creating environment descriptor '/home/developer/ros2_ws/install/golf_cart_description/share/golf_cart_description/hook/cmake_prefix_path.dsv'
[0.792s] INFO:colcon.colcon_core.shell:Creating environment hook '/home/developer/ros2_ws/install/golf_cart_description/share/golf_cart_description/hook/cmake_prefix_path.sh'
[0.794s] Level 1:colcon.colcon_core.environment:checking '/home/developer/ros2_ws/install/golf_cart_description/bin'
[0.794s] Level 1:colcon.colcon_core.environment:checking '/home/developer/ros2_ws/install/golf_cart_description/lib/pkgconfig/golf_cart_description.pc'
[0.794s] Level 1:colcon.colcon_core.environment:checking '/home/developer/ros2_ws/install/golf_cart_description/lib/python3.10/site-packages'
[0.795s] Level 1:colcon.colcon_core.environment:checking '/home/developer/ros2_ws/install/golf_cart_description/bin'
[0.795s] INFO:colcon.colcon_core.shell:Creating package script '/home/developer/ros2_ws/install/golf_cart_description/share/golf_cart_description/package.ps1'
[0.797s] INFO:colcon.colcon_core.shell:Creating package descriptor '/home/developer/ros2_ws/install/golf_cart_description/share/golf_cart_description/package.dsv'
[0.798s] INFO:colcon.colcon_core.shell:Creating package script '/home/developer/ros2_ws/install/golf_cart_description/share/golf_cart_description/package.sh'
[0.799s] INFO:colcon.colcon_core.shell:Creating package script '/home/developer/ros2_ws/install/golf_cart_description/share/golf_cart_description/package.bash'
[0.801s] INFO:colcon.colcon_core.shell:Creating package script '/home/developer/ros2_ws/install/golf_cart_description/share/golf_cart_description/package.zsh'
[0.802s] Level 1:colcon.colcon_core.environment:create_file_with_runtime_dependencies(/home/developer/ros2_ws/install/golf_cart_description/share/colcon-core/packages/golf_cart_description)
[0.803s] Level 1:colcon.colcon_core.environment:create_environment_scripts_only(golf_cart_description)
[0.803s] Level 1:colcon.colcon_core.environment:checking '/home/developer/ros2_ws/install/golf_cart_description' for CMake module files
[0.804s] Level 1:colcon.colcon_core.environment:checking '/home/developer/ros2_ws/install/golf_cart_description' for CMake config files
[0.804s] Level 1:colcon.colcon_core.shell:create_environment_hook('golf_cart_description', 'cmake_prefix_path')
[0.805s] INFO:colcon.colcon_core.shell:Creating environment hook '/home/developer/ros2_ws/install/golf_cart_description/share/golf_cart_description/hook/cmake_prefix_path.ps1'
[0.805s] INFO:colcon.colcon_core.shell:Creating environment descriptor '/home/developer/ros2_ws/install/golf_cart_description/share/golf_cart_description/hook/cmake_prefix_path.dsv'
[0.806s] INFO:colcon.colcon_core.shell:Creating environment hook '/home/developer/ros2_ws/install/golf_cart_description/share/golf_cart_description/hook/cmake_prefix_path.sh'
[0.807s] Level 1:colcon.colcon_core.environment:checking '/home/developer/ros2_ws/install/golf_cart_description/bin'
[0.807s] Level 1:colcon.colcon_core.environment:checking '/home/developer/ros2_ws/install/golf_cart_description/lib/pkgconfig/golf_cart_description.pc'
[0.807s] Level 1:colcon.colcon_core.environment:checking '/home/developer/ros2_ws/install/golf_cart_description/lib/python3.10/site-packages'
[0.808s] Level 1:colcon.colcon_core.environment:checking '/home/developer/ros2_ws/install/golf_cart_description/bin'
[0.808s] INFO:colcon.colcon_core.shell:Creating package script '/home/developer/ros2_ws/install/golf_cart_description/share/golf_cart_description/package.ps1'
[0.810s] INFO:colcon.colcon_core.shell:Creating package descriptor '/home/developer/ros2_ws/install/golf_cart_description/share/golf_cart_description/package.dsv'
[0.811s] INFO:colcon.colcon_core.shell:Creating package script '/home/developer/ros2_ws/install/golf_cart_description/share/golf_cart_description/package.sh'
[0.811s] INFO:colcon.colcon_core.shell:Creating package script '/home/developer/ros2_ws/install/golf_cart_description/share/golf_cart_description/package.bash'
[0.812s] INFO:colcon.colcon_core.shell:Creating package script '/home/developer/ros2_ws/install/golf_cart_description/share/golf_cart_description/package.zsh'
[0.813s] Level 1:colcon.colcon_core.environment:create_file_with_runtime_dependencies(/home/developer/ros2_ws/install/golf_cart_description/share/colcon-core/packages/golf_cart_description)
[1.711s] DEBUG:colcon.colcon_core.event_handler.log_command:Invoked command in '/home/developer/ros2_ws/build/realsense2_camera_msgs' returned '0': CMAKE_PREFIX_PATH=${CMAKE_PREFIX_PATH}:/opt/ros/humble /usr/bin/cmake --build /home/developer/ros2_ws/build/realsense2_camera_msgs -- -j4 -l4
[1.714s] DEBUG:colcon.colcon_core.event_handler.log_command:Invoking command in '/home/developer/ros2_ws/build/realsense2_camera_msgs': CMAKE_PREFIX_PATH=${CMAKE_PREFIX_PATH}:/opt/ros/humble /usr/bin/cmake --install /home/developer/ros2_ws/build/realsense2_camera_msgs
[1.809s] Level 1:colcon.colcon_core.environment:create_environment_scripts_only(realsense2_camera_msgs)
[1.809s] Level 1:colcon.colcon_core.environment:checking '/home/developer/ros2_ws/install/realsense2_camera_msgs' for CMake module files
[1.810s] DEBUG:colcon.colcon_core.event_handler.log_command:Invoked command in '/home/developer/ros2_ws/build/realsense2_camera_msgs' returned '0': CMAKE_PREFIX_PATH=${CMAKE_PREFIX_PATH}:/opt/ros/humble /usr/bin/cmake --install /home/developer/ros2_ws/build/realsense2_camera_msgs
[1.811s] Level 1:colcon.colcon_core.environment:checking '/home/developer/ros2_ws/install/realsense2_camera_msgs' for CMake config files
[1.812s] Level 1:colcon.colcon_core.shell:create_environment_hook('realsense2_camera_msgs', 'cmake_prefix_path')
[1.813s] INFO:colcon.colcon_core.shell:Creating environment hook '/home/developer/ros2_ws/install/realsense2_camera_msgs/share/realsense2_camera_msgs/hook/cmake_prefix_path.ps1'
[1.813s] INFO:colcon.colcon_core.shell:Creating environment descriptor '/home/developer/ros2_ws/install/realsense2_camera_msgs/share/realsense2_camera_msgs/hook/cmake_prefix_path.dsv'
[1.814s] INFO:colcon.colcon_core.shell:Creating environment hook '/home/developer/ros2_ws/install/realsense2_camera_msgs/share/realsense2_camera_msgs/hook/cmake_prefix_path.sh'
[1.815s] Level 1:colcon.colcon_core.environment:checking '/home/developer/ros2_ws/install/realsense2_camera_msgs/lib'
[1.815s] Level 1:colcon.colcon_core.shell:create_environment_hook('realsense2_camera_msgs', 'ld_library_path_lib')
[1.815s] INFO:colcon.colcon_core.shell:Creating environment hook '/home/developer/ros2_ws/install/realsense2_camera_msgs/share/realsense2_camera_msgs/hook/ld_library_path_lib.ps1'
[1.816s] INFO:colcon.colcon_core.shell:Creating environment descriptor '/home/developer/ros2_ws/install/realsense2_camera_msgs/share/realsense2_camera_msgs/hook/ld_library_path_lib.dsv'
[1.817s] INFO:colcon.colcon_core.shell:Creating environment hook '/home/developer/ros2_ws/install/realsense2_camera_msgs/share/realsense2_camera_msgs/hook/ld_library_path_lib.sh'
[1.817s] Level 1:colcon.colcon_core.environment:checking '/home/developer/ros2_ws/install/realsense2_camera_msgs/bin'
[1.817s] Level 1:colcon.colcon_core.environment:checking '/home/developer/ros2_ws/install/realsense2_camera_msgs/lib/pkgconfig/realsense2_camera_msgs.pc'
[1.818s] Level 1:colcon.colcon_core.environment:checking '/home/developer/ros2_ws/install/realsense2_camera_msgs/lib/python3.10/site-packages'
[1.818s] Level 1:colcon.colcon_core.environment:checking '/home/developer/ros2_ws/install/realsense2_camera_msgs/bin'
[1.819s] INFO:colcon.colcon_core.shell:Creating package script '/home/developer/ros2_ws/install/realsense2_camera_msgs/share/realsense2_camera_msgs/package.ps1'
[1.820s] INFO:colcon.colcon_core.shell:Creating package descriptor '/home/developer/ros2_ws/install/realsense2_camera_msgs/share/realsense2_camera_msgs/package.dsv'
[1.820s] INFO:colcon.colcon_core.shell:Creating package script '/home/developer/ros2_ws/install/realsense2_camera_msgs/share/realsense2_camera_msgs/package.sh'
[1.821s] INFO:colcon.colcon_core.shell:Creating package script '/home/developer/ros2_ws/install/realsense2_camera_msgs/share/realsense2_camera_msgs/package.bash'
[1.822s] INFO:colcon.colcon_core.shell:Creating package script '/home/developer/ros2_ws/install/realsense2_camera_msgs/share/realsense2_camera_msgs/package.zsh'
[1.822s] Level 1:colcon.colcon_core.environment:create_file_with_runtime_dependencies(/home/developer/ros2_ws/install/realsense2_camera_msgs/share/colcon-core/packages/realsense2_camera_msgs)
[1.823s] Level 1:colcon.colcon_core.environment:create_environment_scripts_only(realsense2_camera_msgs)
[1.823s] Level 1:colcon.colcon_core.environment:checking '/home/developer/ros2_ws/install/realsense2_camera_msgs' for CMake module files
[1.824s] Level 1:colcon.colcon_core.environment:checking '/home/developer/ros2_ws/install/realsense2_camera_msgs' for CMake config files
[1.825s] Level 1:colcon.colcon_core.shell:create_environment_hook('realsense2_camera_msgs', 'cmake_prefix_path')
[1.826s] INFO:colcon.colcon_core.shell:Creating environment hook '/home/developer/ros2_ws/install/realsense2_camera_msgs/share/realsense2_camera_msgs/hook/cmake_prefix_path.ps1'
[1.827s] INFO:colcon.colcon_core.shell:Creating environment descriptor '/home/developer/ros2_ws/install/realsense2_camera_msgs/share/realsense2_camera_msgs/hook/cmake_prefix_path.dsv'
[1.827s] INFO:colcon.colcon_core.shell:Creating environment hook '/home/developer/ros2_ws/install/realsense2_camera_msgs/share/realsense2_camera_msgs/hook/cmake_prefix_path.sh'
[1.828s] Level 1:colcon.colcon_core.environment:checking '/home/developer/ros2_ws/install/realsense2_camera_msgs/lib'
[1.828s] Level 1:colcon.colcon_core.shell:create_environment_hook('realsense2_camera_msgs', 'ld_library_path_lib')
[1.828s] INFO:colcon.colcon_core.shell:Creating environment hook '/home/developer/ros2_ws/install/realsense2_camera_msgs/share/realsense2_camera_msgs/hook/ld_library_path_lib.ps1'
[1.829s] INFO:colcon.colcon_core.shell:Creating environment descriptor '/home/developer/ros2_ws/install/realsense2_camera_msgs/share/realsense2_camera_msgs/hook/ld_library_path_lib.dsv'
[1.829s] INFO:colcon.colcon_core.shell:Creating environment hook '/home/developer/ros2_ws/install/realsense2_camera_msgs/share/realsense2_camera_msgs/hook/ld_library_path_lib.sh'
[1.830s] Level 1:colcon.colcon_core.environment:checking '/home/developer/ros2_ws/install/realsense2_camera_msgs/bin'
[1.830s] Level 1:colcon.colcon_core.environment:checking '/home/developer/ros2_ws/install/realsense2_camera_msgs/lib/pkgconfig/realsense2_camera_msgs.pc'
[1.830s] Level 1:colcon.colcon_core.environment:checking '/home/developer/ros2_ws/install/realsense2_camera_msgs/lib/python3.10/site-packages'
[1.831s] Level 1:colcon.colcon_core.environment:checking '/home/developer/ros2_ws/install/realsense2_camera_msgs/bin'
[1.831s] INFO:colcon.colcon_core.shell:Creating package script '/home/developer/ros2_ws/install/realsense2_camera_msgs/share/realsense2_camera_msgs/package.ps1'
[1.832s] INFO:colcon.colcon_core.shell:Creating package descriptor '/home/developer/ros2_ws/install/realsense2_camera_msgs/share/realsense2_camera_msgs/package.dsv'
[1.833s] INFO:colcon.colcon_core.shell:Creating package script '/home/developer/ros2_ws/install/realsense2_camera_msgs/share/realsense2_camera_msgs/package.sh'
[1.834s] INFO:colcon.colcon_core.shell:Creating package script '/home/developer/ros2_ws/install/realsense2_camera_msgs/share/realsense2_camera_msgs/package.bash'
[1.834s] INFO:colcon.colcon_core.shell:Creating package script '/home/developer/ros2_ws/install/realsense2_camera_msgs/share/realsense2_camera_msgs/package.zsh'
[1.835s] Level 1:colcon.colcon_core.environment:create_file_with_runtime_dependencies(/home/developer/ros2_ws/install/realsense2_camera_msgs/share/colcon-core/packages/realsense2_camera_msgs)
[1.836s] INFO:colcon.colcon_ros.task.ament_cmake.build:Building ROS package in '/home/developer/ros2_ws/src/realsense-ros/realsense2_camera' with build type 'ament_cmake'
[1.836s] INFO:colcon.colcon_cmake.task.cmake.build:Building CMake package in '/home/developer/ros2_ws/src/realsense-ros/realsense2_camera'
[1.836s] INFO:colcon.colcon_core.shell:Skip shell extension 'powershell' for command environment: Not usable outside of PowerShell
[1.836s] DEBUG:colcon.colcon_core.shell:Skip shell extension 'dsv' for command environment
[1.844s] INFO:colcon.colcon_ros.task.ament_cmake.build:Building ROS package in '/home/developer/ros2_ws/src/realsense-ros/realsense2_description' with build type 'ament_cmake'
[1.844s] INFO:colcon.colcon_cmake.task.cmake.build:Building CMake package in '/home/developer/ros2_ws/src/realsense-ros/realsense2_description'
[1.844s] INFO:colcon.colcon_core.shell:Skip shell extension 'powershell' for command environment: Not usable outside of PowerShell
[1.844s] DEBUG:colcon.colcon_core.shell:Skip shell extension 'dsv' for command environment
[1.861s] DEBUG:colcon.colcon_core.event_handler.log_command:Invoking command in '/home/developer/ros2_ws/build/realsense2_camera': CMAKE_PREFIX_PATH=/home/developer/ros2_ws/install/realsense2_camera_msgs:/home/developer/ros2_ws/install/realsense2_description:/home/developer/ros2_ws/install/realsense2_camera:/home/developer/ros2_ws/install/golf_cart_description:/home/developer/turtlebot3_ws/install/turtlebot3_simulations:/home/developer/turtlebot3_ws/install/turtlebot3_manipulation_gazebo:/home/developer/turtlebot3_ws/install/turtlebot3_gazebo:/home/developer/turtlebot3_ws/install/turtlebot3_fake_node:/opt/ros/humble LD_LIBRARY_PATH=/home/developer/ros2_ws/install/realsense2_camera_msgs/lib:/home/developer/ros2_ws/install/realsense2_camera/lib:/usr/lib/x86_64-linux-gnu/gazebo-11/plugins:/opt/ros/humble/opt/rviz_ogre_vendor/lib:/opt/ros/humble/lib/x86_64-linux-gnu:/opt/ros/humble/lib /usr/bin/cmake --build /home/developer/ros2_ws/build/realsense2_camera -- -j4 -l4
[1.865s] DEBUG:colcon.colcon_core.event_handler.log_command:Invoking command in '/home/developer/ros2_ws/build/realsense2_description': CMAKE_PREFIX_PATH=/home/developer/ros2_ws/install/realsense2_camera_msgs:/home/developer/ros2_ws/install/realsense2_description:/home/developer/ros2_ws/install/realsense2_camera:/home/developer/ros2_ws/install/golf_cart_description:/home/developer/turtlebot3_ws/install/turtlebot3_simulations:/home/developer/turtlebot3_ws/install/turtlebot3_manipulation_gazebo:/home/developer/turtlebot3_ws/install/turtlebot3_gazebo:/home/developer/turtlebot3_ws/install/turtlebot3_fake_node:/opt/ros/humble LD_LIBRARY_PATH=/home/developer/ros2_ws/install/realsense2_camera_msgs/lib:/home/developer/ros2_ws/install/realsense2_camera/lib:/usr/lib/x86_64-linux-gnu/gazebo-11/plugins:/opt/ros/humble/opt/rviz_ogre_vendor/lib:/opt/ros/humble/lib/x86_64-linux-gnu:/opt/ros/humble/lib /usr/bin/cmake --build /home/developer/ros2_ws/build/realsense2_description -- -j4 -l4
[1.921s] DEBUG:colcon.colcon_core.event_handler.log_command:Invoked command in '/home/developer/ros2_ws/build/realsense2_description' returned '0': CMAKE_PREFIX_PATH=/home/developer/ros2_ws/install/realsense2_camera_msgs:/home/developer/ros2_ws/install/realsense2_description:/home/developer/ros2_ws/install/realsense2_camera:/home/developer/ros2_ws/install/golf_cart_description:/home/developer/turtlebot3_ws/install/turtlebot3_simulations:/home/developer/turtlebot3_ws/install/turtlebot3_manipulation_gazebo:/home/developer/turtlebot3_ws/install/turtlebot3_gazebo:/home/developer/turtlebot3_ws/install/turtlebot3_fake_node:/opt/ros/humble LD_LIBRARY_PATH=/home/developer/ros2_ws/install/realsense2_camera_msgs/lib:/home/developer/ros2_ws/install/realsense2_camera/lib:/usr/lib/x86_64-linux-gnu/gazebo-11/plugins:/opt/ros/humble/opt/rviz_ogre_vendor/lib:/opt/ros/humble/lib/x86_64-linux-gnu:/opt/ros/humble/lib /usr/bin/cmake --build /home/developer/ros2_ws/build/realsense2_description -- -j4 -l4
[1.924s] DEBUG:colcon.colcon_core.event_handler.log_command:Invoking command in '/home/developer/ros2_ws/build/realsense2_description': CMAKE_PREFIX_PATH=/home/developer/ros2_ws/install/realsense2_camera_msgs:/home/developer/ros2_ws/install/realsense2_description:/home/developer/ros2_ws/install/realsense2_camera:/home/developer/ros2_ws/install/golf_cart_description:/home/developer/turtlebot3_ws/install/turtlebot3_simulations:/home/developer/turtlebot3_ws/install/turtlebot3_manipulation_gazebo:/home/developer/turtlebot3_ws/install/turtlebot3_gazebo:/home/developer/turtlebot3_ws/install/turtlebot3_fake_node:/opt/ros/humble LD_LIBRARY_PATH=/home/developer/ros2_ws/install/realsense2_camera_msgs/lib:/home/developer/ros2_ws/install/realsense2_camera/lib:/usr/lib/x86_64-linux-gnu/gazebo-11/plugins:/opt/ros/humble/opt/rviz_ogre_vendor/lib:/opt/ros/humble/lib/x86_64-linux-gnu:/opt/ros/humble/lib /usr/bin/cmake --install /home/developer/ros2_ws/build/realsense2_description
[1.941s] Level 1:colcon.colcon_core.environment:create_environment_scripts_only(realsense2_description)
[1.941s] Level 1:colcon.colcon_core.environment:checking '/home/developer/ros2_ws/install/realsense2_description' for CMake module files
[1.943s] Level 1:colcon.colcon_core.environment:checking '/home/developer/ros2_ws/install/realsense2_description' for CMake config files
[1.945s] DEBUG:colcon.colcon_core.event_handler.log_command:Invoked command in '/home/developer/ros2_ws/build/realsense2_description' returned '0': CMAKE_PREFIX_PATH=/home/developer/ros2_ws/install/realsense2_camera_msgs:/home/developer/ros2_ws/install/realsense2_description:/home/developer/ros2_ws/install/realsense2_camera:/home/developer/ros2_ws/install/golf_cart_description:/home/developer/turtlebot3_ws/install/turtlebot3_simulations:/home/developer/turtlebot3_ws/install/turtlebot3_manipulation_gazebo:/home/developer/turtlebot3_ws/install/turtlebot3_gazebo:/home/developer/turtlebot3_ws/install/turtlebot3_fake_node:/opt/ros/humble LD_LIBRARY_PATH=/home/developer/ros2_ws/install/realsense2_camera_msgs/lib:/home/developer/ros2_ws/install/realsense2_camera/lib:/usr/lib/x86_64-linux-gnu/gazebo-11/plugins:/opt/ros/humble/opt/rviz_ogre_vendor/lib:/opt/ros/humble/lib/x86_64-linux-gnu:/opt/ros/humble/lib /usr/bin/cmake --install /home/developer/ros2_ws/build/realsense2_description
[1.946s] Level 1:colcon.colcon_core.shell:create_environment_hook('realsense2_description', 'cmake_prefix_path')
[1.946s] INFO:colcon.colcon_core.shell:Creating environment hook '/home/developer/ros2_ws/install/realsense2_description/share/realsense2_description/hook/cmake_prefix_path.ps1'
[1.947s] INFO:colcon.colcon_core.shell:Creating environment descriptor '/home/developer/ros2_ws/install/realsense2_description/share/realsense2_description/hook/cmake_prefix_path.dsv'
[1.947s] INFO:colcon.colcon_core.shell:Creating environment hook '/home/developer/ros2_ws/install/realsense2_description/share/realsense2_description/hook/cmake_prefix_path.sh'
[1.948s] Level 1:colcon.colcon_core.environment:checking '/home/developer/ros2_ws/install/realsense2_description/bin'
[1.948s] Level 1:colcon.colcon_core.environment:checking '/home/developer/ros2_ws/install/realsense2_description/lib/pkgconfig/realsense2_description.pc'
[1.949s] Level 1:colcon.colcon_core.environment:checking '/home/developer/ros2_ws/install/realsense2_description/lib/python3.10/site-packages'
[1.949s] Level 1:colcon.colcon_core.environment:checking '/home/developer/ros2_ws/install/realsense2_description/bin'
[1.950s] INFO:colcon.colcon_core.shell:Creating package script '/home/developer/ros2_ws/install/realsense2_description/share/realsense2_description/package.ps1'
[1.951s] INFO:colcon.colcon_core.shell:Creating package descriptor '/home/developer/ros2_ws/install/realsense2_description/share/realsense2_description/package.dsv'
[1.951s] INFO:colcon.colcon_core.shell:Creating package script '/home/developer/ros2_ws/install/realsense2_description/share/realsense2_description/package.sh'
[1.952s] INFO:colcon.colcon_core.shell:Creating package script '/home/developer/ros2_ws/install/realsense2_description/share/realsense2_description/package.bash'
[1.953s] INFO:colcon.colcon_core.shell:Creating package script '/home/developer/ros2_ws/install/realsense2_description/share/realsense2_description/package.zsh'
[1.953s] Level 1:colcon.colcon_core.environment:create_file_with_runtime_dependencies(/home/developer/ros2_ws/install/realsense2_description/share/colcon-core/packages/realsense2_description)
[1.955s] Level 1:colcon.colcon_core.environment:create_environment_scripts_only(realsense2_description)
[1.955s] Level 1:colcon.colcon_core.environment:checking '/home/developer/ros2_ws/install/realsense2_description' for CMake module files
[1.956s] Level 1:colcon.colcon_core.environment:checking '/home/developer/ros2_ws/install/realsense2_description' for CMake config files
[1.956s] Level 1:colcon.colcon_core.shell:create_environment_hook('realsense2_description', 'cmake_prefix_path')
[1.957s] INFO:colcon.colcon_core.shell:Creating environment hook '/home/developer/ros2_ws/install/realsense2_description/share/realsense2_description/hook/cmake_prefix_path.ps1'
[1.958s] INFO:colcon.colcon_core.shell:Creating environment descriptor '/home/developer/ros2_ws/install/realsense2_description/share/realsense2_description/hook/cmake_prefix_path.dsv'
[1.958s] INFO:colcon.colcon_core.shell:Creating environment hook '/home/developer/ros2_ws/install/realsense2_description/share/realsense2_description/hook/cmake_prefix_path.sh'
[1.959s] Level 1:colcon.colcon_core.environment:checking '/home/developer/ros2_ws/install/realsense2_description/bin'
[1.959s] Level 1:colcon.colcon_core.environment:checking '/home/developer/ros2_ws/install/realsense2_description/lib/pkgconfig/realsense2_description.pc'
[1.960s] Level 1:colcon.colcon_core.environment:checking '/home/developer/ros2_ws/install/realsense2_description/lib/python3.10/site-packages'
[1.960s] Level 1:colcon.colcon_core.environment:checking '/home/developer/ros2_ws/install/realsense2_description/bin'
[1.961s] INFO:colcon.colcon_core.shell:Creating package script '/home/developer/ros2_ws/install/realsense2_description/share/realsense2_description/package.ps1'
[1.961s] INFO:colcon.colcon_core.shell:Creating package descriptor '/home/developer/ros2_ws/install/realsense2_description/share/realsense2_description/package.dsv'
[1.962s] INFO:colcon.colcon_core.shell:Creating package script '/home/developer/ros2_ws/install/realsense2_description/share/realsense2_description/package.sh'
[1.963s] INFO:colcon.colcon_core.shell:Creating package script '/home/developer/ros2_ws/install/realsense2_description/share/realsense2_description/package.bash'
[1.964s] INFO:colcon.colcon_core.shell:Creating package script '/home/developer/ros2_ws/install/realsense2_description/share/realsense2_description/package.zsh'
[1.964s] Level 1:colcon.colcon_core.environment:create_file_with_runtime_dependencies(/home/developer/ros2_ws/install/realsense2_description/share/colcon-core/packages/realsense2_description)
[2.135s] DEBUG:colcon.colcon_core.event_handler.log_command:Invoked command in '/home/developer/ros2_ws/build/realsense2_camera' returned '0': CMAKE_PREFIX_PATH=/home/developer/ros2_ws/install/realsense2_camera_msgs:/home/developer/ros2_ws/install/realsense2_description:/home/developer/ros2_ws/install/realsense2_camera:/home/developer/ros2_ws/install/golf_cart_description:/home/developer/turtlebot3_ws/install/turtlebot3_simulations:/home/developer/turtlebot3_ws/install/turtlebot3_manipulation_gazebo:/home/developer/turtlebot3_ws/install/turtlebot3_gazebo:/home/developer/turtlebot3_ws/install/turtlebot3_fake_node:/opt/ros/humble LD_LIBRARY_PATH=/home/developer/ros2_ws/install/realsense2_camera_msgs/lib:/home/developer/ros2_ws/install/realsense2_camera/lib:/usr/lib/x86_64-linux-gnu/gazebo-11/plugins:/opt/ros/humble/opt/rviz_ogre_vendor/lib:/opt/ros/humble/lib/x86_64-linux-gnu:/opt/ros/humble/lib /usr/bin/cmake --build /home/developer/ros2_ws/build/realsense2_camera -- -j4 -l4
[2.138s] DEBUG:colcon.colcon_core.event_handler.log_command:Invoking command in '/home/developer/ros2_ws/build/realsense2_camera': CMAKE_PREFIX_PATH=/home/developer/ros2_ws/install/realsense2_camera_msgs:/home/developer/ros2_ws/install/realsense2_description:/home/developer/ros2_ws/install/realsense2_camera:/home/developer/ros2_ws/install/golf_cart_description:/home/developer/turtlebot3_ws/install/turtlebot3_simulations:/home/developer/turtlebot3_ws/install/turtlebot3_manipulation_gazebo:/home/developer/turtlebot3_ws/install/turtlebot3_gazebo:/home/developer/turtlebot3_ws/install/turtlebot3_fake_node:/opt/ros/humble LD_LIBRARY_PATH=/home/developer/ros2_ws/install/realsense2_camera_msgs/lib:/home/developer/ros2_ws/install/realsense2_camera/lib:/usr/lib/x86_64-linux-gnu/gazebo-11/plugins:/opt/ros/humble/opt/rviz_ogre_vendor/lib:/opt/ros/humble/lib/x86_64-linux-gnu:/opt/ros/humble/lib /usr/bin/cmake --install /home/developer/ros2_ws/build/realsense2_camera
[2.156s] Level 1:colcon.colcon_core.environment:create_environment_scripts_only(realsense2_camera)
[2.157s] Level 1:colcon.colcon_core.environment:checking '/home/developer/ros2_ws/install/realsense2_camera' for CMake module files
[2.159s] DEBUG:colcon.colcon_core.event_handler.log_command:Invoked command in '/home/developer/ros2_ws/build/realsense2_camera' returned '0': CMAKE_PREFIX_PATH=/home/developer/ros2_ws/install/realsense2_camera_msgs:/home/developer/ros2_ws/install/realsense2_description:/home/developer/ros2_ws/install/realsense2_camera:/home/developer/ros2_ws/install/golf_cart_description:/home/developer/turtlebot3_ws/install/turtlebot3_simulations:/home/developer/turtlebot3_ws/install/turtlebot3_manipulation_gazebo:/home/developer/turtlebot3_ws/install/turtlebot3_gazebo:/home/developer/turtlebot3_ws/install/turtlebot3_fake_node:/opt/ros/humble LD_LIBRARY_PATH=/home/developer/ros2_ws/install/realsense2_camera_msgs/lib:/home/developer/ros2_ws/install/realsense2_camera/lib:/usr/lib/x86_64-linux-gnu/gazebo-11/plugins:/opt/ros/humble/opt/rviz_ogre_vendor/lib:/opt/ros/humble/lib/x86_64-linux-gnu:/opt/ros/humble/lib /usr/bin/cmake --install /home/developer/ros2_ws/build/realsense2_camera
[2.159s] Level 1:colcon.colcon_core.environment:checking '/home/developer/ros2_ws/install/realsense2_camera' for CMake config files
[2.160s] Level 1:colcon.colcon_core.shell:create_environment_hook('realsense2_camera', 'cmake_prefix_path')
[2.160s] INFO:colcon.colcon_core.shell:Creating environment hook '/home/developer/ros2_ws/install/realsense2_camera/share/realsense2_camera/hook/cmake_prefix_path.ps1'
[2.161s] INFO:colcon.colcon_core.shell:Creating environment descriptor '/home/developer/ros2_ws/install/realsense2_camera/share/realsense2_camera/hook/cmake_prefix_path.dsv'
[2.161s] INFO:colcon.colcon_core.shell:Creating environment hook '/home/developer/ros2_ws/install/realsense2_camera/share/realsense2_camera/hook/cmake_prefix_path.sh'
[2.162s] Level 1:colcon.colcon_core.environment:checking '/home/developer/ros2_ws/install/realsense2_camera/lib'
[2.163s] Level 1:colcon.colcon_core.shell:create_environment_hook('realsense2_camera', 'ld_library_path_lib')
[2.163s] INFO:colcon.colcon_core.shell:Creating environment hook '/home/developer/ros2_ws/install/realsense2_camera/share/realsense2_camera/hook/ld_library_path_lib.ps1'
[2.164s] INFO:colcon.colcon_core.shell:Creating environment descriptor '/home/developer/ros2_ws/install/realsense2_camera/share/realsense2_camera/hook/ld_library_path_lib.dsv'
[2.164s] INFO:colcon.colcon_core.shell:Creating environment hook '/home/developer/ros2_ws/install/realsense2_camera/share/realsense2_camera/hook/ld_library_path_lib.sh'
[2.165s] Level 1:colcon.colcon_core.environment:checking '/home/developer/ros2_ws/install/realsense2_camera/bin'
[2.165s] Level 1:colcon.colcon_core.environment:checking '/home/developer/ros2_ws/install/realsense2_camera/lib/pkgconfig/realsense2_camera.pc'
[2.165s] Level 1:colcon.colcon_core.environment:checking '/home/developer/ros2_ws/install/realsense2_camera/lib/python3.10/site-packages'
[2.166s] Level 1:colcon.colcon_core.environment:checking '/home/developer/ros2_ws/install/realsense2_camera/bin'
[2.166s] INFO:colcon.colcon_core.shell:Creating package script '/home/developer/ros2_ws/install/realsense2_camera/share/realsense2_camera/package.ps1'
[2.167s] INFO:colcon.colcon_core.shell:Creating package descriptor '/home/developer/ros2_ws/install/realsense2_camera/share/realsense2_camera/package.dsv'
[2.168s] INFO:colcon.colcon_core.shell:Creating package script '/home/developer/ros2_ws/install/realsense2_camera/share/realsense2_camera/package.sh'
[2.168s] INFO:colcon.colcon_core.shell:Creating package script '/home/developer/ros2_ws/install/realsense2_camera/share/realsense2_camera/package.bash'
[2.170s] INFO:colcon.colcon_core.shell:Creating package script '/home/developer/ros2_ws/install/realsense2_camera/share/realsense2_camera/package.zsh'
[2.171s] Level 1:colcon.colcon_core.environment:create_file_with_runtime_dependencies(/home/developer/ros2_ws/install/realsense2_camera/share/colcon-core/packages/realsense2_camera)
[2.172s] Level 1:colcon.colcon_core.environment:create_environment_scripts_only(realsense2_camera)
[2.172s] Level 1:colcon.colcon_core.environment:checking '/home/developer/ros2_ws/install/realsense2_camera' for CMake module files
[2.173s] Level 1:colcon.colcon_core.environment:checking '/home/developer/ros2_ws/install/realsense2_camera' for CMake config files
[2.173s] Level 1:colcon.colcon_core.shell:create_environment_hook('realsense2_camera', 'cmake_prefix_path')
[2.174s] INFO:colcon.colcon_core.shell:Creating environment hook '/home/developer/ros2_ws/install/realsense2_camera/share/realsense2_camera/hook/cmake_prefix_path.ps1'
[2.175s] INFO:colcon.colcon_core.shell:Creating environment descriptor '/home/developer/ros2_ws/install/realsense2_camera/share/realsense2_camera/hook/cmake_prefix_path.dsv'
[2.175s] INFO:colcon.colcon_core.shell:Creating environment hook '/home/developer/ros2_ws/install/realsense2_camera/share/realsense2_camera/hook/cmake_prefix_path.sh'
[2.176s] Level 1:colcon.colcon_core.environment:checking '/home/developer/ros2_ws/install/realsense2_camera/lib'
[2.176s] Level 1:colcon.colcon_core.shell:create_environment_hook('realsense2_camera', 'ld_library_path_lib')
[2.176s] INFO:colcon.colcon_core.shell:Creating environment hook '/home/developer/ros2_ws/install/realsense2_camera/share/realsense2_camera/hook/ld_library_path_lib.ps1'
[2.177s] INFO:colcon.colcon_core.shell:Creating environment descriptor '/home/developer/ros2_ws/install/realsense2_camera/share/realsense2_camera/hook/ld_library_path_lib.dsv'
[2.178s] INFO:colcon.colcon_core.shell:Creating environment hook '/home/developer/ros2_ws/install/realsense2_camera/share/realsense2_camera/hook/ld_library_path_lib.sh'
[2.178s] Level 1:colcon.colcon_core.environment:checking '/home/developer/ros2_ws/install/realsense2_camera/bin'
[2.178s] Level 1:colcon.colcon_core.environment:checking '/home/developer/ros2_ws/install/realsense2_camera/lib/pkgconfig/realsense2_camera.pc'
[2.179s] Level 1:colcon.colcon_core.environment:checking '/home/developer/ros2_ws/install/realsense2_camera/lib/python3.10/site-packages'
[2.179s] Level 1:colcon.colcon_core.environment:checking '/home/developer/ros2_ws/install/realsense2_camera/bin'
[2.180s] INFO:colcon.colcon_core.shell:Creating package script '/home/developer/ros2_ws/install/realsense2_camera/share/realsense2_camera/package.ps1'
[2.181s] INFO:colcon.colcon_core.shell:Creating package descriptor '/home/developer/ros2_ws/install/realsense2_camera/share/realsense2_camera/package.dsv'
[2.182s] INFO:colcon.colcon_core.shell:Creating package script '/home/developer/ros2_ws/install/realsense2_camera/share/realsense2_camera/package.sh'
[2.183s] INFO:colcon.colcon_core.shell:Creating package script '/home/developer/ros2_ws/install/realsense2_camera/share/realsense2_camera/package.bash'
[2.184s] INFO:colcon.colcon_core.shell:Creating package script '/home/developer/ros2_ws/install/realsense2_camera/share/realsense2_camera/package.zsh'
[2.185s] Level 1:colcon.colcon_core.environment:create_file_with_runtime_dependencies(/home/developer/ros2_ws/install/realsense2_camera/share/colcon-core/packages/realsense2_camera)
[2.185s] DEBUG:colcon.colcon_parallel_executor.executor.parallel:closing loop
[2.186s] DEBUG:colcon.colcon_parallel_executor.executor.parallel:loop closed
[2.186s] DEBUG:colcon.colcon_parallel_executor.executor.parallel:run_until_complete finished with '0'
[2.186s] DEBUG:colcon.colcon_core.event_reactor:joining thread
[2.194s] INFO:colcon.colcon_core.plugin_system:Skipping extension 'colcon_notification.desktop_notification.terminal_notifier': Not used on non-Darwin systems
[2.194s] INFO:colcon.colcon_core.plugin_system:Skipping extension 'colcon_notification.desktop_notification.win32': Not used on non-Windows systems
[2.194s] INFO:colcon.colcon_notification.desktop_notification:Sending desktop notification using 'notify2'
[2.218s] DEBUG:colcon.colcon_core.event_reactor:joined thread
[2.219s] INFO:colcon.colcon_core.shell:Creating prefix script '/home/developer/ros2_ws/install/local_setup.ps1'
[2.222s] INFO:colcon.colcon_core.shell:Creating prefix util module '/home/developer/ros2_ws/install/_local_setup_util_ps1.py'
[2.225s] INFO:colcon.colcon_core.shell:Creating prefix chain script '/home/developer/ros2_ws/install/setup.ps1'
[2.229s] INFO:colcon.colcon_core.shell:Creating prefix script '/home/developer/ros2_ws/install/local_setup.sh'
[2.230s] INFO:colcon.colcon_core.shell:Creating prefix util module '/home/developer/ros2_ws/install/_local_setup_util_sh.py'
[2.232s] INFO:colcon.colcon_core.shell:Creating prefix chain script '/home/developer/ros2_ws/install/setup.sh'
[2.235s] INFO:colcon.colcon_core.shell:Creating prefix script '/home/developer/ros2_ws/install/local_setup.bash'
[2.236s] INFO:colcon.colcon_core.shell:Creating prefix chain script '/home/developer/ros2_ws/install/setup.bash'
[2.239s] INFO:colcon.colcon_core.shell:Creating prefix script '/home/developer/ros2_ws/install/local_setup.zsh'
[2.240s] INFO:colcon.colcon_core.shell:Creating prefix chain script '/home/developer/ros2_ws/install/setup.zsh'
