[ 50%] [32mBuilding CXX object CMakeFiles/esp32_hardware.dir/src/esp32_hardware.cpp.o[0m
[100%] [32m[1mLinking CXX shared library libesp32_hardware.so[0m
[100%] Built target esp32_hardware
-- Install configuration: ""
-- Up-to-date: /home/developer/ros2_ws/install/esp32_hardware/share/esp32_hardware/esp32_hardware.xml
-- Installing: /home/developer/ros2_ws/install/esp32_hardware/lib/libesp32_hardware.so
-- Set runtime path of "/home/developer/ros2_ws/install/esp32_hardware/lib/libesp32_hardware.so" to ""
-- Up-to-date: /home/developer/ros2_ws/install/esp32_hardware/include
-- Up-to-date: /home/developer/ros2_ws/install/esp32_hardware/include/esp32_hardware
-- Installing: /home/developer/ros2_ws/install/esp32_hardware/include/esp32_hardware/esp32_hardware.hpp
-- Up-to-date: /home/developer/ros2_ws/install/esp32_hardware/share/esp32_hardware/esp32_hardware.xml
-- Up-to-date: /home/developer/ros2_ws/install/esp32_hardware/share/ament_index/resource_index/package_run_dependencies/esp32_hardware
-- Up-to-date: /home/developer/ros2_ws/install/esp32_hardware/share/ament_index/resource_index/parent_prefix_path/esp32_hardware
-- Up-to-date: /home/developer/ros2_ws/install/esp32_hardware/share/esp32_hardware/environment/ament_prefix_path.sh
-- Up-to-date: /home/developer/ros2_ws/install/esp32_hardware/share/esp32_hardware/environment/ament_prefix_path.dsv
-- Up-to-date: /home/developer/ros2_ws/install/esp32_hardware/share/esp32_hardware/environment/path.sh
-- Up-to-date: /home/developer/ros2_ws/install/esp32_hardware/share/esp32_hardware/environment/path.dsv
-- Up-to-date: /home/developer/ros2_ws/install/esp32_hardware/share/esp32_hardware/local_setup.bash
-- Up-to-date: /home/developer/ros2_ws/install/esp32_hardware/share/esp32_hardware/local_setup.sh
-- Up-to-date: /home/developer/ros2_ws/install/esp32_hardware/share/esp32_hardware/local_setup.zsh
-- Up-to-date: /home/developer/ros2_ws/install/esp32_hardware/share/esp32_hardware/local_setup.dsv
-- Installing: /home/developer/ros2_ws/install/esp32_hardware/share/esp32_hardware/package.dsv
-- Up-to-date: /home/developer/ros2_ws/install/esp32_hardware/share/ament_index/resource_index/packages/esp32_hardware
-- Up-to-date: /home/developer/ros2_ws/install/esp32_hardware/share/ament_index/resource_index/hardware_interface__pluginlib__plugin/esp32_hardware
-- Up-to-date: /home/developer/ros2_ws/install/esp32_hardware/share/esp32_hardware/cmake/esp32_hardwareConfig.cmake
-- Up-to-date: /home/developer/ros2_ws/install/esp32_hardware/share/esp32_hardware/cmake/esp32_hardwareConfig-version.cmake
-- Up-to-date: /home/developer/ros2_ws/install/esp32_hardware/share/esp32_hardware/package.xml
