[0.024s] Invoking command in '/home/developer/ros2_ws/build/golf_cart_description': CMAKE_PREFIX_PATH=${CMAKE_PREFIX_PATH}:/home/developer/ros2_ws/install/golf_cart_nav2:/opt/ros/humble /usr/bin/cmake --build /home/developer/ros2_ws/build/golf_cart_description -- -j4 -l4
[0.130s] Invoked command in '/home/developer/ros2_ws/build/golf_cart_description' returned '0': CMAKE_PREFIX_PATH=${CMAKE_PREFIX_PATH}:/home/developer/ros2_ws/install/golf_cart_nav2:/opt/ros/humble /usr/bin/cmake --build /home/developer/ros2_ws/build/golf_cart_description -- -j4 -l4
[0.146s] Invoking command in '/home/developer/ros2_ws/build/golf_cart_description': CMAKE_PREFIX_PATH=${CMAKE_PREFIX_PATH}:/home/developer/ros2_ws/install/golf_cart_nav2:/opt/ros/humble /usr/bin/cmake --install /home/developer/ros2_ws/build/golf_cart_description
[0.159s] -- Install configuration: ""
[0.160s] -- Execute custom install script
[0.162s] -- Up-to-date symlink: /home/developer/ros2_ws/install/golf_cart_description/share/golf_cart_description/launch/display.launch.py
[0.163s] -- Up-to-date symlink: /home/developer/ros2_ws/install/golf_cart_description/share/golf_cart_description/launch/fake_display.launch.py
[0.164s] -- Up-to-date symlink: /home/developer/ros2_ws/install/golf_cart_description/share/golf_cart_description/launch/gazebo.launch.py
[0.164s] -- Up-to-date symlink: /home/developer/ros2_ws/install/golf_cart_description/share/golf_cart_description/launch/golf_cart_full_nav.launch.py
[0.164s] -- Up-to-date symlink: /home/developer/ros2_ws/install/golf_cart_description/share/golf_cart_description/launch/new_gazebo.launch.py
[0.166s] -- Up-to-date symlink: /home/developer/ros2_ws/install/golf_cart_description/share/golf_cart_description/launch/rtab_setup.launch.py
[0.166s] -- Symlinking: /home/developer/ros2_ws/install/golf_cart_description/share/golf_cart_description/launch/rtab_test.launch.py
[0.180s] -- Up-to-date symlink: /home/developer/ros2_ws/install/golf_cart_description/share/golf_cart_description/launch/rtabmap_localization.launch.py
[0.180s] -- Up-to-date symlink: /home/developer/ros2_ws/install/golf_cart_description/share/golf_cart_description/launch/rtabmap_mapping.launch.py
[0.180s] -- Up-to-date symlink: /home/developer/ros2_ws/install/golf_cart_description/share/golf_cart_description/launch/sim.launch.py
[0.181s] -- Up-to-date symlink: /home/developer/ros2_ws/install/golf_cart_description/share/golf_cart_description/launch/teleop_ackermann.launch.py
[0.191s] -- Up-to-date symlink: /home/developer/ros2_ws/install/golf_cart_description/share/golf_cart_description/urdf/Golf_cart_my/model.config
[0.191s] -- Up-to-date symlink: /home/developer/ros2_ws/install/golf_cart_description/share/golf_cart_description/urdf/Golf_cart_my/model.sdf
[0.192s] -- Up-to-date symlink: /home/developer/ros2_ws/install/golf_cart_description/share/golf_cart_description/urdf/Golf_cart_my/model.urdf
[0.192s] -- Up-to-date symlink: /home/developer/ros2_ws/install/golf_cart_description/share/golf_cart_description/urdf/_d455.urdf.xacro
[0.193s] -- Up-to-date symlink: /home/developer/ros2_ws/install/golf_cart_description/share/golf_cart_description/urdf/carlikebot_description.urdf.xacro
[0.193s] -- Up-to-date symlink: /home/developer/ros2_ws/install/golf_cart_description/share/golf_cart_description/urdf/d455.urdf
[0.194s] -- Up-to-date symlink: /home/developer/ros2_ws/install/golf_cart_description/share/golf_cart_description/urdf/fake_cart.xacro
[0.195s] -- Up-to-date symlink: /home/developer/ros2_ws/install/golf_cart_description/share/golf_cart_description/urdf/gazebo.xacro
[0.195s] -- Up-to-date symlink: /home/developer/ros2_ws/install/golf_cart_description/share/golf_cart_description/urdf/golf_cart.urdf
[0.196s] -- Up-to-date symlink: /home/developer/ros2_ws/install/golf_cart_description/share/golf_cart_description/urdf/golf_cart.urdf.xacro
[0.196s] -- Up-to-date symlink: /home/developer/ros2_ws/install/golf_cart_description/share/golf_cart_description/urdf/golf_cart2.urdf
[0.196s] -- Up-to-date symlink: /home/developer/ros2_ws/install/golf_cart_description/share/golf_cart_description/urdf/golf_cart2.urdf.xacro
[0.197s] -- Up-to-date symlink: /home/developer/ros2_ws/install/golf_cart_description/share/golf_cart_description/urdf/golf_cart3.urdf
[0.197s] -- Up-to-date symlink: /home/developer/ros2_ws/install/golf_cart_description/share/golf_cart_description/urdf/golf_cart3.urdf.xacro
[0.198s] -- Up-to-date symlink: /home/developer/ros2_ws/install/golf_cart_description/share/golf_cart_description/urdf/golf_cart_ackermann.urdf
[0.198s] -- Up-to-date symlink: /home/developer/ros2_ws/install/golf_cart_description/share/golf_cart_description/urdf/golf_cart_ackermann.xacro
[0.199s] -- Up-to-date symlink: /home/developer/ros2_ws/install/golf_cart_description/share/golf_cart_description/urdf/golfcar_new.xacro
[0.199s] -- Up-to-date symlink: /home/developer/ros2_ws/install/golf_cart_description/share/golf_cart_description/urdf/test.urdf
[0.200s] -- Up-to-date symlink: /home/developer/ros2_ws/install/golf_cart_description/share/golf_cart_description/urdf/test_d455_camera.urdf.xacro
[0.206s] -- Up-to-date symlink: /home/developer/ros2_ws/install/golf_cart_description/share/golf_cart_description/config/ackermann2.yaml
[0.206s] -- Up-to-date symlink: /home/developer/ros2_ws/install/golf_cart_description/share/golf_cart_description/config/ackermann_controller.yaml
[0.208s] -- Up-to-date symlink: /home/developer/ros2_ws/install/golf_cart_description/share/golf_cart_description/config/fake_controller.yaml
[0.208s] -- Up-to-date symlink: /home/developer/ros2_ws/install/golf_cart_description/share/ament_index/resource_index/package_run_dependencies/golf_cart_description
[0.209s] -- Up-to-date symlink: /home/developer/ros2_ws/install/golf_cart_description/share/ament_index/resource_index/parent_prefix_path/golf_cart_description
[0.209s] -- Up-to-date symlink: /home/developer/ros2_ws/install/golf_cart_description/share/golf_cart_description/environment/ament_prefix_path.sh
[0.209s] -- Up-to-date symlink: /home/developer/ros2_ws/install/golf_cart_description/share/golf_cart_description/environment/ament_prefix_path.dsv
[0.210s] -- Up-to-date symlink: /home/developer/ros2_ws/install/golf_cart_description/share/golf_cart_description/environment/path.sh
[0.210s] -- Up-to-date symlink: /home/developer/ros2_ws/install/golf_cart_description/share/golf_cart_description/environment/path.dsv
[0.211s] -- Up-to-date symlink: /home/developer/ros2_ws/install/golf_cart_description/share/golf_cart_description/local_setup.bash
[0.211s] -- Up-to-date symlink: /home/developer/ros2_ws/install/golf_cart_description/share/golf_cart_description/local_setup.sh
[0.212s] -- Up-to-date symlink: /home/developer/ros2_ws/install/golf_cart_description/share/golf_cart_description/local_setup.zsh
[0.212s] -- Up-to-date symlink: /home/developer/ros2_ws/install/golf_cart_description/share/golf_cart_description/local_setup.dsv
[0.213s] -- Symlinking: /home/developer/ros2_ws/install/golf_cart_description/share/golf_cart_description/package.dsv
[0.229s] -- Up-to-date symlink: /home/developer/ros2_ws/install/golf_cart_description/share/ament_index/resource_index/packages/golf_cart_description
[0.229s] -- Up-to-date symlink: /home/developer/ros2_ws/install/golf_cart_description/share/golf_cart_description/cmake/golf_cart_descriptionConfig.cmake
[0.230s] -- Up-to-date symlink: /home/developer/ros2_ws/install/golf_cart_description/share/golf_cart_description/cmake/golf_cart_descriptionConfig-version.cmake
[0.230s] -- Up-to-date symlink: /home/developer/ros2_ws/install/golf_cart_description/share/golf_cart_description/package.xml
[0.233s] Invoked command in '/home/developer/ros2_ws/build/golf_cart_description' returned '0': CMAKE_PREFIX_PATH=${CMAKE_PREFIX_PATH}:/home/developer/ros2_ws/install/golf_cart_nav2:/opt/ros/humble /usr/bin/cmake --install /home/developer/ros2_ws/build/golf_cart_description
