[0.044s] Invoking command in '/home/developer/ros2_ws/build/esp32_hardware': CMAKE_PREFIX_PATH=/opt/ros/humble /usr/bin/cmake /home/developer/ros2_ws/src/esp32_hardware -DCMAKE_INSTALL_PREFIX=/home/developer/ros2_ws/install/esp32_hardware
[1.173s] -- The C compiler identification is GNU 11.4.0
[1.405s] -- The CXX compiler identification is GNU 11.4.0
[1.449s] -- Detecting C compiler ABI info
[1.660s] -- Detecting C compiler ABI info - done
[1.690s] -- Check for working C compiler: /usr/bin/cc - skipped
[1.750s] -- Detecting C compile features
[1.751s] -- Detecting C compile features - done
[1.762s] -- Detecting CXX compiler ABI info
[2.032s] -- Detecting CXX compiler ABI info - done
[2.049s] -- Check for working CXX compiler: /usr/bin/c++ - skipped
[2.049s] -- Detecting CXX compile features
[2.052s] -- Detecting CXX compile features - done
[2.096s] -- Found ament_cmake: 1.3.12 (/opt/ros/humble/share/ament_cmake/cmake)
[2.619s] -- Found Python3: /usr/bin/python3 (found version "3.10.12") found components: Interpreter 
[2.913s] -- Found rclcpp: 16.0.17 (/opt/ros/humble/share/rclcpp/cmake)
[3.068s] -- Found rosidl_generator_c: 3.1.8 (/opt/ros/humble/share/rosidl_generator_c/cmake)
[3.082s] -- Found rosidl_adapter: 3.1.8 (/opt/ros/humble/share/rosidl_adapter/cmake)
[3.107s] -- Found rosidl_generator_cpp: 3.1.8 (/opt/ros/humble/share/rosidl_generator_cpp/cmake)
[3.143s] -- Using all available rosidl_typesupport_c: rosidl_typesupport_fastrtps_c;rosidl_typesupport_introspection_c
[3.175s] -- Using all available rosidl_typesupport_cpp: rosidl_typesupport_fastrtps_cpp;rosidl_typesupport_introspection_cpp
[3.311s] -- Found rmw_implementation_cmake: 6.1.2 (/opt/ros/humble/share/rmw_implementation_cmake/cmake)
[3.319s] -- Found rmw_fastrtps_cpp: 6.2.9 (/opt/ros/humble/share/rmw_fastrtps_cpp/cmake)
[3.774s] -- Found OpenSSL: /usr/lib/aarch64-linux-gnu/libcrypto.so (found version "3.0.2")  
[3.913s] -- Found FastRTPS: /opt/ros/humble/include  
[4.041s] -- Using RMW implementation 'rmw_fastrtps_cpp' as default
[4.073s] -- Looking for pthread.h
[4.274s] -- Looking for pthread.h - found
[4.275s] -- Performing Test CMAKE_HAVE_LIBC_PTHREAD
[4.479s] -- Performing Test CMAKE_HAVE_LIBC_PTHREAD - Success
[4.481s] -- Found Threads: TRUE  
[4.641s] -- Found hardware_interface: 2.53.0 (/opt/ros/humble/share/hardware_interface/cmake)
[5.183s] -- Configuring done
[5.220s] -- Generating done
[5.236s] -- Build files have been written to: /home/developer/ros2_ws/build/esp32_hardware
[5.282s] Invoked command in '/home/developer/ros2_ws/build/esp32_hardware' returned '0': CMAKE_PREFIX_PATH=/opt/ros/humble /usr/bin/cmake /home/developer/ros2_ws/src/esp32_hardware -DCMAKE_INSTALL_PREFIX=/home/developer/ros2_ws/install/esp32_hardware
[5.283s] Invoking command in '/home/developer/ros2_ws/build/esp32_hardware': CMAKE_PREFIX_PATH=/opt/ros/humble /usr/bin/cmake --build /home/developer/ros2_ws/build/esp32_hardware -- -j6 -l6
[5.346s] -- Found ament_cmake: 1.3.12 (/opt/ros/humble/share/ament_cmake/cmake)
[5.654s] -- Found rclcpp: 16.0.17 (/opt/ros/humble/share/rclcpp/cmake)
[5.724s] -- Found rosidl_generator_c: 3.1.8 (/opt/ros/humble/share/rosidl_generator_c/cmake)
[5.733s] -- Found rosidl_adapter: 3.1.8 (/opt/ros/humble/share/rosidl_adapter/cmake)
[5.746s] -- Found rosidl_generator_cpp: 3.1.8 (/opt/ros/humble/share/rosidl_generator_cpp/cmake)
[5.774s] -- Using all available rosidl_typesupport_c: rosidl_typesupport_fastrtps_c;rosidl_typesupport_introspection_c
[5.799s] -- Using all available rosidl_typesupport_cpp: rosidl_typesupport_fastrtps_cpp;rosidl_typesupport_introspection_cpp
[5.863s] -- Found rmw_implementation_cmake: 6.1.2 (/opt/ros/humble/share/rmw_implementation_cmake/cmake)
[5.865s] -- Found rmw_fastrtps_cpp: 6.2.9 (/opt/ros/humble/share/rmw_fastrtps_cpp/cmake)
[6.091s] -- Using RMW implementation 'rmw_fastrtps_cpp' as default
[6.183s] -- Found hardware_interface: 2.53.0 (/opt/ros/humble/share/hardware_interface/cmake)
[6.612s] -- Configuring done
[6.639s] -- Generating done
[6.649s] -- Build files have been written to: /home/developer/ros2_ws/build/esp32_hardware
[6.735s] gmake[2]: Warning: File '/home/developer/ros2_ws/src/esp32_hardware/src/esp32_hardware.cpp' has modification time 1770372832 s in the future
[6.772s] [ 50%] [32mBuilding CXX object CMakeFiles/esp32_hardware.dir/src/esp32_hardware.cpp.o[0m
[31.881s] [100%] [32m[1mLinking CXX shared library libesp32_hardware.so[0m
[33.617s] gmake[2]: warning:  Clock skew detected.  Your build may be incomplete.
[33.637s] [100%] Built target esp32_hardware
[33.747s] Invoked command in '/home/developer/ros2_ws/build/esp32_hardware' returned '0': CMAKE_PREFIX_PATH=/opt/ros/humble /usr/bin/cmake --build /home/developer/ros2_ws/build/esp32_hardware -- -j6 -l6
[33.782s] Invoking command in '/home/developer/ros2_ws/build/esp32_hardware': CMAKE_PREFIX_PATH=/opt/ros/humble /usr/bin/cmake --install /home/developer/ros2_ws/build/esp32_hardware
[33.817s] -- Install configuration: ""
[33.820s] -- Installing: /home/developer/ros2_ws/install/esp32_hardware/share/esp32_hardware/esp32_hardware.xml
[33.825s] -- Installing: /home/developer/ros2_ws/install/esp32_hardware/lib/libesp32_hardware.so
[33.844s] -- Set runtime path of "/home/developer/ros2_ws/install/esp32_hardware/lib/libesp32_hardware.so" to ""
[33.844s] -- Installing: /home/developer/ros2_ws/install/esp32_hardware/include
[33.845s] -- Installing: /home/developer/ros2_ws/install/esp32_hardware/include/golf_cart_hardware
[33.845s] -- Installing: /home/developer/ros2_ws/install/esp32_hardware/include/golf_cart_hardware/golf_cart_hardware.hpp
[33.845s] -- Installing: /home/developer/ros2_ws/install/esp32_hardware/include/esp32_hardware
[33.845s] -- Installing: /home/developer/ros2_ws/install/esp32_hardware/include/esp32_hardware/esp32_hardware.hpp
[33.846s] -- Up-to-date: /home/developer/ros2_ws/install/esp32_hardware/share/esp32_hardware/esp32_hardware.xml
[33.846s] -- Installing: /home/developer/ros2_ws/install/esp32_hardware/share/ament_index/resource_index/package_run_dependencies/esp32_hardware
[33.847s] -- Installing: /home/developer/ros2_ws/install/esp32_hardware/share/ament_index/resource_index/parent_prefix_path/esp32_hardware
[33.849s] -- Installing: /home/developer/ros2_ws/install/esp32_hardware/share/esp32_hardware/environment/ament_prefix_path.sh
[33.850s] -- Installing: /home/developer/ros2_ws/install/esp32_hardware/share/esp32_hardware/environment/ament_prefix_path.dsv
[33.850s] -- Installing: /home/developer/ros2_ws/install/esp32_hardware/share/esp32_hardware/environment/path.sh
[33.850s] -- Installing: /home/developer/ros2_ws/install/esp32_hardware/share/esp32_hardware/environment/path.dsv
[33.851s] -- Installing: /home/developer/ros2_ws/install/esp32_hardware/share/esp32_hardware/local_setup.bash
[33.851s] -- Installing: /home/developer/ros2_ws/install/esp32_hardware/share/esp32_hardware/local_setup.sh
[33.852s] -- Installing: /home/developer/ros2_ws/install/esp32_hardware/share/esp32_hardware/local_setup.zsh
[33.852s] -- Installing: /home/developer/ros2_ws/install/esp32_hardware/share/esp32_hardware/local_setup.dsv
[33.852s] -- Installing: /home/developer/ros2_ws/install/esp32_hardware/share/esp32_hardware/package.dsv
[33.853s] -- Installing: /home/developer/ros2_ws/install/esp32_hardware/share/ament_index/resource_index/packages/esp32_hardware
[33.853s] -- Installing: /home/developer/ros2_ws/install/esp32_hardware/share/ament_index/resource_index/hardware_interface__pluginlib__plugin/esp32_hardware
[33.854s] -- Installing: /home/developer/ros2_ws/install/esp32_hardware/share/esp32_hardware/cmake/esp32_hardwareConfig.cmake
[33.854s] -- Installing: /home/developer/ros2_ws/install/esp32_hardware/share/esp32_hardware/cmake/esp32_hardwareConfig-version.cmake
[33.854s] -- Installing: /home/developer/ros2_ws/install/esp32_hardware/share/esp32_hardware/package.xml
[33.872s] Invoked command in '/home/developer/ros2_ws/build/esp32_hardware' returned '0': CMAKE_PREFIX_PATH=/opt/ros/humble /usr/bin/cmake --install /home/developer/ros2_ws/build/esp32_hardware
