[0.031s] Invoking command in '/home/developer/ros2_ws/build/realsense2_camera': CMAKE_PREFIX_PATH=/home/developer/ros2_ws/install/realsense2_camera_msgs:/home/developer/ros2_ws/install/realsense2_description:/home/developer/ros2_ws/install/realsense2_camera:/home/developer/ros2_ws/install/golf_cart_description:/home/developer/ros2_ws/install/esp32_hardware:/home/developer/turtlebot3_ws/install/turtlebot3_simulations:/home/developer/turtlebot3_ws/install/turtlebot3_manipulation_gazebo:/home/developer/turtlebot3_ws/install/turtlebot3_gazebo:/home/developer/turtlebot3_ws/install/turtlebot3_fake_node:/home/developer/ros2_ws/install/golf_cart_nav2:/home/developer/test_ws/install/ackermann_vehicle:/opt/ros/humble LD_LIBRARY_PATH=/home/developer/ros2_ws/install/realsense2_camera_msgs/lib:/home/developer/ros2_ws/install/realsense2_camera/lib:/home/developer/ros2_ws/install/esp32_hardware/lib:/usr/lib/x86_64-linux-gnu/gazebo-11/plugins:/opt/ros/humble/opt/rviz_ogre_vendor/lib:/opt/ros/humble/lib/x86_64-linux-gnu:/opt/ros/humble/opt/openvdb_vendor/lib:/opt/ros/humble/lib /usr/bin/cmake --build /home/developer/ros2_ws/build/realsense2_camera -- -j4 -l4
[0.162s] [  4%] [32mBuilding CXX object gtest/CMakeFiles/gtest_main.dir/src/gtest_main.cc.o[0m
[0.169s] [  8%] [32mBuilding CXX object gtest/CMakeFiles/gtest.dir/src/gtest-all.cc.o[0m
[0.173s] [ 12%] [32mBuilding CXX object CMakeFiles/realsense2_camera_node.dir/rclcpp_components/node_main_realsense2_camera_node.cpp.o[0m
[0.244s] [ 16%] [32mBuilding CXX object CMakeFiles/realsense2_camera.dir/src/realsense_node_factory.cpp.o[0m
[1.872s] [ 20%] [32m[1mLinking CXX static library libgtest_main.a[0m
[2.256s] [ 20%] Built target gtest_main
[2.277s] [ 24%] [32mBuilding CXX object CMakeFiles/realsense2_camera.dir/src/base_realsense_node.cpp.o[0m
[9.515s] [ 28%] [32m[1mLinking CXX executable realsense2_camera_node[0m
[9.834s] [ 28%] Built target realsense2_camera_node
[9.853s] [ 32%] [32mBuilding CXX object CMakeFiles/realsense2_camera.dir/src/parameters.cpp.o[0m
[19.594s] [ 36%] [32m[1mLinking CXX static library libgtest.a[0m
[19.745s] [ 36%] Built target gtest
[19.764s] [ 40%] [32mBuilding CXX object CMakeFiles/realsense2_camera.dir/src/rs_node_setup.cpp.o[0m
[28.283s] [ 44%] [32mBuilding CXX object CMakeFiles/gtest_template.dir/test/gtest_template.cpp.o[0m
[30.456s] [ 48%] [32m[1mLinking CXX executable gtest_template[0m
[30.680s] [ 48%] Built target gtest_template
[30.702s] [ 52%] [32mBuilding CXX object CMakeFiles/realsense2_camera.dir/src/ros_sensor.cpp.o[0m
[31.251s] [ 56%] [32mBuilding CXX object CMakeFiles/realsense2_camera.dir/src/ros_utils.cpp.o[0m
[40.830s] [ 60%] [32mBuilding CXX object CMakeFiles/realsense2_camera.dir/src/dynamic_params.cpp.o[0m
[41.069s] [ 64%] [32mBuilding CXX object CMakeFiles/realsense2_camera.dir/src/sensor_params.cpp.o[0m
[48.963s] [ 68%] [32mBuilding CXX object CMakeFiles/realsense2_camera.dir/src/named_filter.cpp.o[0m
[54.906s] [ 72%] [32mBuilding CXX object CMakeFiles/realsense2_camera.dir/src/pointcloud_filter.cpp.o[0m
[55.476s] [ 76%] [32mBuilding CXX object CMakeFiles/realsense2_camera.dir/src/align_depth_filter.cpp.o[0m
[61.047s] [ 80%] [32mBuilding CXX object CMakeFiles/realsense2_camera.dir/src/profile_manager.cpp.o[0m
[61.473s] [ 84%] [32mBuilding CXX object CMakeFiles/realsense2_camera.dir/src/image_publisher.cpp.o[0m
[66.803s] [ 88%] [32mBuilding CXX object CMakeFiles/realsense2_camera.dir/src/tfs.cpp.o[0m
[75.655s] [ 92%] [32mBuilding CXX object CMakeFiles/realsense2_camera.dir/src/actions.cpp.o[0m
[76.891s] [ 96%] [32mBuilding CXX object CMakeFiles/realsense2_camera.dir/src/ros_param_backend.cpp.o[0m
[90.322s] [100%] [32m[1mLinking CXX shared library librealsense2_camera.so[0m
[91.088s] [100%] Built target realsense2_camera
[91.103s] Invoked command in '/home/developer/ros2_ws/build/realsense2_camera' returned '0': CMAKE_PREFIX_PATH=/home/developer/ros2_ws/install/realsense2_camera_msgs:/home/developer/ros2_ws/install/realsense2_description:/home/developer/ros2_ws/install/realsense2_camera:/home/developer/ros2_ws/install/golf_cart_description:/home/developer/ros2_ws/install/esp32_hardware:/home/developer/turtlebot3_ws/install/turtlebot3_simulations:/home/developer/turtlebot3_ws/install/turtlebot3_manipulation_gazebo:/home/developer/turtlebot3_ws/install/turtlebot3_gazebo:/home/developer/turtlebot3_ws/install/turtlebot3_fake_node:/home/developer/ros2_ws/install/golf_cart_nav2:/home/developer/test_ws/install/ackermann_vehicle:/opt/ros/humble LD_LIBRARY_PATH=/home/developer/ros2_ws/install/realsense2_camera_msgs/lib:/home/developer/ros2_ws/install/realsense2_camera/lib:/home/developer/ros2_ws/install/esp32_hardware/lib:/usr/lib/x86_64-linux-gnu/gazebo-11/plugins:/opt/ros/humble/opt/rviz_ogre_vendor/lib:/opt/ros/humble/lib/x86_64-linux-gnu:/opt/ros/humble/opt/openvdb_vendor/lib:/opt/ros/humble/lib /usr/bin/cmake --build /home/developer/ros2_ws/build/realsense2_camera -- -j4 -l4
[91.107s] Invoking command in '/home/developer/ros2_ws/build/realsense2_camera': CMAKE_PREFIX_PATH=/home/developer/ros2_ws/install/realsense2_camera_msgs:/home/developer/ros2_ws/install/realsense2_description:/home/developer/ros2_ws/install/realsense2_camera:/home/developer/ros2_ws/install/golf_cart_description:/home/developer/ros2_ws/install/esp32_hardware:/home/developer/turtlebot3_ws/install/turtlebot3_simulations:/home/developer/turtlebot3_ws/install/turtlebot3_manipulation_gazebo:/home/developer/turtlebot3_ws/install/turtlebot3_gazebo:/home/developer/turtlebot3_ws/install/turtlebot3_fake_node:/home/developer/ros2_ws/install/golf_cart_nav2:/home/developer/test_ws/install/ackermann_vehicle:/opt/ros/humble LD_LIBRARY_PATH=/home/developer/ros2_ws/install/realsense2_camera_msgs/lib:/home/developer/ros2_ws/install/realsense2_camera/lib:/home/developer/ros2_ws/install/esp32_hardware/lib:/usr/lib/x86_64-linux-gnu/gazebo-11/plugins:/opt/ros/humble/opt/rviz_ogre_vendor/lib:/opt/ros/humble/lib/x86_64-linux-gnu:/opt/ros/humble/opt/openvdb_vendor/lib:/opt/ros/humble/lib /usr/bin/cmake --install /home/developer/ros2_ws/build/realsense2_camera
[91.118s] -- Install configuration: "Release"
[91.118s] -- Up-to-date: /home/developer/ros2_ws/install/realsense2_camera/share/realsense2_camera/config/global_settings.yaml
[91.118s] -- Installing: /home/developer/ros2_ws/install/realsense2_camera/lib/realsense2_camera/realsense2_camera_node
[91.119s] -- Set runtime path of "/home/developer/ros2_ws/install/realsense2_camera/lib/realsense2_camera/realsense2_camera_node" to ""
[91.120s] -- Installing: /home/developer/ros2_ws/install/realsense2_camera/lib/librealsense2_camera.so
[91.124s] -- Set runtime path of "/home/developer/ros2_ws/install/realsense2_camera/lib/librealsense2_camera.so" to ""
[91.124s] -- Up-to-date: /home/developer/ros2_ws/install/realsense2_camera/include
[91.124s] -- Up-to-date: /home/developer/ros2_ws/install/realsense2_camera/include/image_publisher.h
[91.125s] -- Up-to-date: /home/developer/ros2_ws/install/realsense2_camera/include/profile_manager.h
[91.125s] -- Up-to-date: /home/developer/ros2_ws/install/realsense2_camera/include/constants.h
[91.125s] -- Up-to-date: /home/developer/ros2_ws/install/realsense2_camera/include/ros_sensor.h
[91.125s] -- Up-to-date: /home/developer/ros2_ws/install/realsense2_camera/include/ros_param_backend.h
[91.125s] -- Up-to-date: /home/developer/ros2_ws/install/realsense2_camera/include/realsense_node_factory.h
[91.125s] -- Up-to-date: /home/developer/ros2_ws/install/realsense2_camera/include/named_filter.h
[91.126s] -- Up-to-date: /home/developer/ros2_ws/install/realsense2_camera/include/base_realsense_node.h
[91.126s] -- Up-to-date: /home/developer/ros2_ws/install/realsense2_camera/include/align_depth_filter.h
[91.126s] -- Up-to-date: /home/developer/ros2_ws/install/realsense2_camera/include/gl_window.h
[91.126s] -- Up-to-date: /home/developer/ros2_ws/install/realsense2_camera/include/dynamic_params.h
[91.126s] -- Up-to-date: /home/developer/ros2_ws/install/realsense2_camera/include/pointcloud_filter.h
[91.126s] -- Up-to-date: /home/developer/ros2_ws/install/realsense2_camera/include/ros_node_base.h
[91.127s] -- Up-to-date: /home/developer/ros2_ws/install/realsense2_camera/include/sensor_params.h
[91.127s] -- Up-to-date: /home/developer/ros2_ws/install/realsense2_camera/include/ros_utils.h
[91.127s] -- Up-to-date: /home/developer/ros2_ws/install/realsense2_camera/share/realsense2_camera/launch
[91.127s] -- Up-to-date: /home/developer/ros2_ws/install/realsense2_camera/share/realsense2_camera/launch/rs_launch.py
[91.127s] -- Up-to-date: /home/developer/ros2_ws/install/realsense2_camera/share/realsense2_camera/launch/rs_multi_camera_launch.py
[91.127s] -- Up-to-date: /home/developer/ros2_ws/install/realsense2_camera/share/realsense2_camera/launch/default.rviz
[91.127s] -- Up-to-date: /home/developer/ros2_ws/install/realsense2_camera/share/realsense2_camera/launch/rs_multi_camera_launch_sync.py
[91.127s] -- Up-to-date: /home/developer/ros2_ws/install/realsense2_camera/share/realsense2_camera/launch/rs_intra_process_demo_launch.py
[91.127s] -- Up-to-date: /home/developer/ros2_ws/install/realsense2_camera/share/realsense2_camera/examples
[91.128s] -- Up-to-date: /home/developer/ros2_ws/install/realsense2_camera/share/realsense2_camera/examples/dual_camera
[91.128s] -- Up-to-date: /home/developer/ros2_ws/install/realsense2_camera/share/realsense2_camera/examples/dual_camera/rs_dual_camera_launch.py
[91.128s] -- Up-to-date: /home/developer/ros2_ws/install/realsense2_camera/share/realsense2_camera/examples/dual_camera/README.md
[91.128s] -- Up-to-date: /home/developer/ros2_ws/install/realsense2_camera/share/realsense2_camera/examples/dual_camera/rviz
[91.128s] -- Up-to-date: /home/developer/ros2_ws/install/realsense2_camera/share/realsense2_camera/examples/dual_camera/rviz/dual_camera_pointcloud.rviz
[91.129s] -- Up-to-date: /home/developer/ros2_ws/install/realsense2_camera/share/realsense2_camera/examples/d500_tables
[91.129s] -- Up-to-date: /home/developer/ros2_ws/install/realsense2_camera/share/realsense2_camera/examples/d500_tables/calib_config_example.json
[91.129s] -- Up-to-date: /home/developer/ros2_ws/install/realsense2_camera/share/realsense2_camera/examples/align_depth
[91.129s] -- Up-to-date: /home/developer/ros2_ws/install/realsense2_camera/share/realsense2_camera/examples/align_depth/README.md
[91.129s] -- Up-to-date: /home/developer/ros2_ws/install/realsense2_camera/share/realsense2_camera/examples/align_depth/rs_align_depth_launch.py
[91.129s] -- Up-to-date: /home/developer/ros2_ws/install/realsense2_camera/share/realsense2_camera/examples/launch_params_from_file
[91.130s] -- Up-to-date: /home/developer/ros2_ws/install/realsense2_camera/share/realsense2_camera/examples/launch_params_from_file/README.md
[91.130s] -- Up-to-date: /home/developer/ros2_ws/install/realsense2_camera/share/realsense2_camera/examples/launch_params_from_file/config
[91.130s] -- Up-to-date: /home/developer/ros2_ws/install/realsense2_camera/share/realsense2_camera/examples/launch_params_from_file/config/config.yaml
[91.130s] -- Up-to-date: /home/developer/ros2_ws/install/realsense2_camera/share/realsense2_camera/examples/launch_params_from_file/rs_launch_get_params_from_yaml.py
[91.130s] -- Up-to-date: /home/developer/ros2_ws/install/realsense2_camera/share/realsense2_camera/examples/launch_from_rosbag
[91.131s] -- Up-to-date: /home/developer/ros2_ws/install/realsense2_camera/share/realsense2_camera/examples/launch_from_rosbag/rs_launch_from_rosbag.py
[91.131s] -- Up-to-date: /home/developer/ros2_ws/install/realsense2_camera/share/realsense2_camera/examples/launch_from_rosbag/README.md
[91.131s] -- Up-to-date: /home/developer/ros2_ws/install/realsense2_camera/share/realsense2_camera/examples/pointcloud
[91.131s] -- Up-to-date: /home/developer/ros2_ws/install/realsense2_camera/share/realsense2_camera/examples/pointcloud/rs_d405_pointcloud_launch.py
[91.131s] -- Up-to-date: /home/developer/ros2_ws/install/realsense2_camera/share/realsense2_camera/examples/pointcloud/rs_d455_pointcloud_launch.py
[91.131s] -- Up-to-date: /home/developer/ros2_ws/install/realsense2_camera/share/realsense2_camera/examples/pointcloud/rs_pointcloud_infra_launch.py
[91.131s] -- Up-to-date: /home/developer/ros2_ws/install/realsense2_camera/share/realsense2_camera/examples/pointcloud/README.md
[91.132s] -- Up-to-date: /home/developer/ros2_ws/install/realsense2_camera/share/realsense2_camera/examples/pointcloud/rs_pointcloud_launch.py
[91.132s] -- Up-to-date: /home/developer/ros2_ws/install/realsense2_camera/share/realsense2_camera/examples/pointcloud/rviz
[91.132s] -- Up-to-date: /home/developer/ros2_ws/install/realsense2_camera/share/realsense2_camera/examples/pointcloud/rviz/pointcloud.rviz
[91.132s] -- Up-to-date: /home/developer/ros2_ws/install/realsense2_camera/share/realsense2_camera/examples/pointcloud/rviz/urdf_pointcloud.rviz
[91.132s] -- Up-to-date: /home/developer/ros2_ws/install/realsense2_camera/share/realsense2_camera/environment/library_path.sh
[91.132s] -- Up-to-date: /home/developer/ros2_ws/install/realsense2_camera/share/realsense2_camera/environment/library_path.dsv
[91.133s] -- Up-to-date: /home/developer/ros2_ws/install/realsense2_camera/share/ament_index/resource_index/package_run_dependencies/realsense2_camera
[91.133s] -- Up-to-date: /home/developer/ros2_ws/install/realsense2_camera/share/ament_index/resource_index/parent_prefix_path/realsense2_camera
[91.133s] -- Up-to-date: /home/developer/ros2_ws/install/realsense2_camera/share/realsense2_camera/environment/ament_prefix_path.sh
[91.133s] -- Up-to-date: /home/developer/ros2_ws/install/realsense2_camera/share/realsense2_camera/environment/ament_prefix_path.dsv
[91.133s] -- Up-to-date: /home/developer/ros2_ws/install/realsense2_camera/share/realsense2_camera/environment/path.sh
[91.133s] -- Up-to-date: /home/developer/ros2_ws/install/realsense2_camera/share/realsense2_camera/environment/path.dsv
[91.134s] -- Up-to-date: /home/developer/ros2_ws/install/realsense2_camera/share/realsense2_camera/local_setup.bash
[91.134s] -- Up-to-date: /home/developer/ros2_ws/install/realsense2_camera/share/realsense2_camera/local_setup.sh
[91.134s] -- Up-to-date: /home/developer/ros2_ws/install/realsense2_camera/share/realsense2_camera/local_setup.zsh
[91.134s] -- Up-to-date: /home/developer/ros2_ws/install/realsense2_camera/share/realsense2_camera/local_setup.dsv
[91.134s] -- Installing: /home/developer/ros2_ws/install/realsense2_camera/share/realsense2_camera/package.dsv
[91.134s] -- Up-to-date: /home/developer/ros2_ws/install/realsense2_camera/share/ament_index/resource_index/packages/realsense2_camera
[91.134s] -- Up-to-date: /home/developer/ros2_ws/install/realsense2_camera/share/ament_index/resource_index/rclcpp_components/realsense2_camera
[91.134s] -- Up-to-date: /home/developer/ros2_ws/install/realsense2_camera/share/realsense2_camera/cmake/ament_cmake_export_include_directories-extras.cmake
[91.135s] -- Up-to-date: /home/developer/ros2_ws/install/realsense2_camera/share/realsense2_camera/cmake/ament_cmake_export_libraries-extras.cmake
[91.135s] -- Up-to-date: /home/developer/ros2_ws/install/realsense2_camera/share/realsense2_camera/cmake/ament_cmake_export_dependencies-extras.cmake
[91.135s] -- Up-to-date: /home/developer/ros2_ws/install/realsense2_camera/share/realsense2_camera/cmake/realsense2_cameraConfig.cmake
[91.135s] -- Up-to-date: /home/developer/ros2_ws/install/realsense2_camera/share/realsense2_camera/cmake/realsense2_cameraConfig-version.cmake
[91.135s] -- Up-to-date: /home/developer/ros2_ws/install/realsense2_camera/share/realsense2_camera/package.xml
[91.137s] Invoked command in '/home/developer/ros2_ws/build/realsense2_camera' returned '0': CMAKE_PREFIX_PATH=/home/developer/ros2_ws/install/realsense2_camera_msgs:/home/developer/ros2_ws/install/realsense2_description:/home/developer/ros2_ws/install/realsense2_camera:/home/developer/ros2_ws/install/golf_cart_description:/home/developer/ros2_ws/install/esp32_hardware:/home/developer/turtlebot3_ws/install/turtlebot3_simulations:/home/developer/turtlebot3_ws/install/turtlebot3_manipulation_gazebo:/home/developer/turtlebot3_ws/install/turtlebot3_gazebo:/home/developer/turtlebot3_ws/install/turtlebot3_fake_node:/home/developer/ros2_ws/install/golf_cart_nav2:/home/developer/test_ws/install/ackermann_vehicle:/opt/ros/humble LD_LIBRARY_PATH=/home/developer/ros2_ws/install/realsense2_camera_msgs/lib:/home/developer/ros2_ws/install/realsense2_camera/lib:/home/developer/ros2_ws/install/esp32_hardware/lib:/usr/lib/x86_64-linux-gnu/gazebo-11/plugins:/opt/ros/humble/opt/rviz_ogre_vendor/lib:/opt/ros/humble/lib/x86_64-linux-gnu:/opt/ros/humble/opt/openvdb_vendor/lib:/opt/ros/humble/lib /usr/bin/cmake --install /home/developer/ros2_ws/build/realsense2_camera
