running egg_info
creating ../../build/golf_cart_nav2/golf_cart_nav2.egg-info
writing ../../build/golf_cart_nav2/golf_cart_nav2.egg-info/PKG-INFO
writing dependency_links to ../../build/golf_cart_nav2/golf_cart_nav2.egg-info/dependency_links.txt
writing entry points to ../../build/golf_cart_nav2/golf_cart_nav2.egg-info/entry_points.txt
writing requirements to ../../build/golf_cart_nav2/golf_cart_nav2.egg-info/requires.txt
writing top-level names to ../../build/golf_cart_nav2/golf_cart_nav2.egg-info/top_level.txt
writing manifest file '../../build/golf_cart_nav2/golf_cart_nav2.egg-info/SOURCES.txt'
reading manifest file '../../build/golf_cart_nav2/golf_cart_nav2.egg-info/SOURCES.txt'
writing manifest file '../../build/golf_cart_nav2/golf_cart_nav2.egg-info/SOURCES.txt'
running build
running build_py
creating /home/developer/ros2_ws/build/golf_cart_nav2/build
creating /home/developer/ros2_ws/build/golf_cart_nav2/build/lib
creating /home/developer/ros2_ws/build/golf_cart_nav2/build/lib/golf_cart_nav2
copying golf_cart_nav2/__init__.py -> /home/developer/ros2_ws/build/golf_cart_nav2/build/lib/golf_cart_nav2
running install
running install_lib
creating /home/developer/ros2_ws/install/golf_cart_nav2/lib/python3.10/site-packages/golf_cart_nav2
copying /home/developer/ros2_ws/build/golf_cart_nav2/build/lib/golf_cart_nav2/__init__.py -> /home/developer/ros2_ws/install/golf_cart_nav2/lib/python3.10/site-packages/golf_cart_nav2
byte-compiling /home/developer/ros2_ws/install/golf_cart_nav2/lib/python3.10/site-packages/golf_cart_nav2/__init__.py to __init__.cpython-310.pyc
running install_data
creating /home/developer/ros2_ws/install/golf_cart_nav2/share/ament_index
creating /home/developer/ros2_ws/install/golf_cart_nav2/share/ament_index/resource_index
creating /home/developer/ros2_ws/install/golf_cart_nav2/share/ament_index/resource_index/packages
copying resource/golf_cart_nav2 -> /home/developer/ros2_ws/install/golf_cart_nav2/share/ament_index/resource_index/packages
copying package.xml -> /home/developer/ros2_ws/install/golf_cart_nav2/share/golf_cart_nav2
running install_egg_info
Copying ../../build/golf_cart_nav2/golf_cart_nav2.egg-info to /home/developer/ros2_ws/install/golf_cart_nav2/lib/python3.10/site-packages/golf_cart_nav2-0.0.0-py3.10.egg-info
running install_scripts
writing list of installed files to '/home/developer/ros2_ws/build/golf_cart_nav2/install.log'
