[1.042s] Invoking command in '/home/developer/ros2_ws/src/golf_cart_nav2': PYTHONPATH=/home/developer/ros2_ws/build/golf_cart_nav2/prefix_override:/usr/lib/python3/dist-packages/colcon_core/task/python/colcon_distutils_commands:/home/developer/ros2_ws/install/golf_cart_nav2/lib/python3.10/site-packages:${PYTHONPATH} /usr/bin/python3 -W ignore:setup.py install is deprecated -W ignore:easy_install command is deprecated setup.py egg_info --egg-base ../../build/golf_cart_nav2 build --build-base /home/developer/ros2_ws/build/golf_cart_nav2/build install --record /home/developer/ros2_ws/build/golf_cart_nav2/install.log --single-version-externally-managed install_data
[1.398s] running egg_info
[1.399s] creating ../../build/golf_cart_nav2/golf_cart_nav2.egg-info
[1.399s] writing ../../build/golf_cart_nav2/golf_cart_nav2.egg-info/PKG-INFO
[1.400s] writing dependency_links to ../../build/golf_cart_nav2/golf_cart_nav2.egg-info/dependency_links.txt
[1.401s] writing entry points to ../../build/golf_cart_nav2/golf_cart_nav2.egg-info/entry_points.txt
[1.401s] writing requirements to ../../build/golf_cart_nav2/golf_cart_nav2.egg-info/requires.txt
[1.401s] writing top-level names to ../../build/golf_cart_nav2/golf_cart_nav2.egg-info/top_level.txt
[1.401s] writing manifest file '../../build/golf_cart_nav2/golf_cart_nav2.egg-info/SOURCES.txt'
[1.403s] reading manifest file '../../build/golf_cart_nav2/golf_cart_nav2.egg-info/SOURCES.txt'
[1.405s] writing manifest file '../../build/golf_cart_nav2/golf_cart_nav2.egg-info/SOURCES.txt'
[1.405s] running build
[1.405s] running build_py
[1.405s] creating /home/developer/ros2_ws/build/golf_cart_nav2/build
[1.405s] creating /home/developer/ros2_ws/build/golf_cart_nav2/build/lib
[1.405s] creating /home/developer/ros2_ws/build/golf_cart_nav2/build/lib/golf_cart_nav2
[1.405s] copying golf_cart_nav2/__init__.py -> /home/developer/ros2_ws/build/golf_cart_nav2/build/lib/golf_cart_nav2
[1.406s] running install
[1.406s] running install_lib
[1.407s] creating /home/developer/ros2_ws/install/golf_cart_nav2/lib/python3.10/site-packages/golf_cart_nav2
[1.407s] copying /home/developer/ros2_ws/build/golf_cart_nav2/build/lib/golf_cart_nav2/__init__.py -> /home/developer/ros2_ws/install/golf_cart_nav2/lib/python3.10/site-packages/golf_cart_nav2
[1.408s] byte-compiling /home/developer/ros2_ws/install/golf_cart_nav2/lib/python3.10/site-packages/golf_cart_nav2/__init__.py to __init__.cpython-310.pyc
[1.408s] running install_data
[1.408s] creating /home/developer/ros2_ws/install/golf_cart_nav2/share/ament_index
[1.408s] creating /home/developer/ros2_ws/install/golf_cart_nav2/share/ament_index/resource_index
[1.409s] creating /home/developer/ros2_ws/install/golf_cart_nav2/share/ament_index/resource_index/packages
[1.409s] copying resource/golf_cart_nav2 -> /home/developer/ros2_ws/install/golf_cart_nav2/share/ament_index/resource_index/packages
[1.409s] copying package.xml -> /home/developer/ros2_ws/install/golf_cart_nav2/share/golf_cart_nav2
[1.409s] running install_egg_info
[1.411s] Copying ../../build/golf_cart_nav2/golf_cart_nav2.egg-info to /home/developer/ros2_ws/install/golf_cart_nav2/lib/python3.10/site-packages/golf_cart_nav2-0.0.0-py3.10.egg-info
[1.413s] running install_scripts
[1.440s] writing list of installed files to '/home/developer/ros2_ws/build/golf_cart_nav2/install.log'
[1.476s] Invoked command in '/home/developer/ros2_ws/src/golf_cart_nav2' returned '0': PYTHONPATH=/home/developer/ros2_ws/build/golf_cart_nav2/prefix_override:/usr/lib/python3/dist-packages/colcon_core/task/python/colcon_distutils_commands:/home/developer/ros2_ws/install/golf_cart_nav2/lib/python3.10/site-packages:${PYTHONPATH} /usr/bin/python3 -W ignore:setup.py install is deprecated -W ignore:easy_install command is deprecated setup.py egg_info --egg-base ../../build/golf_cart_nav2 build --build-base /home/developer/ros2_ws/build/golf_cart_nav2/build install --record /home/developer/ros2_ws/build/golf_cart_nav2/install.log --single-version-externally-managed install_data
